[1779286455] client ID [5]:client avviato correttamente
[1779286455] client ID [5]:Client started
[1779286455] client ID [5]:Francesco pays Alice 67 coins
[1779286456] client ID [5]:Giacomo pays Bob 2 coins
[1779286457] client ID [5]:Giacomo pays Giovanna 39 coins
[1779286458] client ID [5]:Alice pays Ilaria 85 coins
[1779286459] client ID [5]:Bob pays Giovanna 11 coins
[1779286460] client ID [5]:Ilaria pays Francesco 54 coins
[1779286461] client ID [5]:Alice pays Francesco 90 coins
[1779286462] client ID [5]:Giacomo pays Alice 61 coins
[1779286463] client ID [5]:Francesco pays Giacomo 90 coins
[1779286464] client ID [5]:Giacomo pays Francesco 39 coins
[1779286465] client ID [5]:Ilaria pays Francesco 56 coins
[1779286466] client ID [5]:Francesco pays Giacomo 17 coins
[1779286467] client ID [5]:Francesco pays Giovanna 51 coins
[1779286468] client ID [5]:Bob pays Giovanna 20 coins
[1779286469] client ID [5]:Bob pays Giovanna 87 coins
[1779286470] client ID [5]:Giacomo pays Alice 73 coins
[1779286471] client ID [5]:Bob pays Giacomo 17 coins
[1779286472] client ID [5]:Giovanna pays Giacomo 44 coins
[1779286473] client ID [5]:Giovanna pays Ilaria 32 coins
[1779286474] client ID [5]:Alice pays Giacomo 87 coins
[1779286475] client ID [5]:Giacomo pays Francesco 44 coins
[1779286476] client ID [5]:Giovanna pays Ilaria 48 coins
[1779286477] client ID [5]:Giacomo pays Francesco 69 coins
[1779286478] client ID [5]:Giovanna pays Francesco 99 coins
[1779286479] client ID [5]:Bob pays Giacomo 92 coins
