[1779267340] client ID [0]:client avviato correttamente
[1779267340] client ID [0]:Client started
[1779267340] client ID [0]:Alice pays Giacomo 72 coins
[1779267341] client ID [0]:ERROR: transaction not sent
[1779267342] client ID [0]:ERROR: transaction not sent
[1779267343] client ID [0]:Francesco pays Giovanna 75 coins
[1779267344] client ID [0]:Bob pays Ilaria 66 coins
[1779267345] client ID [0]:Giacomo pays Giovanna 88 coins
[1779267346] client ID [0]:ERROR: transaction not sent
[1779267347] client ID [0]:Bob pays Giovanna 69 coins
[1779267349] client ID [0]:Giovanna pays Giacomo 7 coins
[1779267350] client ID [0]:Ilaria pays Alice 11 coins
[1779267351] client ID [0]:ERROR: transaction not sent
[1779267352] client ID [0]:Giovanna pays Alice 45 coins
[1779267353] client ID [0]:Giovanna pays Alice 37 coins
[1779267354] client ID [0]:ERROR: transaction not sent
[1779267355] client ID [0]:Alice pays Ilaria 16 coins
[1779267356] client ID [0]:Alice pays Ilaria 55 coins
[1779267357] client ID [0]:ERROR: transaction not sent
[1779267358] client ID [0]:Francesco pays Bob 63 coins
[1779267359] client ID [0]:Francesco pays Ilaria 23 coins
[1779267360] client ID [0]:ERROR: transaction not sent
[1779267361] client ID [0]:Giacomo pays Francesco 97 coins
[1779267362] client ID [0]:Ilaria pays Alice 1 coins
[1779267363] client ID [0]:ERROR: transaction not sent
[1779267364] client ID [0]:ERROR: transaction not sent
[1779267365] client ID [0]:Bob pays Alice 62 coins
[1779267366] client ID [0]:Giacomo pays Ilaria 21 coins
[1779267367] client ID [0]:Alice pays Bob 47 coins
[1779267368] client ID [0]:Alice pays Francesco 81 coins
[1779267369] client ID [0]:Francesco pays Giacomo 28 coins
[1779267370] client ID [0]:ERROR: transaction not sent
[1779267371] client ID [0]:Bob pays Francesco 88 coins
[1779267372] client ID [0]:Alice pays Giovanna 83 coins
[1779267373] client ID [0]:Ilaria pays Francesco 24 coins
[1779267374] client ID [0]:Giovanna pays Francesco 85 coins
[1779267375] client ID [0]:ERROR: transaction not sent
[1779267376] client ID [0]:Alice pays Bob 64 coins
[1779267377] client ID [0]:Alice pays Bob 30 coins
[1779267378] client ID [0]:Giacomo pays Bob 80 coins
[1779267379] client ID [0]:Bob pays Francesco 2 coins
[1779267380] client ID [0]:Bob pays Ilaria 51 coins
[1779267381] client ID [0]:Francesco pays Giovanna 73 coins
[1779267382] client ID [0]:Giacomo pays Giovanna 4 coins
[1779267383] client ID [0]:ERROR: transaction not sent
[1779267384] client ID [0]:Giovanna pays Alice 61 coins
[1779267385] client ID [0]:Alice pays Giacomo 63 coins
[1779267386] client ID [0]:Giacomo pays Alice 58 coins
[1779267387] client ID [0]:Francesco pays Giacomo 85 coins
[1779267388] client ID [0]:Ilaria pays Francesco 63 coins
[1779267389] client ID [0]:ERROR: transaction not sent
[1779267390] client ID [0]:ERROR: transaction not sent
[1779267391] client ID [0]:Giovanna pays Alice 2 coins
[1779267392] client ID [0]:Giovanna pays Bob 39 coins
[1779267393] client ID [0]:Alice pays Giovanna 80 coins
[1779267394] client ID [0]:ERROR: transaction not sent
[1779267395] client ID [0]:ERROR: transaction not sent
[1779267396] client ID [0]:ERROR: transaction not sent
[1779267397] client ID [0]:ERROR: transaction not sent
[1779267398] client ID [0]:Francesco pays Giacomo 32 coins
[1779267399] client ID [0]:ERROR: transaction not sent
[1779267400] client ID [0]:ERROR: transaction not sent
[1779267401] client ID [0]:Francesco pays Alice 89 coins
[1779267402] client ID [0]:Alice pays Bob 38 coins
[1779267403] client ID [0]:ERROR: transaction not sent
[1779267404] client ID [0]:Giacomo pays Alice 65 coins
[1779267405] client ID [0]:Alice pays Giacomo 58 coins
[1779267406] client ID [0]:ERROR: transaction not sent
[1779267407] client ID [0]:ERROR: transaction not sent
[1779267408] client ID [0]:ERROR: transaction not sent
[1779267409] client ID [0]:Ilaria pays Giacomo 86 coins
[1779267410] client ID [0]:Giacomo pays Ilaria 85 coins
[1779267411] client ID [0]:Ilaria pays Francesco 27 coins
[1779267412] client ID [0]:Giovanna pays Ilaria 10 coins
[1779267413] client ID [0]:Francesco pays Bob 38 coins
[1779267414] client ID [0]:ERROR: transaction not sent
[1779267415] client ID [0]:Bob pays Francesco 60 coins
[1779267416] client ID [0]:ERROR: transaction not sent
[1779267417] client ID [0]:ERROR: transaction not sent
[1779267418] client ID [0]:Francesco pays Alice 48 coins
[1779267419] client ID [0]:Ilaria pays Giovanna 45 coins
[1779267420] client ID [0]:Francesco pays Giovanna 87 coins
[1779267421] client ID [0]:ERROR: transaction not sent
[1779267422] client ID [0]:Giovanna pays Giacomo 13 coins
[1779267423] client ID [0]:Ilaria pays Francesco 7 coins
[1779267424] client ID [0]:Giovanna pays Francesco 59 coins
[1779267424] client ID [0]:Client shutting down
[1779267424] client ID [0]:client chiuso
