[1779283612] client ID [0]:client avviato correttamente
[1779283612] client ID [0]:Client started
[1779283612] client ID [0]:Giovanna pays Alice 65 coins
[1779283613] client ID [0]:Bob pays Ilaria 7 coins
[1779283614] client ID [0]:Alice pays Bob 84 coins
[1779283615] client ID [0]:Giacomo pays Francesco 74 coins
[1779283616] client ID [0]:Giacomo pays Giovanna 82 coins
[1779283617] client ID [0]:Giacomo pays Alice 7 coins
[1779283618] client ID [0]:Giacomo pays Alice 89 coins
[1779283619] client ID [0]:Giacomo pays Bob 2 coins
[1779283620] client ID [0]:Francesco pays Bob 54 coins
[1779283621] client ID [0]:Giovanna pays Ilaria 39 coins
[1779283622] client ID [0]:Giovanna pays Alice 88 coins
[1779283623] client ID [0]:Francesco pays Bob 89 coins
[1779283624] client ID [0]:Francesco pays Bob 73 coins
[1779283625] client ID [0]:Bob pays Giacomo 45 coins
[1779283626] client ID [0]:Bob pays Alice 28 coins
[1779283627] client ID [0]:Francesco pays Alice 34 coins
[1779283628] client ID [0]:Bob pays Ilaria 64 coins
[1779283629] client ID [0]:Giacomo pays Ilaria 24 coins
[1779283630] client ID [0]:Giovanna pays Giacomo 71 coins
[1779283631] client ID [0]:Bob pays Ilaria 79 coins
[1779283632] client ID [0]:Giovanna pays Bob 66 coins
[1779283633] client ID [0]:Francesco pays Giovanna 55 coins
[1779283634] client ID [0]:Alice pays Ilaria 27 coins
[1779283635] client ID [0]:Giovanna pays Bob 71 coins
[1779283636] client ID [0]:Bob pays Ilaria 8 coins
[1779283637] client ID [0]:Giovanna pays Francesco 68 coins
[1779283638] client ID [0]:Alice pays Francesco 57 coins
[1779283639] client ID [0]:Alice pays Francesco 54 coins
[1779283640] client ID [0]:Giovanna pays Ilaria 11 coins
[1779283641] client ID [0]:Ilaria pays Giacomo 92 coins
[1779283642] client ID [0]:Francesco pays Giovanna 22 coins
[1779283643] client ID [0]:Giovanna pays Ilaria 93 coins
[1779283644] client ID [0]:Francesco pays Ilaria 49 coins
[1779283645] client ID [0]:Francesco pays Giovanna 56 coins
[1779283646] client ID [0]:Giacomo pays Ilaria 72 coins
[1779283647] client ID [0]:Ilaria pays Bob 67 coins
[1779283648] client ID [0]:Giacomo pays Alice 92 coins
[1779283649] client ID [0]:Francesco pays Alice 45 coins
[1779283650] client ID [0]:Alice pays Bob 72 coins
[1779283651] client ID [0]:Giacomo pays Francesco 59 coins
[1779283652] client ID [0]:Francesco pays Alice 90 coins
[1779283653] client ID [0]:Alice pays Ilaria 94 coins
[1779283654] client ID [0]:Ilaria pays Bob 64 coins
[1779283655] client ID [0]:Giacomo pays Francesco 78 coins
[1779283656] client ID [0]:Giovanna pays Francesco 98 coins
[1779283657] client ID [0]:Alice pays Ilaria 82 coins
[1779283658] client ID [0]:Francesco pays Giacomo 18 coins
[1779283659] client ID [0]:Ilaria pays Giovanna 64 coins
[1779283660] client ID [0]:Francesco pays Giovanna 38 coins
[1779283661] client ID [0]:Giovanna pays Bob 54 coins
[1779283662] client ID [0]:Alice pays Giovanna 61 coins
[1779283663] client ID [0]:Bob pays Ilaria 17 coins
[1779283664] client ID [0]:Alice pays Bob 28 coins
[1779283665] client ID [0]:Giacomo pays Ilaria 97 coins
[1779283666] client ID [0]:Giacomo pays Bob 93 coins
[1779283667] client ID [0]:Ilaria pays Alice 92 coins
[1779283668] client ID [0]:Alice pays Francesco 75 coins
[1779283669] client ID [0]:Ilaria pays Bob 92 coins
[1779283670] client ID [0]:Ilaria pays Giacomo 74 coins
[1779283671] client ID [0]:Giacomo pays Giovanna 60 coins
[1779283672] client ID [0]:Ilaria pays Francesco 99 coins
[1779283673] client ID [0]:Francesco pays Ilaria 71 coins
[1779283674] client ID [0]:Bob pays Giacomo 66 coins
[1779283675] client ID [0]:Alice pays Francesco 59 coins
[1779283676] client ID [0]:Ilaria pays Bob 33 coins
[1779283677] client ID [0]:Ilaria pays Giacomo 25 coins
[1779283678] client ID [0]:Giacomo pays Ilaria 43 coins
[1779283679] client ID [0]:Bob pays Ilaria 81 coins
[1779283680] client ID [0]:Francesco pays Alice 48 coins
[1779283681] client ID [0]:Ilaria pays Alice 6 coins
[1779283682] client ID [0]:Bob pays Giovanna 8 coins
[1779283683] client ID [0]:Ilaria pays Francesco 91 coins
[1779283684] client ID [0]:Giacomo pays Giovanna 84 coins
[1779283685] client ID [0]:Bob pays Francesco 5 coins
[1779283686] client ID [0]:Francesco pays Bob 47 coins
[1779283687] client ID [0]:Francesco pays Alice 65 coins
[1779283688] client ID [0]:Alice pays Bob 72 coins
[1779283689] client ID [0]:Bob pays Giovanna 52 coins
[1779283690] client ID [0]:Giacomo pays Ilaria 99 coins
[1779283691] client ID [0]:Alice pays Ilaria 66 coins
[1779283692] client ID [0]:Alice pays Francesco 28 coins
[1779283693] client ID [0]:Francesco pays Ilaria 48 coins
[1779283694] client ID [0]:Bob pays Giovanna 55 coins
[1779283695] client ID [0]:Ilaria pays Alice 86 coins
[1779283696] client ID [0]:Giovanna pays Ilaria 78 coins
[1779283697] client ID [0]:Ilaria pays Bob 74 coins
[1779283698] client ID [0]:Francesco pays Bob 26 coins
[1779283699] client ID [0]:Francesco pays Bob 93 coins
[1779283700] client ID [0]:Giovanna pays Francesco 57 coins
[1779283701] client ID [0]:Giovanna pays Bob 85 coins
[1779283702] client ID [0]:Giacomo pays Ilaria 43 coins
[1779283703] client ID [0]:Francesco pays Giovanna 85 coins
[1779283704] client ID [0]:Bob pays Ilaria 47 coins
[1779283705] client ID [0]:Ilaria pays Alice 53 coins
[1779283706] client ID [0]:Giacomo pays Bob 78 coins
[1779283707] client ID [0]:Giacomo pays Alice 85 coins
[1779283708] client ID [0]:Bob pays Giacomo 9 coins
[1779283709] client ID [0]:Ilaria pays Francesco 2 coins
[1779283710] client ID [0]:Giacomo pays Bob 59 coins
[1779283711] client ID [0]:Alice pays Giovanna 42 coins
[1779283712] client ID [0]:Giacomo pays Ilaria 82 coins
[1779283713] client ID [0]:Bob pays Alice 67 coins
[1779283714] client ID [0]:Giovanna pays Ilaria 12 coins
[1779283715] client ID [0]:Ilaria pays Francesco 97 coins
[1779283716] client ID [0]:Giacomo pays Alice 75 coins
[1779283717] client ID [0]:Giovanna pays Giacomo 58 coins
[1779283718] client ID [0]:Giovanna pays Alice 51 coins
[1779283719] client ID [0]:Bob pays Alice 16 coins
[1779283720] client ID [0]:Alice pays Bob 10 coins
[1779283721] client ID [0]:Alice pays Bob 4 coins
[1779283722] client ID [0]:Ilaria pays Bob 47 coins
[1779283723] client ID [0]:Ilaria pays Bob 92 coins
[1779283724] client ID [0]:Bob pays Ilaria 26 coins
[1779283725] client ID [0]:Giovanna pays Giacomo 21 coins
[1779283726] client ID [0]:Giacomo pays Francesco 96 coins
[1779283727] client ID [0]:Giovanna pays Bob 52 coins
[1779283728] client ID [0]:Giovanna pays Ilaria 17 coins
[1779283729] client ID [0]:Bob pays Giovanna 80 coins
[1779283730] client ID [0]:Giovanna pays Alice 78 coins
[1779283731] client ID [0]:Giovanna pays Bob 79 coins
[1779283732] client ID [0]:Alice pays Giovanna 24 coins
[1779283733] client ID [0]:Ilaria pays Bob 16 coins
[1779283734] client ID [0]:Giovanna pays Giacomo 21 coins
[1779283735] client ID [0]:Alice pays Francesco 41 coins
[1779283736] client ID [0]:Giovanna pays Francesco 66 coins
[1779283737] client ID [0]:Alice pays Bob 49 coins
[1779283738] client ID [0]:Ilaria pays Giovanna 18 coins
[1779283739] client ID [0]:Giacomo pays Alice 94 coins
[1779283740] client ID [0]:Giovanna pays Bob 73 coins
[1779283765] client ID [0]:Alice pays Bob 97 coins
[1779283766] client ID [0]:Ilaria pays Alice 11 coins
[1779283767] client ID [0]:Francesco pays Ilaria 48 coins
[1779283768] client ID [0]:Ilaria pays Bob 6 coins
[1779283769] client ID [0]:Giacomo pays Giovanna 24 coins
[1779283770] client ID [0]:Giacomo pays Giovanna 52 coins
[1779283771] client ID [0]:Bob pays Alice 19 coins
[1779283772] client ID [0]:Bob pays Giovanna 32 coins
[1779283773] client ID [0]:Bob pays Giovanna 68 coins
[1779283774] client ID [0]:Ilaria pays Alice 60 coins
[1779283775] client ID [0]:Bob pays Giovanna 58 coins
[1779283776] client ID [0]:Giovanna pays Giacomo 76 coins
[1779283777] client ID [0]:Ilaria pays Francesco 68 coins
[1779283778] client ID [0]:Alice pays Ilaria 49 coins
[1779283779] client ID [0]:Alice pays Ilaria 20 coins
[1779283780] client ID [0]:Giacomo pays Francesco 38 coins
[1779283781] client ID [0]:Bob pays Ilaria 51 coins
[1779283782] client ID [0]:Bob pays Francesco 19 coins
[1779283783] client ID [0]:Giovanna pays Alice 84 coins
[1779283784] client ID [0]:Ilaria pays Bob 45 coins
[1779283785] client ID [0]:Ilaria pays Bob 3 coins
[1779283786] client ID [0]:Giacomo pays Alice 77 coins
[1779283787] client ID [0]:Ilaria pays Giovanna 45 coins
[1779283788] client ID [0]:Ilaria pays Alice 59 coins
[1779283789] client ID [0]:Ilaria pays Giacomo 64 coins
[1779283790] client ID [0]:Giacomo pays Bob 90 coins
[1779283791] client ID [0]:Giovanna pays Giacomo 91 coins
[1779283792] client ID [0]:Francesco pays Giacomo 22 coins
[1779283793] client ID [0]:Ilaria pays Giacomo 45 coins
[1779283794] client ID [0]:Giovanna pays Giacomo 33 coins
[1779283795] client ID [0]:Ilaria pays Bob 89 coins
[1779283796] client ID [0]:Bob pays Ilaria 35 coins
[1779283797] client ID [0]:Bob pays Alice 27 coins
[1779283798] client ID [0]:Francesco pays Alice 83 coins
[1779283799] client ID [0]:Bob pays Giovanna 59 coins
[1779283800] client ID [0]:Giovanna pays Giacomo 72 coins
[1779283801] client ID [0]:Francesco pays Giovanna 35 coins
[1779283802] client ID [0]:Giacomo pays Francesco 15 coins
[1779283803] client ID [0]:Ilaria pays Bob 78 coins
[1779283804] client ID [0]:Alice pays Ilaria 86 coins
[1779283805] client ID [0]:Giovanna pays Francesco 94 coins
[1779283806] client ID [0]:Ilaria pays Giacomo 78 coins
[1779283807] client ID [0]:Alice pays Giovanna 4 coins
[1779283808] client ID [0]:Giovanna pays Bob 86 coins
[1779283809] client ID [0]:Giovanna pays Ilaria 45 coins
[1779283810] client ID [0]:Francesco pays Giovanna 17 coins
[1779283811] client ID [0]:Bob pays Giovanna 50 coins
[1779283812] client ID [0]:Francesco pays Bob 64 coins
[1779283813] client ID [0]:Bob pays Giovanna 40 coins
[1779283814] client ID [0]:Bob pays Francesco 24 coins
[1779283815] client ID [0]:Bob pays Giovanna 18 coins
[1779283816] client ID [0]:Giacomo pays Alice 95 coins
[1779283817] client ID [0]:Ilaria pays Alice 99 coins
[1779283818] client ID [0]:Ilaria pays Bob 22 coins
[1779283819] client ID [0]:Bob pays Ilaria 71 coins
[1779283820] client ID [0]:Alice pays Giacomo 4 coins
[1779283821] client ID [0]:Giacomo pays Francesco 47 coins
[1779283822] client ID [0]:Francesco pays Ilaria 45 coins
[1779283823] client ID [0]:Giovanna pays Alice 83 coins
[1779283824] client ID [0]:Ilaria pays Giacomo 76 coins
[1779283825] client ID [0]:Ilaria pays Francesco 40 coins
[1779283826] client ID [0]:Bob pays Francesco 7 coins
[1779283827] client ID [0]:Giovanna pays Bob 59 coins
[1779283828] client ID [0]:Ilaria pays Giacomo 54 coins
[1779283829] client ID [0]:Ilaria pays Francesco 64 coins
[1779283830] client ID [0]:Bob pays Giacomo 23 coins
[1779283831] client ID [0]:Francesco pays Giacomo 42 coins
[1779283832] client ID [0]:Bob pays Francesco 13 coins
[1779283833] client ID [0]:Giovanna pays Francesco 2 coins
[1779283834] client ID [0]:Giacomo pays Bob 78 coins
[1779283835] client ID [0]:Giovanna pays Ilaria 18 coins
[1779283836] client ID [0]:Ilaria pays Giovanna 23 coins
[1779283837] client ID [0]:Francesco pays Bob 79 coins
[1779283838] client ID [0]:Bob pays Giacomo 34 coins
[1779283839] client ID [0]:Giovanna pays Ilaria 95 coins
[1779283840] client ID [0]:Francesco pays Alice 16 coins
[1779283843] client ID [0]:Alice pays Giacomo 57 coins
[1779283844] client ID [0]:Giacomo pays Francesco 57 coins
[1779283845] client ID [0]:Alice pays Ilaria 31 coins
[1779283846] client ID [0]:Giacomo pays Giovanna 9 coins
[1779283847] client ID [0]:Giacomo pays Giovanna 92 coins
[1779283848] client ID [0]:Giacomo pays Bob 51 coins
[1779283849] client ID [0]:Bob pays Giovanna 65 coins
[1779283850] client ID [0]:Alice pays Bob 89 coins
[1779283851] client ID [0]:Bob pays Ilaria 45 coins
[1779283852] client ID [0]:Giacomo pays Bob 72 coins
[1779283853] client ID [0]:Giovanna pays Giacomo 16 coins
[1779283854] client ID [0]:Bob pays Giacomo 86 coins
[1779283855] client ID [0]:Giovanna pays Francesco 32 coins
[1779283856] client ID [0]:Giovanna pays Francesco 17 coins
[1779283857] client ID [0]:Ilaria pays Bob 20 coins
[1779283858] client ID [0]:Alice pays Francesco 34 coins
[1779283859] client ID [0]:Alice pays Ilaria 21 coins
[1779283860] client ID [0]:Giacomo pays Francesco 63 coins
[1779283861] client ID [0]:Giacomo pays Alice 35 coins
[1779283862] client ID [0]:Giacomo pays Giovanna 4 coins
[1779283863] client ID [0]:Giovanna pays Bob 18 coins
[1779283864] client ID [0]:Ilaria pays Alice 47 coins
[1779283865] client ID [0]:Ilaria pays Giovanna 63 coins
[1779283866] client ID [0]:Alice pays Giacomo 25 coins
[1779283867] client ID [0]:Giacomo pays Alice 88 coins
[1779283868] client ID [0]:Ilaria pays Francesco 86 coins
[1779283869] client ID [0]:Giacomo pays Bob 29 coins
[1779283870] client ID [0]:Ilaria pays Bob 35 coins
[1779283871] client ID [0]:Bob pays Ilaria 61 coins
[1779283872] client ID [0]:Alice pays Ilaria 77 coins
[1779283873] client ID [0]:Bob pays Ilaria 77 coins
[1779283874] client ID [0]:Bob pays Giacomo 97 coins
[1779283875] client ID [0]:Bob pays Alice 70 coins
[1779283876] client ID [0]:Giacomo pays Francesco 88 coins
[1779283877] client ID [0]:Bob pays Alice 72 coins
[1779283878] client ID [0]:Alice pays Francesco 80 coins
[1779283879] client ID [0]:Bob pays Giovanna 67 coins
[1779283880] client ID [0]:Giacomo pays Francesco 89 coins
[1779283881] client ID [0]:Giacomo pays Giovanna 32 coins
[1779283882] client ID [0]:Ilaria pays Francesco 74 coins
[1779283883] client ID [0]:Giovanna pays Francesco 69 coins
[1779283884] client ID [0]:Bob pays Francesco 40 coins
[1779283885] client ID [0]:Giacomo pays Bob 54 coins
[1779283886] client ID [0]:Ilaria pays Bob 44 coins
[1779283887] client ID [0]:Bob pays Francesco 89 coins
[1779283888] client ID [0]:Bob pays Alice 68 coins
[1779283889] client ID [0]:Ilaria pays Alice 35 coins
[1779283890] client ID [0]:Alice pays Francesco 24 coins
[1779283891] client ID [0]:Giacomo pays Francesco 90 coins
[1779283892] client ID [0]:Bob pays Giacomo 29 coins
[1779283893] client ID [0]:Giacomo pays Bob 96 coins
[1779283894] client ID [0]:Giacomo pays Ilaria 17 coins
[1779283895] client ID [0]:Giacomo pays Giovanna 37 coins
[1779283896] client ID [0]:Giovanna pays Ilaria 46 coins
[1779283897] client ID [0]:Bob pays Francesco 29 coins
[1779283898] client ID [0]:Ilaria pays Alice 9 coins
[1779283899] client ID [0]:Bob pays Giovanna 96 coins
[1779283900] client ID [0]:Bob pays Giacomo 19 coins
[1779283901] client ID [0]:Francesco pays Ilaria 7 coins
[1779283902] client ID [0]:Giacomo pays Giovanna 35 coins
[1779283903] client ID [0]:Giacomo pays Bob 30 coins
[1779283904] client ID [0]:Francesco pays Giovanna 44 coins
[1779283905] client ID [0]:Bob pays Giovanna 79 coins
[1779283906] client ID [0]:Ilaria pays Giacomo 25 coins
[1779283907] client ID [0]:Giovanna pays Giacomo 11 coins
[1779283908] client ID [0]:Giovanna pays Bob 72 coins
[1779283909] client ID [0]:Bob pays Ilaria 67 coins
[1779283910] client ID [0]:Giovanna pays Alice 83 coins
[1779283911] client ID [0]:Francesco pays Ilaria 89 coins
[1779283912] client ID [0]:Ilaria pays Alice 40 coins
[1779283913] client ID [0]:Ilaria pays Francesco 42 coins
[1779283914] client ID [0]:Giovanna pays Ilaria 75 coins
[1779283915] client ID [0]:Giacomo pays Bob 33 coins
[1779283916] client ID [0]:Alice pays Bob 14 coins
[1779283917] client ID [0]:Giacomo pays Bob 4 coins
[1779283918] client ID [0]:Ilaria pays Giovanna 83 coins
[1779283919] client ID [0]:Ilaria pays Giovanna 96 coins
[1779283920] client ID [0]:Francesco pays Alice 7 coins
[1779283921] client ID [0]:Ilaria pays Giovanna 18 coins
[1779283922] client ID [0]:Ilaria pays Giovanna 90 coins
[1779283923] client ID [0]:Bob pays Giacomo 32 coins
[1779283924] client ID [0]:Bob pays Giovanna 5 coins
[1779283925] client ID [0]:Francesco pays Bob 38 coins
[1779283926] client ID [0]:Giovanna pays Ilaria 51 coins
[1779283927] client ID [0]:Bob pays Alice 41 coins
[1779283928] client ID [0]:Giacomo pays Ilaria 59 coins
[1779283929] client ID [0]:Francesco pays Bob 17 coins
[1779283930] client ID [0]:Giovanna pays Giacomo 24 coins
[1779283931] client ID [0]:Ilaria pays Bob 39 coins
[1779283932] client ID [0]:Bob pays Giovanna 29 coins
[1779283933] client ID [0]:Alice pays Bob 58 coins
[1779283934] client ID [0]:Giacomo pays Ilaria 63 coins
[1779283935] client ID [0]:Bob pays Ilaria 98 coins
[1779283936] client ID [0]:Ilaria pays Francesco 49 coins
[1779283937] client ID [0]:Francesco pays Giacomo 14 coins
[1779283938] client ID [0]:Giovanna pays Francesco 36 coins
[1779283939] client ID [0]:Alice pays Ilaria 53 coins
[1779283940] client ID [0]:Bob pays Giovanna 74 coins
[1779283941] client ID [0]:Francesco pays Giovanna 13 coins
[1779283942] client ID [0]:Ilaria pays Francesco 39 coins
[1779283943] client ID [0]:Bob pays Ilaria 96 coins
[1779283944] client ID [0]:Francesco pays Giovanna 66 coins
[1779283945] client ID [0]:Bob pays Giovanna 48 coins
[1779283946] client ID [0]:Ilaria pays Francesco 99 coins
[1779283947] client ID [0]:Giovanna pays Giacomo 62 coins
[1779283948] client ID [0]:Francesco pays Ilaria 33 coins
[1779283949] client ID [0]:Bob pays Giovanna 43 coins
[1779283950] client ID [0]:Francesco pays Giacomo 82 coins
[1779283951] client ID [0]:Alice pays Giacomo 58 coins
[1779283952] client ID [0]:Alice pays Ilaria 51 coins
[1779283953] client ID [0]:Bob pays Ilaria 20 coins
[1779283954] client ID [0]:Giovanna pays Ilaria 65 coins
[1779283955] client ID [0]:Giacomo pays Alice 64 coins
[1779283956] client ID [0]:Alice pays Ilaria 24 coins
[1779283957] client ID [0]:Francesco pays Alice 55 coins
[1779283960] client ID [0]:Alice pays Giacomo 53 coins
[1779283961] client ID [0]:Giovanna pays Alice 11 coins
[1779283962] client ID [0]:Alice pays Francesco 92 coins
[1779283963] client ID [0]:Client shutting down
[1779283963] client ID [0]:client chiuso
