[1779286542] client ID [5]:client avviato correttamente
[1779286542] client ID [5]:Client started
[1779286542] client ID [5]:Alice pays Giovanna 15 coins
[1779286543] client ID [5]:Giovanna pays Francesco 45 coins
[1779286544] client ID [5]:Alice pays Giovanna 22 coins
[1779286545] client ID [5]:Bob pays Giacomo 5 coins
[1779286546] client ID [5]:Giacomo pays Giovanna 39 coins
[1779286547] client ID [5]:Giovanna pays Bob 41 coins
[1779286548] client ID [5]:Bob pays Giacomo 97 coins
[1779286549] client ID [5]:Alice pays Giacomo 98 coins
[1779286550] client ID [5]:Francesco pays Giovanna 81 coins
[1779286551] client ID [5]:Giovanna pays Francesco 91 coins
[1779286552] client ID [5]:Giovanna pays Francesco 4 coins
[1779286553] client ID [5]:Ilaria pays Alice 53 coins
[1779286554] client ID [5]:Giacomo pays Bob 79 coins
[1779286555] client ID [5]:Giacomo pays Alice 83 coins
[1779286556] client ID [5]:Francesco pays Alice 20 coins
[1779286557] client ID [5]:Giacomo pays Bob 60 coins
[1779286558] client ID [5]:Francesco pays Alice 58 coins
[1779286559] client ID [5]:Francesco pays Ilaria 54 coins
[1779286560] client ID [5]:Giovanna pays Ilaria 35 coins
[1779286561] client ID [5]:Ilaria pays Giacomo 26 coins
