[1779286680] client ID [5]:client avviato correttamente
[1779286680] client ID [5]:Client started
[1779286680] client ID [5]:Giacomo pays Bob 78 coins
[1779286681] client ID [5]:Alice pays Giovanna 36 coins
[1779286682] client ID [5]:Alice pays Giacomo 45 coins
[1779286683] client ID [5]:Ilaria pays Bob 12 coins
[1779286684] client ID [5]:Giacomo pays Francesco 93 coins
[1779286685] client ID [5]:Francesco pays Bob 85 coins
[1779286686] client ID [5]:Giacomo pays Ilaria 94 coins
[1779286687] client ID [5]:Francesco pays Alice 77 coins
[1779286688] client ID [5]:Alice pays Bob 50 coins
[1779286689] client ID [5]:Giacomo pays Francesco 74 coins
[1779286690] client ID [5]:Giovanna pays Giacomo 53 coins
[1779286691] client ID [5]:Giovanna pays Giacomo 86 coins
[1779286692] client ID [5]:Bob pays Giacomo 98 coins
[1779286693] client ID [5]:Francesco pays Bob 72 coins
[1779286694] client ID [5]:Ilaria pays Alice 21 coins
[1779286695] client ID [5]:Ilaria pays Francesco 88 coins
[1779286696] client ID [5]:Francesco pays Ilaria 82 coins
[1779286697] client ID [5]:Bob pays Giacomo 9 coins
[1779286698] client ID [5]:Ilaria pays Giacomo 28 coins
[1779286699] client ID [5]:Giovanna pays Giacomo 55 coins
[1779286700] client ID [5]:Giacomo pays Giovanna 6 coins
[1779286701] client ID [5]:Giacomo pays Alice 89 coins
[1779286702] client ID [5]:Alice pays Ilaria 87 coins
[1779286703] client ID [5]:Francesco pays Alice 75 coins
[1779286704] client ID [5]:Francesco pays Alice 54 coins
[1779286705] client ID [5]:Alice pays Bob 14 coins
[1779286706] client ID [5]:Bob pays Alice 69 coins
[1779286707] client ID [5]:Alice pays Giacomo 1 coins
[1779286708] client ID [5]:Giacomo pays Giovanna 99 coins
[1779286709] client ID [5]:Alice pays Giacomo 4 coins
[1779286710] client ID [5]:Francesco pays Ilaria 27 coins
[1779286711] client ID [5]:Ilaria pays Alice 15 coins
[1779286712] client ID [5]:Giacomo pays Ilaria 70 coins
[1779286713] client ID [5]:Giacomo pays Ilaria 81 coins
[1779286714] client ID [5]:Alice pays Francesco 95 coins
[1779286715] client ID [5]:Giacomo pays Francesco 62 coins
[1779286716] client ID [5]:Alice pays Ilaria 62 coins
[1779286717] client ID [5]:Ilaria pays Bob 41 coins
[1779286718] client ID [5]:Ilaria pays Giovanna 15 coins
[1779286719] client ID [5]:Francesco pays Giacomo 35 coins
[1779286720] client ID [5]:Alice pays Giovanna 97 coins
[1779286721] client ID [5]:Ilaria pays Bob 22 coins
[1779286722] client ID [5]:Alice pays Francesco 85 coins
[1779286723] client ID [5]:Bob pays Giovanna 89 coins
[1779286724] client ID [5]:Francesco pays Giovanna 51 coins
[1779286725] client ID [5]:Giovanna pays Francesco 14 coins
[1779286726] client ID [5]:Giacomo pays Ilaria 67 coins
[1779286727] client ID [5]:Giacomo pays Ilaria 45 coins
[1779286728] client ID [5]:Bob pays Giovanna 77 coins
[1779286729] client ID [5]:Giovanna pays Francesco 72 coins
[1779286730] client ID [5]:Ilaria pays Francesco 91 coins
[1779286731] client ID [5]:Giovanna pays Francesco 97 coins
[1779286732] client ID [5]:Giovanna pays Bob 94 coins
[1779286733] client ID [5]:Client shutting down
[1779286733] client ID [5]:client chiuso
