[1779286680] client ID [2]:client avviato correttamente
[1779286680] client ID [2]:Client started
[1779286680] client ID [2]:Giovanna pays Ilaria 45 coins
[1779286681] client ID [2]:Giovanna pays Giacomo 68 coins
[1779286682] client ID [2]:Ilaria pays Giacomo 4 coins
[1779286683] client ID [2]:Giovanna pays Alice 4 coins
[1779286684] client ID [2]:Francesco pays Alice 10 coins
[1779286685] client ID [2]:Ilaria pays Bob 37 coins
[1779286686] client ID [2]:Francesco pays Giacomo 10 coins
[1779286687] client ID [2]:Giovanna pays Bob 56 coins
[1779286688] client ID [2]:Alice pays Ilaria 91 coins
[1779286689] client ID [2]:Giacomo pays Bob 84 coins
[1779286690] client ID [2]:Bob pays Giovanna 8 coins
[1779286691] client ID [2]:Alice pays Ilaria 29 coins
[1779286692] client ID [2]:Ilaria pays Francesco 14 coins
[1779286693] client ID [2]:Ilaria pays Francesco 13 coins
[1779286694] client ID [2]:Bob pays Giovanna 16 coins
[1779286695] client ID [2]:Bob pays Alice 19 coins
[1779286696] client ID [2]:Francesco pays Ilaria 21 coins
[1779286697] client ID [2]:Giacomo pays Ilaria 3 coins
[1779286698] client ID [2]:Ilaria pays Alice 32 coins
[1779286699] client ID [2]:Giovanna pays Bob 3 coins
[1779286700] client ID [2]:Giovanna pays Ilaria 40 coins
[1779286701] client ID [2]:Alice pays Giacomo 70 coins
[1779286702] client ID [2]:Francesco pays Bob 83 coins
[1779286703] client ID [2]:Giovanna pays Ilaria 97 coins
[1779286704] client ID [2]:Alice pays Francesco 46 coins
[1779286705] client ID [2]:Bob pays Giovanna 2 coins
[1779286706] client ID [2]:Bob pays Giacomo 13 coins
[1779286707] client ID [2]:Francesco pays Alice 14 coins
[1779286708] client ID [2]:Bob pays Giovanna 48 coins
[1779286709] client ID [2]:Alice pays Giacomo 26 coins
[1779286710] client ID [2]:Francesco pays Bob 3 coins
[1779286711] client ID [2]:Bob pays Ilaria 5 coins
[1779286712] client ID [2]:Giovanna pays Giacomo 68 coins
[1779286713] client ID [2]:Ilaria pays Francesco 43 coins
[1779286714] client ID [2]:Francesco pays Giacomo 91 coins
[1779286715] client ID [2]:Giovanna pays Francesco 57 coins
[1779286716] client ID [2]:Ilaria pays Bob 97 coins
[1779286717] client ID [2]:Bob pays Giovanna 81 coins
[1779286718] client ID [2]:Bob pays Giovanna 36 coins
[1779286719] client ID [2]:Giacomo pays Bob 65 coins
[1779286720] client ID [2]:Alice pays Ilaria 99 coins
[1779286721] client ID [2]:Giacomo pays Giovanna 49 coins
[1779286722] client ID [2]:Alice pays Giovanna 25 coins
[1779286723] client ID [2]:Francesco pays Giacomo 42 coins
[1779286724] client ID [2]:Giovanna pays Bob 19 coins
[1779286725] client ID [2]:Giovanna pays Bob 74 coins
[1779286726] client ID [2]:Alice pays Giacomo 33 coins
[1779286727] client ID [2]:Alice pays Francesco 25 coins
[1779286728] client ID [2]:Ilaria pays Francesco 63 coins
[1779286729] client ID [2]:Giovanna pays Bob 26 coins
[1779286730] client ID [2]:Giovanna pays Bob 93 coins
[1779286731] client ID [2]:Giovanna pays Alice 41 coins
[1779286732] client ID [2]:Giovanna pays Bob 53 coins
[1779286733] client ID [2]:Client shutting down
[1779286733] client ID [2]:client chiuso
