[1779282249] client ID [11]:client avviato correttamente
[1779282249] client ID [11]:Client started
[1779282249] client ID [11]:Bob pays Giovanna 31 coins
[1779282250] client ID [11]:Bob pays Giovanna 67 coins
[1779282251] client ID [11]:Ilaria pays Bob 76 coins
[1779282252] client ID [11]:Bob pays Ilaria 92 coins
[1779282253] client ID [11]:Bob pays Giovanna 22 coins
[1779282254] client ID [11]:Ilaria pays Giacomo 26 coins
[1779282255] client ID [11]:Francesco pays Giovanna 28 coins
[1779282256] client ID [11]:Bob pays Francesco 45 coins
[1779282257] client ID [11]:Ilaria pays Francesco 63 coins
[1779282258] client ID [11]:Francesco pays Bob 95 coins
[1779282259] client ID [11]:Giacomo pays Giovanna 24 coins
[1779282260] client ID [11]:Francesco pays Giovanna 88 coins
[1779282261] client ID [11]:Giovanna pays Francesco 62 coins
[1779282262] client ID [11]:Bob pays Giacomo 54 coins
[1779282263] client ID [11]:Giovanna pays Bob 73 coins
[1779282264] client ID [11]:Francesco pays Giacomo 97 coins
[1779282265] client ID [11]:Alice pays Bob 25 coins
[1779282266] client ID [11]:Bob pays Alice 18 coins
[1779282267] client ID [11]:Bob pays Francesco 38 coins
[1779282268] client ID [11]:Bob pays Alice 97 coins
[1779282269] client ID [11]:Giacomo pays Ilaria 88 coins
[1779282270] client ID [11]:Giacomo pays Giovanna 16 coins
[1779282271] client ID [11]:Alice pays Giovanna 68 coins
[1779282272] client ID [11]:Giovanna pays Ilaria 29 coins
[1779282273] client ID [11]:Giacomo pays Francesco 15 coins
[1779282274] client ID [11]:Alice pays Giacomo 74 coins
[1779282275] client ID [11]:Alice pays Giacomo 97 coins
[1779282276] client ID [11]:Giovanna pays Giacomo 15 coins
[1779282277] client ID [11]:Bob pays Giovanna 71 coins
[1779282278] client ID [11]:Giacomo pays Alice 51 coins
[1779282279] client ID [11]:Alice pays Giacomo 45 coins
[1779282280] client ID [11]:Alice pays Ilaria 68 coins
[1779282281] client ID [11]:Giovanna pays Alice 36 coins
[1779282282] client ID [11]:Ilaria pays Francesco 56 coins
[1779282283] client ID [11]:Bob pays Francesco 67 coins
[1779282284] client ID [11]:Alice pays Giacomo 42 coins
[1779282285] client ID [11]:Alice pays Bob 85 coins
[1779282286] client ID [11]:Giacomo pays Giovanna 71 coins
[1779282287] client ID [11]:Bob pays Giovanna 43 coins
[1779282288] client ID [11]:Francesco pays Giovanna 91 coins
[1779282289] client ID [11]:Francesco pays Giovanna 34 coins
[1779282290] client ID [11]:Ilaria pays Francesco 48 coins
[1779282291] client ID [11]:Ilaria pays Francesco 91 coins
[1779282292] client ID [11]:Francesco pays Ilaria 47 coins
[1779282293] client ID [11]:Alice pays Bob 12 coins
[1779282294] client ID [11]:Alice pays Francesco 54 coins
[1779282295] client ID [11]:Alice pays Ilaria 39 coins
[1779282296] client ID [11]:Ilaria pays Giacomo 8 coins
[1779282297] client ID [11]:Giovanna pays Alice 48 coins
[1779282298] client ID [11]:Francesco pays Giovanna 39 coins
[1779282299] client ID [11]:Bob pays Giovanna 72 coins
[1779282300] client ID [11]:Francesco pays Alice 71 coins
[1779282301] client ID [11]:Ilaria pays Bob 5 coins
[1779282302] client ID [11]:Alice pays Francesco 18 coins
[1779282303] client ID [11]:Alice pays Ilaria 30 coins
[1779282304] client ID [11]:Francesco pays Alice 81 coins
[1779282305] client ID [11]:Giovanna pays Ilaria 18 coins
[1779282306] client ID [11]:Giacomo pays Bob 25 coins
[1779282307] client ID [11]:Alice pays Bob 73 coins
[1779282308] client ID [11]:Francesco pays Bob 10 coins
[1779282309] client ID [11]:Giacomo pays Francesco 80 coins
[1779282310] client ID [11]:Ilaria pays Giovanna 49 coins
[1779282311] client ID [11]:Bob pays Ilaria 53 coins
[1779282312] client ID [11]:Giacomo pays Bob 79 coins
[1779282313] client ID [11]:Giacomo pays Bob 42 coins
[1779282314] client ID [11]:Francesco pays Ilaria 18 coins
[1779282315] client ID [11]:Francesco pays Ilaria 7 coins
[1779282316] client ID [11]:Francesco pays Ilaria 63 coins
[1779282317] client ID [11]:Giovanna pays Giacomo 83 coins
[1779282318] client ID [11]:Francesco pays Giacomo 99 coins
[1779282319] client ID [11]:Alice pays Giovanna 75 coins
[1779282320] client ID [11]:Alice pays Bob 67 coins
[1779282321] client ID [11]:Alice pays Bob 24 coins
[1779282322] client ID [11]:Bob pays Francesco 57 coins
[1779282323] client ID [11]:Alice pays Bob 35 coins
[1779282324] client ID [11]:Ilaria pays Bob 8 coins
[1779282325] client ID [11]:Bob pays Giovanna 14 coins
[1779282326] client ID [11]:Ilaria pays Giovanna 85 coins
[1779282327] client ID [11]:Ilaria pays Alice 6 coins
[1779282328] client ID [11]:Giovanna pays Giacomo 52 coins
[1779282329] client ID [11]:Ilaria pays Francesco 30 coins
[1779282329] client ID [11]:Client shutting down
[1779282329] client ID [11]:client chiuso
