[1779286455] client ID [3]:client avviato correttamente
[1779286455] client ID [3]:Client started
[1779286455] client ID [3]:Ilaria pays Bob 50 coins
[1779286456] client ID [3]:Giovanna pays Francesco 33 coins
[1779286457] client ID [3]:Ilaria pays Alice 8 coins
[1779286458] client ID [3]:Ilaria pays Bob 23 coins
[1779286459] client ID [3]:Ilaria pays Alice 95 coins
[1779286460] client ID [3]:Francesco pays Bob 82 coins
[1779286461] client ID [3]:Ilaria pays Giacomo 39 coins
[1779286462] client ID [3]:Francesco pays Alice 44 coins
[1779286463] client ID [3]:Giovanna pays Ilaria 42 coins
[1779286464] client ID [3]:Giacomo pays Giovanna 5 coins
[1779286465] client ID [3]:Giovanna pays Ilaria 72 coins
[1779286466] client ID [3]:Bob pays Ilaria 52 coins
[1779286467] client ID [3]:Alice pays Bob 26 coins
[1779286468] client ID [3]:Giovanna pays Francesco 67 coins
[1779286469] client ID [3]:Bob pays Giacomo 59 coins
[1779286470] client ID [3]:Alice pays Francesco 69 coins
[1779286471] client ID [3]:Bob pays Giacomo 89 coins
[1779286472] client ID [3]:Ilaria pays Bob 33 coins
[1779286473] client ID [3]:Bob pays Ilaria 81 coins
[1779286474] client ID [3]:Giacomo pays Bob 45 coins
[1779286475] client ID [3]:Alice pays Ilaria 53 coins
[1779286476] client ID [3]:Giovanna pays Francesco 16 coins
[1779286477] client ID [3]:Bob pays Giacomo 40 coins
[1779286478] client ID [3]:Ilaria pays Giovanna 7 coins
[1779286479] client ID [3]:Francesco pays Bob 65 coins
