[1779282249] client ID [5]:client avviato correttamente
[1779282249] client ID [5]:Client started
[1779282249] client ID [5]:Francesco pays Alice 21 coins
[1779282250] client ID [5]:Francesco pays Giacomo 41 coins
[1779282251] client ID [5]:Francesco pays Ilaria 86 coins
[1779282252] client ID [5]:Giacomo pays Ilaria 20 coins
[1779282253] client ID [5]:Alice pays Ilaria 86 coins
[1779282254] client ID [5]:Giovanna pays Giacomo 60 coins
[1779282255] client ID [5]:Giacomo pays Francesco 90 coins
[1779282256] client ID [5]:Alice pays Giacomo 64 coins
[1779282257] client ID [5]:Bob pays Francesco 14 coins
[1779282258] client ID [5]:Bob pays Giacomo 17 coins
[1779282259] client ID [5]:Bob pays Francesco 11 coins
[1779282260] client ID [5]:Giovanna pays Alice 26 coins
[1779282261] client ID [5]:Bob pays Ilaria 87 coins
[1779282262] client ID [5]:Bob pays Alice 4 coins
[1779282263] client ID [5]:Francesco pays Giacomo 63 coins
[1779282264] client ID [5]:Ilaria pays Giovanna 55 coins
[1779282265] client ID [5]:Bob pays Giacomo 19 coins
[1779282266] client ID [5]:Ilaria pays Francesco 36 coins
[1779282267] client ID [5]:Francesco pays Giacomo 92 coins
[1779282268] client ID [5]:Francesco pays Ilaria 16 coins
[1779282269] client ID [5]:Giovanna pays Ilaria 44 coins
[1779282270] client ID [5]:Ilaria pays Giovanna 34 coins
[1779282271] client ID [5]:Francesco pays Ilaria 88 coins
[1779282272] client ID [5]:Bob pays Giacomo 94 coins
[1779282273] client ID [5]:Francesco pays Giovanna 5 coins
[1779282274] client ID [5]:Francesco pays Ilaria 31 coins
[1779282275] client ID [5]:Bob pays Francesco 88 coins
[1779282276] client ID [5]:Giacomo pays Alice 60 coins
[1779282277] client ID [5]:Giovanna pays Bob 16 coins
[1779282278] client ID [5]:Ilaria pays Giacomo 37 coins
[1779282279] client ID [5]:Alice pays Ilaria 83 coins
[1779282280] client ID [5]:Ilaria pays Giacomo 18 coins
[1779282281] client ID [5]:Giacomo pays Bob 4 coins
[1779282282] client ID [5]:Francesco pays Alice 98 coins
[1779282283] client ID [5]:Ilaria pays Bob 1 coins
[1779282284] client ID [5]:Bob pays Francesco 31 coins
[1779282285] client ID [5]:Bob pays Giovanna 18 coins
[1779282286] client ID [5]:Alice pays Bob 77 coins
[1779282287] client ID [5]:Ilaria pays Bob 16 coins
[1779282288] client ID [5]:Bob pays Francesco 69 coins
[1779282289] client ID [5]:Giovanna pays Giacomo 19 coins
[1779282290] client ID [5]:Francesco pays Ilaria 36 coins
[1779282291] client ID [5]:Ilaria pays Francesco 38 coins
[1779282292] client ID [5]:Giovanna pays Alice 58 coins
[1779282293] client ID [5]:Ilaria pays Giovanna 9 coins
[1779282294] client ID [5]:Bob pays Ilaria 36 coins
[1779282295] client ID [5]:Alice pays Giovanna 41 coins
[1779282296] client ID [5]:Giovanna pays Ilaria 18 coins
[1779282297] client ID [5]:Giacomo pays Francesco 32 coins
[1779282298] client ID [5]:Giacomo pays Alice 71 coins
[1779282299] client ID [5]:Giacomo pays Giovanna 16 coins
[1779282300] client ID [5]:Alice pays Giovanna 73 coins
[1779282301] client ID [5]:Giovanna pays Ilaria 46 coins
[1779282302] client ID [5]:Francesco pays Ilaria 4 coins
[1779282303] client ID [5]:Alice pays Francesco 64 coins
[1779282304] client ID [5]:Alice pays Francesco 98 coins
[1779282305] client ID [5]:Alice pays Francesco 16 coins
[1779282306] client ID [5]:Giovanna pays Giacomo 16 coins
[1779282307] client ID [5]:Francesco pays Giovanna 15 coins
[1779282308] client ID [5]:Bob pays Giovanna 46 coins
[1779282309] client ID [5]:Alice pays Giacomo 96 coins
[1779282310] client ID [5]:Ilaria pays Giacomo 79 coins
[1779282311] client ID [5]:Ilaria pays Bob 1 coins
[1779282312] client ID [5]:Giovanna pays Ilaria 54 coins
[1779282313] client ID [5]:Giacomo pays Bob 40 coins
[1779282314] client ID [5]:Ilaria pays Bob 84 coins
[1779282315] client ID [5]:Giacomo pays Alice 11 coins
[1779282316] client ID [5]:Giovanna pays Bob 55 coins
[1779282317] client ID [5]:Francesco pays Ilaria 67 coins
[1779282318] client ID [5]:Giacomo pays Ilaria 78 coins
[1779282319] client ID [5]:Giovanna pays Bob 21 coins
[1779282320] client ID [5]:Giacomo pays Bob 35 coins
[1779282321] client ID [5]:Francesco pays Giovanna 94 coins
[1779282322] client ID [5]:Giovanna pays Bob 55 coins
[1779282323] client ID [5]:Bob pays Ilaria 80 coins
[1779282324] client ID [5]:Bob pays Giovanna 4 coins
[1779282325] client ID [5]:Bob pays Francesco 42 coins
[1779282326] client ID [5]:Ilaria pays Giacomo 94 coins
[1779282327] client ID [5]:Bob pays Ilaria 61 coins
[1779282328] client ID [5]:Giacomo pays Alice 72 coins
[1779282329] client ID [5]:Giovanna pays Ilaria 79 coins
[1779282329] client ID [5]:Client shutting down
[1779282329] client ID [5]:client chiuso
