[1779286750] client ID [1]:client avviato correttamente
[1779286750] client ID [1]:Client started
[1779286750] client ID [1]:Giovanna pays Ilaria 62 coins
[1779286751] client ID [1]:Alice pays Bob 29 coins
[1779286752] client ID [1]:ERROR: transaction not sent
[1779286753] client ID [1]:Bob pays Giacomo 4 coins
[1779286754] client ID [1]:Bob pays Giovanna 28 coins
[1779286755] client ID [1]:Giacomo pays Alice 88 coins
[1779286756] client ID [1]:Francesco pays Giovanna 14 coins
[1779286757] client ID [1]:Ilaria pays Giovanna 99 coins
[1779286758] client ID [1]:Giacomo pays Bob 39 coins
[1779286759] client ID [1]:Giacomo pays Giovanna 75 coins
[1779286760] client ID [1]:Alice pays Francesco 31 coins
[1779286761] client ID [1]:Bob pays Giacomo 1 coins
[1779286762] client ID [1]:Francesco pays Giacomo 29 coins
[1779286763] client ID [1]:Giacomo pays Francesco 66 coins
[1779286764] client ID [1]:Giacomo pays Francesco 32 coins
[1779286765] client ID [1]:Francesco pays Ilaria 18 coins
[1779286766] client ID [1]:Bob pays Giacomo 29 coins
[1779286767] client ID [1]:Francesco pays Giacomo 26 coins
[1779286768] client ID [1]:Bob pays Alice 65 coins
[1779286769] client ID [1]:Bob pays Alice 40 coins
[1779286770] client ID [1]:Bob pays Francesco 70 coins
[1779286771] client ID [1]:Bob pays Giovanna 71 coins
[1779286772] client ID [1]:Giacomo pays Francesco 47 coins
[1779286773] client ID [1]:Bob pays Ilaria 18 coins
[1779286774] client ID [1]:Giacomo pays Bob 15 coins
[1779286775] client ID [1]:Ilaria pays Giacomo 63 coins
[1779286776] client ID [1]:Bob pays Francesco 72 coins
[1779286777] client ID [1]:Alice pays Ilaria 50 coins
[1779286778] client ID [1]:Giovanna pays Francesco 67 coins
[1779286779] client ID [1]:Alice pays Ilaria 32 coins
[1779286780] client ID [1]:Ilaria pays Bob 30 coins
[1779286781] client ID [1]:Ilaria pays Giacomo 86 coins
[1779286782] client ID [1]:Bob pays Francesco 68 coins
[1779286783] client ID [1]:ERROR: transaction not sent
[1779286784] client ID [1]:Francesco pays Bob 17 coins
[1779286785] client ID [1]:Ilaria pays Giovanna 55 coins
[1779286786] client ID [1]:Ilaria pays Bob 45 coins
[1779286787] client ID [1]:Ilaria pays Giacomo 12 coins
[1779286788] client ID [1]:Ilaria pays Bob 44 coins
[1779286789] client ID [1]:Francesco pays Giovanna 36 coins
[1779286790] client ID [1]:Alice pays Ilaria 25 coins
[1779286791] client ID [1]:Giacomo pays Francesco 59 coins
[1779286792] client ID [1]:Alice pays Giacomo 10 coins
[1779286793] client ID [1]:Francesco pays Bob 74 coins
[1779286794] client ID [1]:Alice pays Ilaria 99 coins
[1779286795] client ID [1]:Giovanna pays Bob 96 coins
[1779286796] client ID [1]:Ilaria pays Giovanna 42 coins
[1779286797] client ID [1]:Alice pays Giacomo 51 coins
[1779286798] client ID [1]:Bob pays Alice 92 coins
[1779286799] client ID [1]:Giacomo pays Giovanna 41 coins
[1779286800] client ID [1]:Giacomo pays Alice 9 coins
[1779286801] client ID [1]:Giovanna pays Francesco 21 coins
[1779286802] client ID [1]:Bob pays Francesco 11 coins
[1779286803] client ID [1]:Giacomo pays Ilaria 34 coins
[1779286804] client ID [1]:Alice pays Bob 71 coins
[1779286805] client ID [1]:Ilaria pays Alice 55 coins
[1779286806] client ID [1]:Giacomo pays Giovanna 94 coins
[1779286807] client ID [1]:Ilaria pays Giacomo 44 coins
[1779286808] client ID [1]:Giacomo pays Francesco 36 coins
[1779286809] client ID [1]:Francesco pays Giovanna 41 coins
[1779286810] client ID [1]:Giacomo pays Francesco 59 coins
[1779286811] client ID [1]:Ilaria pays Bob 37 coins
[1779286812] client ID [1]:Giacomo pays Alice 24 coins
[1779286813] client ID [1]:Alice pays Francesco 84 coins
[1779286814] client ID [1]:Bob pays Giacomo 43 coins
[1779286815] client ID [1]:Ilaria pays Giacomo 98 coins
[1779286816] client ID [1]:Alice pays Giacomo 92 coins
[1779286817] client ID [1]:Ilaria pays Giovanna 36 coins
[1779286818] client ID [1]:Alice pays Ilaria 97 coins
[1779286819] client ID [1]:Alice pays Francesco 63 coins
[1779286820] client ID [1]:Giovanna pays Alice 61 coins
[1779286821] client ID [1]:Francesco pays Bob 18 coins
[1779286822] client ID [1]:Giovanna pays Ilaria 68 coins
[1779286823] client ID [1]:Alice pays Ilaria 45 coins
[1779286824] client ID [1]:Giacomo pays Ilaria 66 coins
[1779286825] client ID [1]:Ilaria pays Bob 24 coins
[1779286826] client ID [1]:Bob pays Ilaria 58 coins
[1779286827] client ID [1]:Giacomo pays Giovanna 26 coins
[1779286828] client ID [1]:Giovanna pays Giacomo 66 coins
[1779286829] client ID [1]:Bob pays Giacomo 89 coins
[1779286830] client ID [1]:Giacomo pays Giovanna 13 coins
[1779286831] client ID [1]:Alice pays Giovanna 48 coins
[1779286832] client ID [1]:Bob pays Ilaria 27 coins
[1779286833] client ID [1]:Giovanna pays Francesco 20 coins
[1779286834] client ID [1]:Bob pays Giacomo 83 coins
[1779286835] client ID [1]:Giovanna pays Ilaria 69 coins
[1779286836] client ID [1]:Alice pays Giovanna 86 coins
[1779286837] client ID [1]:Ilaria pays Bob 14 coins
[1779286838] client ID [1]:ERROR: transaction not sent
[1779286839] client ID [1]:Bob pays Ilaria 25 coins
[1779286840] client ID [1]:Giovanna pays Alice 72 coins
[1779286841] client ID [1]:Francesco pays Giacomo 52 coins
[1779286842] client ID [1]:Giacomo pays Ilaria 79 coins
[1779286843] client ID [1]:Bob pays Giacomo 96 coins
[1779286844] client ID [1]:Bob pays Giovanna 80 coins
[1779286845] client ID [1]:Ilaria pays Giacomo 47 coins
[1779286846] client ID [1]:Bob pays Giacomo 31 coins
[1779286847] client ID [1]:Giovanna pays Giacomo 44 coins
[1779286848] client ID [1]:Francesco pays Bob 83 coins
[1779286849] client ID [1]:Giacomo pays Francesco 8 coins
[1779286850] client ID [1]:Alice pays Giovanna 77 coins
[1779286851] client ID [1]:Francesco pays Alice 11 coins
[1779286852] client ID [1]:Giacomo pays Ilaria 72 coins
[1779286853] client ID [1]:Alice pays Giovanna 6 coins
[1779286854] client ID [1]:Francesco pays Ilaria 71 coins
[1779286855] client ID [1]:Giovanna pays Giacomo 12 coins
[1779286856] client ID [1]:Bob pays Alice 92 coins
[1779286857] client ID [1]:Giovanna pays Ilaria 86 coins
[1779286858] client ID [1]:Ilaria pays Bob 27 coins
[1779286859] client ID [1]:Ilaria pays Giacomo 35 coins
[1779286860] client ID [1]:Giacomo pays Ilaria 88 coins
[1779286861] client ID [1]:Giacomo pays Alice 94 coins
[1779286862] client ID [1]:Francesco pays Bob 64 coins
[1779286863] client ID [1]:Giacomo pays Francesco 69 coins
[1779286864] client ID [1]:Ilaria pays Bob 38 coins
[1779286865] client ID [1]:Ilaria pays Francesco 49 coins
[1779286866] client ID [1]:Francesco pays Giacomo 40 coins
[1779286867] client ID [1]:Francesco pays Alice 26 coins
[1779286868] client ID [1]:Alice pays Giacomo 51 coins
[1779286869] client ID [1]:Ilaria pays Giovanna 85 coins
[1779286870] client ID [1]:Alice pays Giacomo 72 coins
[1779286871] client ID [1]:Giacomo pays Francesco 22 coins
[1779286872] client ID [1]:Ilaria pays Giacomo 58 coins
[1779286873] client ID [1]:Alice pays Ilaria 25 coins
[1779286874] client ID [1]:Ilaria pays Francesco 61 coins
[1779286875] client ID [1]:Francesco pays Ilaria 8 coins
[1779286876] client ID [1]:Alice pays Giovanna 42 coins
[1779286877] client ID [1]:Francesco pays Giacomo 40 coins
[1779286878] client ID [1]:Francesco pays Alice 58 coins
[1779286879] client ID [1]:Francesco pays Giacomo 76 coins
[1779286880] client ID [1]:Francesco pays Giovanna 98 coins
[1779286881] client ID [1]:Giacomo pays Francesco 29 coins
[1779286882] client ID [1]:Giacomo pays Bob 51 coins
[1779286883] client ID [1]:Alice pays Ilaria 12 coins
[1779286884] client ID [1]:Francesco pays Alice 18 coins
[1779286885] client ID [1]:Giovanna pays Francesco 62 coins
[1779286886] client ID [1]:Bob pays Giovanna 31 coins
[1779286887] client ID [1]:Francesco pays Bob 80 coins
[1779286888] client ID [1]:Francesco pays Alice 58 coins
[1779286889] client ID [1]:Bob pays Giacomo 43 coins
[1779286890] client ID [1]:Alice pays Giovanna 97 coins
[1779286891] client ID [1]:Francesco pays Ilaria 61 coins
[1779286892] client ID [1]:Ilaria pays Bob 95 coins
[1779286893] client ID [1]:Ilaria pays Giacomo 12 coins
[1779286894] client ID [1]:Alice pays Francesco 74 coins
[1779286895] client ID [1]:Bob pays Francesco 5 coins
[1779286896] client ID [1]:Francesco pays Giovanna 55 coins
[1779286897] client ID [1]:Alice pays Francesco 8 coins
[1779286898] client ID [1]:Bob pays Alice 34 coins
[1779286899] client ID [1]:Alice pays Bob 57 coins
[1779286900] client ID [1]:Ilaria pays Giovanna 97 coins
[1779286901] client ID [1]:Francesco pays Ilaria 74 coins
[1779286902] client ID [1]:Bob pays Giacomo 69 coins
[1779286903] client ID [1]:Giacomo pays Giovanna 75 coins
[1779286904] client ID [1]:Giacomo pays Giovanna 10 coins
[1779286905] client ID [1]:Ilaria pays Giovanna 60 coins
[1779286906] client ID [1]:Giacomo pays Alice 63 coins
[1779286907] client ID [1]:Alice pays Francesco 80 coins
[1779286908] client ID [1]:Giacomo pays Alice 48 coins
[1779286909] client ID [1]:Giacomo pays Alice 58 coins
[1779286910] client ID [1]:Francesco pays Bob 64 coins
[1779286911] client ID [1]:Alice pays Francesco 84 coins
[1779286912] client ID [1]:Giacomo pays Bob 51 coins
[1779286913] client ID [1]:Giovanna pays Bob 26 coins
[1779286914] client ID [1]:Giovanna pays Alice 69 coins
[1779286915] client ID [1]:Francesco pays Alice 36 coins
[1779286916] client ID [1]:Giovanna pays Alice 10 coins
[1779286917] client ID [1]:Ilaria pays Giacomo 26 coins
[1779286918] client ID [1]:Alice pays Ilaria 9 coins
[1779286919] client ID [1]:Bob pays Francesco 2 coins
[1779286920] client ID [1]:Giacomo pays Giovanna 31 coins
[1779286921] client ID [1]:Francesco pays Giovanna 26 coins
[1779286922] client ID [1]:Bob pays Giovanna 59 coins
[1779286923] client ID [1]:Alice pays Francesco 40 coins
[1779286924] client ID [1]:Alice pays Giovanna 42 coins
[1779286925] client ID [1]:Alice pays Giovanna 60 coins
[1779286926] client ID [1]:Alice pays Ilaria 67 coins
[1779286927] client ID [1]:Giovanna pays Alice 93 coins
[1779286928] client ID [1]:Giovanna pays Ilaria 2 coins
[1779286929] client ID [1]:Ilaria pays Alice 49 coins
[1779286930] client ID [1]:Alice pays Bob 79 coins
[1779286931] client ID [1]:Giacomo pays Bob 4 coins
[1779286932] client ID [1]:Francesco pays Ilaria 60 coins
[1779286933] client ID [1]:Francesco pays Alice 99 coins
[1779286934] client ID [1]:Giovanna pays Bob 27 coins
[1779286935] client ID [1]:Giovanna pays Ilaria 28 coins
[1779286936] client ID [1]:Ilaria pays Giacomo 99 coins
[1779286937] client ID [1]:Giovanna pays Giacomo 33 coins
[1779286938] client ID [1]:Francesco pays Ilaria 19 coins
[1779286939] client ID [1]:Ilaria pays Alice 71 coins
[1779286940] client ID [1]:Francesco pays Giacomo 45 coins
[1779286941] client ID [1]:Giovanna pays Francesco 90 coins
[1779286942] client ID [1]:Giovanna pays Bob 68 coins
[1779286943] client ID [1]:Giovanna pays Ilaria 40 coins
[1779286944] client ID [1]:Ilaria pays Alice 6 coins
[1779286945] client ID [1]:Alice pays Bob 45 coins
[1779286946] client ID [1]:Alice pays Francesco 63 coins
[1779286947] client ID [1]:Francesco pays Bob 28 coins
[1779286948] client ID [1]:Ilaria pays Giacomo 72 coins
[1779286949] client ID [1]:Alice pays Giovanna 16 coins
[1779286950] client ID [1]:Giacomo pays Ilaria 17 coins
[1779286951] client ID [1]:Francesco pays Giacomo 57 coins
[1779286952] client ID [1]:Alice pays Ilaria 93 coins
[1779286953] client ID [1]:Giacomo pays Ilaria 51 coins
[1779286954] client ID [1]:Giacomo pays Ilaria 40 coins
[1779286955] client ID [1]:Ilaria pays Giovanna 18 coins
[1779286956] client ID [1]:Giovanna pays Ilaria 21 coins
[1779286957] client ID [1]:Giacomo pays Ilaria 90 coins
[1779286958] client ID [1]:Ilaria pays Bob 80 coins
[1779286959] client ID [1]:Alice pays Francesco 98 coins
[1779286960] client ID [1]:Ilaria pays Giovanna 78 coins
[1779286961] client ID [1]:Alice pays Bob 12 coins
[1779286962] client ID [1]:Alice pays Francesco 3 coins
[1779286963] client ID [1]:Alice pays Giacomo 7 coins
[1779286964] client ID [1]:Bob pays Giovanna 91 coins
[1779286965] client ID [1]:Francesco pays Giovanna 7 coins
[1779286966] client ID [1]:Francesco pays Alice 25 coins
[1779286967] client ID [1]:Ilaria pays Bob 15 coins
[1779286968] client ID [1]:Giacomo pays Alice 92 coins
[1779286969] client ID [1]:Ilaria pays Francesco 91 coins
[1779286970] client ID [1]:Francesco pays Alice 29 coins
[1779286971] client ID [1]:Giacomo pays Alice 73 coins
[1779286972] client ID [1]:Francesco pays Alice 19 coins
[1779286973] client ID [1]:Giovanna pays Giacomo 23 coins
[1779286974] client ID [1]:Ilaria pays Giacomo 14 coins
[1779286975] client ID [1]:Giacomo pays Alice 18 coins
[1779286976] client ID [1]:Francesco pays Giacomo 84 coins
[1779286977] client ID [1]:Ilaria pays Giacomo 86 coins
[1779286978] client ID [1]:Ilaria pays Alice 67 coins
[1779286979] client ID [1]:Bob pays Francesco 44 coins
[1779286980] client ID [1]:Giacomo pays Giovanna 73 coins
[1779286981] client ID [1]:Ilaria pays Alice 68 coins
[1779286982] client ID [1]:Bob pays Francesco 84 coins
[1779286983] client ID [1]:Francesco pays Ilaria 95 coins
[1779286984] client ID [1]:Bob pays Ilaria 11 coins
[1779286985] client ID [1]:Giacomo pays Bob 50 coins
[1779286986] client ID [1]:Ilaria pays Francesco 4 coins
[1779286987] client ID [1]:Bob pays Giacomo 47 coins
[1779286988] client ID [1]:Bob pays Alice 80 coins
[1779286989] client ID [1]:Francesco pays Alice 50 coins
[1779286990] client ID [1]:Bob pays Giacomo 52 coins
[1779286991] client ID [1]:Giovanna pays Francesco 59 coins
[1779286992] client ID [1]:Alice pays Bob 40 coins
[1779286993] client ID [1]:Francesco pays Alice 87 coins
[1779286994] client ID [1]:Giacomo pays Bob 87 coins
[1779286995] client ID [1]:Giacomo pays Ilaria 88 coins
[1779286996] client ID [1]:Francesco pays Ilaria 33 coins
[1779286997] client ID [1]:Francesco pays Bob 13 coins
[1779286998] client ID [1]:Giovanna pays Ilaria 90 coins
[1779286999] client ID [1]:Bob pays Giovanna 43 coins
[1779287000] client ID [1]:Francesco pays Alice 49 coins
[1779287001] client ID [1]:Alice pays Giacomo 37 coins
[1779287002] client ID [1]:Bob pays Giovanna 32 coins
[1779287003] client ID [1]:Bob pays Ilaria 90 coins
[1779287004] client ID [1]:Alice pays Giacomo 35 coins
[1779287005] client ID [1]:Giacomo pays Giovanna 6 coins
[1779287006] client ID [1]:Ilaria pays Francesco 46 coins
[1779287007] client ID [1]:Giovanna pays Alice 75 coins
[1779287008] client ID [1]:Francesco pays Giovanna 25 coins
[1779287009] client ID [1]:Alice pays Bob 59 coins
[1779287010] client ID [1]:Ilaria pays Bob 28 coins
[1779287011] client ID [1]:Ilaria pays Bob 63 coins
[1779287012] client ID [1]:Francesco pays Bob 92 coins
[1779287013] client ID [1]:Ilaria pays Francesco 82 coins
[1779287014] client ID [1]:Ilaria pays Bob 17 coins
[1779287015] client ID [1]:Alice pays Ilaria 23 coins
[1779287016] client ID [1]:Ilaria pays Alice 68 coins
[1779287017] client ID [1]:Francesco pays Alice 41 coins
[1779287018] client ID [1]:Giovanna pays Bob 64 coins
[1779287019] client ID [1]:Giovanna pays Alice 23 coins
[1779287020] client ID [1]:Ilaria pays Francesco 66 coins
[1779287021] client ID [1]:Giacomo pays Bob 50 coins
[1779287022] client ID [1]:Bob pays Francesco 14 coins
[1779287023] client ID [1]:Giacomo pays Bob 45 coins
[1779287024] client ID [1]:Francesco pays Giacomo 29 coins
[1779287025] client ID [1]:Ilaria pays Giacomo 30 coins
[1779287026] client ID [1]:Bob pays Ilaria 35 coins
[1779287027] client ID [1]:Giacomo pays Francesco 73 coins
[1779287028] client ID [1]:Bob pays Giacomo 35 coins
[1779287029] client ID [1]:Bob pays Giacomo 57 coins
[1779287030] client ID [1]:Francesco pays Bob 22 coins
[1779287031] client ID [1]:Ilaria pays Giovanna 33 coins
[1779287032] client ID [1]:Giacomo pays Alice 82 coins
[1779287033] client ID [1]:Alice pays Ilaria 14 coins
[1779287034] client ID [1]:Ilaria pays Giacomo 59 coins
[1779287035] client ID [1]:Ilaria pays Giovanna 26 coins
[1779287036] client ID [1]:Francesco pays Alice 58 coins
[1779287037] client ID [1]:Ilaria pays Giovanna 29 coins
[1779287038] client ID [1]:Giovanna pays Giacomo 64 coins
[1779287039] client ID [1]:Ilaria pays Giovanna 19 coins
[1779287040] client ID [1]:Bob pays Francesco 38 coins
[1779287041] client ID [1]:Ilaria pays Giacomo 8 coins
[1779287042] client ID [1]:Ilaria pays Francesco 89 coins
[1779287043] client ID [1]:Ilaria pays Francesco 15 coins
[1779287044] client ID [1]:Giacomo pays Giovanna 68 coins
[1779287045] client ID [1]:Giacomo pays Ilaria 48 coins
[1779287046] client ID [1]:Alice pays Giacomo 10 coins
[1779287047] client ID [1]:Francesco pays Alice 25 coins
[1779287048] client ID [1]:Giacomo pays Giovanna 30 coins
[1779287049] client ID [1]:Ilaria pays Giacomo 8 coins
[1779287050] client ID [1]:Giovanna pays Francesco 76 coins
[1779287051] client ID [1]:Alice pays Giacomo 22 coins
[1779287052] client ID [1]:Bob pays Ilaria 65 coins
[1779287053] client ID [1]:Bob pays Francesco 50 coins
[1779287054] client ID [1]:Ilaria pays Francesco 80 coins
[1779287055] client ID [1]:Ilaria pays Giovanna 49 coins
[1779287056] client ID [1]:Bob pays Ilaria 93 coins
[1779287057] client ID [1]:Bob pays Ilaria 3 coins
[1779287058] client ID [1]:Ilaria pays Alice 74 coins
[1779287059] client ID [1]:Giovanna pays Giacomo 64 coins
[1779287060] client ID [1]:Francesco pays Ilaria 91 coins
[1779287061] client ID [1]:Francesco pays Bob 25 coins
[1779287062] client ID [1]:Bob pays Alice 47 coins
[1779287063] client ID [1]:Giacomo pays Francesco 53 coins
[1779287064] client ID [1]:Alice pays Giacomo 36 coins
[1779287065] client ID [1]:Giovanna pays Ilaria 95 coins
[1779287066] client ID [1]:Giacomo pays Alice 24 coins
[1779287067] client ID [1]:Alice pays Bob 73 coins
[1779287068] client ID [1]:Alice pays Ilaria 13 coins
[1779287069] client ID [1]:Francesco pays Ilaria 86 coins
[1779287070] client ID [1]:Giacomo pays Bob 15 coins
[1779287071] client ID [1]:Alice pays Bob 47 coins
[1779287072] client ID [1]:Alice pays Giovanna 90 coins
[1779287073] client ID [1]:Ilaria pays Giovanna 5 coins
[1779287074] client ID [1]:Ilaria pays Bob 20 coins
[1779287075] client ID [1]:Alice pays Francesco 86 coins
[1779287076] client ID [1]:Giacomo pays Giovanna 22 coins
[1779287077] client ID [1]:Ilaria pays Giacomo 9 coins
[1779287078] client ID [1]:Giovanna pays Francesco 21 coins
[1779287079] client ID [1]:Ilaria pays Francesco 66 coins
[1779287080] client ID [1]:Bob pays Francesco 83 coins
[1779287081] client ID [1]:Giacomo pays Alice 82 coins
[1779287082] client ID [1]:Ilaria pays Francesco 10 coins
[1779287083] client ID [1]:Ilaria pays Alice 25 coins
[1779287084] client ID [1]:Bob pays Ilaria 9 coins
[1779287085] client ID [1]:Alice pays Giovanna 70 coins
[1779287086] client ID [1]:Giovanna pays Bob 25 coins
[1779287087] client ID [1]:Giacomo pays Bob 59 coins
[1779287088] client ID [1]:Bob pays Francesco 84 coins
[1779287089] client ID [1]:Giacomo pays Alice 74 coins
[1779287090] client ID [1]:Giovanna pays Ilaria 5 coins
[1779287091] client ID [1]:Giovanna pays Francesco 84 coins
[1779287092] client ID [1]:Ilaria pays Alice 93 coins
[1779287093] client ID [1]:Francesco pays Alice 17 coins
[1779287094] client ID [1]:Giacomo pays Bob 25 coins
[1779287095] client ID [1]:Ilaria pays Francesco 94 coins
[1779287096] client ID [1]:Ilaria pays Giovanna 18 coins
[1779287097] client ID [1]:Francesco pays Giovanna 21 coins
[1779287098] client ID [1]:Ilaria pays Bob 94 coins
[1779287099] client ID [1]:Bob pays Ilaria 85 coins
[1779287100] client ID [1]:Bob pays Ilaria 11 coins
[1779287101] client ID [1]:Alice pays Bob 27 coins
[1779287103] client ID [1]:Ilaria pays Giacomo 57 coins
[1779287104] client ID [1]:Bob pays Ilaria 38 coins
[1779287105] client ID [1]:Giacomo pays Alice 79 coins
[1779287106] client ID [1]:Alice pays Francesco 4 coins
[1779287107] client ID [1]:Alice pays Francesco 15 coins
[1779287108] client ID [1]:Francesco pays Alice 35 coins
[1779287109] client ID [1]:Giacomo pays Alice 27 coins
[1779287110] client ID [1]:Alice pays Bob 73 coins
[1779287111] client ID [1]:Bob pays Giovanna 22 coins
[1779287112] client ID [1]:Alice pays Ilaria 27 coins
[1779287113] client ID [1]:Giacomo pays Francesco 91 coins
[1779287114] client ID [1]:Giacomo pays Alice 68 coins
[1779287115] client ID [1]:Giovanna pays Francesco 45 coins
[1779287116] client ID [1]:Giovanna pays Alice 46 coins
[1779287117] client ID [1]:Alice pays Giacomo 60 coins
[1779287118] client ID [1]:Francesco pays Ilaria 94 coins
[1779287119] client ID [1]:Ilaria pays Bob 39 coins
[1779287120] client ID [1]:Ilaria pays Francesco 79 coins
[1779287121] client ID [1]:Ilaria pays Giovanna 29 coins
[1779287122] client ID [1]:Francesco pays Giovanna 2 coins
[1779287123] client ID [1]:Giovanna pays Giacomo 32 coins
[1779287124] client ID [1]:Giacomo pays Ilaria 99 coins
[1779287125] client ID [1]:Giovanna pays Bob 42 coins
[1779287126] client ID [1]:Giovanna pays Ilaria 27 coins
[1779287127] client ID [1]:Giacomo pays Bob 42 coins
[1779287128] client ID [1]:Bob pays Ilaria 74 coins
[1779287129] client ID [1]:Giovanna pays Giacomo 90 coins
[1779287130] client ID [1]:Francesco pays Alice 63 coins
[1779287131] client ID [1]:Alice pays Giovanna 47 coins
[1779287132] client ID [1]:Alice pays Francesco 88 coins
[1779287133] client ID [1]:Ilaria pays Giovanna 50 coins
[1779287134] client ID [1]:Francesco pays Ilaria 22 coins
[1779287135] client ID [1]:Francesco pays Giovanna 79 coins
[1779287136] client ID [1]:Francesco pays Ilaria 25 coins
[1779287137] client ID [1]:Ilaria pays Giovanna 25 coins
[1779287138] client ID [1]:Ilaria pays Giacomo 21 coins
[1779287139] client ID [1]:Alice pays Francesco 65 coins
[1779287140] client ID [1]:Alice pays Giacomo 22 coins
[1779287141] client ID [1]:Ilaria pays Alice 16 coins
[1779287142] client ID [1]:Bob pays Giovanna 26 coins
[1779287143] client ID [1]:Giovanna pays Alice 80 coins
[1779287144] client ID [1]:Ilaria pays Francesco 75 coins
[1779287145] client ID [1]:Bob pays Giovanna 57 coins
[1779287146] client ID [1]:Giacomo pays Ilaria 81 coins
[1779287146] client ID [1]:Client shutting down
[1779287146] client ID [1]:client chiuso
