[1779286680] client ID [4]:client avviato correttamente
[1779286680] client ID [4]:Client started
[1779286680] client ID [4]:Bob pays Ilaria 58 coins
[1779286681] client ID [4]:Bob pays Giovanna 92 coins
[1779286682] client ID [4]:Giovanna pays Ilaria 89 coins
[1779286683] client ID [4]:Ilaria pays Alice 14 coins
[1779286684] client ID [4]:Alice pays Francesco 6 coins
[1779286685] client ID [4]:Giovanna pays Bob 59 coins
[1779286686] client ID [4]:Francesco pays Bob 86 coins
[1779286687] client ID [4]:Giovanna pays Alice 95 coins
[1779286688] client ID [4]:Francesco pays Bob 33 coins
[1779286689] client ID [4]:Bob pays Giovanna 51 coins
[1779286690] client ID [4]:Bob pays Giovanna 6 coins
[1779286691] client ID [4]:Alice pays Francesco 55 coins
[1779286692] client ID [4]:Giovanna pays Giacomo 95 coins
[1779286693] client ID [4]:Giacomo pays Alice 9 coins
[1779286694] client ID [4]:Giacomo pays Francesco 68 coins
[1779286695] client ID [4]:Giovanna pays Francesco 46 coins
[1779286696] client ID [4]:Francesco pays Giovanna 80 coins
[1779286697] client ID [4]:Alice pays Giovanna 57 coins
[1779286698] client ID [4]:Giovanna pays Francesco 19 coins
[1779286699] client ID [4]:Giovanna pays Alice 47 coins
[1779286700] client ID [4]:Giacomo pays Bob 89 coins
[1779286701] client ID [4]:Ilaria pays Bob 12 coins
[1779286702] client ID [4]:Ilaria pays Giacomo 14 coins
[1779286703] client ID [4]:Bob pays Alice 77 coins
[1779286704] client ID [4]:Ilaria pays Bob 47 coins
[1779286705] client ID [4]:Bob pays Alice 92 coins
[1779286706] client ID [4]:Alice pays Francesco 98 coins
[1779286707] client ID [4]:Alice pays Francesco 13 coins
[1779286708] client ID [4]:Francesco pays Alice 14 coins
[1779286709] client ID [4]:Ilaria pays Bob 77 coins
[1779286710] client ID [4]:Bob pays Ilaria 66 coins
[1779286711] client ID [4]:Bob pays Giovanna 55 coins
[1779286712] client ID [4]:Francesco pays Giacomo 53 coins
[1779286713] client ID [4]:Francesco pays Giacomo 30 coins
[1779286714] client ID [4]:Alice pays Francesco 58 coins
[1779286715] client ID [4]:Giacomo pays Ilaria 39 coins
[1779286716] client ID [4]:Francesco pays Ilaria 25 coins
[1779286717] client ID [4]:Giovanna pays Giacomo 44 coins
[1779286718] client ID [4]:Alice pays Ilaria 47 coins
[1779286719] client ID [4]:Alice pays Bob 38 coins
[1779286720] client ID [4]:Ilaria pays Bob 72 coins
[1779286721] client ID [4]:Ilaria pays Francesco 43 coins
[1779286722] client ID [4]:Giovanna pays Alice 58 coins
[1779286723] client ID [4]:Giacomo pays Alice 63 coins
[1779286724] client ID [4]:Ilaria pays Giacomo 20 coins
[1779286725] client ID [4]:Alice pays Giacomo 7 coins
[1779286726] client ID [4]:Giacomo pays Bob 28 coins
[1779286727] client ID [4]:Bob pays Alice 7 coins
[1779286728] client ID [4]:Ilaria pays Francesco 61 coins
[1779286729] client ID [4]:Giovanna pays Bob 80 coins
[1779286730] client ID [4]:Giovanna pays Bob 16 coins
[1779286731] client ID [4]:Giacomo pays Ilaria 93 coins
[1779286732] client ID [4]:Ilaria pays Francesco 56 coins
[1779286733] client ID [4]:Client shutting down
[1779286733] client ID [4]:client chiuso
