[1779286542] client ID [2]:client avviato correttamente
[1779286542] client ID [2]:Client started
[1779286542] client ID [2]:Francesco pays Giovanna 90 coins
[1779286543] client ID [2]:Giacomo pays Francesco 56 coins
[1779286544] client ID [2]:Alice pays Ilaria 58 coins
[1779286545] client ID [2]:Bob pays Giovanna 4 coins
[1779286546] client ID [2]:Giovanna pays Ilaria 35 coins
[1779286547] client ID [2]:Francesco pays Ilaria 47 coins
[1779286548] client ID [2]:Alice pays Ilaria 88 coins
[1779286549] client ID [2]:Giovanna pays Alice 68 coins
[1779286550] client ID [2]:Ilaria pays Giacomo 16 coins
[1779286551] client ID [2]:Giovanna pays Giacomo 44 coins
[1779286552] client ID [2]:Giacomo pays Giovanna 58 coins
[1779286553] client ID [2]:Ilaria pays Francesco 75 coins
[1779286554] client ID [2]:Bob pays Ilaria 28 coins
[1779286555] client ID [2]:Francesco pays Giovanna 71 coins
[1779286556] client ID [2]:Ilaria pays Bob 27 coins
[1779286557] client ID [2]:Bob pays Giovanna 96 coins
[1779286558] client ID [2]:Francesco pays Giacomo 28 coins
[1779286559] client ID [2]:Ilaria pays Giacomo 3 coins
[1779286560] client ID [2]:Ilaria pays Francesco 65 coins
[1779286561] client ID [2]:Alice pays Giovanna 38 coins
