[1779286542] client ID [0]:client avviato correttamente
[1779286542] client ID [0]:Client started
[1779286542] client ID [0]:Bob pays Ilaria 60 coins
[1779286543] client ID [0]:Francesco pays Ilaria 24 coins
[1779286544] client ID [0]:Giacomo pays Ilaria 23 coins
[1779286545] client ID [0]:Giacomo pays Alice 92 coins
[1779286546] client ID [0]:Giacomo pays Giovanna 38 coins
[1779286547] client ID [0]:Francesco pays Alice 62 coins
[1779286548] client ID [0]:Giacomo pays Francesco 75 coins
[1779286549] client ID [0]:Alice pays Giacomo 14 coins
[1779286550] client ID [0]:Alice pays Ilaria 74 coins
[1779286551] client ID [0]:Francesco pays Giovanna 67 coins
[1779286552] client ID [0]:Bob pays Francesco 36 coins
[1779286553] client ID [0]:Francesco pays Bob 48 coins
[1779286554] client ID [0]:Bob pays Giacomo 70 coins
[1779286555] client ID [0]:Giacomo pays Bob 66 coins
[1779286556] client ID [0]:Alice pays Giacomo 44 coins
[1779286557] client ID [0]:Alice pays Bob 53 coins
[1779286558] client ID [0]:Giovanna pays Francesco 45 coins
[1779286559] client ID [0]:Giovanna pays Giacomo 38 coins
[1779286560] client ID [0]:Alice pays Ilaria 12 coins
[1779286561] client ID [0]:Giacomo pays Bob 27 coins
