[1779282101] client ID [7]:client avviato correttamente
[1779282101] client ID [7]:Client started
[1779282101] client ID [7]:Bob pays Francesco 60 coins
[1779282102] client ID [7]:Bob pays Giovanna 21 coins
[1779282103] client ID [7]:Francesco pays Alice 53 coins
[1779282104] client ID [7]:Giovanna pays Francesco 28 coins
[1779282105] client ID [7]:Giovanna pays Alice 57 coins
[1779282106] client ID [7]:Bob pays Alice 40 coins
[1779282107] client ID [7]:Bob pays Giovanna 5 coins
[1779282108] client ID [7]:Bob pays Alice 72 coins
[1779282109] client ID [7]:Giovanna pays Ilaria 24 coins
[1779282110] client ID [7]:Francesco pays Giacomo 35 coins
[1779282111] client ID [7]:Bob pays Giovanna 49 coins
[1779282112] client ID [7]:Giovanna pays Francesco 68 coins
[1779282113] client ID [7]:Alice pays Ilaria 21 coins
[1779282114] client ID [7]:Bob pays Giacomo 91 coins
[1779282115] client ID [7]:Francesco pays Giovanna 7 coins
[1779282116] client ID [7]:Ilaria pays Bob 47 coins
[1779282117] client ID [7]:Ilaria pays Alice 79 coins
[1779282118] client ID [7]:Giovanna pays Giacomo 2 coins
[1779282119] client ID [7]:Giovanna pays Bob 47 coins
[1779282120] client ID [7]:Giacomo pays Alice 30 coins
[1779282121] client ID [7]:Francesco pays Giacomo 71 coins
[1779282122] client ID [7]:Bob pays Giacomo 14 coins
[1779282123] client ID [7]:Alice pays Francesco 98 coins
[1779282124] client ID [7]:Giovanna pays Giacomo 98 coins
[1779282125] client ID [7]:Alice pays Ilaria 2 coins
[1779282126] client ID [7]:Giacomo pays Francesco 30 coins
[1779282127] client ID [7]:Ilaria pays Alice 87 coins
[1779282128] client ID [7]:Francesco pays Alice 27 coins
[1779282129] client ID [7]:Alice pays Ilaria 62 coins
[1779282130] client ID [7]:Alice pays Giovanna 54 coins
[1779282131] client ID [7]:Giacomo pays Francesco 50 coins
[1779282132] client ID [7]:Francesco pays Giovanna 71 coins
[1779282133] client ID [7]:Giovanna pays Bob 17 coins
[1779282134] client ID [7]:Giacomo pays Francesco 48 coins
[1779282135] client ID [7]:Alice pays Francesco 90 coins
[1779282136] client ID [7]:Francesco pays Giovanna 58 coins
[1779282137] client ID [7]:Bob pays Francesco 10 coins
[1779282138] client ID [7]:Francesco pays Alice 15 coins
[1779282139] client ID [7]:Francesco pays Bob 68 coins
[1779282140] client ID [7]:Bob pays Ilaria 16 coins
[1779282141] client ID [7]:Alice pays Bob 5 coins
[1779282142] client ID [7]:Alice pays Francesco 96 coins
[1779282143] client ID [7]:Alice pays Ilaria 50 coins
[1779282144] client ID [7]:Giovanna pays Bob 39 coins
[1779282145] client ID [7]:Francesco pays Ilaria 94 coins
[1779282146] client ID [7]:Alice pays Bob 4 coins
[1779282147] client ID [7]:Francesco pays Giacomo 18 coins
[1779282148] client ID [7]:Francesco pays Giovanna 13 coins
[1779282149] client ID [7]:Alice pays Ilaria 92 coins
[1779282150] client ID [7]:Ilaria pays Bob 22 coins
[1779282151] client ID [7]:Giovanna pays Alice 20 coins
[1779282152] client ID [7]:Francesco pays Alice 30 coins
[1779282153] client ID [7]:Francesco pays Alice 89 coins
[1779282154] client ID [7]:Alice pays Giovanna 52 coins
[1779282155] client ID [7]:Giacomo pays Ilaria 24 coins
[1779282156] client ID [7]:Francesco pays Bob 54 coins
[1779282157] client ID [7]:Alice pays Giacomo 11 coins
[1779282158] client ID [7]:Bob pays Ilaria 11 coins
[1779282159] client ID [7]:Alice pays Bob 86 coins
[1779282160] client ID [7]:Giovanna pays Bob 4 coins
[1779282161] client ID [7]:Giacomo pays Ilaria 75 coins
[1779282162] client ID [7]:Alice pays Bob 78 coins
[1779282163] client ID [7]:Bob pays Francesco 29 coins
[1779282164] client ID [7]:Alice pays Giacomo 50 coins
[1779282165] client ID [7]:Giacomo pays Bob 94 coins
[1779282166] client ID [7]:Giacomo pays Giovanna 76 coins
[1779282167] client ID [7]:Ilaria pays Bob 61 coins
[1779282168] client ID [7]:Giovanna pays Giacomo 64 coins
[1779282169] client ID [7]:Ilaria pays Bob 86 coins
[1779282170] client ID [7]:Francesco pays Giacomo 25 coins
[1779282171] client ID [7]:Bob pays Francesco 28 coins
[1779282172] client ID [7]:Alice pays Ilaria 44 coins
[1779282173] client ID [7]:Alice pays Francesco 10 coins
[1779282174] client ID [7]:Giovanna pays Giacomo 26 coins
[1779282175] client ID [7]:Giacomo pays Alice 20 coins
[1779282176] client ID [7]:Francesco pays Alice 96 coins
[1779282177] client ID [7]:Bob pays Alice 57 coins
[1779282178] client ID [7]:Giovanna pays Ilaria 20 coins
[1779282179] client ID [7]:Giacomo pays Giovanna 54 coins
[1779282180] client ID [7]:Francesco pays Giovanna 49 coins
[1779282181] client ID [7]:Bob pays Giacomo 18 coins
[1779282182] client ID [7]:Francesco pays Bob 66 coins
[1779282183] client ID [7]:Alice pays Bob 39 coins
[1779282184] client ID [7]:Giovanna pays Alice 62 coins
[1779282185] client ID [7]:Giovanna pays Francesco 80 coins
[1779282186] client ID [7]:Francesco pays Ilaria 74 coins
[1779282187] client ID [7]:Francesco pays Bob 29 coins
[1779282188] client ID [7]:Alice pays Francesco 48 coins
[1779282189] client ID [7]:Giacomo pays Bob 53 coins
[1779282190] client ID [7]:Giacomo pays Francesco 80 coins
[1779282191] client ID [7]:Bob pays Giacomo 35 coins
[1779282192] client ID [7]:Ilaria pays Bob 33 coins
[1779282193] client ID [7]:Ilaria pays Giacomo 40 coins
[1779282194] client ID [7]:Giacomo pays Bob 65 coins
[1779282195] client ID [7]:Francesco pays Bob 65 coins
[1779282196] client ID [7]:Ilaria pays Alice 59 coins
[1779282197] client ID [7]:Francesco pays Alice 93 coins
[1779282198] client ID [7]:Giovanna pays Bob 42 coins
[1779282199] client ID [7]:Francesco pays Giacomo 58 coins
[1779282200] client ID [7]:Ilaria pays Alice 67 coins
[1779282201] client ID [7]:Client shutting down
[1779282201] client ID [7]:client chiuso
