[1779282101] client ID [4]:client avviato correttamente
[1779282101] client ID [4]:Client started
[1779282101] client ID [4]:Giovanna pays Giacomo 21 coins
[1779282102] client ID [4]:Bob pays Francesco 75 coins
[1779282103] client ID [4]:Alice pays Bob 42 coins
[1779282104] client ID [4]:Alice pays Giovanna 39 coins
[1779282105] client ID [4]:Giacomo pays Ilaria 97 coins
[1779282106] client ID [4]:Giovanna pays Bob 83 coins
[1779282107] client ID [4]:Francesco pays Bob 91 coins
[1779282108] client ID [4]:Bob pays Francesco 63 coins
[1779282109] client ID [4]:Francesco pays Alice 80 coins
[1779282110] client ID [4]:Alice pays Bob 3 coins
[1779282111] client ID [4]:Alice pays Giovanna 71 coins
[1779282112] client ID [4]:Giacomo pays Bob 63 coins
[1779282113] client ID [4]:Giovanna pays Giacomo 8 coins
[1779282114] client ID [4]:Francesco pays Giacomo 93 coins
[1779282115] client ID [4]:Giovanna pays Giacomo 41 coins
[1779282116] client ID [4]:Ilaria pays Bob 71 coins
[1779282117] client ID [4]:Giovanna pays Giacomo 60 coins
[1779282118] client ID [4]:Bob pays Francesco 18 coins
[1779282119] client ID [4]:Alice pays Ilaria 37 coins
[1779282120] client ID [4]:Giacomo pays Giovanna 39 coins
[1779282121] client ID [4]:Giacomo pays Ilaria 11 coins
[1779282122] client ID [4]:Giovanna pays Francesco 71 coins
[1779282123] client ID [4]:Francesco pays Bob 79 coins
[1779282124] client ID [4]:Ilaria pays Alice 70 coins
[1779282125] client ID [4]:Ilaria pays Bob 4 coins
[1779282126] client ID [4]:Giacomo pays Giovanna 28 coins
[1779282127] client ID [4]:Francesco pays Giovanna 99 coins
[1779282128] client ID [4]:Ilaria pays Bob 18 coins
[1779282129] client ID [4]:Francesco pays Giovanna 54 coins
[1779282130] client ID [4]:Ilaria pays Francesco 93 coins
[1779282131] client ID [4]:Alice pays Bob 2 coins
[1779282132] client ID [4]:Giovanna pays Ilaria 72 coins
[1779282133] client ID [4]:Francesco pays Giacomo 49 coins
[1779282134] client ID [4]:Bob pays Ilaria 19 coins
[1779282135] client ID [4]:Francesco pays Bob 30 coins
[1779282136] client ID [4]:Giovanna pays Francesco 9 coins
[1779282137] client ID [4]:Bob pays Alice 48 coins
[1779282138] client ID [4]:Alice pays Ilaria 80 coins
[1779282139] client ID [4]:Giacomo pays Ilaria 34 coins
[1779282140] client ID [4]:Alice pays Bob 27 coins
[1779282141] client ID [4]:Alice pays Bob 26 coins
[1779282142] client ID [4]:Alice pays Giovanna 97 coins
[1779282143] client ID [4]:Giacomo pays Bob 47 coins
[1779282144] client ID [4]:Francesco pays Ilaria 63 coins
[1779282145] client ID [4]:Bob pays Giovanna 92 coins
[1779282146] client ID [4]:Bob pays Alice 99 coins
[1779282147] client ID [4]:Giovanna pays Francesco 47 coins
[1779282148] client ID [4]:Ilaria pays Giacomo 27 coins
[1779282149] client ID [4]:Alice pays Giacomo 88 coins
[1779282150] client ID [4]:Alice pays Ilaria 30 coins
[1779282151] client ID [4]:Ilaria pays Giovanna 76 coins
[1779282152] client ID [4]:Giacomo pays Alice 58 coins
[1779282153] client ID [4]:Ilaria pays Giacomo 81 coins
[1779282154] client ID [4]:Giacomo pays Giovanna 49 coins
[1779282155] client ID [4]:Francesco pays Bob 57 coins
[1779282156] client ID [4]:Bob pays Giovanna 70 coins
[1779282157] client ID [4]:Ilaria pays Bob 12 coins
[1779282158] client ID [4]:Francesco pays Bob 38 coins
[1779282159] client ID [4]:Francesco pays Giovanna 76 coins
[1779282160] client ID [4]:Bob pays Francesco 77 coins
[1779282161] client ID [4]:Alice pays Francesco 81 coins
[1779282162] client ID [4]:Bob pays Giacomo 48 coins
[1779282163] client ID [4]:Bob pays Francesco 26 coins
[1779282164] client ID [4]:Giacomo pays Alice 48 coins
[1779282165] client ID [4]:Francesco pays Giacomo 52 coins
[1779282166] client ID [4]:Giovanna pays Alice 4 coins
[1779282167] client ID [4]:Ilaria pays Giacomo 63 coins
[1779282168] client ID [4]:Francesco pays Bob 16 coins
[1779282169] client ID [4]:Alice pays Ilaria 89 coins
[1779282170] client ID [4]:Giovanna pays Giacomo 11 coins
[1779282171] client ID [4]:Ilaria pays Giovanna 21 coins
[1779282172] client ID [4]:Francesco pays Giacomo 67 coins
[1779282173] client ID [4]:Giacomo pays Bob 92 coins
[1779282174] client ID [4]:Francesco pays Bob 39 coins
[1779282175] client ID [4]:Ilaria pays Giacomo 88 coins
[1779282176] client ID [4]:Ilaria pays Giacomo 89 coins
[1779282177] client ID [4]:Alice pays Giacomo 52 coins
[1779282178] client ID [4]:Ilaria pays Alice 65 coins
[1779282179] client ID [4]:Ilaria pays Francesco 53 coins
[1779282180] client ID [4]:Ilaria pays Bob 63 coins
[1779282181] client ID [4]:Giacomo pays Francesco 66 coins
[1779282182] client ID [4]:Giovanna pays Alice 32 coins
[1779282183] client ID [4]:Giacomo pays Giovanna 81 coins
[1779282184] client ID [4]:Giovanna pays Bob 20 coins
[1779282185] client ID [4]:Ilaria pays Francesco 6 coins
[1779282186] client ID [4]:Alice pays Francesco 94 coins
[1779282187] client ID [4]:Francesco pays Ilaria 46 coins
[1779282188] client ID [4]:Giacomo pays Bob 9 coins
[1779282189] client ID [4]:Bob pays Ilaria 61 coins
[1779282190] client ID [4]:Giovanna pays Giacomo 20 coins
[1779282191] client ID [4]:Francesco pays Giacomo 42 coins
[1779282192] client ID [4]:Francesco pays Alice 32 coins
[1779282193] client ID [4]:Giovanna pays Alice 13 coins
[1779282194] client ID [4]:Giovanna pays Alice 30 coins
[1779282195] client ID [4]:Giacomo pays Francesco 33 coins
[1779282196] client ID [4]:Ilaria pays Alice 27 coins
[1779282197] client ID [4]:Bob pays Ilaria 72 coins
[1779282198] client ID [4]:Ilaria pays Bob 22 coins
[1779282199] client ID [4]:Francesco pays Giovanna 62 coins
[1779282200] client ID [4]:Giovanna pays Giacomo 47 coins
[1779282201] client ID [4]:Client shutting down
[1779282201] client ID [4]:client chiuso
