[1779286455] client ID [0]:client avviato correttamente
[1779286455] client ID [0]:Client started
[1779286455] client ID [0]:Giovanna pays Alice 76 coins
[1779286456] client ID [0]:Giovanna pays Alice 10 coins
[1779286457] client ID [0]:Giovanna pays Alice 19 coins
[1779286458] client ID [0]:Ilaria pays Giovanna 84 coins
[1779286459] client ID [0]:Ilaria pays Giacomo 62 coins
[1779286460] client ID [0]:Alice pays Giacomo 87 coins
[1779286461] client ID [0]:Ilaria pays Giovanna 16 coins
[1779286462] client ID [0]:Alice pays Giovanna 43 coins
[1779286463] client ID [0]:Giacomo pays Alice 9 coins
[1779286464] client ID [0]:Alice pays Francesco 82 coins
[1779286465] client ID [0]:Alice pays Bob 77 coins
[1779286466] client ID [0]:Alice pays Ilaria 6 coins
[1779286467] client ID [0]:Bob pays Ilaria 82 coins
[1779286468] client ID [0]:Giacomo pays Giovanna 71 coins
[1779286469] client ID [0]:Giovanna pays Giacomo 33 coins
[1779286470] client ID [0]:Bob pays Francesco 20 coins
[1779286471] client ID [0]:Francesco pays Giovanna 17 coins
[1779286472] client ID [0]:Alice pays Giovanna 44 coins
[1779286473] client ID [0]:Giacomo pays Ilaria 54 coins
[1779286474] client ID [0]:Ilaria pays Francesco 44 coins
[1779286475] client ID [0]:Giovanna pays Alice 5 coins
[1779286476] client ID [0]:Ilaria pays Bob 23 coins
[1779286477] client ID [0]:Giovanna pays Alice 23 coins
[1779286478] client ID [0]:Ilaria pays Giovanna 16 coins
[1779286479] client ID [0]:Ilaria pays Giovanna 78 coins
