[1779286455] client ID [2]:client avviato correttamente
[1779286455] client ID [2]:Client started
[1779286455] client ID [2]:Francesco pays Alice 89 coins
[1779286456] client ID [2]:Bob pays Francesco 93 coins
[1779286457] client ID [2]:Alice pays Francesco 87 coins
[1779286458] client ID [2]:Francesco pays Ilaria 40 coins
[1779286459] client ID [2]:Bob pays Francesco 48 coins
[1779286460] client ID [2]:Bob pays Giovanna 31 coins
[1779286461] client ID [2]:Giacomo pays Alice 91 coins
[1779286462] client ID [2]:Bob pays Alice 20 coins
[1779286463] client ID [2]:Bob pays Ilaria 25 coins
[1779286464] client ID [2]:Ilaria pays Bob 12 coins
[1779286465] client ID [2]:Giacomo pays Alice 5 coins
[1779286466] client ID [2]:Ilaria pays Francesco 19 coins
[1779286467] client ID [2]:Giovanna pays Bob 35 coins
[1779286468] client ID [2]:Ilaria pays Giacomo 61 coins
[1779286469] client ID [2]:Bob pays Giacomo 30 coins
[1779286470] client ID [2]:Giovanna pays Giacomo 90 coins
[1779286471] client ID [2]:Giovanna pays Ilaria 54 coins
[1779286472] client ID [2]:Bob pays Ilaria 71 coins
[1779286473] client ID [2]:Giovanna pays Bob 1 coins
[1779286474] client ID [2]:Francesco pays Ilaria 70 coins
[1779286475] client ID [2]:Giovanna pays Ilaria 94 coins
[1779286476] client ID [2]:Francesco pays Ilaria 46 coins
[1779286477] client ID [2]:Ilaria pays Giacomo 4 coins
[1779286478] client ID [2]:Bob pays Giovanna 84 coins
[1779286479] client ID [2]:Alice pays Giacomo 39 coins
