[1779267340] client ID [2]:client avviato correttamente
[1779267340] client ID [2]:Client started
[1779267340] client ID [2]:Giacomo pays Francesco 91 coins
[1779267341] client ID [2]:Francesco pays Alice 27 coins
[1779267342] client ID [2]:ERROR: transaction not sent
[1779267343] client ID [2]:Ilaria pays Francesco 84 coins
[1779267344] client ID [2]:ERROR: transaction not sent
[1779267345] client ID [2]:Ilaria pays Giacomo 67 coins
[1779267346] client ID [2]:Alice pays Francesco 17 coins
[1779267347] client ID [2]:Giacomo pays Alice 9 coins
[1779267349] client ID [2]:Alice pays Bob 48 coins
[1779267350] client ID [2]:Francesco pays Alice 91 coins
[1779267351] client ID [2]:ERROR: transaction not sent
[1779267352] client ID [2]:Giacomo pays Ilaria 8 coins
[1779267353] client ID [2]:Alice pays Bob 10 coins
[1779267354] client ID [2]:ERROR: transaction not sent
[1779267355] client ID [2]:Alice pays Bob 15 coins
[1779267356] client ID [2]:ERROR: transaction not sent
[1779267357] client ID [2]:ERROR: transaction not sent
[1779267358] client ID [2]:Giovanna pays Francesco 46 coins
[1779267359] client ID [2]:Giacomo pays Francesco 93 coins
[1779267360] client ID [2]:Francesco pays Bob 19 coins
[1779267361] client ID [2]:Giacomo pays Giovanna 64 coins
[1779267362] client ID [2]:Bob pays Giovanna 62 coins
[1779267363] client ID [2]:Giacomo pays Giovanna 85 coins
[1779267364] client ID [2]:ERROR: transaction not sent
[1779267365] client ID [2]:Alice pays Francesco 27 coins
[1779267366] client ID [2]:ERROR: transaction not sent
[1779267367] client ID [2]:Giovanna pays Francesco 73 coins
[1779267368] client ID [2]:Giacomo pays Francesco 72 coins
[1779267369] client ID [2]:ERROR: transaction not sent
[1779267370] client ID [2]:ERROR: transaction not sent
[1779267371] client ID [2]:Bob pays Giovanna 59 coins
[1779267372] client ID [2]:Alice pays Francesco 20 coins
[1779267373] client ID [2]:ERROR: transaction not sent
[1779267374] client ID [2]:Francesco pays Ilaria 81 coins
[1779267375] client ID [2]:Giovanna pays Giacomo 6 coins
[1779267376] client ID [2]:Ilaria pays Bob 51 coins
[1779267377] client ID [2]:Bob pays Ilaria 83 coins
[1779267378] client ID [2]:ERROR: transaction not sent
[1779267379] client ID [2]:Giacomo pays Ilaria 26 coins
[1779267380] client ID [2]:Giacomo pays Giovanna 33 coins
[1779267381] client ID [2]:Bob pays Alice 70 coins
[1779267382] client ID [2]:ERROR: transaction not sent
[1779267383] client ID [2]:ERROR: transaction not sent
[1779267384] client ID [2]:Ilaria pays Giovanna 79 coins
[1779267385] client ID [2]:ERROR: transaction not sent
[1779267386] client ID [2]:Giovanna pays Ilaria 21 coins
[1779267387] client ID [2]:Bob pays Alice 4 coins
[1779267388] client ID [2]:ERROR: transaction not sent
[1779267389] client ID [2]:ERROR: transaction not sent
[1779267390] client ID [2]:ERROR: transaction not sent
[1779267391] client ID [2]:Ilaria pays Alice 5 coins
[1779267392] client ID [2]:Alice pays Ilaria 52 coins
[1779267393] client ID [2]:Alice pays Francesco 30 coins
[1779267394] client ID [2]:Giovanna pays Giacomo 72 coins
[1779267395] client ID [2]:ERROR: transaction not sent
[1779267396] client ID [2]:ERROR: transaction not sent
[1779267397] client ID [2]:ERROR: transaction not sent
[1779267398] client ID [2]:Alice pays Ilaria 14 coins
[1779267399] client ID [2]:Alice pays Giacomo 49 coins
[1779267400] client ID [2]:ERROR: transaction not sent
[1779267401] client ID [2]:Francesco pays Giacomo 32 coins
[1779267402] client ID [2]:Alice pays Giacomo 59 coins
[1779267403] client ID [2]:ERROR: transaction not sent
[1779267404] client ID [2]:Bob pays Alice 93 coins
[1779267405] client ID [2]:Alice pays Giovanna 86 coins
[1779267406] client ID [2]:ERROR: transaction not sent
[1779267407] client ID [2]:ERROR: transaction not sent
[1779267408] client ID [2]:ERROR: transaction not sent
[1779267409] client ID [2]:Francesco pays Ilaria 25 coins
[1779267410] client ID [2]:Alice pays Giacomo 54 coins
[1779267411] client ID [2]:Ilaria pays Bob 32 coins
[1779267412] client ID [2]:Bob pays Ilaria 46 coins
[1779267413] client ID [2]:Giovanna pays Bob 64 coins
[1779267414] client ID [2]:Francesco pays Bob 56 coins
[1779267415] client ID [2]:Giovanna pays Bob 42 coins
[1779267416] client ID [2]:ERROR: transaction not sent
[1779267417] client ID [2]:ERROR: transaction not sent
[1779267418] client ID [2]:Giacomo pays Alice 32 coins
[1779267419] client ID [2]:Ilaria pays Bob 56 coins
[1779267420] client ID [2]:Ilaria pays Alice 10 coins
[1779267421] client ID [2]:ERROR: transaction not sent
[1779267422] client ID [2]:Alice pays Bob 55 coins
[1779267423] client ID [2]:ERROR: transaction not sent
[1779267424] client ID [2]:Francesco pays Alice 5 coins
[1779267424] client ID [2]:Client shutting down
[1779267424] client ID [2]:client chiuso
