[1779282101] client ID [1]:client avviato correttamente
[1779282101] client ID [1]:Client started
[1779282101] client ID [1]:Ilaria pays Giovanna 24 coins
[1779282102] client ID [1]:Giovanna pays Alice 17 coins
[1779282103] client ID [1]:Giacomo pays Giovanna 67 coins
[1779282104] client ID [1]:Bob pays Alice 34 coins
[1779282105] client ID [1]:Ilaria pays Alice 94 coins
[1779282106] client ID [1]:Giacomo pays Francesco 80 coins
[1779282107] client ID [1]:Bob pays Giacomo 44 coins
[1779282108] client ID [1]:Alice pays Bob 51 coins
[1779282109] client ID [1]:Ilaria pays Giovanna 17 coins
[1779282110] client ID [1]:Ilaria pays Giovanna 93 coins
[1779282111] client ID [1]:Ilaria pays Giacomo 98 coins
[1779282112] client ID [1]:Francesco pays Giovanna 32 coins
[1779282113] client ID [1]:Ilaria pays Giovanna 98 coins
[1779282114] client ID [1]:Giovanna pays Ilaria 31 coins
[1779282115] client ID [1]:Giacomo pays Bob 23 coins
[1779282116] client ID [1]:Francesco pays Giacomo 3 coins
[1779282117] client ID [1]:Ilaria pays Francesco 25 coins
[1779282118] client ID [1]:Giovanna pays Alice 79 coins
[1779282119] client ID [1]:Giovanna pays Alice 88 coins
[1779282120] client ID [1]:Francesco pays Giovanna 5 coins
[1779282121] client ID [1]:Giacomo pays Bob 1 coins
[1779282122] client ID [1]:Ilaria pays Bob 32 coins
[1779282123] client ID [1]:Francesco pays Ilaria 70 coins
[1779282124] client ID [1]:Giacomo pays Ilaria 4 coins
[1779282125] client ID [1]:Alice pays Giacomo 59 coins
[1779282126] client ID [1]:Ilaria pays Francesco 83 coins
[1779282127] client ID [1]:Bob pays Alice 38 coins
[1779282128] client ID [1]:Giovanna pays Alice 97 coins
[1779282129] client ID [1]:Giovanna pays Ilaria 29 coins
[1779282130] client ID [1]:Bob pays Giovanna 95 coins
[1779282131] client ID [1]:Francesco pays Giacomo 27 coins
[1779282132] client ID [1]:Alice pays Bob 54 coins
[1779282133] client ID [1]:Giacomo pays Alice 11 coins
[1779282134] client ID [1]:Giovanna pays Francesco 88 coins
[1779282135] client ID [1]:Giovanna pays Alice 67 coins
[1779282136] client ID [1]:Francesco pays Giacomo 5 coins
[1779282137] client ID [1]:Ilaria pays Giacomo 10 coins
[1779282138] client ID [1]:Bob pays Giacomo 35 coins
[1779282139] client ID [1]:Ilaria pays Alice 5 coins
[1779282140] client ID [1]:Bob pays Francesco 24 coins
[1779282141] client ID [1]:Giacomo pays Francesco 67 coins
[1779282142] client ID [1]:Alice pays Bob 81 coins
[1779282143] client ID [1]:Giacomo pays Giovanna 97 coins
[1779282144] client ID [1]:Bob pays Giacomo 35 coins
[1779282145] client ID [1]:Giovanna pays Ilaria 4 coins
[1779282146] client ID [1]:Bob pays Alice 8 coins
[1779282147] client ID [1]:Alice pays Ilaria 9 coins
[1779282148] client ID [1]:Giacomo pays Alice 42 coins
[1779282149] client ID [1]:Ilaria pays Alice 46 coins
[1779282150] client ID [1]:Giovanna pays Ilaria 59 coins
[1779282151] client ID [1]:Francesco pays Alice 61 coins
[1779282152] client ID [1]:Giacomo pays Bob 1 coins
[1779282153] client ID [1]:Alice pays Francesco 50 coins
[1779282154] client ID [1]:Bob pays Alice 1 coins
[1779282155] client ID [1]:Giovanna pays Francesco 19 coins
[1779282156] client ID [1]:Giovanna pays Ilaria 41 coins
[1779282157] client ID [1]:Ilaria pays Bob 97 coins
[1779282158] client ID [1]:Giovanna pays Bob 82 coins
[1779282159] client ID [1]:Francesco pays Bob 47 coins
[1779282160] client ID [1]:Francesco pays Giacomo 79 coins
[1779282161] client ID [1]:Giovanna pays Giacomo 92 coins
[1779282162] client ID [1]:Giacomo pays Ilaria 34 coins
[1779282163] client ID [1]:Francesco pays Bob 65 coins
[1779282164] client ID [1]:Alice pays Ilaria 81 coins
[1779282165] client ID [1]:Ilaria pays Francesco 23 coins
[1779282166] client ID [1]:Francesco pays Giovanna 18 coins
[1779282167] client ID [1]:Giovanna pays Giacomo 68 coins
[1779282168] client ID [1]:Ilaria pays Giovanna 12 coins
[1779282169] client ID [1]:Giovanna pays Bob 15 coins
[1779282170] client ID [1]:Ilaria pays Francesco 11 coins
[1779282171] client ID [1]:Francesco pays Giovanna 73 coins
[1779282172] client ID [1]:Giovanna pays Bob 39 coins
[1779282173] client ID [1]:Ilaria pays Francesco 89 coins
[1779282174] client ID [1]:Bob pays Giovanna 7 coins
[1779282175] client ID [1]:Ilaria pays Giacomo 24 coins
[1779282176] client ID [1]:Francesco pays Giovanna 90 coins
[1779282177] client ID [1]:Giacomo pays Francesco 55 coins
[1779282178] client ID [1]:Bob pays Ilaria 81 coins
[1779282179] client ID [1]:Francesco pays Ilaria 94 coins
[1779282180] client ID [1]:Giacomo pays Bob 3 coins
[1779282181] client ID [1]:Francesco pays Bob 76 coins
[1779282182] client ID [1]:Alice pays Ilaria 15 coins
[1779282183] client ID [1]:Bob pays Alice 32 coins
[1779282184] client ID [1]:Ilaria pays Giacomo 72 coins
[1779282185] client ID [1]:Francesco pays Ilaria 27 coins
[1779282186] client ID [1]:Francesco pays Bob 3 coins
[1779282187] client ID [1]:Alice pays Ilaria 10 coins
[1779282188] client ID [1]:Giacomo pays Francesco 89 coins
[1779282189] client ID [1]:Ilaria pays Bob 83 coins
[1779282190] client ID [1]:Ilaria pays Bob 18 coins
[1779282191] client ID [1]:Francesco pays Bob 61 coins
[1779282192] client ID [1]:Giacomo pays Ilaria 12 coins
[1779282193] client ID [1]:Ilaria pays Alice 46 coins
[1779282194] client ID [1]:Ilaria pays Giacomo 89 coins
[1779282195] client ID [1]:Francesco pays Giacomo 53 coins
[1779282196] client ID [1]:Ilaria pays Francesco 6 coins
[1779282197] client ID [1]:Bob pays Giacomo 14 coins
[1779282198] client ID [1]:Alice pays Giovanna 3 coins
[1779282199] client ID [1]:Francesco pays Ilaria 83 coins
[1779282200] client ID [1]:Giacomo pays Francesco 66 coins
[1779282201] client ID [1]:Client shutting down
[1779282201] client ID [1]:client chiuso
