[1779266983] client ID [0]:client avviato correttamente
[1779266983] client ID [0]:Client started
[1779266983] client ID [0]:Ilaria pays Bob 32 coins
[1779266984] client ID [0]:Giacomo pays Francesco 30 coins
[1779266985] client ID [0]:ERROR: transaction not sent
[1779266986] client ID [0]:ERROR: transaction not sent
[1779266987] client ID [0]:Ilaria pays Alice 86 coins
[1779266988] client ID [0]:Ilaria pays Alice 13 coins
[1779266989] client ID [0]:ERROR: transaction not sent
[1779266990] client ID [0]:Giovanna pays Bob 80 coins
[1779266991] client ID [0]:ERROR: transaction not sent
[1779266992] client ID [0]:Giovanna pays Alice 29 coins
[1779266993] client ID [0]:Ilaria pays Giacomo 58 coins
[1779266994] client ID [0]:ERROR: transaction not sent
[1779266995] client ID [0]:ERROR: transaction not sent
[1779266996] client ID [0]:ERROR: transaction not sent
[1779266997] client ID [0]:Francesco pays Alice 15 coins
[1779266998] client ID [0]:ERROR: transaction not sent
[1779266999] client ID [0]:ERROR: transaction not sent
[1779267000] client ID [0]:ERROR: transaction not sent
[1779267001] client ID [0]:Giovanna pays Francesco 11 coins
[1779267002] client ID [0]:Bob pays Francesco 8 coins
[1779267003] client ID [0]:Giovanna pays Bob 42 coins
[1779267004] client ID [0]:Francesco pays Giacomo 28 coins
[1779267005] client ID [0]:Giacomo pays Alice 40 coins
[1779267006] client ID [0]:Alice pays Francesco 16 coins
[1779267007] client ID [0]:ERROR: transaction not sent
[1779267008] client ID [0]:Giovanna pays Alice 71 coins
[1779267009] client ID [0]:Bob pays Francesco 54 coins
[1779267010] client ID [0]:Francesco pays Bob 88 coins
[1779267011] client ID [0]:Ilaria pays Giovanna 15 coins
[1779267012] client ID [0]:ERROR: transaction not sent
[1779267013] client ID [0]:Bob pays Alice 97 coins
[1779267014] client ID [0]:ERROR: transaction not sent
[1779267015] client ID [0]:Giovanna pays Giacomo 56 coins
[1779267016] client ID [0]:ERROR: transaction not sent
[1779267017] client ID [0]:Giovanna pays Alice 98 coins
[1779267018] client ID [0]:Giovanna pays Bob 68 coins
[1779267019] client ID [0]:ERROR: transaction not sent
[1779267020] client ID [0]:Bob pays Ilaria 27 coins
[1779267021] client ID [0]:Francesco pays Giovanna 94 coins
[1779267022] client ID [0]:Ilaria pays Alice 45 coins
[1779267023] client ID [0]:Giacomo pays Ilaria 54 coins
[1779267024] client ID [0]:ERROR: transaction not sent
[1779267025] client ID [0]:Alice pays Francesco 54 coins
[1779267026] client ID [0]:Bob pays Giacomo 22 coins
[1779267027] client ID [0]:Bob pays Giovanna 93 coins
[1779267028] client ID [0]:Giacomo pays Ilaria 98 coins
[1779267029] client ID [0]:Giovanna pays Francesco 75 coins
[1779267030] client ID [0]:ERROR: transaction not sent
[1779267031] client ID [0]:Francesco pays Alice 88 coins
[1779267032] client ID [0]:ERROR: transaction not sent
[1779267033] client ID [0]:Bob pays Francesco 77 coins
[1779267034] client ID [0]:ERROR: transaction not sent
[1779267035] client ID [0]:ERROR: transaction not sent
[1779267036] client ID [0]:Bob pays Ilaria 71 coins
[1779267037] client ID [0]:Bob pays Giovanna 98 coins
[1779267038] client ID [0]:Francesco pays Bob 67 coins
[1779267039] client ID [0]:Bob pays Ilaria 60 coins
[1779267040] client ID [0]:Giovanna pays Giacomo 47 coins
[1779267041] client ID [0]:Alice pays Ilaria 36 coins
[1779267042] client ID [0]:ERROR: transaction not sent
[1779267043] client ID [0]:Bob pays Giovanna 91 coins
[1779267044] client ID [0]:Giovanna pays Bob 67 coins
[1779267045] client ID [0]:ERROR: transaction not sent
[1779267046] client ID [0]:Ilaria pays Bob 99 coins
[1779267047] client ID [0]:Francesco pays Giovanna 66 coins
[1779267048] client ID [0]:Ilaria pays Giacomo 29 coins
[1779267049] client ID [0]:ERROR: transaction not sent
[1779267050] client ID [0]:Ilaria pays Giovanna 12 coins
[1779267051] client ID [0]:Giacomo pays Alice 37 coins
[1779267052] client ID [0]:Bob pays Alice 61 coins
[1779267053] client ID [0]:Francesco pays Bob 15 coins
[1779267054] client ID [0]:ERROR: transaction not sent
[1779267055] client ID [0]:Ilaria pays Giovanna 10 coins
[1779267056] client ID [0]:Alice pays Giacomo 70 coins
[1779267057] client ID [0]:Giovanna pays Giacomo 35 coins
[1779267058] client ID [0]:ERROR: transaction not sent
[1779267059] client ID [0]:ERROR: transaction not sent
[1779267060] client ID [0]:ERROR: transaction not sent
[1779267061] client ID [0]:Giacomo pays Alice 74 coins
[1779267062] client ID [0]:Ilaria pays Giovanna 94 coins
