[1779267340] client ID [1]:client avviato correttamente
[1779267340] client ID [1]:Client started
[1779267340] client ID [1]:Bob pays Giovanna 63 coins
[1779267341] client ID [1]:ERROR: transaction not sent
[1779267342] client ID [1]:ERROR: transaction not sent
[1779267343] client ID [1]:Giovanna pays Alice 40 coins
[1779267344] client ID [1]:ERROR: transaction not sent
[1779267345] client ID [1]:Alice pays Giovanna 20 coins
[1779267346] client ID [1]:ERROR: transaction not sent
[1779267347] client ID [1]:Francesco pays Giovanna 11 coins
[1779267349] client ID [1]:ERROR: transaction not sent
[1779267350] client ID [1]:Alice pays Giovanna 79 coins
[1779267351] client ID [1]:Giovanna pays Alice 34 coins
[1779267352] client ID [1]:Bob pays Alice 14 coins
[1779267353] client ID [1]:Francesco pays Giovanna 38 coins
[1779267354] client ID [1]:Giovanna pays Alice 81 coins
[1779267355] client ID [1]:Alice pays Francesco 17 coins
[1779267356] client ID [1]:ERROR: transaction not sent
[1779267357] client ID [1]:ERROR: transaction not sent
[1779267358] client ID [1]:Giacomo pays Alice 48 coins
[1779267359] client ID [1]:Alice pays Ilaria 58 coins
[1779267360] client ID [1]:ERROR: transaction not sent
[1779267361] client ID [1]:Francesco pays Giacomo 50 coins
[1779267362] client ID [1]:Francesco pays Giovanna 4 coins
[1779267363] client ID [1]:ERROR: transaction not sent
[1779267364] client ID [1]:ERROR: transaction not sent
[1779267365] client ID [1]:Alice pays Francesco 35 coins
[1779267366] client ID [1]:ERROR: transaction not sent
[1779267367] client ID [1]:Giovanna pays Francesco 70 coins
[1779267368] client ID [1]:Bob pays Francesco 18 coins
[1779267369] client ID [1]:ERROR: transaction not sent
[1779267370] client ID [1]:ERROR: transaction not sent
[1779267371] client ID [1]:Ilaria pays Giacomo 83 coins
[1779267372] client ID [1]:Ilaria pays Giacomo 56 coins
[1779267373] client ID [1]:ERROR: transaction not sent
[1779267374] client ID [1]:Francesco pays Ilaria 56 coins
[1779267375] client ID [1]:ERROR: transaction not sent
[1779267376] client ID [1]:Francesco pays Giacomo 42 coins
[1779267377] client ID [1]:Bob pays Alice 19 coins
[1779267378] client ID [1]:ERROR: transaction not sent
[1779267379] client ID [1]:Giovanna pays Giacomo 50 coins
[1779267380] client ID [1]:Bob pays Giovanna 75 coins
[1779267381] client ID [1]:Giacomo pays Bob 39 coins
[1779267382] client ID [1]:ERROR: transaction not sent
[1779267383] client ID [1]:ERROR: transaction not sent
[1779267384] client ID [1]:Alice pays Giovanna 91 coins
[1779267385] client ID [1]:ERROR: transaction not sent
[1779267386] client ID [1]:Bob pays Giacomo 7 coins
[1779267387] client ID [1]:Alice pays Bob 38 coins
[1779267388] client ID [1]:ERROR: transaction not sent
[1779267389] client ID [1]:ERROR: transaction not sent
[1779267390] client ID [1]:ERROR: transaction not sent
[1779267391] client ID [1]:Giovanna pays Giacomo 13 coins
[1779267392] client ID [1]:Giovanna pays Ilaria 84 coins
[1779267393] client ID [1]:Giovanna pays Francesco 75 coins
[1779267394] client ID [1]:ERROR: transaction not sent
[1779267395] client ID [1]:ERROR: transaction not sent
[1779267396] client ID [1]:ERROR: transaction not sent
[1779267397] client ID [1]:ERROR: transaction not sent
[1779267398] client ID [1]:Francesco pays Ilaria 30 coins
[1779267399] client ID [1]:ERROR: transaction not sent
[1779267400] client ID [1]:ERROR: transaction not sent
[1779267401] client ID [1]:Francesco pays Ilaria 70 coins
[1779267402] client ID [1]:Francesco pays Giacomo 21 coins
[1779267403] client ID [1]:Ilaria pays Francesco 88 coins
[1779267404] client ID [1]:Francesco pays Bob 36 coins
[1779267405] client ID [1]:Bob pays Ilaria 90 coins
[1779267406] client ID [1]:Bob pays Giovanna 81 coins
[1779267407] client ID [1]:ERROR: transaction not sent
[1779267408] client ID [1]:ERROR: transaction not sent
[1779267409] client ID [1]:Alice pays Ilaria 78 coins
[1779267410] client ID [1]:Giovanna pays Bob 69 coins
[1779267411] client ID [1]:Alice pays Giacomo 99 coins
[1779267412] client ID [1]:Giovanna pays Bob 35 coins
[1779267413] client ID [1]:Francesco pays Ilaria 43 coins
[1779267414] client ID [1]:ERROR: transaction not sent
[1779267415] client ID [1]:Ilaria pays Francesco 76 coins
[1779267416] client ID [1]:Alice pays Giovanna 87 coins
[1779267417] client ID [1]:ERROR: transaction not sent
[1779267418] client ID [1]:Alice pays Ilaria 64 coins
[1779267419] client ID [1]:Alice pays Bob 98 coins
[1779267420] client ID [1]:Giacomo pays Giovanna 88 coins
[1779267421] client ID [1]:Giacomo pays Giovanna 13 coins
[1779267422] client ID [1]:Giovanna pays Ilaria 48 coins
[1779267423] client ID [1]:ERROR: transaction not sent
[1779267424] client ID [1]:Bob pays Giovanna 21 coins
[1779267424] client ID [1]:Client shutting down
[1779267424] client ID [1]:client chiuso
