[1779286542] client ID [1]:client avviato correttamente
[1779286542] client ID [1]:Client started
[1779286542] client ID [1]:Ilaria pays Bob 96 coins
[1779286543] client ID [1]:Alice pays Francesco 34 coins
[1779286544] client ID [1]:Alice pays Ilaria 47 coins
[1779286545] client ID [1]:Ilaria pays Giovanna 40 coins
[1779286546] client ID [1]:Alice pays Francesco 15 coins
[1779286547] client ID [1]:Giovanna pays Ilaria 93 coins
[1779286548] client ID [1]:Francesco pays Giovanna 97 coins
[1779286549] client ID [1]:Francesco pays Ilaria 23 coins
[1779286550] client ID [1]:Giovanna pays Ilaria 51 coins
[1779286551] client ID [1]:Giacomo pays Alice 31 coins
[1779286552] client ID [1]:Giacomo pays Ilaria 51 coins
[1779286553] client ID [1]:Francesco pays Giovanna 82 coins
[1779286554] client ID [1]:Giacomo pays Alice 6 coins
[1779286555] client ID [1]:Alice pays Bob 26 coins
[1779286556] client ID [1]:Bob pays Alice 5 coins
[1779286557] client ID [1]:Francesco pays Bob 97 coins
[1779286558] client ID [1]:Alice pays Ilaria 92 coins
[1779286559] client ID [1]:Ilaria pays Alice 16 coins
[1779286560] client ID [1]:Giacomo pays Francesco 66 coins
[1779286561] client ID [1]:Giovanna pays Francesco 95 coins
