[1779282101] client ID [6]:client avviato correttamente
[1779282101] client ID [6]:Client started
[1779282101] client ID [6]:Bob pays Giacomo 93 coins
[1779282102] client ID [6]:Francesco pays Giovanna 97 coins
[1779282103] client ID [6]:Ilaria pays Giovanna 45 coins
[1779282104] client ID [6]:Giacomo pays Alice 64 coins
[1779282105] client ID [6]:Ilaria pays Alice 86 coins
[1779282106] client ID [6]:Giovanna pays Giacomo 8 coins
[1779282107] client ID [6]:Francesco pays Giacomo 68 coins
[1779282108] client ID [6]:Ilaria pays Alice 34 coins
[1779282109] client ID [6]:Ilaria pays Francesco 49 coins
[1779282110] client ID [6]:Giacomo pays Bob 73 coins
[1779282111] client ID [6]:Giacomo pays Alice 65 coins
[1779282112] client ID [6]:Ilaria pays Alice 80 coins
[1779282113] client ID [6]:Alice pays Ilaria 23 coins
[1779282114] client ID [6]:Ilaria pays Francesco 24 coins
[1779282115] client ID [6]:Ilaria pays Alice 33 coins
[1779282116] client ID [6]:Alice pays Giacomo 35 coins
[1779282117] client ID [6]:Ilaria pays Bob 82 coins
[1779282118] client ID [6]:Alice pays Ilaria 42 coins
[1779282119] client ID [6]:Ilaria pays Giovanna 67 coins
[1779282120] client ID [6]:Giacomo pays Ilaria 40 coins
[1779282121] client ID [6]:Alice pays Ilaria 18 coins
[1779282122] client ID [6]:Francesco pays Ilaria 71 coins
[1779282123] client ID [6]:Giacomo pays Alice 52 coins
[1779282124] client ID [6]:Alice pays Francesco 82 coins
[1779282125] client ID [6]:Giacomo pays Giovanna 26 coins
[1779282126] client ID [6]:Alice pays Bob 6 coins
[1779282127] client ID [6]:Bob pays Francesco 46 coins
[1779282128] client ID [6]:Giovanna pays Giacomo 11 coins
[1779282129] client ID [6]:Bob pays Francesco 13 coins
[1779282130] client ID [6]:Francesco pays Giacomo 20 coins
[1779282131] client ID [6]:Alice pays Francesco 57 coins
[1779282132] client ID [6]:Francesco pays Giacomo 27 coins
[1779282133] client ID [6]:Francesco pays Giacomo 21 coins
[1779282134] client ID [6]:Francesco pays Giacomo 44 coins
[1779282135] client ID [6]:Ilaria pays Giovanna 4 coins
[1779282136] client ID [6]:Bob pays Giovanna 40 coins
[1779282137] client ID [6]:Francesco pays Ilaria 32 coins
[1779282138] client ID [6]:Bob pays Francesco 83 coins
[1779282139] client ID [6]:Ilaria pays Giacomo 94 coins
[1779282140] client ID [6]:Bob pays Giovanna 42 coins
[1779282141] client ID [6]:Francesco pays Giovanna 6 coins
[1779282142] client ID [6]:Alice pays Francesco 8 coins
[1779282143] client ID [6]:Giovanna pays Alice 34 coins
[1779282144] client ID [6]:Ilaria pays Giacomo 52 coins
[1779282145] client ID [6]:Bob pays Alice 42 coins
[1779282146] client ID [6]:Alice pays Giacomo 48 coins
[1779282147] client ID [6]:Alice pays Ilaria 46 coins
[1779282148] client ID [6]:Giovanna pays Ilaria 63 coins
[1779282149] client ID [6]:Francesco pays Giacomo 87 coins
[1779282150] client ID [6]:Ilaria pays Giacomo 27 coins
[1779282151] client ID [6]:Bob pays Giovanna 31 coins
[1779282152] client ID [6]:Ilaria pays Giovanna 68 coins
[1779282153] client ID [6]:Bob pays Ilaria 5 coins
[1779282154] client ID [6]:Giacomo pays Ilaria 23 coins
[1779282155] client ID [6]:Giovanna pays Ilaria 46 coins
[1779282156] client ID [6]:Giovanna pays Bob 77 coins
[1779282157] client ID [6]:Francesco pays Ilaria 65 coins
[1779282158] client ID [6]:Ilaria pays Giacomo 18 coins
[1779282159] client ID [6]:Alice pays Bob 46 coins
[1779282160] client ID [6]:Giacomo pays Bob 66 coins
[1779282161] client ID [6]:Francesco pays Giovanna 39 coins
[1779282162] client ID [6]:Giovanna pays Ilaria 90 coins
[1779282163] client ID [6]:Alice pays Ilaria 34 coins
[1779282164] client ID [6]:Giacomo pays Alice 19 coins
[1779282165] client ID [6]:Alice pays Giovanna 46 coins
[1779282166] client ID [6]:Francesco pays Ilaria 53 coins
[1779282167] client ID [6]:Giacomo pays Bob 70 coins
[1779282168] client ID [6]:Giovanna pays Francesco 81 coins
[1779282169] client ID [6]:Giovanna pays Giacomo 80 coins
[1779282170] client ID [6]:Alice pays Giovanna 6 coins
[1779282171] client ID [6]:Alice pays Bob 60 coins
[1779282172] client ID [6]:Giacomo pays Ilaria 53 coins
[1779282173] client ID [6]:Giacomo pays Bob 17 coins
[1779282174] client ID [6]:Ilaria pays Alice 99 coins
[1779282175] client ID [6]:Ilaria pays Francesco 45 coins
[1779282176] client ID [6]:Giacomo pays Giovanna 99 coins
[1779282177] client ID [6]:Bob pays Giacomo 7 coins
[1779282178] client ID [6]:Bob pays Alice 35 coins
[1779282179] client ID [6]:Giovanna pays Ilaria 13 coins
[1779282180] client ID [6]:Giovanna pays Giacomo 16 coins
[1779282181] client ID [6]:Giovanna pays Francesco 75 coins
[1779282182] client ID [6]:Giovanna pays Giacomo 26 coins
[1779282183] client ID [6]:Giacomo pays Alice 40 coins
[1779282184] client ID [6]:Giovanna pays Francesco 39 coins
[1779282185] client ID [6]:Francesco pays Giovanna 84 coins
[1779282186] client ID [6]:Ilaria pays Giovanna 81 coins
[1779282187] client ID [6]:Francesco pays Giovanna 86 coins
[1779282188] client ID [6]:Francesco pays Bob 12 coins
[1779282189] client ID [6]:Giacomo pays Ilaria 75 coins
[1779282190] client ID [6]:Ilaria pays Alice 9 coins
[1779282191] client ID [6]:Ilaria pays Alice 90 coins
[1779282192] client ID [6]:Ilaria pays Alice 29 coins
[1779282193] client ID [6]:Giovanna pays Alice 99 coins
[1779282194] client ID [6]:Giacomo pays Giovanna 76 coins
[1779282195] client ID [6]:Alice pays Francesco 59 coins
[1779282196] client ID [6]:Alice pays Bob 91 coins
[1779282197] client ID [6]:Giovanna pays Francesco 91 coins
[1779282198] client ID [6]:Francesco pays Giovanna 45 coins
[1779282199] client ID [6]:Alice pays Giacomo 46 coins
[1779282200] client ID [6]:Ilaria pays Giovanna 41 coins
[1779282201] client ID [6]:Client shutting down
[1779282201] client ID [6]:client chiuso
