[1779282249] client ID [8]:client avviato correttamente
[1779282249] client ID [8]:Client started
[1779282249] client ID [8]:Francesco pays Bob 27 coins
[1779282250] client ID [8]:Ilaria pays Giacomo 26 coins
[1779282251] client ID [8]:Francesco pays Giovanna 46 coins
[1779282252] client ID [8]:Alice pays Ilaria 46 coins
[1779282253] client ID [8]:Bob pays Giovanna 46 coins
[1779282254] client ID [8]:Alice pays Giacomo 74 coins
[1779282255] client ID [8]:Giovanna pays Alice 53 coins
[1779282256] client ID [8]:Giovanna pays Ilaria 91 coins
[1779282257] client ID [8]:Alice pays Giovanna 65 coins
[1779282258] client ID [8]:Francesco pays Alice 46 coins
[1779282259] client ID [8]:Alice pays Bob 22 coins
[1779282260] client ID [8]:Giovanna pays Giacomo 44 coins
[1779282261] client ID [8]:Francesco pays Giovanna 42 coins
[1779282262] client ID [8]:Ilaria pays Giovanna 43 coins
[1779282263] client ID [8]:Giacomo pays Francesco 47 coins
[1779282264] client ID [8]:Giacomo pays Giovanna 8 coins
[1779282265] client ID [8]:Bob pays Alice 98 coins
[1779282266] client ID [8]:Bob pays Giovanna 61 coins
[1779282267] client ID [8]:Ilaria pays Alice 8 coins
[1779282268] client ID [8]:Bob pays Giacomo 29 coins
[1779282269] client ID [8]:Francesco pays Giovanna 72 coins
[1779282270] client ID [8]:Alice pays Francesco 36 coins
[1779282271] client ID [8]:Ilaria pays Francesco 45 coins
[1779282272] client ID [8]:Ilaria pays Giovanna 54 coins
[1779282273] client ID [8]:Giovanna pays Giacomo 98 coins
[1779282274] client ID [8]:Giacomo pays Francesco 92 coins
[1779282275] client ID [8]:Alice pays Giacomo 74 coins
[1779282276] client ID [8]:Giovanna pays Francesco 53 coins
[1779282277] client ID [8]:Francesco pays Bob 45 coins
[1779282278] client ID [8]:Giovanna pays Alice 86 coins
[1779282279] client ID [8]:Francesco pays Bob 74 coins
[1779282280] client ID [8]:Giacomo pays Bob 85 coins
[1779282281] client ID [8]:Bob pays Ilaria 72 coins
[1779282282] client ID [8]:Alice pays Ilaria 2 coins
[1779282283] client ID [8]:Giacomo pays Ilaria 30 coins
[1779282284] client ID [8]:Bob pays Giovanna 64 coins
[1779282285] client ID [8]:Giovanna pays Alice 18 coins
[1779282286] client ID [8]:Alice pays Giacomo 60 coins
[1779282287] client ID [8]:Alice pays Ilaria 47 coins
[1779282288] client ID [8]:Francesco pays Giovanna 82 coins
[1779282289] client ID [8]:Alice pays Giacomo 22 coins
[1779282290] client ID [8]:Giovanna pays Ilaria 7 coins
[1779282291] client ID [8]:Ilaria pays Francesco 78 coins
[1779282292] client ID [8]:Giovanna pays Giacomo 77 coins
[1779282293] client ID [8]:Bob pays Alice 7 coins
[1779282294] client ID [8]:Alice pays Bob 27 coins
[1779282295] client ID [8]:Alice pays Bob 34 coins
[1779282296] client ID [8]:Ilaria pays Alice 19 coins
[1779282297] client ID [8]:Alice pays Giovanna 6 coins
[1779282298] client ID [8]:Alice pays Giacomo 64 coins
[1779282299] client ID [8]:Ilaria pays Francesco 33 coins
[1779282300] client ID [8]:Alice pays Francesco 50 coins
[1779282301] client ID [8]:Giovanna pays Francesco 70 coins
[1779282302] client ID [8]:Giovanna pays Giacomo 87 coins
[1779282303] client ID [8]:Giovanna pays Ilaria 97 coins
[1779282304] client ID [8]:Alice pays Ilaria 69 coins
[1779282305] client ID [8]:Giovanna pays Bob 58 coins
[1779282306] client ID [8]:Giovanna pays Francesco 37 coins
[1779282307] client ID [8]:Giovanna pays Bob 40 coins
[1779282308] client ID [8]:Bob pays Francesco 5 coins
[1779282309] client ID [8]:Francesco pays Alice 35 coins
[1779282310] client ID [8]:Ilaria pays Francesco 84 coins
[1779282311] client ID [8]:Giacomo pays Alice 54 coins
[1779282312] client ID [8]:Giacomo pays Ilaria 43 coins
[1779282313] client ID [8]:Alice pays Bob 4 coins
[1779282314] client ID [8]:Ilaria pays Alice 89 coins
[1779282315] client ID [8]:Francesco pays Bob 64 coins
[1779282316] client ID [8]:Giovanna pays Bob 59 coins
[1779282317] client ID [8]:Alice pays Giacomo 71 coins
[1779282318] client ID [8]:Alice pays Bob 60 coins
[1779282319] client ID [8]:Ilaria pays Alice 16 coins
[1779282320] client ID [8]:Bob pays Francesco 82 coins
[1779282321] client ID [8]:Bob pays Giacomo 25 coins
[1779282322] client ID [8]:Giacomo pays Alice 27 coins
[1779282323] client ID [8]:Ilaria pays Alice 16 coins
[1779282324] client ID [8]:Giacomo pays Giovanna 23 coins
[1779282325] client ID [8]:Francesco pays Giovanna 65 coins
[1779282326] client ID [8]:Ilaria pays Francesco 46 coins
[1779282327] client ID [8]:Ilaria pays Giovanna 30 coins
[1779282328] client ID [8]:Giacomo pays Alice 49 coins
[1779282329] client ID [8]:Giacomo pays Ilaria 51 coins
[1779282329] client ID [8]:Client shutting down
[1779282329] client ID [8]:client chiuso
