[1779286542] client ID [4]:client avviato correttamente
[1779286542] client ID [4]:Client started
[1779286542] client ID [4]:Bob pays Giacomo 81 coins
[1779286543] client ID [4]:Francesco pays Ilaria 42 coins
[1779286544] client ID [4]:Ilaria pays Giovanna 9 coins
[1779286545] client ID [4]:Giacomo pays Giovanna 2 coins
[1779286546] client ID [4]:Giacomo pays Alice 40 coins
[1779286547] client ID [4]:Giacomo pays Ilaria 56 coins
[1779286548] client ID [4]:Giovanna pays Alice 80 coins
[1779286549] client ID [4]:Giovanna pays Alice 68 coins
[1779286550] client ID [4]:Alice pays Giovanna 2 coins
[1779286551] client ID [4]:Ilaria pays Giovanna 12 coins
[1779286552] client ID [4]:Giacomo pays Ilaria 51 coins
[1779286553] client ID [4]:Alice pays Giovanna 55 coins
[1779286554] client ID [4]:Alice pays Francesco 22 coins
[1779286555] client ID [4]:Alice pays Bob 31 coins
[1779286556] client ID [4]:Bob pays Ilaria 55 coins
[1779286557] client ID [4]:Giacomo pays Giovanna 3 coins
[1779286558] client ID [4]:Giacomo pays Alice 46 coins
[1779286559] client ID [4]:Giacomo pays Francesco 52 coins
[1779286560] client ID [4]:Bob pays Giovanna 82 coins
[1779286561] client ID [4]:Giovanna pays Alice 53 coins
