[1779282249] client ID [1]:client avviato correttamente
[1779282249] client ID [1]:Client started
[1779282249] client ID [1]:Ilaria pays Bob 31 coins
[1779282250] client ID [1]:Alice pays Giacomo 96 coins
[1779282251] client ID [1]:Bob pays Giovanna 95 coins
[1779282252] client ID [1]:Francesco pays Ilaria 85 coins
[1779282253] client ID [1]:Ilaria pays Bob 78 coins
[1779282254] client ID [1]:Francesco pays Ilaria 50 coins
[1779282255] client ID [1]:Giovanna pays Giacomo 51 coins
[1779282256] client ID [1]:Alice pays Francesco 28 coins
[1779282257] client ID [1]:Giacomo pays Ilaria 49 coins
[1779282258] client ID [1]:Bob pays Giacomo 52 coins
[1779282259] client ID [1]:Alice pays Giovanna 35 coins
[1779282260] client ID [1]:Giacomo pays Alice 77 coins
[1779282261] client ID [1]:Giovanna pays Alice 27 coins
[1779282262] client ID [1]:Ilaria pays Alice 37 coins
[1779282263] client ID [1]:Francesco pays Alice 2 coins
[1779282264] client ID [1]:Bob pays Giovanna 47 coins
[1779282265] client ID [1]:Bob pays Ilaria 83 coins
[1779282266] client ID [1]:Giacomo pays Bob 74 coins
[1779282267] client ID [1]:Bob pays Ilaria 82 coins
[1779282268] client ID [1]:Francesco pays Ilaria 39 coins
[1779282269] client ID [1]:Ilaria pays Alice 89 coins
[1779282270] client ID [1]:Francesco pays Bob 95 coins
[1779282271] client ID [1]:Francesco pays Giovanna 93 coins
[1779282272] client ID [1]:Ilaria pays Giovanna 59 coins
[1779282273] client ID [1]:Francesco pays Ilaria 6 coins
[1779282274] client ID [1]:Bob pays Giovanna 37 coins
[1779282275] client ID [1]:Giovanna pays Alice 92 coins
[1779282276] client ID [1]:Bob pays Ilaria 74 coins
[1779282277] client ID [1]:Ilaria pays Alice 11 coins
[1779282278] client ID [1]:Alice pays Francesco 97 coins
[1779282279] client ID [1]:Francesco pays Giovanna 6 coins
[1779282280] client ID [1]:Giovanna pays Alice 11 coins
[1779282281] client ID [1]:Giacomo pays Giovanna 51 coins
[1779282282] client ID [1]:Giovanna pays Francesco 11 coins
[1779282283] client ID [1]:Alice pays Giovanna 17 coins
[1779282284] client ID [1]:Francesco pays Bob 4 coins
[1779282285] client ID [1]:Bob pays Ilaria 62 coins
[1779282286] client ID [1]:Giacomo pays Francesco 53 coins
[1779282287] client ID [1]:Bob pays Giovanna 31 coins
[1779282288] client ID [1]:Giacomo pays Alice 26 coins
[1779282289] client ID [1]:Francesco pays Alice 29 coins
[1779282290] client ID [1]:Alice pays Bob 40 coins
[1779282291] client ID [1]:Ilaria pays Bob 90 coins
[1779282292] client ID [1]:Giacomo pays Francesco 26 coins
[1779282293] client ID [1]:Giacomo pays Alice 43 coins
[1779282294] client ID [1]:Bob pays Giacomo 80 coins
[1779282295] client ID [1]:Giovanna pays Giacomo 35 coins
[1779282296] client ID [1]:Ilaria pays Francesco 44 coins
[1779282297] client ID [1]:Francesco pays Alice 27 coins
[1779282298] client ID [1]:Alice pays Francesco 86 coins
[1779282299] client ID [1]:Giacomo pays Giovanna 57 coins
[1779282300] client ID [1]:Francesco pays Giacomo 2 coins
[1779282301] client ID [1]:Giovanna pays Ilaria 72 coins
[1779282302] client ID [1]:Alice pays Bob 15 coins
[1779282303] client ID [1]:Bob pays Alice 95 coins
[1779282304] client ID [1]:Bob pays Giovanna 53 coins
[1779282305] client ID [1]:Alice pays Ilaria 53 coins
[1779282306] client ID [1]:Giovanna pays Bob 16 coins
[1779282307] client ID [1]:Alice pays Giovanna 43 coins
[1779282308] client ID [1]:Francesco pays Alice 29 coins
[1779282309] client ID [1]:Giovanna pays Ilaria 64 coins
[1779282310] client ID [1]:Bob pays Alice 25 coins
[1779282311] client ID [1]:Giovanna pays Bob 96 coins
[1779282312] client ID [1]:Alice pays Bob 12 coins
[1779282313] client ID [1]:Giacomo pays Bob 5 coins
[1779282314] client ID [1]:Alice pays Giovanna 57 coins
[1779282315] client ID [1]:Bob pays Giacomo 10 coins
[1779282316] client ID [1]:Bob pays Giacomo 25 coins
[1779282317] client ID [1]:Bob pays Ilaria 93 coins
[1779282318] client ID [1]:Francesco pays Giacomo 99 coins
[1779282319] client ID [1]:Francesco pays Alice 88 coins
[1779282320] client ID [1]:Giovanna pays Ilaria 30 coins
[1779282321] client ID [1]:Bob pays Ilaria 8 coins
[1779282322] client ID [1]:Bob pays Alice 97 coins
[1779282323] client ID [1]:Giacomo pays Bob 51 coins
[1779282324] client ID [1]:Giacomo pays Alice 39 coins
[1779282325] client ID [1]:Alice pays Bob 57 coins
[1779282326] client ID [1]:Giovanna pays Alice 37 coins
[1779282327] client ID [1]:Bob pays Ilaria 30 coins
[1779282328] client ID [1]:Giacomo pays Bob 27 coins
[1779282329] client ID [1]:Francesco pays Giacomo 13 coins
[1779282329] client ID [1]:Client shutting down
[1779282329] client ID [1]:client chiuso
