[1779266983] client ID [2]:client avviato correttamente
[1779266983] client ID [2]:Client started
[1779266983] client ID [2]:Ilaria pays Francesco 27 coins
[1779266984] client ID [2]:ERROR: transaction not sent
[1779266985] client ID [2]:ERROR: transaction not sent
[1779266986] client ID [2]:ERROR: transaction not sent
[1779266987] client ID [2]:Giacomo pays Francesco 34 coins
[1779266988] client ID [2]:Bob pays Giacomo 43 coins
[1779266989] client ID [2]:Alice pays Francesco 25 coins
[1779266990] client ID [2]:Francesco pays Ilaria 35 coins
[1779266991] client ID [2]:ERROR: transaction not sent
[1779266992] client ID [2]:Alice pays Giacomo 6 coins
[1779266993] client ID [2]:Giacomo pays Francesco 36 coins
[1779266994] client ID [2]:Ilaria pays Francesco 9 coins
[1779266995] client ID [2]:ERROR: transaction not sent
[1779266996] client ID [2]:ERROR: transaction not sent
[1779266997] client ID [2]:Alice pays Francesco 41 coins
[1779266998] client ID [2]:Bob pays Giovanna 83 coins
[1779266999] client ID [2]:ERROR: transaction not sent
[1779267000] client ID [2]:ERROR: transaction not sent
[1779267001] client ID [2]:Ilaria pays Alice 94 coins
[1779267002] client ID [2]:ERROR: transaction not sent
[1779267003] client ID [2]:Francesco pays Alice 34 coins
[1779267004] client ID [2]:Giovanna pays Francesco 40 coins
[1779267005] client ID [2]:Giovanna pays Bob 4 coins
[1779267006] client ID [2]:ERROR: transaction not sent
[1779267007] client ID [2]:ERROR: transaction not sent
[1779267008] client ID [2]:Francesco pays Ilaria 54 coins
[1779267009] client ID [2]:Ilaria pays Bob 13 coins
[1779267010] client ID [2]:Giovanna pays Bob 67 coins
[1779267011] client ID [2]:Alice pays Giacomo 87 coins
[1779267012] client ID [2]:ERROR: transaction not sent
[1779267013] client ID [2]:Giovanna pays Ilaria 46 coins
[1779267014] client ID [2]:Giacomo pays Bob 43 coins
[1779267015] client ID [2]:Ilaria pays Giovanna 83 coins
[1779267016] client ID [2]:Bob pays Giacomo 65 coins
[1779267017] client ID [2]:Giacomo pays Giovanna 28 coins
[1779267018] client ID [2]:Bob pays Alice 56 coins
[1779267019] client ID [2]:ERROR: transaction not sent
[1779267020] client ID [2]:Giovanna pays Francesco 8 coins
[1779267021] client ID [2]:Alice pays Giacomo 51 coins
[1779267022] client ID [2]:Giovanna pays Alice 94 coins
[1779267023] client ID [2]:ERROR: transaction not sent
[1779267024] client ID [2]:ERROR: transaction not sent
[1779267025] client ID [2]:Francesco pays Alice 49 coins
[1779267026] client ID [2]:Alice pays Giacomo 39 coins
[1779267027] client ID [2]:ERROR: transaction not sent
[1779267028] client ID [2]:Francesco pays Bob 55 coins
[1779267029] client ID [2]:ERROR: transaction not sent
[1779267030] client ID [2]:ERROR: transaction not sent
[1779267031] client ID [2]:Alice pays Ilaria 4 coins
[1779267032] client ID [2]:Bob pays Ilaria 96 coins
[1779267033] client ID [2]:Ilaria pays Bob 87 coins
[1779267034] client ID [2]:Alice pays Giacomo 21 coins
[1779267035] client ID [2]:ERROR: transaction not sent
[1779267036] client ID [2]:Bob pays Ilaria 6 coins
[1779267037] client ID [2]:Giacomo pays Bob 87 coins
[1779267038] client ID [2]:Ilaria pays Francesco 23 coins
[1779267039] client ID [2]:ERROR: transaction not sent
[1779267040] client ID [2]:Giacomo pays Francesco 10 coins
[1779267041] client ID [2]:Giovanna pays Giacomo 3 coins
[1779267042] client ID [2]:ERROR: transaction not sent
[1779267043] client ID [2]:Francesco pays Alice 92 coins
[1779267044] client ID [2]:Francesco pays Bob 54 coins
[1779267045] client ID [2]:ERROR: transaction not sent
[1779267046] client ID [2]:Giovanna pays Ilaria 41 coins
[1779267047] client ID [2]:Francesco pays Giovanna 16 coins
[1779267048] client ID [2]:Alice pays Giovanna 53 coins
[1779267049] client ID [2]:ERROR: transaction not sent
[1779267050] client ID [2]:Bob pays Francesco 32 coins
[1779267051] client ID [2]:Francesco pays Alice 20 coins
[1779267052] client ID [2]:ERROR: transaction not sent
[1779267053] client ID [2]:Giovanna pays Francesco 84 coins
[1779267054] client ID [2]:ERROR: transaction not sent
[1779267055] client ID [2]:Francesco pays Bob 4 coins
[1779267056] client ID [2]:Bob pays Francesco 97 coins
[1779267057] client ID [2]:Francesco pays Alice 62 coins
[1779267058] client ID [2]:ERROR: transaction not sent
[1779267059] client ID [2]:ERROR: transaction not sent
[1779267060] client ID [2]:ERROR: transaction not sent
[1779267061] client ID [2]:Francesco pays Ilaria 30 coins
[1779267062] client ID [2]:Alice pays Bob 14 coins
