[1779282101] client ID [0]:client avviato correttamente
[1779282101] client ID [0]:Client started
[1779282101] client ID [0]:Giacomo pays Giovanna 25 coins
[1779282102] client ID [0]:Giacomo pays Ilaria 30 coins
[1779282103] client ID [0]:Ilaria pays Francesco 77 coins
[1779282104] client ID [0]:Francesco pays Giacomo 7 coins
[1779282105] client ID [0]:Bob pays Francesco 93 coins
[1779282106] client ID [0]:Giacomo pays Giovanna 5 coins
[1779282107] client ID [0]:Francesco pays Bob 96 coins
[1779282108] client ID [0]:Bob pays Francesco 20 coins
[1779282109] client ID [0]:Ilaria pays Alice 34 coins
[1779282110] client ID [0]:Alice pays Giovanna 37 coins
[1779282111] client ID [0]:Giacomo pays Francesco 62 coins
[1779282112] client ID [0]:Francesco pays Alice 89 coins
[1779282113] client ID [0]:Giacomo pays Bob 82 coins
[1779282114] client ID [0]:Francesco pays Giacomo 64 coins
[1779282115] client ID [0]:Giovanna pays Francesco 18 coins
[1779282116] client ID [0]:Francesco pays Ilaria 6 coins
[1779282117] client ID [0]:Bob pays Giacomo 47 coins
[1779282118] client ID [0]:Ilaria pays Giacomo 12 coins
[1779282119] client ID [0]:Giovanna pays Alice 71 coins
[1779282120] client ID [0]:Giacomo pays Alice 97 coins
[1779282121] client ID [0]:Francesco pays Giacomo 40 coins
[1779282122] client ID [0]:Giovanna pays Bob 11 coins
[1779282123] client ID [0]:Francesco pays Alice 27 coins
[1779282124] client ID [0]:Francesco pays Ilaria 3 coins
[1779282125] client ID [0]:Alice pays Bob 21 coins
[1779282126] client ID [0]:Ilaria pays Giovanna 56 coins
[1779282127] client ID [0]:Alice pays Giacomo 21 coins
[1779282128] client ID [0]:Ilaria pays Bob 94 coins
[1779282129] client ID [0]:Giovanna pays Bob 89 coins
[1779282130] client ID [0]:Ilaria pays Giovanna 83 coins
[1779282131] client ID [0]:Ilaria pays Giacomo 32 coins
[1779282132] client ID [0]:Giovanna pays Ilaria 72 coins
[1779282133] client ID [0]:Francesco pays Alice 75 coins
[1779282134] client ID [0]:Ilaria pays Giacomo 93 coins
[1779282135] client ID [0]:Alice pays Bob 48 coins
[1779282136] client ID [0]:Bob pays Giacomo 26 coins
[1779282137] client ID [0]:Alice pays Giovanna 65 coins
[1779282138] client ID [0]:Giovanna pays Bob 53 coins
[1779282139] client ID [0]:Alice pays Francesco 19 coins
[1779282140] client ID [0]:Bob pays Alice 38 coins
[1779282141] client ID [0]:Alice pays Giovanna 16 coins
[1779282142] client ID [0]:Giacomo pays Giovanna 88 coins
[1779282143] client ID [0]:Giovanna pays Giacomo 79 coins
[1779282144] client ID [0]:Alice pays Francesco 39 coins
[1779282145] client ID [0]:Bob pays Giacomo 42 coins
[1779282146] client ID [0]:Bob pays Giovanna 56 coins
[1779282147] client ID [0]:Bob pays Ilaria 17 coins
[1779282148] client ID [0]:Giacomo pays Alice 59 coins
[1779282149] client ID [0]:Giacomo pays Francesco 94 coins
[1779282150] client ID [0]:Giacomo pays Ilaria 62 coins
[1779282151] client ID [0]:Giacomo pays Bob 59 coins
[1779282152] client ID [0]:Francesco pays Giovanna 7 coins
[1779282153] client ID [0]:Francesco pays Bob 84 coins
[1779282154] client ID [0]:Giacomo pays Bob 26 coins
[1779282155] client ID [0]:Francesco pays Bob 81 coins
[1779282156] client ID [0]:Giacomo pays Giovanna 96 coins
[1779282157] client ID [0]:Ilaria pays Giovanna 53 coins
[1779282158] client ID [0]:Giovanna pays Francesco 47 coins
[1779282159] client ID [0]:Giacomo pays Bob 92 coins
[1779282160] client ID [0]:Ilaria pays Alice 78 coins
[1779282161] client ID [0]:Bob pays Giovanna 92 coins
[1779282162] client ID [0]:Giacomo pays Bob 64 coins
[1779282163] client ID [0]:Alice pays Bob 10 coins
[1779282164] client ID [0]:Giacomo pays Francesco 85 coins
[1779282165] client ID [0]:Giovanna pays Alice 79 coins
[1779282166] client ID [0]:Giacomo pays Alice 32 coins
[1779282167] client ID [0]:Giacomo pays Giovanna 75 coins
[1779282168] client ID [0]:Francesco pays Bob 19 coins
[1779282169] client ID [0]:Giovanna pays Bob 96 coins
[1779282170] client ID [0]:Ilaria pays Bob 86 coins
[1779282171] client ID [0]:Bob pays Alice 85 coins
[1779282172] client ID [0]:Giovanna pays Giacomo 63 coins
[1779282173] client ID [0]:Ilaria pays Giovanna 69 coins
[1779282174] client ID [0]:Alice pays Bob 52 coins
[1779282175] client ID [0]:Giovanna pays Giacomo 31 coins
[1779282176] client ID [0]:Alice pays Bob 18 coins
[1779282177] client ID [0]:Ilaria pays Bob 90 coins
[1779282178] client ID [0]:Bob pays Giovanna 9 coins
[1779282179] client ID [0]:Ilaria pays Bob 4 coins
[1779282180] client ID [0]:Giacomo pays Giovanna 89 coins
[1779282181] client ID [0]:Alice pays Bob 72 coins
[1779282182] client ID [0]:Giovanna pays Francesco 36 coins
[1779282183] client ID [0]:Ilaria pays Francesco 3 coins
[1779282184] client ID [0]:Ilaria pays Giovanna 65 coins
[1779282185] client ID [0]:Ilaria pays Giacomo 3 coins
[1779282186] client ID [0]:Bob pays Francesco 20 coins
[1779282187] client ID [0]:Francesco pays Giacomo 11 coins
[1779282188] client ID [0]:Ilaria pays Giacomo 17 coins
[1779282189] client ID [0]:Bob pays Francesco 20 coins
[1779282190] client ID [0]:Alice pays Francesco 40 coins
[1779282191] client ID [0]:Giacomo pays Ilaria 88 coins
[1779282192] client ID [0]:Ilaria pays Francesco 99 coins
[1779282193] client ID [0]:Giacomo pays Ilaria 64 coins
[1779282194] client ID [0]:Francesco pays Giacomo 38 coins
[1779282195] client ID [0]:Alice pays Giacomo 27 coins
[1779282196] client ID [0]:Ilaria pays Giovanna 6 coins
[1779282197] client ID [0]:Giovanna pays Francesco 24 coins
[1779282198] client ID [0]:Alice pays Ilaria 31 coins
[1779282199] client ID [0]:Francesco pays Giovanna 10 coins
[1779282200] client ID [0]:Francesco pays Giovanna 73 coins
[1779282201] client ID [0]:Client shutting down
[1779282201] client ID [0]:client chiuso
