[1779280955] client ID [1]:client avviato correttamente
[1779280955] client ID [1]:Client started
[1779280955] client ID [1]:Bob pays Giacomo 15 coins
[1779280957] client ID [1]:Bob pays Francesco 36 coins
[1779280959] client ID [1]:Giacomo pays Ilaria 55 coins
[1779280961] client ID [1]:Giovanna pays Francesco 92 coins
[1779280963] client ID [1]:Bob pays Giovanna 19 coins
[1779280965] client ID [1]:Giacomo pays Ilaria 9 coins
[1779280967] client ID [1]:Alice pays Giacomo 46 coins
[1779280969] client ID [1]:Giovanna pays Giacomo 68 coins
[1779280971] client ID [1]:Francesco pays Giacomo 10 coins
[1779280973] client ID [1]:Giacomo pays Bob 51 coins
[1779280975] client ID [1]:Francesco pays Alice 65 coins
[1779280977] client ID [1]:Ilaria pays Francesco 98 coins
[1779280979] client ID [1]:Alice pays Francesco 97 coins
[1779280981] client ID [1]:Alice pays Bob 56 coins
[1779280983] client ID [1]:Giovanna pays Francesco 49 coins
[1779280985] client ID [1]:Alice pays Francesco 48 coins
[1779280987] client ID [1]:Ilaria pays Giacomo 21 coins
[1779280989] client ID [1]:Alice pays Francesco 67 coins
[1779280991] client ID [1]:Alice pays Francesco 46 coins
[1779280993] client ID [1]:Giacomo pays Bob 99 coins
[1779280995] client ID [1]:Giacomo pays Ilaria 40 coins
[1779280997] client ID [1]:Bob pays Giovanna 31 coins
[1779280999] client ID [1]:Bob pays Francesco 26 coins
[1779281001] client ID [1]:Alice pays Giacomo 13 coins
[1779281003] client ID [1]:Bob pays Giacomo 19 coins
[1779281005] client ID [1]:Alice pays Ilaria 32 coins
[1779281007] client ID [1]:Ilaria pays Bob 89 coins
[1779281009] client ID [1]:Giovanna pays Giacomo 13 coins
[1779281011] client ID [1]:Alice pays Ilaria 47 coins
[1779281013] client ID [1]:Bob pays Giovanna 28 coins
[1779281015] client ID [1]:Alice pays Giacomo 73 coins
[1779281017] client ID [1]:Ilaria pays Bob 18 coins
[1779281019] client ID [1]:Giacomo pays Alice 14 coins
[1779281021] client ID [1]:Ilaria pays Alice 8 coins
[1779281023] client ID [1]:Giacomo pays Alice 34 coins
[1779281025] client ID [1]:Giacomo pays Francesco 98 coins
[1779281027] client ID [1]:Ilaria pays Bob 4 coins
[1779281029] client ID [1]:Giacomo pays Bob 28 coins
[1779281031] client ID [1]:Giacomo pays Bob 17 coins
[1779281033] client ID [1]:Bob pays Giovanna 38 coins
[1779281035] client ID [1]:Francesco pays Ilaria 65 coins
[1779281037] client ID [1]:Giacomo pays Francesco 22 coins
[1779281039] client ID [1]:Giacomo pays Ilaria 17 coins
[1779281041] client ID [1]:Francesco pays Giacomo 51 coins
[1779281043] client ID [1]:Giovanna pays Ilaria 80 coins
[1779281045] client ID [1]:Bob pays Ilaria 26 coins
[1779281047] client ID [1]:Alice pays Ilaria 83 coins
[1779281049] client ID [1]:Bob pays Francesco 52 coins
[1779281051] client ID [1]:Ilaria pays Giacomo 88 coins
[1779281053] client ID [1]:Giacomo pays Bob 41 coins
[1779281055] client ID [1]:Alice pays Ilaria 41 coins
[1779281057] client ID [1]:Francesco pays Giovanna 87 coins
[1779281059] client ID [1]:Bob pays Giacomo 36 coins
[1779281061] client ID [1]:Ilaria pays Giovanna 16 coins
[1779281063] client ID [1]:Francesco pays Bob 91 coins
[1779281065] client ID [1]:Bob pays Ilaria 17 coins
[1779281067] client ID [1]:Ilaria pays Francesco 66 coins
[1779281069] client ID [1]:Bob pays Ilaria 54 coins
[1779281071] client ID [1]:Alice pays Giacomo 95 coins
[1779281073] client ID [1]:Francesco pays Ilaria 42 coins
[1779281075] client ID [1]:Giovanna pays Bob 79 coins
[1779281077] client ID [1]:Giovanna pays Francesco 13 coins
[1779281079] client ID [1]:Giovanna pays Bob 64 coins
[1779281081] client ID [1]:Francesco pays Giovanna 70 coins
[1779281083] client ID [1]:Francesco pays Alice 2 coins
[1779281085] client ID [1]:Giacomo pays Bob 56 coins
[1779281087] client ID [1]:Giovanna pays Giacomo 22 coins
[1779281089] client ID [1]:Ilaria pays Bob 74 coins
[1779281091] client ID [1]:Bob pays Francesco 69 coins
[1779281093] client ID [1]:Giacomo pays Bob 85 coins
[1779281095] client ID [1]:Giovanna pays Ilaria 97 coins
[1779281097] client ID [1]:Francesco pays Giovanna 62 coins
[1779281099] client ID [1]:Alice pays Francesco 32 coins
[1779281101] client ID [1]:Giovanna pays Francesco 31 coins
[1779281103] client ID [1]:Alice pays Bob 44 coins
[1779281105] client ID [1]:Francesco pays Ilaria 17 coins
[1779281107] client ID [1]:Giacomo pays Giovanna 64 coins
[1779281109] client ID [1]:Alice pays Francesco 31 coins
[1779281111] client ID [1]:Francesco pays Giovanna 82 coins
[1779281113] client ID [1]:Ilaria pays Giovanna 94 coins
[1779281115] client ID [1]:Francesco pays Alice 72 coins
[1779281117] client ID [1]:Alice pays Giovanna 94 coins
[1779281119] client ID [1]:Giovanna pays Bob 66 coins
[1779281121] client ID [1]:Francesco pays Giovanna 27 coins
[1779281123] client ID [1]:Alice pays Giacomo 78 coins
[1779281125] client ID [1]:Bob pays Francesco 69 coins
[1779281127] client ID [1]:Giovanna pays Giacomo 47 coins
[1779281129] client ID [1]:Francesco pays Giovanna 75 coins
[1779281131] client ID [1]:Giovanna pays Ilaria 79 coins
[1779281133] client ID [1]:Francesco pays Giacomo 29 coins
[1779281135] client ID [1]:Giovanna pays Francesco 45 coins
[1779281137] client ID [1]:Giovanna pays Bob 92 coins
[1779281139] client ID [1]:Ilaria pays Giacomo 33 coins
[1779281141] client ID [1]:Ilaria pays Francesco 13 coins
[1779281143] client ID [1]:Giovanna pays Giacomo 10 coins
[1779281145] client ID [1]:Alice pays Francesco 22 coins
[1779281147] client ID [1]:Ilaria pays Alice 80 coins
[1779281149] client ID [1]:Giacomo pays Giovanna 65 coins
[1779281151] client ID [1]:Bob pays Francesco 42 coins
[1779281153] client ID [1]:Francesco pays Ilaria 71 coins
[1779281155] client ID [1]:Francesco pays Bob 16 coins
[1779281157] client ID [1]:Giacomo pays Francesco 73 coins
[1779281159] client ID [1]:Alice pays Giacomo 60 coins
[1779281161] client ID [1]:Francesco pays Giovanna 72 coins
[1779281163] client ID [1]:Giacomo pays Giovanna 61 coins
[1779281165] client ID [1]:Bob pays Giacomo 86 coins
[1779281167] client ID [1]:Giovanna pays Bob 37 coins
[1779281169] client ID [1]:Giovanna pays Ilaria 49 coins
[1779281171] client ID [1]:Alice pays Giovanna 45 coins
[1779281173] client ID [1]:Bob pays Francesco 4 coins
[1779281175] client ID [1]:Alice pays Ilaria 12 coins
[1779281177] client ID [1]:Alice pays Giovanna 95 coins
[1779281179] client ID [1]:Ilaria pays Francesco 31 coins
[1779281181] client ID [1]:Ilaria pays Giovanna 52 coins
[1779281183] client ID [1]:Bob pays Francesco 97 coins
[1779281185] client ID [1]:Giovanna pays Alice 26 coins
[1779281187] client ID [1]:Alice pays Giovanna 15 coins
[1779281189] client ID [1]:Francesco pays Bob 46 coins
[1779281191] client ID [1]:Alice pays Giovanna 47 coins
[1779281193] client ID [1]:Ilaria pays Bob 4 coins
[1779281195] client ID [1]:Giovanna pays Giacomo 4 coins
[1779281197] client ID [1]:Francesco pays Bob 11 coins
[1779281199] client ID [1]:Ilaria pays Francesco 34 coins
[1779281201] client ID [1]:Alice pays Bob 85 coins
[1779281203] client ID [1]:Giacomo pays Ilaria 80 coins
[1779281205] client ID [1]:Giacomo pays Bob 5 coins
[1779281207] client ID [1]:Alice pays Bob 19 coins
[1779281209] client ID [1]:Giovanna pays Ilaria 23 coins
[1779281211] client ID [1]:Ilaria pays Francesco 1 coins
[1779281213] client ID [1]:Giovanna pays Bob 18 coins
[1779281215] client ID [1]:Ilaria pays Bob 12 coins
[1779281217] client ID [1]:Alice pays Giacomo 45 coins
[1779281219] client ID [1]:Giacomo pays Francesco 28 coins
[1779281221] client ID [1]:Giovanna pays Bob 9 coins
[1779281223] client ID [1]:Giovanna pays Alice 13 coins
[1779281225] client ID [1]:Alice pays Giovanna 29 coins
[1779281227] client ID [1]:Giovanna pays Alice 22 coins
[1779281229] client ID [1]:Giacomo pays Ilaria 18 coins
[1779281231] client ID [1]:Alice pays Giacomo 18 coins
[1779281233] client ID [1]:Giacomo pays Giovanna 91 coins
[1779281235] client ID [1]:Giovanna pays Bob 5 coins
[1779281237] client ID [1]:Alice pays Francesco 99 coins
[1779281239] client ID [1]:Ilaria pays Alice 66 coins
[1779281241] client ID [1]:Alice pays Bob 79 coins
[1779281243] client ID [1]:Giovanna pays Francesco 77 coins
[1779281245] client ID [1]:Giacomo pays Francesco 98 coins
[1779281247] client ID [1]:Francesco pays Bob 17 coins
[1779281249] client ID [1]:Giovanna pays Francesco 32 coins
[1779281251] client ID [1]:Giacomo pays Francesco 50 coins
[1779281253] client ID [1]:Giovanna pays Ilaria 98 coins
[1779281255] client ID [1]:Francesco pays Ilaria 15 coins
[1779281257] client ID [1]:Giacomo pays Bob 55 coins
[1779281259] client ID [1]:Alice pays Bob 72 coins
[1779281261] client ID [1]:Francesco pays Giovanna 16 coins
[1779281263] client ID [1]:Giacomo pays Bob 50 coins
[1779281265] client ID [1]:Giovanna pays Ilaria 82 coins
[1779281267] client ID [1]:Francesco pays Giovanna 10 coins
[1779281269] client ID [1]:Alice pays Ilaria 85 coins
[1779281271] client ID [1]:Bob pays Francesco 83 coins
[1779281273] client ID [1]:Giacomo pays Alice 95 coins
[1779281275] client ID [1]:Francesco pays Giacomo 74 coins
[1779281277] client ID [1]:Ilaria pays Giovanna 21 coins
[1779281279] client ID [1]:Ilaria pays Giacomo 44 coins
[1779281281] client ID [1]:Giacomo pays Alice 47 coins
[1779281283] client ID [1]:Francesco pays Giacomo 44 coins
[1779281285] client ID [1]:Giacomo pays Bob 21 coins
[1779281287] client ID [1]:Giacomo pays Ilaria 85 coins
[1779281289] client ID [1]:Giovanna pays Alice 26 coins
[1779281291] client ID [1]:Francesco pays Ilaria 42 coins
[1779281293] client ID [1]:Francesco pays Ilaria 55 coins
[1779281295] client ID [1]:Ilaria pays Bob 80 coins
[1779281297] client ID [1]:Alice pays Francesco 74 coins
[1779281299] client ID [1]:Giovanna pays Bob 84 coins
[1779281301] client ID [1]:Ilaria pays Giacomo 41 coins
[1779281303] client ID [1]:Francesco pays Giovanna 78 coins
[1779281305] client ID [1]:Bob pays Francesco 96 coins
[1779281307] client ID [1]:Alice pays Bob 81 coins
[1779281309] client ID [1]:Alice pays Giacomo 6 coins
[1779281311] client ID [1]:Francesco pays Giovanna 47 coins
[1779281313] client ID [1]:Ilaria pays Bob 80 coins
[1779281315] client ID [1]:Francesco pays Giovanna 43 coins
[1779281317] client ID [1]:Alice pays Ilaria 89 coins
[1779281319] client ID [1]:Giovanna pays Giacomo 16 coins
[1779281321] client ID [1]:Francesco pays Alice 39 coins
[1779281323] client ID [1]:Ilaria pays Francesco 94 coins
[1779281325] client ID [1]:Giovanna pays Giacomo 77 coins
[1779281327] client ID [1]:Bob pays Ilaria 93 coins
[1779281329] client ID [1]:Giacomo pays Ilaria 24 coins
[1779281331] client ID [1]:Francesco pays Bob 57 coins
[1779281333] client ID [1]:Giovanna pays Bob 22 coins
[1779281335] client ID [1]:Bob pays Ilaria 65 coins
[1779281337] client ID [1]:Giacomo pays Francesco 52 coins
[1779281339] client ID [1]:Bob pays Ilaria 68 coins
[1779281341] client ID [1]:Ilaria pays Francesco 89 coins
[1779281343] client ID [1]:Giacomo pays Bob 4 coins
[1779281345] client ID [1]:Giovanna pays Alice 13 coins
[1779281347] client ID [1]:Giacomo pays Alice 3 coins
[1779281349] client ID [1]:Giovanna pays Alice 97 coins
[1779281351] client ID [1]:Giovanna pays Alice 44 coins
[1779281353] client ID [1]:Bob pays Ilaria 99 coins
[1779281355] client ID [1]:Ilaria pays Bob 71 coins
[1779281357] client ID [1]:Giovanna pays Alice 94 coins
[1779281359] client ID [1]:Alice pays Giovanna 83 coins
[1779281361] client ID [1]:Ilaria pays Giovanna 84 coins
[1779281363] client ID [1]:Alice pays Giovanna 94 coins
[1779281365] client ID [1]:Ilaria pays Francesco 59 coins
[1779281367] client ID [1]:Bob pays Alice 4 coins
[1779281369] client ID [1]:Bob pays Giovanna 27 coins
[1779281371] client ID [1]:Ilaria pays Alice 26 coins
[1779281373] client ID [1]:Alice pays Bob 78 coins
[1779281375] client ID [1]:Giovanna pays Ilaria 90 coins
[1779281377] client ID [1]:Alice pays Ilaria 43 coins
[1779281379] client ID [1]:Ilaria pays Giovanna 35 coins
[1779281381] client ID [1]:Giacomo pays Ilaria 42 coins
[1779281383] client ID [1]:Giacomo pays Alice 10 coins
[1779281385] client ID [1]:Giovanna pays Francesco 44 coins
[1779281387] client ID [1]:Ilaria pays Giacomo 78 coins
[1779281389] client ID [1]:Francesco pays Bob 56 coins
[1779281391] client ID [1]:Alice pays Giovanna 78 coins
[1779281393] client ID [1]:Ilaria pays Alice 86 coins
[1779281395] client ID [1]:Giovanna pays Ilaria 39 coins
[1779281397] client ID [1]:Giovanna pays Ilaria 82 coins
[1779281399] client ID [1]:Alice pays Francesco 8 coins
[1779281401] client ID [1]:Giovanna pays Ilaria 17 coins
[1779281403] client ID [1]:Bob pays Ilaria 20 coins
[1779281405] client ID [1]:Giovanna pays Ilaria 16 coins
[1779281407] client ID [1]:Bob pays Giacomo 4 coins
[1779281409] client ID [1]:Alice pays Bob 15 coins
[1779281411] client ID [1]:Alice pays Giovanna 9 coins
[1779281413] client ID [1]:Ilaria pays Giovanna 95 coins
[1779281415] client ID [1]:Ilaria pays Giacomo 32 coins
[1779281417] client ID [1]:Francesco pays Bob 12 coins
[1779281419] client ID [1]:Francesco pays Giacomo 19 coins
[1779281421] client ID [1]:Francesco pays Bob 33 coins
[1779281423] client ID [1]:Francesco pays Giovanna 51 coins
[1779281425] client ID [1]:Francesco pays Ilaria 66 coins
[1779281427] client ID [1]:Alice pays Giovanna 79 coins
[1779281429] client ID [1]:Alice pays Giovanna 84 coins
[1779281431] client ID [1]:Francesco pays Ilaria 81 coins
[1779281433] client ID [1]:Giovanna pays Alice 36 coins
[1779281435] client ID [1]:Francesco pays Bob 61 coins
[1779281437] client ID [1]:Bob pays Giacomo 78 coins
[1779281439] client ID [1]:Ilaria pays Francesco 11 coins
[1779281441] client ID [1]:Bob pays Alice 61 coins
[1779281443] client ID [1]:Alice pays Ilaria 26 coins
[1779281445] client ID [1]:Alice pays Giovanna 90 coins
[1779281447] client ID [1]:Francesco pays Alice 51 coins
[1779281449] client ID [1]:Francesco pays Alice 76 coins
[1779281451] client ID [1]:Bob pays Ilaria 94 coins
[1779281453] client ID [1]:Giacomo pays Alice 44 coins
[1779281455] client ID [1]:Francesco pays Giacomo 3 coins
[1779281457] client ID [1]:Ilaria pays Francesco 80 coins
[1779281459] client ID [1]:Alice pays Giovanna 89 coins
[1779281461] client ID [1]:Alice pays Giovanna 34 coins
[1779281463] client ID [1]:Giovanna pays Ilaria 77 coins
[1779281465] client ID [1]:Francesco pays Ilaria 9 coins
[1779281467] client ID [1]:Alice pays Bob 57 coins
[1779281469] client ID [1]:Francesco pays Bob 31 coins
[1779281471] client ID [1]:Giacomo pays Ilaria 32 coins
[1779281473] client ID [1]:Ilaria pays Giovanna 1 coins
[1779281475] client ID [1]:Giovanna pays Ilaria 22 coins
[1779281477] client ID [1]:Giacomo pays Giovanna 3 coins
[1779281479] client ID [1]:Giacomo pays Ilaria 3 coins
[1779281481] client ID [1]:Francesco pays Alice 10 coins
[1779281483] client ID [1]:Bob pays Giovanna 6 coins
[1779281485] client ID [1]:Giovanna pays Francesco 27 coins
[1779281487] client ID [1]:Ilaria pays Giovanna 34 coins
[1779281489] client ID [1]:Ilaria pays Alice 43 coins
[1779281491] client ID [1]:Giovanna pays Giacomo 21 coins
[1779281493] client ID [1]:Giovanna pays Francesco 15 coins
[1779281495] client ID [1]:Giacomo pays Bob 2 coins
[1779281497] client ID [1]:Giovanna pays Bob 54 coins
[1779281499] client ID [1]:Ilaria pays Alice 9 coins
[1779281501] client ID [1]:Bob pays Francesco 62 coins
[1779281503] client ID [1]:Ilaria pays Alice 74 coins
[1779281505] client ID [1]:Alice pays Giovanna 19 coins
[1779281507] client ID [1]:Giovanna pays Alice 46 coins
[1779281509] client ID [1]:Giovanna pays Ilaria 87 coins
[1779281511] client ID [1]:Francesco pays Alice 6 coins
[1779281513] client ID [1]:Bob pays Francesco 20 coins
[1779281515] client ID [1]:Francesco pays Bob 80 coins
[1779281517] client ID [1]:Giacomo pays Bob 10 coins
[1779281519] client ID [1]:Bob pays Giacomo 72 coins
[1779281521] client ID [1]:Ilaria pays Francesco 7 coins
[1779281523] client ID [1]:Ilaria pays Alice 55 coins
[1779281525] client ID [1]:Ilaria pays Bob 75 coins
[1779281527] client ID [1]:Ilaria pays Bob 93 coins
[1779281529] client ID [1]:Francesco pays Bob 36 coins
[1779281531] client ID [1]:Francesco pays Alice 65 coins
[1779281533] client ID [1]:Ilaria pays Giovanna 46 coins
[1779281535] client ID [1]:Bob pays Giacomo 1 coins
[1779281537] client ID [1]:Giovanna pays Giacomo 47 coins
[1779281539] client ID [1]:Bob pays Francesco 18 coins
[1779281541] client ID [1]:Francesco pays Ilaria 24 coins
[1779281543] client ID [1]:Giacomo pays Bob 78 coins
[1779281545] client ID [1]:Giovanna pays Ilaria 59 coins
[1779281547] client ID [1]:Giovanna pays Giacomo 55 coins
[1779281549] client ID [1]:Giacomo pays Francesco 56 coins
[1779281551] client ID [1]:Ilaria pays Giacomo 76 coins
[1779281553] client ID [1]:Giovanna pays Alice 15 coins
[1779281555] client ID [1]:Bob pays Francesco 21 coins
[1779281557] client ID [1]:Francesco pays Giovanna 43 coins
[1779281559] client ID [1]:Giovanna pays Ilaria 66 coins
[1779281561] client ID [1]:Alice pays Giovanna 42 coins
[1779281563] client ID [1]:Giovanna pays Francesco 41 coins
[1779281565] client ID [1]:Ilaria pays Alice 79 coins
[1779281567] client ID [1]:Bob pays Alice 30 coins
[1779281569] client ID [1]:Giacomo pays Bob 65 coins
[1779281571] client ID [1]:Francesco pays Ilaria 47 coins
[1779281573] client ID [1]:Francesco pays Giovanna 26 coins
[1779281575] client ID [1]:Alice pays Ilaria 38 coins
[1779281577] client ID [1]:Bob pays Ilaria 60 coins
[1779281579] client ID [1]:Giovanna pays Ilaria 30 coins
[1779281581] client ID [1]:Giacomo pays Bob 80 coins
[1779281583] client ID [1]:Bob pays Giacomo 58 coins
[1779281585] client ID [1]:Giovanna pays Giacomo 87 coins
[1779281587] client ID [1]:Alice pays Giacomo 53 coins
[1779281589] client ID [1]:Francesco pays Alice 97 coins
[1779281591] client ID [1]:Giovanna pays Ilaria 23 coins
[1779281593] client ID [1]:Alice pays Bob 71 coins
[1779281595] client ID [1]:Ilaria pays Giovanna 60 coins
[1779281597] client ID [1]:Alice pays Ilaria 15 coins
[1779281599] client ID [1]:Giacomo pays Alice 9 coins
[1779281601] client ID [1]:Giovanna pays Giacomo 94 coins
[1779281603] client ID [1]:Giovanna pays Alice 13 coins
[1779281605] client ID [1]:Giacomo pays Bob 37 coins
[1779281607] client ID [1]:Bob pays Giacomo 72 coins
[1779281609] client ID [1]:Giacomo pays Francesco 68 coins
[1779281611] client ID [1]:Giacomo pays Alice 87 coins
[1779281613] client ID [1]:Alice pays Giovanna 55 coins
[1779281615] client ID [1]:Bob pays Giovanna 82 coins
[1779281617] client ID [1]:Francesco pays Giovanna 39 coins
[1779281619] client ID [1]:Giovanna pays Alice 86 coins
[1779281621] client ID [1]:Alice pays Ilaria 39 coins
[1779281623] client ID [1]:Bob pays Alice 10 coins
[1779281625] client ID [1]:Giacomo pays Bob 49 coins
[1779281627] client ID [1]:Ilaria pays Giovanna 39 coins
[1779281629] client ID [1]:Ilaria pays Giacomo 3 coins
[1779281631] client ID [1]:Giacomo pays Alice 59 coins
[1779281633] client ID [1]:Alice pays Ilaria 88 coins
[1779281635] client ID [1]:Francesco pays Giacomo 27 coins
[1779281637] client ID [1]:Giovanna pays Giacomo 60 coins
[1779281639] client ID [1]:Giovanna pays Giacomo 4 coins
[1779281641] client ID [1]:Bob pays Francesco 84 coins
[1779281643] client ID [1]:Giacomo pays Francesco 69 coins
[1779281645] client ID [1]:Francesco pays Bob 63 coins
[1779281647] client ID [1]:Bob pays Giacomo 43 coins
[1779281649] client ID [1]:Bob pays Giovanna 83 coins
[1779281651] client ID [1]:Ilaria pays Giovanna 9 coins
[1779281653] client ID [1]:Alice pays Giovanna 68 coins
[1779281655] client ID [1]:Francesco pays Ilaria 61 coins
[1779281657] client ID [1]:Ilaria pays Giacomo 78 coins
[1779281659] client ID [1]:Bob pays Francesco 74 coins
[1779281661] client ID [1]:Francesco pays Bob 79 coins
[1779281663] client ID [1]:Alice pays Francesco 33 coins
[1779281665] client ID [1]:Ilaria pays Giacomo 88 coins
[1779281667] client ID [1]:Giovanna pays Francesco 79 coins
[1779281669] client ID [1]:Ilaria pays Francesco 37 coins
[1779281671] client ID [1]:Alice pays Ilaria 17 coins
[1779281673] client ID [1]:Bob pays Francesco 89 coins
[1779281675] client ID [1]:Francesco pays Bob 65 coins
[1779281677] client ID [1]:Ilaria pays Giacomo 39 coins
[1779281679] client ID [1]:Giacomo pays Francesco 16 coins
[1779281681] client ID [1]:Ilaria pays Giovanna 48 coins
[1779281683] client ID [1]:Alice pays Giovanna 36 coins
[1779281685] client ID [1]:Giovanna pays Bob 50 coins
[1779281687] client ID [1]:Giacomo pays Francesco 85 coins
[1779281689] client ID [1]:Ilaria pays Francesco 89 coins
[1779281691] client ID [1]:Bob pays Ilaria 18 coins
[1779281693] client ID [1]:Alice pays Bob 5 coins
[1779281695] client ID [1]:Francesco pays Alice 69 coins
[1779281697] client ID [1]:Alice pays Giacomo 6 coins
[1779281699] client ID [1]:Giacomo pays Giovanna 21 coins
[1779281701] client ID [1]:Ilaria pays Francesco 68 coins
[1779281703] client ID [1]:Bob pays Francesco 2 coins
[1779281705] client ID [1]:Giovanna pays Bob 64 coins
[1779281707] client ID [1]:Alice pays Francesco 36 coins
[1779281709] client ID [1]:Francesco pays Giacomo 27 coins
[1779281711] client ID [1]:Alice pays Giovanna 85 coins
[1779281713] client ID [1]:Francesco pays Giovanna 90 coins
[1779281715] client ID [1]:Ilaria pays Giovanna 57 coins
[1779281717] client ID [1]:Ilaria pays Alice 63 coins
[1779281719] client ID [1]:Alice pays Giovanna 81 coins
[1779281721] client ID [1]:Ilaria pays Alice 48 coins
[1779281723] client ID [1]:Giacomo pays Alice 74 coins
[1779281725] client ID [1]:Francesco pays Giacomo 39 coins
[1779281727] client ID [1]:Bob pays Giovanna 73 coins
[1779281729] client ID [1]:Bob pays Alice 73 coins
[1779281731] client ID [1]:Giovanna pays Ilaria 96 coins
[1779281733] client ID [1]:Giacomo pays Francesco 45 coins
[1779281735] client ID [1]:Francesco pays Bob 15 coins
[1779281737] client ID [1]:Francesco pays Giacomo 89 coins
[1779281739] client ID [1]:Bob pays Ilaria 54 coins
[1779281741] client ID [1]:Ilaria pays Alice 17 coins
[1779281743] client ID [1]:Bob pays Giacomo 85 coins
[1779281745] client ID [1]:Alice pays Giovanna 23 coins
[1779281747] client ID [1]:Giacomo pays Ilaria 23 coins
[1779281749] client ID [1]:Ilaria pays Giacomo 96 coins
[1779281751] client ID [1]:Ilaria pays Giacomo 78 coins
[1779281753] client ID [1]:Alice pays Francesco 85 coins
[1779281755] client ID [1]:Ilaria pays Giovanna 87 coins
[1779281757] client ID [1]:Alice pays Giacomo 54 coins
[1779281759] client ID [1]:Bob pays Alice 67 coins
[1779281761] client ID [1]:Alice pays Bob 7 coins
[1779281763] client ID [1]:Ilaria pays Alice 16 coins
[1779281765] client ID [1]:Bob pays Francesco 93 coins
[1779281767] client ID [1]:Giovanna pays Bob 18 coins
[1779281769] client ID [1]:Ilaria pays Francesco 57 coins
[1779281771] client ID [1]:Ilaria pays Alice 98 coins
[1779281773] client ID [1]:Giacomo pays Francesco 30 coins
[1779281775] client ID [1]:Francesco pays Bob 7 coins
[1779281777] client ID [1]:Ilaria pays Bob 88 coins
[1779281779] client ID [1]:Alice pays Francesco 66 coins
[1779281781] client ID [1]:Francesco pays Giacomo 52 coins
[1779281783] client ID [1]:Bob pays Alice 92 coins
[1779281785] client ID [1]:Ilaria pays Bob 9 coins
[1779281787] client ID [1]:Bob pays Alice 65 coins
[1779281789] client ID [1]:Giovanna pays Francesco 64 coins
[1779281791] client ID [1]:Giacomo pays Giovanna 91 coins
[1779281793] client ID [1]:Ilaria pays Bob 95 coins
[1779281795] client ID [1]:Bob pays Giovanna 83 coins
[1779281797] client ID [1]:Bob pays Alice 42 coins
[1779281799] client ID [1]:Alice pays Francesco 6 coins
[1779281801] client ID [1]:Francesco pays Bob 38 coins
[1779281803] client ID [1]:Giacomo pays Bob 30 coins
[1779281805] client ID [1]:Alice pays Giovanna 38 coins
[1779281807] client ID [1]:Bob pays Alice 2 coins
[1779281809] client ID [1]:Ilaria pays Francesco 63 coins
[1779281811] client ID [1]:Ilaria pays Francesco 52 coins
[1779281813] client ID [1]:Francesco pays Giacomo 48 coins
[1779281815] client ID [1]:Ilaria pays Giacomo 29 coins
[1779281817] client ID [1]:Giacomo pays Giovanna 4 coins
[1779281819] client ID [1]:Giovanna pays Bob 41 coins
[1779281821] client ID [1]:Francesco pays Alice 76 coins
[1779281823] client ID [1]:Bob pays Francesco 32 coins
[1779281825] client ID [1]:Giovanna pays Ilaria 34 coins
[1779281827] client ID [1]:Giovanna pays Bob 56 coins
[1779281829] client ID [1]:Giacomo pays Alice 93 coins
[1779281831] client ID [1]:Ilaria pays Bob 23 coins
[1779281833] client ID [1]:Bob pays Francesco 5 coins
[1779281835] client ID [1]:Francesco pays Ilaria 56 coins
[1779281837] client ID [1]:Francesco pays Giacomo 57 coins
[1779281839] client ID [1]:Francesco pays Giacomo 98 coins
[1779281841] client ID [1]:Giovanna pays Giacomo 72 coins
[1779281843] client ID [1]:Bob pays Giacomo 76 coins
[1779281845] client ID [1]:Giovanna pays Bob 17 coins
[1779281847] client ID [1]:Ilaria pays Alice 25 coins
[1779281849] client ID [1]:Giovanna pays Giacomo 87 coins
[1779281851] client ID [1]:Bob pays Ilaria 12 coins
[1779281853] client ID [1]:Bob pays Alice 7 coins
[1779281855] client ID [1]:Ilaria pays Alice 64 coins
[1779281857] client ID [1]:Giacomo pays Ilaria 60 coins
[1779281859] client ID [1]:Giacomo pays Giovanna 32 coins
[1779281861] client ID [1]:Alice pays Giacomo 7 coins
[1779281863] client ID [1]:Ilaria pays Alice 23 coins
[1779281865] client ID [1]:Francesco pays Giovanna 14 coins
[1779281867] client ID [1]:Giovanna pays Francesco 44 coins
[1779281869] client ID [1]:Francesco pays Giacomo 91 coins
[1779281871] client ID [1]:Giacomo pays Giovanna 42 coins
[1779281873] client ID [1]:Giacomo pays Ilaria 49 coins
[1779281875] client ID [1]:Alice pays Bob 13 coins
[1779281877] client ID [1]:Francesco pays Ilaria 94 coins
[1779281879] client ID [1]:Francesco pays Bob 39 coins
[1779281881] client ID [1]:Francesco pays Ilaria 69 coins
[1779281883] client ID [1]:Ilaria pays Bob 23 coins
[1779281885] client ID [1]:Alice pays Bob 33 coins
[1779281887] client ID [1]:Giovanna pays Ilaria 73 coins
[1779281889] client ID [1]:Ilaria pays Bob 24 coins
[1779281891] client ID [1]:Alice pays Ilaria 46 coins
[1779281893] client ID [1]:Francesco pays Bob 75 coins
[1779281895] client ID [1]:Alice pays Francesco 68 coins
[1779281897] client ID [1]:Ilaria pays Alice 72 coins
[1779281899] client ID [1]:Giovanna pays Ilaria 41 coins
[1779281901] client ID [1]:Ilaria pays Francesco 64 coins
[1779281903] client ID [1]:Bob pays Giovanna 63 coins
[1779281905] client ID [1]:Francesco pays Giovanna 65 coins
[1779281907] client ID [1]:Giovanna pays Ilaria 86 coins
[1779281909] client ID [1]:Alice pays Bob 96 coins
[1779281911] client ID [1]:Alice pays Francesco 87 coins
[1779281913] client ID [1]:Alice pays Ilaria 13 coins
[1779281915] client ID [1]:Giovanna pays Francesco 37 coins
[1779281917] client ID [1]:Giovanna pays Ilaria 67 coins
[1779281919] client ID [1]:Ilaria pays Giovanna 26 coins
[1779281921] client ID [1]:Giovanna pays Alice 84 coins
[1779281923] client ID [1]:Giovanna pays Giacomo 76 coins
[1779281925] client ID [1]:Giacomo pays Alice 39 coins
[1779281927] client ID [1]:Bob pays Ilaria 26 coins
[1779281929] client ID [1]:Bob pays Ilaria 22 coins
[1779281931] client ID [1]:Giacomo pays Bob 42 coins
[1779281933] client ID [1]:Francesco pays Bob 9 coins
[1779281935] client ID [1]:Giacomo pays Francesco 31 coins
[1779281937] client ID [1]:Giacomo pays Francesco 23 coins
[1779281939] client ID [1]:Alice pays Giovanna 56 coins
[1779281941] client ID [1]:Giovanna pays Bob 53 coins
[1779281943] client ID [1]:Francesco pays Giacomo 28 coins
[1779281945] client ID [1]:Ilaria pays Giacomo 66 coins
[1779281947] client ID [1]:Giovanna pays Alice 89 coins
[1779281949] client ID [1]:Bob pays Ilaria 9 coins
[1779281951] client ID [1]:Francesco pays Giacomo 33 coins
[1779281953] client ID [1]:Francesco pays Bob 75 coins
[1779281955] client ID [1]:Alice pays Giacomo 68 coins
[1779281960] client ID [1]:Francesco pays Ilaria 40 coins
[1779281962] client ID [1]:Ilaria pays Giovanna 13 coins
[1779281964] client ID [1]:Francesco pays Giacomo 18 coins
[1779281966] client ID [1]:Giacomo pays Alice 5 coins
[1779281968] client ID [1]:Alice pays Ilaria 69 coins
[1779281970] client ID [1]:Francesco pays Giovanna 4 coins
[1779281972] client ID [1]:Bob pays Alice 86 coins
[1779281974] client ID [1]:Giacomo pays Giovanna 59 coins
[1779281976] client ID [1]:Giacomo pays Giovanna 10 coins
[1779281978] client ID [1]:Giovanna pays Giacomo 2 coins
[1779281980] client ID [1]:Giovanna pays Francesco 25 coins
[1779281982] client ID [1]:Giacomo pays Alice 49 coins
[1779281984] client ID [1]:Bob pays Alice 97 coins
[1779281986] client ID [1]:Alice pays Bob 70 coins
[1779281988] client ID [1]:Giovanna pays Francesco 71 coins
[1779281990] client ID [1]:Ilaria pays Giovanna 56 coins
[1779281992] client ID [1]:Francesco pays Alice 65 coins
[1779281994] client ID [1]:Giacomo pays Ilaria 59 coins
[1779281996] client ID [1]:Ilaria pays Giacomo 64 coins
[1779281998] client ID [1]:Giovanna pays Alice 34 coins
[1779282000] client ID [1]:Alice pays Bob 15 coins
[1779282002] client ID [1]:Giacomo pays Ilaria 10 coins
[1779282004] client ID [1]:Giacomo pays Ilaria 15 coins
[1779282006] client ID [1]:Ilaria pays Francesco 20 coins
[1779282007] client ID [1]:Client shutting down
[1779282007] client ID [1]:client chiuso
