[1779286680] client ID [3]:client avviato correttamente
[1779286680] client ID [3]:Client started
[1779286680] client ID [3]:Alice pays Giacomo 83 coins
[1779286681] client ID [3]:Ilaria pays Bob 73 coins
[1779286682] client ID [3]:Giovanna pays Giacomo 43 coins
[1779286683] client ID [3]:Alice pays Giacomo 84 coins
[1779286684] client ID [3]:Ilaria pays Alice 94 coins
[1779286685] client ID [3]:Giacomo pays Ilaria 80 coins
[1779286686] client ID [3]:Francesco pays Bob 94 coins
[1779286687] client ID [3]:Bob pays Ilaria 98 coins
[1779286688] client ID [3]:Giovanna pays Bob 75 coins
[1779286689] client ID [3]:Alice pays Giacomo 56 coins
[1779286690] client ID [3]:Ilaria pays Giovanna 75 coins
[1779286691] client ID [3]:Giacomo pays Giovanna 45 coins
[1779286692] client ID [3]:Alice pays Bob 60 coins
[1779286693] client ID [3]:Francesco pays Bob 23 coins
[1779286694] client ID [3]:Francesco pays Alice 96 coins
[1779286695] client ID [3]:Alice pays Giovanna 92 coins
[1779286696] client ID [3]:Giovanna pays Francesco 18 coins
[1779286697] client ID [3]:Ilaria pays Giovanna 80 coins
[1779286698] client ID [3]:Ilaria pays Bob 64 coins
[1779286699] client ID [3]:Giacomo pays Francesco 20 coins
[1779286700] client ID [3]:Bob pays Alice 29 coins
[1779286701] client ID [3]:Giovanna pays Bob 89 coins
[1779286702] client ID [3]:Alice pays Ilaria 63 coins
[1779286703] client ID [3]:Giacomo pays Francesco 49 coins
[1779286704] client ID [3]:Francesco pays Giovanna 40 coins
[1779286705] client ID [3]:Giacomo pays Francesco 26 coins
[1779286706] client ID [3]:Alice pays Bob 7 coins
[1779286707] client ID [3]:Alice pays Francesco 61 coins
[1779286708] client ID [3]:Bob pays Giacomo 72 coins
[1779286709] client ID [3]:Francesco pays Ilaria 59 coins
[1779286710] client ID [3]:Giacomo pays Giovanna 87 coins
[1779286711] client ID [3]:Giacomo pays Ilaria 74 coins
[1779286712] client ID [3]:Ilaria pays Giacomo 35 coins
[1779286713] client ID [3]:Giovanna pays Francesco 61 coins
[1779286714] client ID [3]:Giacomo pays Bob 34 coins
[1779286715] client ID [3]:Ilaria pays Alice 59 coins
[1779286716] client ID [3]:Giovanna pays Francesco 86 coins
[1779286717] client ID [3]:Giacomo pays Ilaria 91 coins
[1779286718] client ID [3]:Alice pays Francesco 60 coins
[1779286719] client ID [3]:Giacomo pays Alice 47 coins
[1779286720] client ID [3]:Francesco pays Ilaria 78 coins
[1779286721] client ID [3]:Ilaria pays Alice 50 coins
[1779286722] client ID [3]:Bob pays Ilaria 85 coins
[1779286723] client ID [3]:Bob pays Giovanna 46 coins
[1779286724] client ID [3]:Giacomo pays Ilaria 77 coins
[1779286725] client ID [3]:Giovanna pays Bob 37 coins
[1779286726] client ID [3]:Giovanna pays Francesco 21 coins
[1779286727] client ID [3]:Giovanna pays Bob 12 coins
[1779286728] client ID [3]:Alice pays Giacomo 69 coins
[1779286729] client ID [3]:Ilaria pays Francesco 16 coins
[1779286730] client ID [3]:Alice pays Giovanna 40 coins
[1779286731] client ID [3]:Giacomo pays Ilaria 45 coins
[1779286732] client ID [3]:Bob pays Francesco 15 coins
[1779286733] client ID [3]:Client shutting down
[1779286733] client ID [3]:client chiuso
