[1779282249] client ID [9]:client avviato correttamente
[1779282249] client ID [9]:Client started
[1779282249] client ID [9]:Francesco pays Bob 37 coins
[1779282250] client ID [9]:Ilaria pays Alice 17 coins
[1779282251] client ID [9]:Giacomo pays Ilaria 83 coins
[1779282252] client ID [9]:Giacomo pays Alice 93 coins
[1779282253] client ID [9]:Alice pays Giovanna 81 coins
[1779282254] client ID [9]:Giovanna pays Francesco 1 coins
[1779282255] client ID [9]:Alice pays Francesco 20 coins
[1779282256] client ID [9]:Ilaria pays Giovanna 22 coins
[1779282257] client ID [9]:Francesco pays Bob 25 coins
[1779282258] client ID [9]:Ilaria pays Giacomo 16 coins
[1779282259] client ID [9]:Giacomo pays Bob 52 coins
[1779282260] client ID [9]:Giovanna pays Giacomo 68 coins
[1779282261] client ID [9]:Alice pays Giovanna 49 coins
[1779282262] client ID [9]:Ilaria pays Giovanna 40 coins
[1779282263] client ID [9]:Ilaria pays Giacomo 5 coins
[1779282264] client ID [9]:Bob pays Francesco 42 coins
[1779282265] client ID [9]:Ilaria pays Francesco 80 coins
[1779282266] client ID [9]:Giovanna pays Giacomo 5 coins
[1779282267] client ID [9]:Ilaria pays Giacomo 18 coins
[1779282268] client ID [9]:Ilaria pays Francesco 69 coins
[1779282269] client ID [9]:Ilaria pays Bob 38 coins
[1779282270] client ID [9]:Ilaria pays Giovanna 50 coins
[1779282271] client ID [9]:Francesco pays Ilaria 4 coins
[1779282272] client ID [9]:Bob pays Francesco 1 coins
[1779282273] client ID [9]:Giovanna pays Ilaria 41 coins
[1779282274] client ID [9]:Giovanna pays Bob 99 coins
[1779282275] client ID [9]:Alice pays Giacomo 79 coins
[1779282276] client ID [9]:Alice pays Francesco 81 coins
[1779282277] client ID [9]:Bob pays Francesco 23 coins
[1779282278] client ID [9]:Ilaria pays Bob 94 coins
[1779282279] client ID [9]:Alice pays Giovanna 32 coins
[1779282280] client ID [9]:Giovanna pays Francesco 43 coins
[1779282281] client ID [9]:Giacomo pays Francesco 5 coins
[1779282282] client ID [9]:Francesco pays Bob 68 coins
[1779282283] client ID [9]:Bob pays Ilaria 72 coins
[1779282284] client ID [9]:Alice pays Giovanna 7 coins
[1779282285] client ID [9]:Giacomo pays Ilaria 25 coins
[1779282286] client ID [9]:Giovanna pays Bob 37 coins
[1779282287] client ID [9]:Alice pays Francesco 77 coins
[1779282288] client ID [9]:Giacomo pays Giovanna 93 coins
[1779282289] client ID [9]:Giacomo pays Ilaria 32 coins
[1779282290] client ID [9]:Bob pays Giacomo 72 coins
[1779282291] client ID [9]:Francesco pays Ilaria 76 coins
[1779282292] client ID [9]:Alice pays Giacomo 43 coins
[1779282293] client ID [9]:Giovanna pays Alice 15 coins
[1779282294] client ID [9]:Alice pays Giovanna 37 coins
[1779282295] client ID [9]:Ilaria pays Alice 72 coins
[1779282296] client ID [9]:Giacomo pays Bob 7 coins
[1779282297] client ID [9]:Ilaria pays Giovanna 87 coins
[1779282298] client ID [9]:Ilaria pays Giovanna 26 coins
[1779282299] client ID [9]:Giacomo pays Bob 40 coins
[1779282300] client ID [9]:Francesco pays Bob 50 coins
[1779282301] client ID [9]:Giovanna pays Giacomo 93 coins
[1779282302] client ID [9]:Giacomo pays Bob 64 coins
[1779282303] client ID [9]:Giovanna pays Bob 36 coins
[1779282304] client ID [9]:Giacomo pays Bob 41 coins
[1779282305] client ID [9]:Alice pays Giovanna 22 coins
[1779282306] client ID [9]:Alice pays Ilaria 83 coins
[1779282307] client ID [9]:Giacomo pays Ilaria 74 coins
[1779282308] client ID [9]:Bob pays Ilaria 23 coins
[1779282309] client ID [9]:Alice pays Giovanna 17 coins
[1779282310] client ID [9]:Ilaria pays Bob 22 coins
[1779282311] client ID [9]:Bob pays Francesco 46 coins
[1779282312] client ID [9]:Francesco pays Giacomo 9 coins
[1779282313] client ID [9]:Ilaria pays Alice 47 coins
[1779282314] client ID [9]:Bob pays Francesco 5 coins
[1779282315] client ID [9]:Bob pays Giovanna 85 coins
[1779282316] client ID [9]:Alice pays Giacomo 6 coins
[1779282317] client ID [9]:Bob pays Giacomo 54 coins
[1779282318] client ID [9]:Giacomo pays Bob 68 coins
[1779282319] client ID [9]:Bob pays Alice 22 coins
[1779282320] client ID [9]:Ilaria pays Alice 95 coins
[1779282321] client ID [9]:Giovanna pays Giacomo 2 coins
[1779282322] client ID [9]:Ilaria pays Francesco 48 coins
[1779282323] client ID [9]:Giacomo pays Francesco 29 coins
[1779282324] client ID [9]:Francesco pays Giacomo 12 coins
[1779282325] client ID [9]:Bob pays Giovanna 40 coins
[1779282326] client ID [9]:Giovanna pays Bob 75 coins
[1779282327] client ID [9]:Francesco pays Bob 36 coins
[1779282328] client ID [9]:Alice pays Bob 76 coins
[1779282329] client ID [9]:Alice pays Francesco 8 coins
[1779282329] client ID [9]:Client shutting down
[1779282329] client ID [9]:client chiuso
