[1779282249] client ID [4]:client avviato correttamente
[1779282249] client ID [4]:Client started
[1779282249] client ID [4]:Ilaria pays Alice 27 coins
[1779282250] client ID [4]:Giovanna pays Giacomo 56 coins
[1779282251] client ID [4]:Ilaria pays Giacomo 89 coins
[1779282252] client ID [4]:Ilaria pays Francesco 36 coins
[1779282253] client ID [4]:Giacomo pays Ilaria 27 coins
[1779282254] client ID [4]:Alice pays Bob 80 coins
[1779282255] client ID [4]:Giacomo pays Giovanna 6 coins
[1779282256] client ID [4]:Francesco pays Alice 81 coins
[1779282257] client ID [4]:Francesco pays Giovanna 32 coins
[1779282258] client ID [4]:Giovanna pays Bob 78 coins
[1779282259] client ID [4]:Giovanna pays Alice 66 coins
[1779282260] client ID [4]:Giacomo pays Ilaria 57 coins
[1779282261] client ID [4]:Bob pays Alice 54 coins
[1779282262] client ID [4]:Giacomo pays Francesco 6 coins
[1779282263] client ID [4]:Bob pays Francesco 99 coins
[1779282264] client ID [4]:Giovanna pays Bob 51 coins
[1779282265] client ID [4]:Giovanna pays Ilaria 32 coins
[1779282266] client ID [4]:Ilaria pays Francesco 7 coins
[1779282267] client ID [4]:Giacomo pays Giovanna 66 coins
[1779282268] client ID [4]:Francesco pays Bob 6 coins
[1779282269] client ID [4]:Giovanna pays Bob 71 coins
[1779282270] client ID [4]:Bob pays Giacomo 28 coins
[1779282271] client ID [4]:Ilaria pays Alice 30 coins
[1779282272] client ID [4]:Giacomo pays Bob 22 coins
[1779282273] client ID [4]:Giacomo pays Bob 94 coins
[1779282274] client ID [4]:Giacomo pays Giovanna 69 coins
[1779282275] client ID [4]:Alice pays Ilaria 49 coins
[1779282276] client ID [4]:Francesco pays Giovanna 40 coins
[1779282277] client ID [4]:Bob pays Francesco 70 coins
[1779282278] client ID [4]:Alice pays Bob 32 coins
[1779282279] client ID [4]:Giovanna pays Alice 59 coins
[1779282280] client ID [4]:Ilaria pays Giovanna 38 coins
[1779282281] client ID [4]:Bob pays Francesco 62 coins
[1779282282] client ID [4]:Giacomo pays Bob 69 coins
[1779282283] client ID [4]:Giacomo pays Alice 24 coins
[1779282284] client ID [4]:Giacomo pays Bob 12 coins
[1779282285] client ID [4]:Ilaria pays Bob 97 coins
[1779282286] client ID [4]:Francesco pays Giovanna 13 coins
[1779282287] client ID [4]:Giovanna pays Alice 43 coins
[1779282288] client ID [4]:Francesco pays Alice 39 coins
[1779282289] client ID [4]:Giovanna pays Ilaria 98 coins
[1779282290] client ID [4]:Bob pays Ilaria 87 coins
[1779282291] client ID [4]:Ilaria pays Francesco 98 coins
[1779282292] client ID [4]:Giacomo pays Francesco 2 coins
[1779282293] client ID [4]:Giacomo pays Bob 72 coins
[1779282294] client ID [4]:Francesco pays Alice 33 coins
[1779282295] client ID [4]:Francesco pays Bob 41 coins
[1779282296] client ID [4]:Alice pays Bob 19 coins
[1779282297] client ID [4]:Bob pays Giovanna 59 coins
[1779282298] client ID [4]:Giacomo pays Giovanna 97 coins
[1779282299] client ID [4]:Alice pays Francesco 95 coins
[1779282300] client ID [4]:Bob pays Giacomo 81 coins
[1779282301] client ID [4]:Giacomo pays Bob 77 coins
[1779282302] client ID [4]:Giovanna pays Giacomo 77 coins
[1779282303] client ID [4]:Bob pays Francesco 49 coins
[1779282304] client ID [4]:Francesco pays Bob 38 coins
[1779282305] client ID [4]:Francesco pays Giacomo 24 coins
[1779282306] client ID [4]:Giovanna pays Ilaria 21 coins
[1779282307] client ID [4]:Alice pays Francesco 26 coins
[1779282308] client ID [4]:Bob pays Giovanna 98 coins
[1779282309] client ID [4]:Giacomo pays Giovanna 55 coins
[1779282310] client ID [4]:Francesco pays Ilaria 54 coins
[1779282311] client ID [4]:Ilaria pays Alice 55 coins
[1779282312] client ID [4]:Ilaria pays Giovanna 26 coins
[1779282313] client ID [4]:Francesco pays Giovanna 90 coins
[1779282314] client ID [4]:Giovanna pays Alice 56 coins
[1779282315] client ID [4]:Alice pays Francesco 28 coins
[1779282316] client ID [4]:Ilaria pays Francesco 57 coins
[1779282317] client ID [4]:Giovanna pays Francesco 64 coins
[1779282318] client ID [4]:Ilaria pays Giacomo 37 coins
[1779282319] client ID [4]:Giovanna pays Bob 91 coins
[1779282320] client ID [4]:Giacomo pays Ilaria 46 coins
[1779282321] client ID [4]:Alice pays Bob 98 coins
[1779282322] client ID [4]:Ilaria pays Francesco 24 coins
[1779282323] client ID [4]:Bob pays Francesco 13 coins
[1779282324] client ID [4]:Bob pays Giovanna 68 coins
[1779282325] client ID [4]:Bob pays Francesco 94 coins
[1779282326] client ID [4]:Giacomo pays Giovanna 51 coins
[1779282327] client ID [4]:Bob pays Francesco 15 coins
[1779282328] client ID [4]:Ilaria pays Bob 7 coins
[1779282329] client ID [4]:Alice pays Giovanna 54 coins
[1779282329] client ID [4]:Client shutting down
[1779282329] client ID [4]:client chiuso
