[1779286542] client ID [3]:client avviato correttamente
[1779286542] client ID [3]:Client started
[1779286542] client ID [3]:Bob pays Francesco 46 coins
[1779286543] client ID [3]:Giacomo pays Giovanna 58 coins
[1779286544] client ID [3]:Giovanna pays Francesco 86 coins
[1779286545] client ID [3]:Francesco pays Bob 97 coins
[1779286546] client ID [3]:Giacomo pays Alice 88 coins
[1779286547] client ID [3]:Alice pays Giacomo 11 coins
[1779286548] client ID [3]:Francesco pays Giovanna 21 coins
[1779286549] client ID [3]:Giovanna pays Alice 86 coins
[1779286550] client ID [3]:Ilaria pays Giacomo 57 coins
[1779286551] client ID [3]:Bob pays Giacomo 95 coins
[1779286552] client ID [3]:Giacomo pays Bob 76 coins
[1779286553] client ID [3]:Giacomo pays Bob 28 coins
[1779286554] client ID [3]:Giovanna pays Bob 83 coins
[1779286555] client ID [3]:Bob pays Francesco 48 coins
[1779286556] client ID [3]:Giacomo pays Bob 57 coins
[1779286557] client ID [3]:Ilaria pays Bob 12 coins
[1779286558] client ID [3]:Ilaria pays Alice 43 coins
[1779286559] client ID [3]:Bob pays Alice 45 coins
[1779286560] client ID [3]:Francesco pays Giacomo 51 coins
[1779286561] client ID [3]:Bob pays Alice 25 coins
