[1779282415] client ID [7]:client avviato correttamente
[1779282415] client ID [7]:Client started
[1779282415] client ID [7]:Francesco pays Bob 3 coins
[1779282416] client ID [7]:Ilaria pays Giovanna 88 coins
[1779282417] client ID [7]:Francesco pays Giacomo 45 coins
[1779282418] client ID [7]:Ilaria pays Giovanna 1 coins
[1779282419] client ID [7]:Francesco pays Ilaria 88 coins
[1779282420] client ID [7]:Giacomo pays Alice 20 coins
[1779282421] client ID [7]:Bob pays Giacomo 59 coins
[1779282422] client ID [7]:Alice pays Ilaria 29 coins
[1779282423] client ID [7]:Giovanna pays Ilaria 1 coins
[1779282424] client ID [7]:Giovanna pays Bob 67 coins
[1779282425] client ID [7]:Francesco pays Bob 44 coins
[1779282426] client ID [7]:Giacomo pays Ilaria 32 coins
[1779282427] client ID [7]:Francesco pays Ilaria 76 coins
[1779282428] client ID [7]:Giacomo pays Bob 20 coins
[1779282429] client ID [7]:Alice pays Ilaria 26 coins
[1779282430] client ID [7]:Alice pays Ilaria 43 coins
[1779282431] client ID [7]:Giacomo pays Alice 2 coins
[1779282432] client ID [7]:Francesco pays Bob 28 coins
[1779282433] client ID [7]:Francesco pays Giovanna 26 coins
[1779282434] client ID [7]:Bob pays Francesco 92 coins
[1779282435] client ID [7]:Ilaria pays Giacomo 34 coins
[1779282436] client ID [7]:Giovanna pays Bob 65 coins
[1779282437] client ID [7]:Francesco pays Giovanna 39 coins
[1779282438] client ID [7]:Francesco pays Bob 12 coins
[1779282439] client ID [7]:Alice pays Ilaria 29 coins
[1779282440] client ID [7]:Francesco pays Giovanna 65 coins
[1779282441] client ID [7]:Francesco pays Ilaria 39 coins
[1779282442] client ID [7]:Francesco pays Alice 45 coins
[1779282443] client ID [7]:Alice pays Giacomo 70 coins
[1779282444] client ID [7]:Giovanna pays Francesco 4 coins
[1779282445] client ID [7]:Giovanna pays Alice 56 coins
[1779282446] client ID [7]:Giacomo pays Ilaria 4 coins
[1779282447] client ID [7]:Giacomo pays Bob 42 coins
[1779282448] client ID [7]:Bob pays Giacomo 52 coins
[1779282449] client ID [7]:Giovanna pays Alice 99 coins
[1779282450] client ID [7]:Alice pays Francesco 4 coins
[1779282451] client ID [7]:Ilaria pays Bob 35 coins
[1779282452] client ID [7]:Bob pays Ilaria 66 coins
[1779282453] client ID [7]:Alice pays Francesco 90 coins
[1779282454] client ID [7]:Giovanna pays Ilaria 32 coins
[1779282455] client ID [7]:Bob pays Giovanna 32 coins
[1779282456] client ID [7]:Francesco pays Bob 16 coins
[1779282457] client ID [7]:Francesco pays Bob 3 coins
[1779282458] client ID [7]:Giacomo pays Ilaria 16 coins
[1779282459] client ID [7]:Giacomo pays Francesco 97 coins
[1779282460] client ID [7]:Bob pays Ilaria 79 coins
[1779282461] client ID [7]:Giovanna pays Francesco 45 coins
[1779282462] client ID [7]:Alice pays Ilaria 35 coins
[1779282463] client ID [7]:Bob pays Ilaria 26 coins
[1779282464] client ID [7]:Francesco pays Giovanna 83 coins
[1779282465] client ID [7]:Giovanna pays Francesco 57 coins
[1779282466] client ID [7]:Ilaria pays Francesco 42 coins
[1779282467] client ID [7]:Alice pays Giovanna 57 coins
[1779282468] client ID [7]:Ilaria pays Francesco 52 coins
[1779282469] client ID [7]:Giacomo pays Francesco 90 coins
[1779282470] client ID [7]:Ilaria pays Alice 35 coins
[1779282471] client ID [7]:Giovanna pays Giacomo 93 coins
[1779282472] client ID [7]:Giovanna pays Francesco 58 coins
[1779282473] client ID [7]:Bob pays Alice 53 coins
[1779282474] client ID [7]:Francesco pays Giovanna 91 coins
[1779282475] client ID [7]:Bob pays Ilaria 98 coins
[1779282476] client ID [7]:Alice pays Ilaria 47 coins
[1779282477] client ID [7]:Giovanna pays Alice 31 coins
[1779282478] client ID [7]:Alice pays Francesco 18 coins
[1779282479] client ID [7]:Ilaria pays Giovanna 6 coins
[1779282480] client ID [7]:Alice pays Bob 40 coins
[1779282481] client ID [7]:Alice pays Giovanna 91 coins
[1779282482] client ID [7]:Giovanna pays Alice 28 coins
[1779282483] client ID [7]:Giovanna pays Francesco 98 coins
[1779282484] client ID [7]:Alice pays Giacomo 89 coins
[1779282485] client ID [7]:Bob pays Giovanna 6 coins
[1779282486] client ID [7]:Giacomo pays Francesco 91 coins
[1779282487] client ID [7]:Alice pays Francesco 80 coins
[1779282488] client ID [7]:Giacomo pays Bob 28 coins
[1779282489] client ID [7]:Giacomo pays Bob 67 coins
[1779282490] client ID [7]:Giacomo pays Bob 83 coins
[1779282491] client ID [7]:Francesco pays Alice 15 coins
[1779282492] client ID [7]:Giovanna pays Alice 4 coins
[1779282493] client ID [7]:Bob pays Giacomo 5 coins
[1779282494] client ID [7]:Francesco pays Ilaria 69 coins
[1779282495] client ID [7]:Giovanna pays Ilaria 94 coins
[1779282496] client ID [7]:Bob pays Alice 74 coins
[1779282497] client ID [7]:Alice pays Giacomo 50 coins
[1779282498] client ID [7]:Giacomo pays Giovanna 6 coins
[1779282499] client ID [7]:Ilaria pays Giovanna 70 coins
[1779282500] client ID [7]:Ilaria pays Giacomo 60 coins
[1779282501] client ID [7]:Francesco pays Bob 46 coins
[1779282502] client ID [7]:Ilaria pays Francesco 62 coins
[1779282503] client ID [7]:Giacomo pays Giovanna 65 coins
[1779282504] client ID [7]:Ilaria pays Giacomo 32 coins
[1779282505] client ID [7]:Ilaria pays Alice 26 coins
[1779282506] client ID [7]:Francesco pays Alice 99 coins
[1779282507] client ID [7]:Francesco pays Ilaria 49 coins
[1779282508] client ID [7]:Bob pays Alice 52 coins
[1779282509] client ID [7]:Francesco pays Alice 20 coins
[1779282510] client ID [7]:Giovanna pays Giacomo 79 coins
[1779282511] client ID [7]:Francesco pays Giacomo 23 coins
[1779282512] client ID [7]:Alice pays Giovanna 7 coins
[1779282513] client ID [7]:Bob pays Giacomo 66 coins
[1779282514] client ID [7]:Giovanna pays Giacomo 76 coins
[1779282515] client ID [7]:Alice pays Ilaria 2 coins
[1779282516] client ID [7]:Giovanna pays Francesco 98 coins
[1779282517] client ID [7]:Giacomo pays Giovanna 51 coins
[1779282518] client ID [7]:Ilaria pays Giovanna 2 coins
[1779282519] client ID [7]:Bob pays Ilaria 14 coins
[1779282520] client ID [7]:Giacomo pays Francesco 72 coins
[1779282521] client ID [7]:Francesco pays Alice 88 coins
[1779282522] client ID [7]:Francesco pays Giacomo 38 coins
[1779282523] client ID [7]:Alice pays Giacomo 80 coins
[1779282524] client ID [7]:Ilaria pays Alice 45 coins
[1779282525] client ID [7]:Francesco pays Giacomo 60 coins
[1779282526] client ID [7]:Alice pays Francesco 56 coins
[1779282527] client ID [7]:Francesco pays Alice 5 coins
[1779282528] client ID [7]:Giacomo pays Bob 6 coins
[1779282529] client ID [7]:Bob pays Francesco 17 coins
[1779282530] client ID [7]:Alice pays Bob 87 coins
[1779282531] client ID [7]:Giovanna pays Bob 75 coins
[1779282532] client ID [7]:Alice pays Giacomo 42 coins
[1779282533] client ID [7]:Giovanna pays Ilaria 54 coins
[1779282534] client ID [7]:Giacomo pays Francesco 40 coins
[1779282535] client ID [7]:Giacomo pays Giovanna 27 coins
[1779282536] client ID [7]:Giovanna pays Ilaria 11 coins
[1779282537] client ID [7]:Alice pays Giacomo 42 coins
[1779282538] client ID [7]:Giacomo pays Francesco 65 coins
[1779282539] client ID [7]:Giovanna pays Giacomo 6 coins
[1779282540] client ID [7]:Giacomo pays Ilaria 35 coins
[1779282541] client ID [7]:Bob pays Giacomo 81 coins
[1779282542] client ID [7]:Francesco pays Giovanna 59 coins
[1779282543] client ID [7]:Francesco pays Ilaria 13 coins
[1779282544] client ID [7]:Ilaria pays Bob 52 coins
[1779282545] client ID [7]:Ilaria pays Francesco 78 coins
[1779282546] client ID [7]:Giacomo pays Giovanna 53 coins
[1779282547] client ID [7]:Giovanna pays Francesco 89 coins
[1779282548] client ID [7]:Alice pays Giacomo 31 coins
[1779282549] client ID [7]:Francesco pays Giovanna 87 coins
[1779282550] client ID [7]:Bob pays Giacomo 11 coins
[1779282551] client ID [7]:Alice pays Ilaria 54 coins
[1779282552] client ID [7]:Bob pays Giovanna 15 coins
[1779282553] client ID [7]:Ilaria pays Francesco 66 coins
[1779282554] client ID [7]:Francesco pays Alice 42 coins
[1779282555] client ID [7]:Bob pays Ilaria 29 coins
[1779282556] client ID [7]:Giacomo pays Ilaria 8 coins
[1779282557] client ID [7]:Ilaria pays Alice 39 coins
[1779282558] client ID [7]:Bob pays Giovanna 58 coins
[1779282559] client ID [7]:Alice pays Giovanna 55 coins
[1779282560] client ID [7]:Giovanna pays Ilaria 32 coins
[1779282561] client ID [7]:Bob pays Giovanna 77 coins
[1779282562] client ID [7]:Ilaria pays Alice 76 coins
[1779282563] client ID [7]:Bob pays Francesco 18 coins
[1779282564] client ID [7]:Bob pays Giacomo 45 coins
[1779282565] client ID [7]:Francesco pays Giovanna 97 coins
[1779282566] client ID [7]:Ilaria pays Giacomo 42 coins
[1779282567] client ID [7]:Ilaria pays Bob 82 coins
[1779282568] client ID [7]:Ilaria pays Giovanna 52 coins
[1779282569] client ID [7]:Giacomo pays Giovanna 28 coins
[1779282570] client ID [7]:Bob pays Ilaria 60 coins
[1779282571] client ID [7]:Giovanna pays Ilaria 35 coins
[1779282572] client ID [7]:Giacomo pays Bob 78 coins
[1779282573] client ID [7]:Giacomo pays Alice 52 coins
[1779282574] client ID [7]:Ilaria pays Bob 22 coins
[1779282575] client ID [7]:Alice pays Francesco 36 coins
[1779282576] client ID [7]:Alice pays Bob 45 coins
[1779282577] client ID [7]:Giacomo pays Francesco 95 coins
[1779282578] client ID [7]:Ilaria pays Giacomo 4 coins
[1779282579] client ID [7]:Bob pays Giacomo 64 coins
[1779282580] client ID [7]:Giovanna pays Alice 23 coins
[1779282581] client ID [7]:Giovanna pays Ilaria 69 coins
[1779282582] client ID [7]:Alice pays Bob 51 coins
[1779282583] client ID [7]:Francesco pays Bob 1 coins
[1779282584] client ID [7]:Giacomo pays Bob 20 coins
[1779282585] client ID [7]:Giacomo pays Alice 25 coins
[1779282586] client ID [7]:Francesco pays Giovanna 47 coins
[1779282587] client ID [7]:Alice pays Francesco 48 coins
[1779282588] client ID [7]:Giacomo pays Francesco 65 coins
[1779282589] client ID [7]:Bob pays Alice 70 coins
[1779282590] client ID [7]:Giacomo pays Giovanna 14 coins
[1779282591] client ID [7]:Giacomo pays Alice 8 coins
[1779282592] client ID [7]:Alice pays Giovanna 40 coins
[1779282593] client ID [7]:Giacomo pays Bob 59 coins
[1779282594] client ID [7]:Giovanna pays Francesco 12 coins
[1779282595] client ID [7]:Alice pays Giovanna 9 coins
[1779282596] client ID [7]:Giacomo pays Alice 2 coins
[1779282597] client ID [7]:Bob pays Giacomo 96 coins
[1779282598] client ID [7]:Giacomo pays Giovanna 55 coins
[1779282599] client ID [7]:Ilaria pays Giacomo 34 coins
[1779282600] client ID [7]:Ilaria pays Giacomo 37 coins
[1779282601] client ID [7]:Bob pays Alice 79 coins
[1779282602] client ID [7]:Bob pays Ilaria 99 coins
[1779282603] client ID [7]:Alice pays Ilaria 83 coins
[1779282604] client ID [7]:Alice pays Ilaria 79 coins
[1779282605] client ID [7]:Francesco pays Ilaria 66 coins
[1779282606] client ID [7]:Francesco pays Bob 88 coins
[1779282607] client ID [7]:Bob pays Giacomo 32 coins
[1779282608] client ID [7]:Francesco pays Alice 63 coins
[1779282609] client ID [7]:Bob pays Ilaria 35 coins
[1779282610] client ID [7]:Giacomo pays Ilaria 91 coins
[1779282611] client ID [7]:Bob pays Giovanna 23 coins
[1779282612] client ID [7]:Alice pays Giacomo 6 coins
[1779282613] client ID [7]:Alice pays Giacomo 52 coins
[1779282614] client ID [7]:Francesco pays Bob 32 coins
[1779282615] client ID [7]:Francesco pays Ilaria 67 coins
[1779282616] client ID [7]:Giovanna pays Francesco 34 coins
[1779282617] client ID [7]:Bob pays Alice 82 coins
[1779282618] client ID [7]:Ilaria pays Bob 65 coins
[1779282619] client ID [7]:Bob pays Giacomo 28 coins
[1779282620] client ID [7]:Ilaria pays Alice 90 coins
[1779282621] client ID [7]:Giacomo pays Bob 69 coins
[1779282622] client ID [7]:Giovanna pays Alice 34 coins
[1779282623] client ID [7]:Ilaria pays Francesco 36 coins
[1779282624] client ID [7]:Alice pays Bob 63 coins
[1779282625] client ID [7]:Giacomo pays Francesco 30 coins
[1779282626] client ID [7]:Giacomo pays Giovanna 61 coins
[1779282627] client ID [7]:Alice pays Giovanna 43 coins
[1779282628] client ID [7]:Ilaria pays Giovanna 9 coins
[1779282629] client ID [7]:Ilaria pays Bob 36 coins
[1779282630] client ID [7]:Francesco pays Bob 24 coins
[1779282631] client ID [7]:Ilaria pays Alice 90 coins
[1779282632] client ID [7]:Giacomo pays Francesco 25 coins
[1779282633] client ID [7]:Alice pays Giovanna 58 coins
[1779282634] client ID [7]:Francesco pays Giovanna 73 coins
[1779282635] client ID [7]:Bob pays Giacomo 62 coins
[1779282636] client ID [7]:Ilaria pays Francesco 93 coins
[1779282637] client ID [7]:Giacomo pays Francesco 30 coins
[1779282638] client ID [7]:Giacomo pays Alice 35 coins
[1779282639] client ID [7]:Giovanna pays Bob 88 coins
[1779282640] client ID [7]:Ilaria pays Giacomo 27 coins
[1779282641] client ID [7]:Alice pays Giacomo 16 coins
[1779282642] client ID [7]:Ilaria pays Bob 90 coins
[1779282643] client ID [7]:Ilaria pays Bob 58 coins
[1779282644] client ID [7]:Alice pays Giacomo 89 coins
[1779282645] client ID [7]:Giacomo pays Francesco 49 coins
[1779282646] client ID [7]:Giovanna pays Bob 69 coins
[1779282647] client ID [7]:Francesco pays Alice 30 coins
[1779282648] client ID [7]:Giovanna pays Alice 99 coins
[1779282649] client ID [7]:Bob pays Francesco 3 coins
[1779282650] client ID [7]:Francesco pays Giacomo 86 coins
[1779282651] client ID [7]:Bob pays Giovanna 40 coins
[1779282652] client ID [7]:Ilaria pays Bob 30 coins
[1779282653] client ID [7]:Alice pays Ilaria 87 coins
[1779282654] client ID [7]:Francesco pays Giovanna 75 coins
[1779282655] client ID [7]:Giovanna pays Francesco 24 coins
[1779282656] client ID [7]:Giovanna pays Giacomo 92 coins
[1779282657] client ID [7]:Alice pays Francesco 20 coins
[1779282658] client ID [7]:Ilaria pays Giovanna 19 coins
[1779282659] client ID [7]:Francesco pays Alice 19 coins
[1779282660] client ID [7]:Ilaria pays Giovanna 44 coins
[1779282661] client ID [7]:Giacomo pays Francesco 83 coins
[1779282662] client ID [7]:Ilaria pays Giacomo 61 coins
[1779282663] client ID [7]:Giacomo pays Ilaria 34 coins
[1779282664] client ID [7]:Alice pays Giovanna 28 coins
[1779282665] client ID [7]:Ilaria pays Giacomo 36 coins
[1779282666] client ID [7]:Alice pays Giovanna 47 coins
[1779282667] client ID [7]:Francesco pays Ilaria 58 coins
[1779282668] client ID [7]:Ilaria pays Giovanna 36 coins
[1779282669] client ID [7]:Francesco pays Ilaria 62 coins
[1779282670] client ID [7]:Giacomo pays Alice 70 coins
[1779282671] client ID [7]:Bob pays Francesco 15 coins
[1779282672] client ID [7]:Francesco pays Bob 11 coins
[1779282673] client ID [7]:Giovanna pays Bob 92 coins
[1779282674] client ID [7]:Alice pays Bob 20 coins
[1779282675] client ID [7]:Ilaria pays Alice 55 coins
[1779282676] client ID [7]:Giovanna pays Francesco 16 coins
[1779282677] client ID [7]:Alice pays Bob 86 coins
[1779282678] client ID [7]:Giacomo pays Giovanna 92 coins
[1779282679] client ID [7]:Giovanna pays Alice 21 coins
[1779282680] client ID [7]:Ilaria pays Alice 57 coins
[1779282681] client ID [7]:Giacomo pays Bob 40 coins
[1779282682] client ID [7]:Giacomo pays Ilaria 25 coins
[1779282683] client ID [7]:Giacomo pays Giovanna 15 coins
[1779282684] client ID [7]:Giacomo pays Francesco 32 coins
[1779282685] client ID [7]:Bob pays Giovanna 84 coins
[1779282686] client ID [7]:Ilaria pays Bob 1 coins
[1779282687] client ID [7]:Bob pays Alice 84 coins
[1779282688] client ID [7]:Francesco pays Giovanna 76 coins
[1779282689] client ID [7]:Alice pays Giovanna 96 coins
[1779282690] client ID [7]:Giovanna pays Alice 51 coins
[1779282691] client ID [7]:Bob pays Francesco 62 coins
[1779282692] client ID [7]:Francesco pays Bob 85 coins
[1779282693] client ID [7]:Bob pays Ilaria 99 coins
[1779282694] client ID [7]:Bob pays Giacomo 72 coins
[1779282695] client ID [7]:Giovanna pays Francesco 99 coins
[1779282696] client ID [7]:Ilaria pays Francesco 5 coins
[1779282697] client ID [7]:Bob pays Francesco 49 coins
[1779282698] client ID [7]:Ilaria pays Giovanna 64 coins
[1779282699] client ID [7]:Ilaria pays Giacomo 10 coins
[1779282700] client ID [7]:Francesco pays Giovanna 57 coins
[1779282701] client ID [7]:Ilaria pays Alice 20 coins
[1779282702] client ID [7]:Alice pays Bob 5 coins
[1779282703] client ID [7]:Bob pays Francesco 2 coins
[1779282704] client ID [7]:Alice pays Francesco 31 coins
[1779282705] client ID [7]:Giovanna pays Alice 45 coins
[1779282706] client ID [7]:Giacomo pays Bob 56 coins
[1779282707] client ID [7]:Francesco pays Giovanna 52 coins
[1779282708] client ID [7]:Giacomo pays Ilaria 19 coins
[1779282709] client ID [7]:Giovanna pays Francesco 82 coins
[1779282710] client ID [7]:Francesco pays Alice 96 coins
[1779282711] client ID [7]:Alice pays Giovanna 97 coins
[1779282712] client ID [7]:Bob pays Giovanna 83 coins
[1779282713] client ID [7]:Alice pays Bob 58 coins
[1779282714] client ID [7]:Giacomo pays Giovanna 81 coins
[1779282715] client ID [7]:Alice pays Giovanna 18 coins
[1779282716] client ID [7]:Giovanna pays Bob 84 coins
[1779282717] client ID [7]:Francesco pays Ilaria 34 coins
[1779282718] client ID [7]:Ilaria pays Francesco 52 coins
[1779282719] client ID [7]:Ilaria pays Bob 34 coins
[1779282720] client ID [7]:Giacomo pays Bob 28 coins
[1779282721] client ID [7]:Alice pays Ilaria 25 coins
[1779282722] client ID [7]:Giacomo pays Ilaria 6 coins
[1779282723] client ID [7]:Alice pays Giacomo 62 coins
[1779282724] client ID [7]:Ilaria pays Bob 43 coins
[1779282725] client ID [7]:Ilaria pays Alice 43 coins
[1779282726] client ID [7]:Ilaria pays Giacomo 25 coins
[1779282727] client ID [7]:Giacomo pays Bob 58 coins
[1779282728] client ID [7]:Alice pays Giacomo 10 coins
[1779282729] client ID [7]:Giovanna pays Alice 44 coins
[1779282730] client ID [7]:Bob pays Alice 69 coins
[1779282731] client ID [7]:Bob pays Ilaria 94 coins
[1779282732] client ID [7]:Bob pays Giacomo 97 coins
[1779282733] client ID [7]:Giacomo pays Francesco 59 coins
[1779282734] client ID [7]:Giovanna pays Ilaria 3 coins
[1779282735] client ID [7]:Giacomo pays Alice 61 coins
[1779282736] client ID [7]:Ilaria pays Giovanna 96 coins
[1779282737] client ID [7]:Alice pays Bob 28 coins
[1779282738] client ID [7]:Ilaria pays Alice 65 coins
[1779282739] client ID [7]:Giovanna pays Bob 85 coins
[1779282740] client ID [7]:Giovanna pays Ilaria 28 coins
[1779282741] client ID [7]:Francesco pays Giovanna 19 coins
[1779282742] client ID [7]:Giovanna pays Bob 81 coins
[1779282743] client ID [7]:Alice pays Bob 57 coins
[1779282744] client ID [7]:Alice pays Francesco 19 coins
[1779282745] client ID [7]:Francesco pays Giovanna 96 coins
[1779282746] client ID [7]:Francesco pays Alice 72 coins
[1779282747] client ID [7]:Giovanna pays Alice 89 coins
[1779282748] client ID [7]:Giovanna pays Bob 33 coins
[1779282749] client ID [7]:Ilaria pays Alice 52 coins
[1779282750] client ID [7]:Giacomo pays Alice 46 coins
[1779282751] client ID [7]:Giacomo pays Alice 83 coins
[1779282752] client ID [7]:Francesco pays Ilaria 1 coins
[1779282753] client ID [7]:Giovanna pays Giacomo 96 coins
[1779282754] client ID [7]:Francesco pays Ilaria 66 coins
[1779282755] client ID [7]:Bob pays Giacomo 99 coins
[1779282756] client ID [7]:Giacomo pays Bob 41 coins
[1779282757] client ID [7]:Francesco pays Alice 66 coins
[1779282758] client ID [7]:Alice pays Bob 16 coins
[1779282759] client ID [7]:Giacomo pays Francesco 51 coins
[1779282760] client ID [7]:Francesco pays Ilaria 5 coins
[1779282761] client ID [7]:Ilaria pays Alice 34 coins
[1779282762] client ID [7]:Ilaria pays Francesco 10 coins
[1779282763] client ID [7]:Bob pays Giacomo 43 coins
[1779282764] client ID [7]:Ilaria pays Alice 23 coins
[1779282765] client ID [7]:Giovanna pays Francesco 22 coins
[1779282766] client ID [7]:Alice pays Giacomo 61 coins
[1779282767] client ID [7]:Francesco pays Alice 25 coins
[1779282768] client ID [7]:Giovanna pays Giacomo 38 coins
[1779282769] client ID [7]:Giovanna pays Ilaria 88 coins
[1779282770] client ID [7]:Francesco pays Ilaria 42 coins
[1779282771] client ID [7]:Francesco pays Alice 4 coins
[1779282772] client ID [7]:Bob pays Francesco 65 coins
[1779282773] client ID [7]:Alice pays Bob 22 coins
[1779282774] client ID [7]:Bob pays Giacomo 44 coins
[1779282775] client ID [7]:Giovanna pays Ilaria 63 coins
[1779282776] client ID [7]:Giovanna pays Ilaria 24 coins
[1779282777] client ID [7]:Francesco pays Ilaria 48 coins
[1779282778] client ID [7]:Bob pays Alice 84 coins
[1779282779] client ID [7]:Bob pays Giacomo 25 coins
[1779282780] client ID [7]:Giacomo pays Giovanna 66 coins
[1779282781] client ID [7]:Bob pays Alice 70 coins
[1779282782] client ID [7]:Giovanna pays Francesco 35 coins
[1779282783] client ID [7]:Giovanna pays Ilaria 56 coins
[1779282784] client ID [7]:Giovanna pays Ilaria 99 coins
[1779282785] client ID [7]:Francesco pays Alice 63 coins
[1779282786] client ID [7]:Francesco pays Ilaria 84 coins
[1779282787] client ID [7]:Alice pays Francesco 31 coins
[1779282788] client ID [7]:Giacomo pays Giovanna 15 coins
[1779282789] client ID [7]:Francesco pays Ilaria 84 coins
[1779282790] client ID [7]:Bob pays Alice 46 coins
[1779282791] client ID [7]:Francesco pays Giovanna 31 coins
[1779282792] client ID [7]:Bob pays Francesco 46 coins
[1779282793] client ID [7]:Ilaria pays Giacomo 34 coins
[1779282794] client ID [7]:Giacomo pays Bob 62 coins
[1779282795] client ID [7]:Giacomo pays Ilaria 18 coins
[1779282796] client ID [7]:Giacomo pays Bob 79 coins
[1779282797] client ID [7]:Giovanna pays Bob 69 coins
[1779282798] client ID [7]:Alice pays Giacomo 74 coins
[1779282799] client ID [7]:Giacomo pays Ilaria 12 coins
[1779282800] client ID [7]:Bob pays Giacomo 58 coins
[1779282801] client ID [7]:Giovanna pays Ilaria 78 coins
[1779282802] client ID [7]:Alice pays Giovanna 71 coins
[1779282803] client ID [7]:Francesco pays Giacomo 64 coins
[1779282804] client ID [7]:Giacomo pays Francesco 15 coins
[1779282805] client ID [7]:Francesco pays Giovanna 54 coins
[1779282806] client ID [7]:Bob pays Alice 38 coins
[1779282807] client ID [7]:Bob pays Giacomo 7 coins
[1779282808] client ID [7]:Bob pays Francesco 79 coins
[1779282809] client ID [7]:Alice pays Ilaria 7 coins
[1779282810] client ID [7]:Giacomo pays Alice 81 coins
[1779282811] client ID [7]:Alice pays Giovanna 95 coins
[1779282812] client ID [7]:Giovanna pays Giacomo 57 coins
[1779282813] client ID [7]:Alice pays Giovanna 71 coins
[1779282814] client ID [7]:Francesco pays Alice 15 coins
[1779282815] client ID [7]:Ilaria pays Francesco 52 coins
[1779282816] client ID [7]:Giacomo pays Bob 57 coins
[1779282817] client ID [7]:Alice pays Giacomo 45 coins
[1779282818] client ID [7]:Francesco pays Alice 49 coins
[1779282819] client ID [7]:Ilaria pays Alice 28 coins
[1779282820] client ID [7]:Ilaria pays Alice 12 coins
[1779282821] client ID [7]:Ilaria pays Giovanna 44 coins
[1779282822] client ID [7]:Alice pays Bob 56 coins
[1779282823] client ID [7]:Giovanna pays Alice 10 coins
[1779282824] client ID [7]:Francesco pays Alice 22 coins
[1779282825] client ID [7]:Giovanna pays Bob 23 coins
[1779282826] client ID [7]:Bob pays Giovanna 62 coins
[1779282827] client ID [7]:Francesco pays Alice 83 coins
[1779282828] client ID [7]:Bob pays Ilaria 48 coins
[1779282829] client ID [7]:Giacomo pays Francesco 38 coins
[1779282830] client ID [7]:Bob pays Giacomo 22 coins
[1779282831] client ID [7]:Ilaria pays Giacomo 61 coins
[1779282832] client ID [7]:Alice pays Ilaria 97 coins
[1779282833] client ID [7]:Francesco pays Giovanna 20 coins
[1779282834] client ID [7]:Alice pays Francesco 91 coins
[1779282835] client ID [7]:Giacomo pays Alice 18 coins
[1779282836] client ID [7]:Giacomo pays Giovanna 77 coins
[1779282837] client ID [7]:Ilaria pays Giovanna 58 coins
[1779282838] client ID [7]:Ilaria pays Giacomo 82 coins
[1779282839] client ID [7]:Giacomo pays Alice 72 coins
[1779282840] client ID [7]:Francesco pays Giovanna 6 coins
[1779282841] client ID [7]:Giovanna pays Ilaria 93 coins
[1779282842] client ID [7]:Giovanna pays Alice 89 coins
[1779282843] client ID [7]:Francesco pays Alice 7 coins
[1779282844] client ID [7]:Ilaria pays Giovanna 76 coins
[1779282845] client ID [7]:Alice pays Giacomo 52 coins
[1779282846] client ID [7]:Bob pays Ilaria 85 coins
[1779282847] client ID [7]:Giovanna pays Francesco 77 coins
[1779282848] client ID [7]:Bob pays Francesco 97 coins
[1779282849] client ID [7]:Alice pays Ilaria 43 coins
[1779282850] client ID [7]:Alice pays Giacomo 81 coins
[1779282851] client ID [7]:Ilaria pays Alice 60 coins
[1779282852] client ID [7]:Bob pays Giacomo 83 coins
[1779282853] client ID [7]:Alice pays Giovanna 5 coins
[1779282854] client ID [7]:Ilaria pays Giovanna 1 coins
[1779282855] client ID [7]:Bob pays Francesco 45 coins
[1779282856] client ID [7]:Giovanna pays Giacomo 89 coins
[1779282857] client ID [7]:Alice pays Bob 37 coins
[1779282858] client ID [7]:Francesco pays Bob 26 coins
[1779282859] client ID [7]:Francesco pays Bob 90 coins
[1779282860] client ID [7]:Francesco pays Giovanna 46 coins
[1779282861] client ID [7]:Francesco pays Giovanna 70 coins
[1779282862] client ID [7]:Francesco pays Giovanna 72 coins
[1779282863] client ID [7]:Giacomo pays Francesco 84 coins
[1779282864] client ID [7]:Alice pays Giovanna 82 coins
[1779282865] client ID [7]:Alice pays Bob 69 coins
[1779282866] client ID [7]:Bob pays Giovanna 4 coins
[1779282867] client ID [7]:Giacomo pays Francesco 30 coins
[1779282868] client ID [7]:Bob pays Francesco 71 coins
[1779282869] client ID [7]:Ilaria pays Bob 17 coins
[1779282870] client ID [7]:Giovanna pays Ilaria 5 coins
[1779282871] client ID [7]:Giacomo pays Ilaria 86 coins
[1779282872] client ID [7]:Francesco pays Alice 68 coins
[1779282873] client ID [7]:Bob pays Francesco 15 coins
[1779282874] client ID [7]:Ilaria pays Giovanna 30 coins
[1779282875] client ID [7]:Giovanna pays Francesco 22 coins
[1779282876] client ID [7]:Francesco pays Giacomo 77 coins
[1779282877] client ID [7]:Bob pays Francesco 58 coins
[1779282878] client ID [7]:Giovanna pays Bob 29 coins
[1779282879] client ID [7]:Giacomo pays Alice 45 coins
[1779282880] client ID [7]:Bob pays Francesco 89 coins
[1779282881] client ID [7]:Alice pays Bob 74 coins
[1779282882] client ID [7]:Giovanna pays Bob 40 coins
[1779282883] client ID [7]:Bob pays Ilaria 54 coins
[1779282884] client ID [7]:Ilaria pays Giacomo 81 coins
[1779282885] client ID [7]:Giacomo pays Bob 4 coins
[1779282886] client ID [7]:Giovanna pays Alice 78 coins
[1779282887] client ID [7]:Ilaria pays Giacomo 37 coins
[1779282888] client ID [7]:Francesco pays Ilaria 69 coins
[1779282889] client ID [7]:Giovanna pays Alice 45 coins
[1779282890] client ID [7]:Ilaria pays Francesco 32 coins
[1779282891] client ID [7]:Bob pays Ilaria 4 coins
[1779282892] client ID [7]:Ilaria pays Francesco 43 coins
[1779282893] client ID [7]:Giovanna pays Giacomo 94 coins
[1779282894] client ID [7]:Giacomo pays Francesco 76 coins
[1779282895] client ID [7]:Ilaria pays Giacomo 77 coins
[1779282896] client ID [7]:Ilaria pays Alice 77 coins
[1779282897] client ID [7]:Alice pays Giacomo 14 coins
[1779282898] client ID [7]:Giovanna pays Alice 80 coins
[1779282899] client ID [7]:Francesco pays Alice 23 coins
[1779282900] client ID [7]:Bob pays Giovanna 53 coins
[1779282901] client ID [7]:Giovanna pays Giacomo 56 coins
[1779282902] client ID [7]:Ilaria pays Bob 97 coins
[1779282903] client ID [7]:Francesco pays Alice 89 coins
[1779282904] client ID [7]:Bob pays Francesco 65 coins
[1779282905] client ID [7]:Francesco pays Bob 40 coins
[1779282906] client ID [7]:Giacomo pays Francesco 94 coins
[1779282907] client ID [7]:Ilaria pays Giacomo 82 coins
[1779282908] client ID [7]:Francesco pays Bob 32 coins
[1779282909] client ID [7]:Francesco pays Ilaria 79 coins
[1779282910] client ID [7]:Francesco pays Bob 56 coins
[1779282911] client ID [7]:Ilaria pays Francesco 38 coins
[1779282912] client ID [7]:Francesco pays Bob 79 coins
[1779282913] client ID [7]:Giovanna pays Giacomo 19 coins
[1779282914] client ID [7]:Giacomo pays Bob 35 coins
[1779282915] client ID [7]:Alice pays Bob 43 coins
[1779282916] client ID [7]:Giovanna pays Ilaria 48 coins
[1779282917] client ID [7]:Bob pays Giovanna 80 coins
[1779282918] client ID [7]:Ilaria pays Alice 67 coins
[1779282919] client ID [7]:Alice pays Giovanna 63 coins
[1779282920] client ID [7]:Giovanna pays Alice 4 coins
[1779282921] client ID [7]:Alice pays Giacomo 43 coins
[1779282922] client ID [7]:Giacomo pays Ilaria 3 coins
[1779282923] client ID [7]:Giacomo pays Alice 20 coins
[1779282924] client ID [7]:Giovanna pays Bob 54 coins
[1779282925] client ID [7]:Ilaria pays Alice 94 coins
[1779282926] client ID [7]:Giacomo pays Ilaria 5 coins
[1779282927] client ID [7]:Giacomo pays Giovanna 63 coins
[1779282928] client ID [7]:Francesco pays Ilaria 55 coins
[1779282929] client ID [7]:Alice pays Ilaria 27 coins
[1779282930] client ID [7]:Giovanna pays Ilaria 54 coins
[1779282931] client ID [7]:Ilaria pays Bob 18 coins
[1779282932] client ID [7]:Ilaria pays Francesco 58 coins
[1779282933] client ID [7]:Francesco pays Ilaria 63 coins
[1779282934] client ID [7]:Alice pays Giovanna 15 coins
[1779282935] client ID [7]:Bob pays Francesco 22 coins
[1779282936] client ID [7]:Francesco pays Giacomo 14 coins
[1779282937] client ID [7]:Francesco pays Bob 84 coins
[1779282938] client ID [7]:Bob pays Giovanna 21 coins
[1779282939] client ID [7]:Francesco pays Giovanna 85 coins
[1779282940] client ID [7]:Giacomo pays Alice 92 coins
[1779282941] client ID [7]:Giacomo pays Bob 4 coins
[1779282942] client ID [7]:Giovanna pays Ilaria 87 coins
[1779282943] client ID [7]:Ilaria pays Giovanna 79 coins
[1779282944] client ID [7]:Giacomo pays Giovanna 54 coins
[1779282945] client ID [7]:Alice pays Giovanna 66 coins
[1779282946] client ID [7]:Ilaria pays Alice 76 coins
[1779282947] client ID [7]:Giacomo pays Bob 29 coins
[1779282948] client ID [7]:Giacomo pays Ilaria 29 coins
[1779282949] client ID [7]:Bob pays Alice 14 coins
[1779282950] client ID [7]:Alice pays Francesco 4 coins
[1779282951] client ID [7]:Giacomo pays Ilaria 5 coins
[1779282952] client ID [7]:Giacomo pays Bob 91 coins
[1779282953] client ID [7]:Giovanna pays Bob 71 coins
[1779282954] client ID [7]:Alice pays Ilaria 25 coins
[1779282955] client ID [7]:Francesco pays Bob 97 coins
[1779282956] client ID [7]:Giacomo pays Ilaria 84 coins
[1779282957] client ID [7]:Ilaria pays Giovanna 55 coins
[1779282958] client ID [7]:Giacomo pays Bob 86 coins
[1779282959] client ID [7]:Alice pays Giacomo 97 coins
[1779282960] client ID [7]:Giacomo pays Ilaria 1 coins
[1779282961] client ID [7]:Giovanna pays Giacomo 6 coins
[1779282962] client ID [7]:Giovanna pays Francesco 94 coins
[1779282963] client ID [7]:Giovanna pays Giacomo 65 coins
[1779282964] client ID [7]:Alice pays Bob 87 coins
[1779282965] client ID [7]:Ilaria pays Giovanna 85 coins
[1779282966] client ID [7]:Alice pays Ilaria 67 coins
[1779282967] client ID [7]:Ilaria pays Giacomo 22 coins
[1779282968] client ID [7]:Alice pays Giovanna 65 coins
[1779282969] client ID [7]:Bob pays Giovanna 33 coins
[1779282970] client ID [7]:Alice pays Ilaria 34 coins
[1779282971] client ID [7]:Alice pays Giovanna 37 coins
[1779282972] client ID [7]:Giovanna pays Alice 31 coins
[1779282973] client ID [7]:Ilaria pays Francesco 94 coins
[1779282974] client ID [7]:Bob pays Giacomo 81 coins
[1779282975] client ID [7]:Giovanna pays Giacomo 64 coins
[1779282976] client ID [7]:Giovanna pays Ilaria 31 coins
[1779282977] client ID [7]:Francesco pays Alice 52 coins
[1779282978] client ID [7]:Francesco pays Bob 16 coins
[1779282979] client ID [7]:Francesco pays Giovanna 30 coins
[1779282980] client ID [7]:Alice pays Giacomo 74 coins
[1779282981] client ID [7]:Alice pays Giovanna 62 coins
[1779282982] client ID [7]:Francesco pays Bob 5 coins
[1779282983] client ID [7]:Giovanna pays Bob 61 coins
[1779282984] client ID [7]:Giacomo pays Francesco 26 coins
[1779282985] client ID [7]:Ilaria pays Giovanna 55 coins
[1779282986] client ID [7]:Francesco pays Giovanna 75 coins
[1779282987] client ID [7]:Francesco pays Bob 75 coins
[1779282988] client ID [7]:Giovanna pays Giacomo 57 coins
[1779282989] client ID [7]:Giovanna pays Ilaria 36 coins
[1779282990] client ID [7]:Giacomo pays Alice 72 coins
[1779282991] client ID [7]:Bob pays Giovanna 19 coins
[1779282992] client ID [7]:Ilaria pays Giovanna 50 coins
[1779282993] client ID [7]:Client shutting down
[1779282993] client ID [7]:client chiuso
