[1779286455] client ID [4]:client avviato correttamente
[1779286455] client ID [4]:Client started
[1779286455] client ID [4]:Bob pays Giacomo 15 coins
[1779286456] client ID [4]:Francesco pays Bob 15 coins
[1779286457] client ID [4]:Giovanna pays Giacomo 17 coins
[1779286458] client ID [4]:Ilaria pays Bob 78 coins
[1779286459] client ID [4]:Alice pays Bob 26 coins
[1779286460] client ID [4]:Ilaria pays Alice 27 coins
[1779286461] client ID [4]:Ilaria pays Giacomo 31 coins
[1779286462] client ID [4]:Bob pays Ilaria 23 coins
[1779286463] client ID [4]:Giovanna pays Giacomo 62 coins
[1779286464] client ID [4]:Francesco pays Alice 22 coins
[1779286465] client ID [4]:Alice pays Francesco 18 coins
[1779286466] client ID [4]:Giacomo pays Alice 48 coins
[1779286467] client ID [4]:Bob pays Francesco 64 coins
[1779286468] client ID [4]:Francesco pays Giacomo 41 coins
[1779286469] client ID [4]:Giovanna pays Alice 66 coins
[1779286470] client ID [4]:Francesco pays Alice 92 coins
[1779286471] client ID [4]:Bob pays Francesco 22 coins
[1779286472] client ID [4]:Bob pays Giacomo 42 coins
[1779286473] client ID [4]:Ilaria pays Giacomo 15 coins
[1779286474] client ID [4]:Francesco pays Ilaria 51 coins
[1779286475] client ID [4]:Giovanna pays Francesco 47 coins
[1779286476] client ID [4]:Giovanna pays Bob 88 coins
[1779286477] client ID [4]:Francesco pays Bob 80 coins
[1779286478] client ID [4]:Giacomo pays Ilaria 52 coins
[1779286479] client ID [4]:Alice pays Bob 27 coins
