[1779286680] client ID [0]:client avviato correttamente
[1779286680] client ID [0]:Client started
[1779286680] client ID [0]:Giovanna pays Giacomo 61 coins
[1779286681] client ID [0]:Ilaria pays Giacomo 17 coins
[1779286682] client ID [0]:Ilaria pays Giovanna 9 coins
[1779286683] client ID [0]:Giovanna pays Ilaria 67 coins
[1779286684] client ID [0]:Alice pays Ilaria 65 coins
[1779286685] client ID [0]:Giovanna pays Francesco 79 coins
[1779286686] client ID [0]:Giovanna pays Giacomo 74 coins
[1779286687] client ID [0]:Alice pays Giacomo 61 coins
[1779286688] client ID [0]:Francesco pays Giovanna 54 coins
[1779286689] client ID [0]:Alice pays Giacomo 35 coins
[1779286690] client ID [0]:Ilaria pays Alice 57 coins
[1779286691] client ID [0]:Ilaria pays Francesco 80 coins
[1779286692] client ID [0]:Giacomo pays Francesco 34 coins
[1779286693] client ID [0]:Bob pays Alice 17 coins
[1779286694] client ID [0]:Giovanna pays Francesco 2 coins
[1779286695] client ID [0]:Giacomo pays Bob 81 coins
[1779286696] client ID [0]:Bob pays Giovanna 56 coins
[1779286697] client ID [0]:Bob pays Alice 17 coins
[1779286698] client ID [0]:Ilaria pays Giovanna 68 coins
[1779286699] client ID [0]:Giovanna pays Giacomo 3 coins
[1779286700] client ID [0]:Giacomo pays Alice 31 coins
[1779286701] client ID [0]:Bob pays Francesco 79 coins
[1779286702] client ID [0]:Francesco pays Giovanna 54 coins
[1779286703] client ID [0]:Francesco pays Bob 32 coins
[1779286704] client ID [0]:Alice pays Ilaria 13 coins
[1779286705] client ID [0]:Giacomo pays Alice 94 coins
[1779286706] client ID [0]:Bob pays Giovanna 48 coins
[1779286707] client ID [0]:Giovanna pays Alice 62 coins
[1779286708] client ID [0]:Francesco pays Ilaria 30 coins
[1779286709] client ID [0]:Alice pays Giovanna 30 coins
[1779286710] client ID [0]:Ilaria pays Alice 87 coins
[1779286711] client ID [0]:Francesco pays Bob 23 coins
[1779286712] client ID [0]:Giovanna pays Giacomo 92 coins
[1779286713] client ID [0]:Giacomo pays Bob 75 coins
[1779286714] client ID [0]:Alice pays Giacomo 66 coins
[1779286715] client ID [0]:Alice pays Ilaria 67 coins
[1779286716] client ID [0]:Bob pays Giovanna 98 coins
[1779286717] client ID [0]:Giacomo pays Alice 9 coins
[1779286718] client ID [0]:Alice pays Ilaria 77 coins
[1779286719] client ID [0]:Giacomo pays Alice 86 coins
[1779286720] client ID [0]:Giacomo pays Giovanna 73 coins
[1779286721] client ID [0]:Alice pays Giovanna 77 coins
[1779286722] client ID [0]:Giovanna pays Bob 99 coins
[1779286723] client ID [0]:Alice pays Giacomo 52 coins
[1779286724] client ID [0]:Giacomo pays Ilaria 72 coins
[1779286725] client ID [0]:Alice pays Ilaria 26 coins
[1779286726] client ID [0]:Alice pays Francesco 20 coins
[1779286727] client ID [0]:Alice pays Bob 39 coins
[1779286728] client ID [0]:Alice pays Francesco 16 coins
[1779286729] client ID [0]:Ilaria pays Francesco 54 coins
[1779286730] client ID [0]:Ilaria pays Giovanna 83 coins
[1779286731] client ID [0]:Alice pays Bob 53 coins
[1779286732] client ID [0]:Francesco pays Bob 11 coins
[1779286733] client ID [0]:Client shutting down
[1779286733] client ID [0]:client chiuso
