[1779282101] client ID [5]:client avviato correttamente
[1779282101] client ID [5]:Client started
[1779282101] client ID [5]:Alice pays Ilaria 15 coins
[1779282102] client ID [5]:Alice pays Francesco 94 coins
[1779282103] client ID [5]:Giovanna pays Bob 53 coins
[1779282104] client ID [5]:Giacomo pays Bob 99 coins
[1779282105] client ID [5]:Giovanna pays Francesco 5 coins
[1779282106] client ID [5]:Giacomo pays Ilaria 62 coins
[1779282107] client ID [5]:Francesco pays Giovanna 34 coins
[1779282108] client ID [5]:Ilaria pays Giacomo 38 coins
[1779282109] client ID [5]:Giacomo pays Alice 35 coins
[1779282110] client ID [5]:Ilaria pays Francesco 45 coins
[1779282111] client ID [5]:Bob pays Francesco 63 coins
[1779282112] client ID [5]:Francesco pays Ilaria 22 coins
[1779282113] client ID [5]:Bob pays Giovanna 21 coins
[1779282114] client ID [5]:Ilaria pays Alice 23 coins
[1779282115] client ID [5]:Bob pays Giacomo 72 coins
[1779282116] client ID [5]:Giovanna pays Francesco 1 coins
[1779282117] client ID [5]:Bob pays Alice 13 coins
[1779282118] client ID [5]:Giacomo pays Bob 43 coins
[1779282119] client ID [5]:Ilaria pays Bob 24 coins
[1779282120] client ID [5]:Bob pays Giacomo 38 coins
[1779282121] client ID [5]:Ilaria pays Bob 86 coins
[1779282122] client ID [5]:Alice pays Giacomo 30 coins
[1779282123] client ID [5]:Bob pays Francesco 75 coins
[1779282124] client ID [5]:Bob pays Giacomo 90 coins
[1779282125] client ID [5]:Alice pays Giovanna 32 coins
[1779282126] client ID [5]:Giovanna pays Alice 61 coins
[1779282127] client ID [5]:Giacomo pays Giovanna 19 coins
[1779282128] client ID [5]:Ilaria pays Alice 23 coins
[1779282129] client ID [5]:Ilaria pays Giacomo 3 coins
[1779282130] client ID [5]:Giacomo pays Giovanna 50 coins
[1779282131] client ID [5]:Alice pays Bob 38 coins
[1779282132] client ID [5]:Bob pays Alice 96 coins
[1779282133] client ID [5]:Bob pays Giovanna 85 coins
[1779282134] client ID [5]:Alice pays Francesco 15 coins
[1779282135] client ID [5]:Giovanna pays Francesco 99 coins
[1779282136] client ID [5]:Giacomo pays Bob 12 coins
[1779282137] client ID [5]:Alice pays Francesco 78 coins
[1779282138] client ID [5]:Alice pays Giacomo 34 coins
[1779282139] client ID [5]:Alice pays Giacomo 84 coins
[1779282140] client ID [5]:Francesco pays Giacomo 2 coins
[1779282141] client ID [5]:Giacomo pays Bob 8 coins
[1779282142] client ID [5]:Francesco pays Alice 23 coins
[1779282143] client ID [5]:Francesco pays Alice 30 coins
[1779282144] client ID [5]:Alice pays Ilaria 47 coins
[1779282145] client ID [5]:Francesco pays Giovanna 24 coins
[1779282146] client ID [5]:Giacomo pays Francesco 45 coins
[1779282147] client ID [5]:Ilaria pays Giovanna 40 coins
[1779282148] client ID [5]:Giovanna pays Alice 1 coins
[1779282149] client ID [5]:Giovanna pays Francesco 78 coins
[1779282150] client ID [5]:Francesco pays Ilaria 95 coins
[1779282151] client ID [5]:Ilaria pays Giovanna 33 coins
[1779282152] client ID [5]:Ilaria pays Giacomo 61 coins
[1779282153] client ID [5]:Francesco pays Ilaria 76 coins
[1779282154] client ID [5]:Ilaria pays Francesco 2 coins
[1779282155] client ID [5]:Giovanna pays Alice 69 coins
[1779282156] client ID [5]:Alice pays Ilaria 14 coins
[1779282157] client ID [5]:Bob pays Ilaria 51 coins
[1779282158] client ID [5]:Ilaria pays Giacomo 64 coins
[1779282159] client ID [5]:Giovanna pays Francesco 9 coins
[1779282160] client ID [5]:Ilaria pays Bob 55 coins
[1779282161] client ID [5]:Giacomo pays Francesco 7 coins
[1779282162] client ID [5]:Francesco pays Giovanna 78 coins
[1779282163] client ID [5]:Giovanna pays Ilaria 79 coins
[1779282164] client ID [5]:Francesco pays Giovanna 27 coins
[1779282165] client ID [5]:Alice pays Giovanna 80 coins
[1779282166] client ID [5]:Ilaria pays Francesco 52 coins
[1779282167] client ID [5]:Francesco pays Bob 4 coins
[1779282168] client ID [5]:Ilaria pays Giacomo 16 coins
[1779282169] client ID [5]:Alice pays Ilaria 59 coins
[1779282170] client ID [5]:Alice pays Giovanna 12 coins
[1779282171] client ID [5]:Bob pays Giacomo 26 coins
[1779282172] client ID [5]:Francesco pays Giacomo 15 coins
[1779282173] client ID [5]:Francesco pays Ilaria 5 coins
[1779282174] client ID [5]:Francesco pays Bob 20 coins
[1779282175] client ID [5]:Francesco pays Alice 97 coins
[1779282176] client ID [5]:Bob pays Francesco 48 coins
[1779282177] client ID [5]:Giacomo pays Alice 37 coins
[1779282178] client ID [5]:Giacomo pays Alice 55 coins
[1779282179] client ID [5]:Alice pays Bob 26 coins
[1779282180] client ID [5]:Bob pays Giacomo 3 coins
[1779282181] client ID [5]:Alice pays Francesco 42 coins
[1779282182] client ID [5]:Ilaria pays Alice 84 coins
[1779282183] client ID [5]:Giovanna pays Francesco 31 coins
[1779282184] client ID [5]:Giovanna pays Bob 56 coins
[1779282185] client ID [5]:Ilaria pays Giovanna 33 coins
[1779282186] client ID [5]:Giovanna pays Giacomo 58 coins
[1779282187] client ID [5]:Giovanna pays Giacomo 94 coins
[1779282188] client ID [5]:Giacomo pays Alice 49 coins
[1779282189] client ID [5]:Alice pays Giacomo 72 coins
[1779282190] client ID [5]:Bob pays Francesco 74 coins
[1779282191] client ID [5]:Giacomo pays Ilaria 25 coins
[1779282192] client ID [5]:Francesco pays Alice 7 coins
[1779282193] client ID [5]:Francesco pays Bob 42 coins
[1779282194] client ID [5]:Giacomo pays Ilaria 28 coins
[1779282195] client ID [5]:Bob pays Alice 69 coins
[1779282196] client ID [5]:Francesco pays Giovanna 23 coins
[1779282197] client ID [5]:Bob pays Giovanna 96 coins
[1779282198] client ID [5]:Giacomo pays Giovanna 28 coins
[1779282199] client ID [5]:Alice pays Giacomo 99 coins
[1779282200] client ID [5]:Giacomo pays Giovanna 71 coins
[1779282201] client ID [5]:Client shutting down
[1779282201] client ID [5]:client chiuso
