[1779269595] client ID [0]:client avviato correttamente
[1779269595] client ID [0]:Client started
[1779269595] client ID [0]:Ilaria pays Giovanna 24 coins
[1779269599] client ID [0]:Ilaria pays Alice 58 coins
[1779269603] client ID [0]:Alice pays Giovanna 48 coins
[1779269607] client ID [0]:Alice pays Giacomo 26 coins
[1779269611] client ID [0]:Francesco pays Giacomo 17 coins
[1779269615] client ID [0]:Bob pays Alice 13 coins
[1779269619] client ID [0]:Bob pays Giacomo 7 coins
[1779269623] client ID [0]:Ilaria pays Bob 6 coins
[1779269627] client ID [0]:Bob pays Giacomo 82 coins
[1779269631] client ID [0]:Alice pays Ilaria 85 coins
[1779269635] client ID [0]:Giovanna pays Ilaria 65 coins
[1779269639] client ID [0]:Giovanna pays Alice 80 coins
[1779269643] client ID [0]:Bob pays Alice 86 coins
[1779269647] client ID [0]:Giacomo pays Ilaria 10 coins
[1779269651] client ID [0]:Bob pays Giovanna 24 coins
[1779269655] client ID [0]:Giovanna pays Alice 37 coins
[1779269659] client ID [0]:Ilaria pays Bob 53 coins
[1779269663] client ID [0]:Giacomo pays Ilaria 85 coins
[1779269667] client ID [0]:Francesco pays Bob 80 coins
[1779269671] client ID [0]:Alice pays Francesco 92 coins
[1779269676] client ID [0]:Ilaria pays Giovanna 11 coins
[1779269680] client ID [0]:Francesco pays Bob 51 coins
[1779269681] client ID [0]:Client shutting down
[1779269681] client ID [0]:client chiuso
