[1779286680] client ID [1]:client avviato correttamente
[1779286680] client ID [1]:Client started
[1779286680] client ID [1]:Bob pays Giovanna 42 coins
[1779286681] client ID [1]:Alice pays Ilaria 99 coins
[1779286682] client ID [1]:Giacomo pays Bob 37 coins
[1779286683] client ID [1]:Ilaria pays Giovanna 90 coins
[1779286684] client ID [1]:Alice pays Francesco 68 coins
[1779286685] client ID [1]:Giacomo pays Giovanna 95 coins
[1779286686] client ID [1]:Alice pays Ilaria 19 coins
[1779286687] client ID [1]:Ilaria pays Giacomo 64 coins
[1779286688] client ID [1]:Giovanna pays Giacomo 34 coins
[1779286689] client ID [1]:Ilaria pays Francesco 60 coins
[1779286690] client ID [1]:Francesco pays Alice 2 coins
[1779286691] client ID [1]:Giovanna pays Bob 98 coins
[1779286692] client ID [1]:Bob pays Giovanna 36 coins
[1779286693] client ID [1]:Francesco pays Ilaria 24 coins
[1779286694] client ID [1]:Giovanna pays Bob 91 coins
[1779286695] client ID [1]:Alice pays Bob 85 coins
[1779286696] client ID [1]:Alice pays Giacomo 4 coins
[1779286697] client ID [1]:Giovanna pays Bob 66 coins
[1779286698] client ID [1]:Francesco pays Giovanna 88 coins
[1779286699] client ID [1]:Giovanna pays Francesco 19 coins
[1779286700] client ID [1]:Ilaria pays Bob 59 coins
[1779286701] client ID [1]:Giacomo pays Alice 71 coins
[1779286702] client ID [1]:Giacomo pays Ilaria 36 coins
[1779286703] client ID [1]:Bob pays Giacomo 34 coins
[1779286704] client ID [1]:Ilaria pays Giovanna 88 coins
[1779286705] client ID [1]:Giovanna pays Giacomo 89 coins
[1779286706] client ID [1]:Francesco pays Bob 55 coins
[1779286707] client ID [1]:Alice pays Ilaria 41 coins
[1779286708] client ID [1]:Alice pays Ilaria 71 coins
[1779286709] client ID [1]:Ilaria pays Alice 89 coins
[1779286710] client ID [1]:Alice pays Bob 47 coins
[1779286711] client ID [1]:Ilaria pays Giacomo 18 coins
[1779286712] client ID [1]:Alice pays Giovanna 51 coins
[1779286713] client ID [1]:Alice pays Giacomo 94 coins
[1779286714] client ID [1]:Bob pays Giacomo 80 coins
[1779286715] client ID [1]:Ilaria pays Francesco 69 coins
[1779286716] client ID [1]:Bob pays Giacomo 23 coins
[1779286717] client ID [1]:Giacomo pays Ilaria 63 coins
[1779286718] client ID [1]:Alice pays Bob 40 coins
[1779286719] client ID [1]:Francesco pays Ilaria 74 coins
[1779286720] client ID [1]:Giacomo pays Bob 64 coins
[1779286721] client ID [1]:Ilaria pays Bob 43 coins
[1779286722] client ID [1]:Giacomo pays Alice 34 coins
[1779286723] client ID [1]:Ilaria pays Francesco 26 coins
[1779286724] client ID [1]:Giacomo pays Ilaria 6 coins
[1779286725] client ID [1]:Giovanna pays Alice 3 coins
[1779286726] client ID [1]:Bob pays Francesco 39 coins
[1779286727] client ID [1]:Giovanna pays Francesco 99 coins
[1779286728] client ID [1]:Bob pays Giacomo 37 coins
[1779286729] client ID [1]:Giacomo pays Bob 12 coins
[1779286730] client ID [1]:Ilaria pays Giovanna 75 coins
[1779286731] client ID [1]:Alice pays Giovanna 16 coins
[1779286732] client ID [1]:Ilaria pays Giovanna 48 coins
[1779286733] client ID [1]:Client shutting down
[1779286733] client ID [1]:client chiuso
