[1779282249] client ID [10]:client avviato correttamente
[1779282249] client ID [10]:Client started
[1779282249] client ID [10]:Ilaria pays Alice 87 coins
[1779282250] client ID [10]:Ilaria pays Bob 64 coins
[1779282251] client ID [10]:Francesco pays Alice 43 coins
[1779282252] client ID [10]:Giacomo pays Alice 70 coins
[1779282253] client ID [10]:Alice pays Francesco 92 coins
[1779282254] client ID [10]:Bob pays Francesco 79 coins
[1779282255] client ID [10]:Giovanna pays Bob 74 coins
[1779282256] client ID [10]:Francesco pays Bob 84 coins
[1779282257] client ID [10]:Giovanna pays Bob 78 coins
[1779282258] client ID [10]:Francesco pays Bob 15 coins
[1779282259] client ID [10]:Giacomo pays Alice 15 coins
[1779282260] client ID [10]:Alice pays Bob 97 coins
[1779282261] client ID [10]:Alice pays Francesco 79 coins
[1779282262] client ID [10]:Giacomo pays Giovanna 27 coins
[1779282263] client ID [10]:Bob pays Ilaria 16 coins
[1779282264] client ID [10]:Giacomo pays Francesco 80 coins
[1779282265] client ID [10]:Francesco pays Ilaria 90 coins
[1779282266] client ID [10]:Ilaria pays Giacomo 74 coins
[1779282267] client ID [10]:Ilaria pays Alice 51 coins
[1779282268] client ID [10]:Giacomo pays Francesco 20 coins
[1779282269] client ID [10]:Ilaria pays Alice 91 coins
[1779282270] client ID [10]:Giacomo pays Bob 26 coins
[1779282271] client ID [10]:Alice pays Francesco 18 coins
[1779282272] client ID [10]:Bob pays Giacomo 32 coins
[1779282273] client ID [10]:Francesco pays Giovanna 12 coins
[1779282274] client ID [10]:Ilaria pays Giacomo 99 coins
[1779282275] client ID [10]:Francesco pays Giovanna 71 coins
[1779282276] client ID [10]:Bob pays Alice 49 coins
[1779282277] client ID [10]:Bob pays Francesco 67 coins
[1779282278] client ID [10]:Giovanna pays Francesco 65 coins
[1779282279] client ID [10]:Giacomo pays Bob 70 coins
[1779282280] client ID [10]:Alice pays Giacomo 85 coins
[1779282281] client ID [10]:Giacomo pays Giovanna 17 coins
[1779282282] client ID [10]:Francesco pays Bob 54 coins
[1779282283] client ID [10]:Francesco pays Giacomo 17 coins
[1779282284] client ID [10]:Bob pays Francesco 33 coins
[1779282285] client ID [10]:Giovanna pays Francesco 92 coins
[1779282286] client ID [10]:Alice pays Giacomo 33 coins
[1779282287] client ID [10]:Alice pays Ilaria 97 coins
[1779282288] client ID [10]:Alice pays Giovanna 86 coins
[1779282289] client ID [10]:Alice pays Bob 41 coins
[1779282290] client ID [10]:Alice pays Giovanna 58 coins
[1779282291] client ID [10]:Francesco pays Giacomo 82 coins
[1779282292] client ID [10]:Alice pays Francesco 40 coins
[1779282293] client ID [10]:Ilaria pays Francesco 57 coins
[1779282294] client ID [10]:Ilaria pays Alice 35 coins
[1779282295] client ID [10]:Giacomo pays Francesco 77 coins
[1779282296] client ID [10]:Giacomo pays Giovanna 77 coins
[1779282297] client ID [10]:Giovanna pays Giacomo 9 coins
[1779282298] client ID [10]:Alice pays Ilaria 77 coins
[1779282299] client ID [10]:Giacomo pays Ilaria 91 coins
[1779282300] client ID [10]:Alice pays Giacomo 46 coins
[1779282301] client ID [10]:Ilaria pays Alice 55 coins
[1779282302] client ID [10]:Giacomo pays Alice 79 coins
[1779282303] client ID [10]:Giovanna pays Bob 58 coins
[1779282304] client ID [10]:Alice pays Giacomo 52 coins
[1779282305] client ID [10]:Francesco pays Bob 78 coins
[1779282306] client ID [10]:Bob pays Ilaria 99 coins
[1779282307] client ID [10]:Bob pays Alice 6 coins
[1779282308] client ID [10]:Alice pays Francesco 83 coins
[1779282309] client ID [10]:Giacomo pays Giovanna 91 coins
[1779282310] client ID [10]:Ilaria pays Giacomo 49 coins
[1779282311] client ID [10]:Bob pays Ilaria 10 coins
[1779282312] client ID [10]:Giovanna pays Bob 63 coins
[1779282313] client ID [10]:Giovanna pays Alice 19 coins
[1779282314] client ID [10]:Ilaria pays Alice 68 coins
[1779282315] client ID [10]:Giacomo pays Ilaria 44 coins
[1779282316] client ID [10]:Alice pays Francesco 55 coins
[1779282317] client ID [10]:Giacomo pays Ilaria 46 coins
[1779282318] client ID [10]:Bob pays Ilaria 58 coins
[1779282319] client ID [10]:Giovanna pays Francesco 89 coins
[1779282320] client ID [10]:Bob pays Francesco 22 coins
[1779282321] client ID [10]:Giovanna pays Ilaria 39 coins
[1779282322] client ID [10]:Ilaria pays Giovanna 82 coins
[1779282323] client ID [10]:Alice pays Giacomo 64 coins
[1779282324] client ID [10]:Ilaria pays Alice 6 coins
[1779282325] client ID [10]:Giovanna pays Francesco 60 coins
[1779282326] client ID [10]:Bob pays Alice 4 coins
[1779282327] client ID [10]:Giovanna pays Bob 59 coins
[1779282328] client ID [10]:Alice pays Bob 6 coins
[1779282329] client ID [10]:Alice pays Bob 99 coins
[1779282329] client ID [10]:Client shutting down
[1779282329] client ID [10]:client chiuso
