[1779286455] client ID [1]:client avviato correttamente
[1779286455] client ID [1]:Client started
[1779286455] client ID [1]:Giacomo pays Ilaria 89 coins
[1779286456] client ID [1]:Giovanna pays Alice 64 coins
[1779286457] client ID [1]:Francesco pays Giovanna 75 coins
[1779286458] client ID [1]:Giacomo pays Alice 11 coins
[1779286459] client ID [1]:Ilaria pays Bob 3 coins
[1779286460] client ID [1]:Bob pays Giovanna 12 coins
[1779286461] client ID [1]:Giovanna pays Alice 52 coins
[1779286462] client ID [1]:Alice pays Ilaria 36 coins
[1779286463] client ID [1]:Giovanna pays Giacomo 9 coins
[1779286464] client ID [1]:Francesco pays Ilaria 44 coins
[1779286465] client ID [1]:Ilaria pays Francesco 33 coins
[1779286466] client ID [1]:Francesco pays Giovanna 94 coins
[1779286467] client ID [1]:Giovanna pays Giacomo 69 coins
[1779286468] client ID [1]:Bob pays Giacomo 77 coins
[1779286469] client ID [1]:Francesco pays Alice 48 coins
[1779286470] client ID [1]:Francesco pays Bob 40 coins
[1779286471] client ID [1]:Bob pays Giovanna 71 coins
[1779286472] client ID [1]:Giovanna pays Bob 35 coins
[1779286473] client ID [1]:Francesco pays Giacomo 41 coins
[1779286474] client ID [1]:Bob pays Giovanna 84 coins
[1779286475] client ID [1]:Francesco pays Giovanna 93 coins
[1779286476] client ID [1]:Bob pays Alice 18 coins
[1779286477] client ID [1]:Francesco pays Alice 38 coins
[1779286478] client ID [1]:Ilaria pays Giacomo 76 coins
[1779286479] client ID [1]:Bob pays Giovanna 15 coins
