[1779282249] client ID [6]:client avviato correttamente
[1779282249] client ID [6]:Client started
[1779282249] client ID [6]:Giacomo pays Giovanna 65 coins
[1779282250] client ID [6]:Alice pays Giacomo 75 coins
[1779282251] client ID [6]:Bob pays Ilaria 62 coins
[1779282252] client ID [6]:Giovanna pays Francesco 42 coins
[1779282253] client ID [6]:Alice pays Giacomo 45 coins
[1779282254] client ID [6]:Ilaria pays Giovanna 99 coins
[1779282255] client ID [6]:Giacomo pays Bob 5 coins
[1779282256] client ID [6]:Ilaria pays Giovanna 90 coins
[1779282257] client ID [6]:Giacomo pays Giovanna 32 coins
[1779282258] client ID [6]:Giacomo pays Francesco 57 coins
[1779282259] client ID [6]:Ilaria pays Francesco 39 coins
[1779282260] client ID [6]:Bob pays Giacomo 24 coins
[1779282261] client ID [6]:Giovanna pays Bob 12 coins
[1779282262] client ID [6]:Giovanna pays Alice 56 coins
[1779282263] client ID [6]:Francesco pays Alice 53 coins
[1779282264] client ID [6]:Ilaria pays Bob 55 coins
[1779282265] client ID [6]:Alice pays Giovanna 45 coins
[1779282266] client ID [6]:Ilaria pays Francesco 74 coins
[1779282267] client ID [6]:Giovanna pays Alice 31 coins
[1779282268] client ID [6]:Ilaria pays Giovanna 15 coins
[1779282269] client ID [6]:Giovanna pays Bob 25 coins
[1779282270] client ID [6]:Giovanna pays Francesco 94 coins
[1779282271] client ID [6]:Giacomo pays Ilaria 4 coins
[1779282272] client ID [6]:Giacomo pays Bob 59 coins
[1779282273] client ID [6]:Ilaria pays Alice 10 coins
[1779282274] client ID [6]:Francesco pays Bob 64 coins
[1779282275] client ID [6]:Francesco pays Bob 9 coins
[1779282276] client ID [6]:Giacomo pays Francesco 82 coins
[1779282277] client ID [6]:Giacomo pays Francesco 12 coins
[1779282278] client ID [6]:Ilaria pays Alice 90 coins
[1779282279] client ID [6]:Alice pays Giovanna 69 coins
[1779282280] client ID [6]:Bob pays Giacomo 20 coins
[1779282281] client ID [6]:Francesco pays Giovanna 11 coins
[1779282282] client ID [6]:Bob pays Alice 82 coins
[1779282283] client ID [6]:Giacomo pays Alice 91 coins
[1779282284] client ID [6]:Ilaria pays Alice 55 coins
[1779282285] client ID [6]:Alice pays Giacomo 61 coins
[1779282286] client ID [6]:Giacomo pays Ilaria 44 coins
[1779282287] client ID [6]:Ilaria pays Alice 53 coins
[1779282288] client ID [6]:Alice pays Bob 46 coins
[1779282289] client ID [6]:Giovanna pays Ilaria 75 coins
[1779282290] client ID [6]:Giacomo pays Bob 97 coins
[1779282291] client ID [6]:Bob pays Alice 22 coins
[1779282292] client ID [6]:Bob pays Giacomo 4 coins
[1779282293] client ID [6]:Alice pays Ilaria 93 coins
[1779282294] client ID [6]:Bob pays Giovanna 96 coins
[1779282295] client ID [6]:Bob pays Alice 25 coins
[1779282296] client ID [6]:Giovanna pays Giacomo 70 coins
[1779282297] client ID [6]:Giovanna pays Francesco 10 coins
[1779282298] client ID [6]:Giovanna pays Giacomo 55 coins
[1779282299] client ID [6]:Ilaria pays Bob 28 coins
[1779282300] client ID [6]:Alice pays Giovanna 24 coins
[1779282301] client ID [6]:Alice pays Bob 45 coins
[1779282302] client ID [6]:Bob pays Alice 46 coins
[1779282303] client ID [6]:Giacomo pays Bob 39 coins
[1779282304] client ID [6]:Alice pays Ilaria 85 coins
[1779282305] client ID [6]:Alice pays Francesco 94 coins
[1779282306] client ID [6]:Bob pays Alice 45 coins
[1779282307] client ID [6]:Bob pays Ilaria 5 coins
[1779282308] client ID [6]:Ilaria pays Alice 57 coins
[1779282309] client ID [6]:Francesco pays Bob 85 coins
[1779282310] client ID [6]:Giacomo pays Giovanna 7 coins
[1779282311] client ID [6]:Giacomo pays Ilaria 51 coins
[1779282312] client ID [6]:Alice pays Bob 94 coins
[1779282313] client ID [6]:Ilaria pays Giovanna 32 coins
[1779282314] client ID [6]:Ilaria pays Giacomo 17 coins
[1779282315] client ID [6]:Bob pays Giovanna 52 coins
[1779282316] client ID [6]:Francesco pays Ilaria 17 coins
[1779282317] client ID [6]:Giacomo pays Giovanna 23 coins
[1779282318] client ID [6]:Giacomo pays Alice 76 coins
[1779282319] client ID [6]:Giacomo pays Alice 1 coins
[1779282320] client ID [6]:Bob pays Ilaria 15 coins
[1779282321] client ID [6]:Giovanna pays Ilaria 88 coins
[1779282322] client ID [6]:Ilaria pays Francesco 85 coins
[1779282323] client ID [6]:Ilaria pays Giacomo 86 coins
[1779282324] client ID [6]:Bob pays Alice 89 coins
[1779282325] client ID [6]:Giovanna pays Giacomo 19 coins
[1779282326] client ID [6]:Giovanna pays Ilaria 42 coins
[1779282327] client ID [6]:Ilaria pays Alice 66 coins
[1779282328] client ID [6]:Alice pays Giacomo 47 coins
[1779282329] client ID [6]:Ilaria pays Bob 35 coins
[1779282329] client ID [6]:Client shutting down
[1779282329] client ID [6]:client chiuso
