[1779282101] client ID [3]:client avviato correttamente
[1779282101] client ID [3]:Client started
[1779282101] client ID [3]:Giacomo pays Francesco 72 coins
[1779282102] client ID [3]:Giovanna pays Bob 21 coins
[1779282103] client ID [3]:Giovanna pays Alice 8 coins
[1779282104] client ID [3]:Giovanna pays Francesco 95 coins
[1779282105] client ID [3]:Giovanna pays Giacomo 68 coins
[1779282106] client ID [3]:Giovanna pays Francesco 89 coins
[1779282107] client ID [3]:Giovanna pays Alice 57 coins
[1779282108] client ID [3]:Bob pays Giovanna 87 coins
[1779282109] client ID [3]:Ilaria pays Bob 50 coins
[1779282110] client ID [3]:Giovanna pays Alice 98 coins
[1779282111] client ID [3]:Alice pays Francesco 70 coins
[1779282112] client ID [3]:Alice pays Ilaria 88 coins
[1779282113] client ID [3]:Alice pays Ilaria 96 coins
[1779282114] client ID [3]:Giovanna pays Giacomo 91 coins
[1779282115] client ID [3]:Ilaria pays Francesco 59 coins
[1779282116] client ID [3]:Ilaria pays Bob 76 coins
[1779282117] client ID [3]:Giovanna pays Bob 74 coins
[1779282118] client ID [3]:Giovanna pays Ilaria 44 coins
[1779282119] client ID [3]:Francesco pays Alice 98 coins
[1779282120] client ID [3]:Alice pays Giovanna 87 coins
[1779282121] client ID [3]:Francesco pays Alice 55 coins
[1779282122] client ID [3]:Giacomo pays Bob 44 coins
[1779282123] client ID [3]:Giacomo pays Francesco 55 coins
[1779282124] client ID [3]:Giovanna pays Francesco 34 coins
[1779282125] client ID [3]:Giacomo pays Ilaria 43 coins
[1779282126] client ID [3]:Francesco pays Bob 40 coins
[1779282127] client ID [3]:Giacomo pays Ilaria 91 coins
[1779282128] client ID [3]:Giovanna pays Bob 32 coins
[1779282129] client ID [3]:Alice pays Ilaria 19 coins
[1779282130] client ID [3]:Giacomo pays Ilaria 58 coins
[1779282131] client ID [3]:Ilaria pays Francesco 22 coins
[1779282132] client ID [3]:Giacomo pays Francesco 3 coins
[1779282133] client ID [3]:Bob pays Francesco 23 coins
[1779282134] client ID [3]:Giacomo pays Ilaria 47 coins
[1779282135] client ID [3]:Giacomo pays Bob 7 coins
[1779282136] client ID [3]:Alice pays Giacomo 40 coins
[1779282137] client ID [3]:Ilaria pays Bob 15 coins
[1779282138] client ID [3]:Ilaria pays Alice 88 coins
[1779282139] client ID [3]:Bob pays Giacomo 67 coins
[1779282140] client ID [3]:Francesco pays Giovanna 53 coins
[1779282141] client ID [3]:Giovanna pays Bob 47 coins
[1779282142] client ID [3]:Alice pays Giacomo 49 coins
[1779282143] client ID [3]:Bob pays Ilaria 69 coins
[1779282144] client ID [3]:Giacomo pays Giovanna 67 coins
[1779282145] client ID [3]:Francesco pays Giacomo 57 coins
[1779282146] client ID [3]:Francesco pays Bob 42 coins
[1779282147] client ID [3]:Francesco pays Bob 91 coins
[1779282148] client ID [3]:Francesco pays Giacomo 59 coins
[1779282149] client ID [3]:Ilaria pays Giacomo 34 coins
[1779282150] client ID [3]:Giovanna pays Alice 2 coins
[1779282151] client ID [3]:Alice pays Francesco 32 coins
[1779282152] client ID [3]:Francesco pays Ilaria 81 coins
[1779282153] client ID [3]:Alice pays Giovanna 83 coins
[1779282154] client ID [3]:Alice pays Francesco 75 coins
[1779282155] client ID [3]:Francesco pays Giovanna 95 coins
[1779282156] client ID [3]:Alice pays Bob 37 coins
[1779282157] client ID [3]:Francesco pays Ilaria 29 coins
[1779282158] client ID [3]:Alice pays Giovanna 85 coins
[1779282159] client ID [3]:Ilaria pays Giacomo 16 coins
[1779282160] client ID [3]:Giacomo pays Bob 26 coins
[1779282161] client ID [3]:Ilaria pays Giacomo 58 coins
[1779282162] client ID [3]:Bob pays Alice 39 coins
[1779282163] client ID [3]:Giovanna pays Ilaria 21 coins
[1779282164] client ID [3]:Alice pays Bob 95 coins
[1779282165] client ID [3]:Francesco pays Giovanna 88 coins
[1779282166] client ID [3]:Ilaria pays Bob 46 coins
[1779282167] client ID [3]:Giacomo pays Giovanna 73 coins
[1779282168] client ID [3]:Ilaria pays Alice 50 coins
[1779282169] client ID [3]:Giovanna pays Francesco 16 coins
[1779282170] client ID [3]:Francesco pays Bob 60 coins
[1779282171] client ID [3]:Giacomo pays Ilaria 36 coins
[1779282172] client ID [3]:Francesco pays Ilaria 64 coins
[1779282173] client ID [3]:Alice pays Ilaria 10 coins
[1779282174] client ID [3]:Giovanna pays Alice 40 coins
[1779282175] client ID [3]:Giovanna pays Ilaria 67 coins
[1779282176] client ID [3]:Francesco pays Giovanna 12 coins
[1779282177] client ID [3]:Bob pays Giovanna 82 coins
[1779282178] client ID [3]:Francesco pays Alice 53 coins
[1779282179] client ID [3]:Alice pays Giovanna 55 coins
[1779282180] client ID [3]:Giovanna pays Francesco 13 coins
[1779282181] client ID [3]:Giacomo pays Alice 56 coins
[1779282182] client ID [3]:Giovanna pays Bob 57 coins
[1779282183] client ID [3]:Giacomo pays Giovanna 52 coins
[1779282184] client ID [3]:Giacomo pays Ilaria 49 coins
[1779282185] client ID [3]:Francesco pays Bob 52 coins
[1779282186] client ID [3]:Ilaria pays Giacomo 76 coins
[1779282187] client ID [3]:Bob pays Alice 18 coins
[1779282188] client ID [3]:Giovanna pays Ilaria 45 coins
[1779282189] client ID [3]:Alice pays Bob 18 coins
[1779282190] client ID [3]:Giacomo pays Francesco 92 coins
[1779282191] client ID [3]:Francesco pays Giacomo 77 coins
[1779282192] client ID [3]:Giovanna pays Giacomo 66 coins
[1779282193] client ID [3]:Alice pays Francesco 16 coins
[1779282194] client ID [3]:Bob pays Giacomo 11 coins
[1779282195] client ID [3]:Giovanna pays Ilaria 84 coins
[1779282196] client ID [3]:Francesco pays Bob 2 coins
[1779282197] client ID [3]:Francesco pays Giacomo 35 coins
[1779282198] client ID [3]:Ilaria pays Giacomo 53 coins
[1779282199] client ID [3]:Alice pays Ilaria 43 coins
[1779282200] client ID [3]:Giacomo pays Bob 77 coins
[1779282201] client ID [3]:Client shutting down
[1779282201] client ID [3]:client chiuso
