[1779282249] client ID [7]:client avviato correttamente
[1779282249] client ID [7]:Client started
[1779282249] client ID [7]:Ilaria pays Bob 65 coins
[1779282250] client ID [7]:Ilaria pays Bob 4 coins
[1779282251] client ID [7]:Bob pays Giovanna 13 coins
[1779282252] client ID [7]:Alice pays Bob 68 coins
[1779282253] client ID [7]:Alice pays Ilaria 19 coins
[1779282254] client ID [7]:Bob pays Giovanna 77 coins
[1779282255] client ID [7]:Ilaria pays Giovanna 42 coins
[1779282256] client ID [7]:Giovanna pays Giacomo 6 coins
[1779282257] client ID [7]:Bob pays Giovanna 61 coins
[1779282258] client ID [7]:Ilaria pays Francesco 29 coins
[1779282259] client ID [7]:Bob pays Giacomo 71 coins
[1779282260] client ID [7]:Giovanna pays Giacomo 40 coins
[1779282261] client ID [7]:Ilaria pays Giacomo 6 coins
[1779282262] client ID [7]:Bob pays Francesco 73 coins
[1779282263] client ID [7]:Giovanna pays Bob 89 coins
[1779282264] client ID [7]:Bob pays Giovanna 66 coins
[1779282265] client ID [7]:Francesco pays Giovanna 53 coins
[1779282266] client ID [7]:Giacomo pays Ilaria 2 coins
[1779282267] client ID [7]:Giovanna pays Ilaria 74 coins
[1779282268] client ID [7]:Francesco pays Ilaria 13 coins
[1779282269] client ID [7]:Ilaria pays Francesco 51 coins
[1779282270] client ID [7]:Alice pays Giacomo 1 coins
[1779282271] client ID [7]:Alice pays Bob 19 coins
[1779282272] client ID [7]:Giovanna pays Ilaria 49 coins
[1779282273] client ID [7]:Francesco pays Bob 26 coins
[1779282274] client ID [7]:Bob pays Giacomo 16 coins
[1779282275] client ID [7]:Ilaria pays Francesco 85 coins
[1779282276] client ID [7]:Bob pays Giacomo 87 coins
[1779282277] client ID [7]:Bob pays Ilaria 61 coins
[1779282278] client ID [7]:Giacomo pays Francesco 71 coins
[1779282279] client ID [7]:Alice pays Giovanna 21 coins
[1779282280] client ID [7]:Bob pays Alice 51 coins
[1779282281] client ID [7]:Bob pays Alice 14 coins
[1779282282] client ID [7]:Francesco pays Alice 55 coins
[1779282283] client ID [7]:Giovanna pays Bob 80 coins
[1779282284] client ID [7]:Bob pays Giacomo 96 coins
[1779282285] client ID [7]:Ilaria pays Bob 81 coins
[1779282286] client ID [7]:Francesco pays Alice 68 coins
[1779282287] client ID [7]:Giacomo pays Bob 28 coins
[1779282288] client ID [7]:Giovanna pays Giacomo 98 coins
[1779282289] client ID [7]:Giovanna pays Giacomo 17 coins
[1779282290] client ID [7]:Bob pays Giacomo 36 coins
[1779282291] client ID [7]:Alice pays Giovanna 80 coins
[1779282292] client ID [7]:Bob pays Giacomo 86 coins
[1779282293] client ID [7]:Alice pays Giacomo 79 coins
[1779282294] client ID [7]:Ilaria pays Bob 59 coins
[1779282295] client ID [7]:Francesco pays Giacomo 43 coins
[1779282296] client ID [7]:Francesco pays Giovanna 98 coins
[1779282297] client ID [7]:Bob pays Francesco 86 coins
[1779282298] client ID [7]:Alice pays Francesco 19 coins
[1779282299] client ID [7]:Alice pays Giovanna 63 coins
[1779282300] client ID [7]:Francesco pays Alice 33 coins
[1779282301] client ID [7]:Alice pays Francesco 86 coins
[1779282302] client ID [7]:Francesco pays Ilaria 70 coins
[1779282303] client ID [7]:Ilaria pays Bob 43 coins
[1779282304] client ID [7]:Giovanna pays Alice 19 coins
[1779282305] client ID [7]:Giacomo pays Ilaria 6 coins
[1779282306] client ID [7]:Bob pays Ilaria 40 coins
[1779282307] client ID [7]:Giovanna pays Bob 57 coins
[1779282308] client ID [7]:Alice pays Giacomo 6 coins
[1779282309] client ID [7]:Giovanna pays Francesco 46 coins
[1779282310] client ID [7]:Giovanna pays Alice 67 coins
[1779282311] client ID [7]:Alice pays Bob 50 coins
[1779282312] client ID [7]:Bob pays Ilaria 89 coins
[1779282313] client ID [7]:Bob pays Giovanna 95 coins
[1779282314] client ID [7]:Giovanna pays Alice 69 coins
[1779282315] client ID [7]:Francesco pays Ilaria 9 coins
[1779282316] client ID [7]:Francesco pays Ilaria 63 coins
[1779282317] client ID [7]:Francesco pays Giovanna 67 coins
[1779282318] client ID [7]:Francesco pays Alice 86 coins
[1779282319] client ID [7]:Bob pays Alice 22 coins
[1779282320] client ID [7]:Giacomo pays Francesco 25 coins
[1779282321] client ID [7]:Bob pays Alice 69 coins
[1779282322] client ID [7]:Giovanna pays Giacomo 26 coins
[1779282323] client ID [7]:Giovanna pays Alice 41 coins
[1779282324] client ID [7]:Ilaria pays Bob 10 coins
[1779282325] client ID [7]:Bob pays Giovanna 16 coins
[1779282326] client ID [7]:Giacomo pays Francesco 32 coins
[1779282327] client ID [7]:Alice pays Francesco 69 coins
[1779282328] client ID [7]:Giovanna pays Ilaria 7 coins
[1779282329] client ID [7]:Giovanna pays Bob 65 coins
[1779282329] client ID [7]:Client shutting down
[1779282329] client ID [7]:client chiuso
