[1779286580] miner ID [3]:miner avviato correttamente
[1779286580] miner ID [3]:Miner started
[1779286581] miner ID [3]:Confirmed block received from node
[1779286581] miner ID [3]:Lottery won but no transactions to mine
[1779286582] miner ID [3]:Confirmed block received from node
[1779286582] miner ID [3]:Confirmed block received from node
[1779286582] miner ID [3]:Lottery won but no transactions to mine
[1779286582] miner ID [3]:Confirmed block received from node
[1779286585] miner ID [3]:Confirmed block received from node
[1779286585] miner ID [3]:Confirmed block received from node
[1779286586] miner ID [3]:Confirmed block received from node
[1779286586] miner ID [3]:Confirmed block received from node
[1779286586] miner ID [3]:Lottery won but no transactions to mine
[1779286586] miner ID [3]:Confirmed block received from node
[1779286587] miner ID [3]:Confirmed block received from node
[1779286587] miner ID [3]:Lottery won but no transactions to mine
[1779286590] miner ID [3]:Confirmed block received from node
[1779286590] miner ID [3]:Lottery won but no transactions to mine
[1779286590] miner ID [3]:Confirmed block received from node
[1779286590] miner ID [3]:Lottery won but no transactions to mine
[1779286590] miner ID [3]:Confirmed block received from node
[1779286590] miner ID [3]:Lottery won but no transactions to mine
[1779286590] miner ID [3]:Confirmed block received from node
[1779286590] miner ID [3]:Lottery won but no transactions to mine
[1779286590] miner ID [3]:Confirmed block received from node
[1779286591] miner ID [3]:Miner shutting down
[1779286591] miner ID [3]:miner chiuso
