[1779267097] miner ID [0]:miner avviato correttamente
[1779267097] miner ID [0]:Miner started
[1779267097] miner ID [0]:Ilaria pays Giovanna 94 coins
[1779267097] miner ID [0]:Ilaria pays Francesco 72 coins
[1779267097] miner ID [0]:Alice pays Bob 14 coins
[1779267101] miner ID [0]:Francesco pays Bob 78 coins
[1779267101] miner ID [0]:Giovanna pays Francesco 77 coins
[1779267101] miner ID [0]:Giovanna pays Francesco 43 coins
[1779267101] miner ID [0]:Francesco pays Bob 55 coins
[1779267101] miner ID [0]:Mining successful
[1779267101] miner ID [0]:WARNING: cannot open node fifo
[1779267101] miner ID [0]:WARNING: cannot open node fifo
[1779267101] miner ID [0]:Block sent to nodes
[1779267104] miner ID [0]:Giacomo pays Alice 7 coins
[1779267104] miner ID [0]:Bob pays Giacomo 78 coins
[1779267104] miner ID [0]:Giacomo pays Giovanna 44 coins
[1779267105] miner ID [0]:Giovanna pays Ilaria 76 coins
[1779267105] miner ID [0]:Ilaria pays Bob 22 coins
[1779267105] miner ID [0]:Giacomo pays Giovanna 62 coins
[1779267109] miner ID [0]:Giovanna pays Francesco 68 coins
[1779267109] miner ID [0]:Giacomo pays Francesco 89 coins
[1779267109] miner ID [0]:Francesco pays Bob 24 coins
[1779267110] miner ID [0]:Ilaria pays Alice 25 coins
[1779267110] miner ID [0]:Alice pays Ilaria 98 coins
[1779267110] miner ID [0]:Bob pays Giovanna 13 coins
[1779267112] miner ID [0]:Bob pays Francesco 64 coins
[1779267112] miner ID [0]:Ilaria pays Giacomo 62 coins
[1779267112] miner ID [0]:Giovanna pays Francesco 61 coins
