[1779286542] miner ID [0]:miner avviato correttamente
[1779286542] miner ID [0]:Miner started
[1779286543] miner ID [0]:Confirmed block received from node
[1779286546] miner ID [0]:Giacomo pays Giovanna 38 coins
[1779286547] miner ID [0]:Confirmed block received from node
[1779286547] miner ID [0]:Confirmed block received from node
[1779286549] miner ID [0]:Confirmed block received from node
[1779286549] miner ID [0]:Mining successful
[1779286549] miner ID [0]:Block sent to nodes
[1779286549] miner ID [0]:Confirmed block received from node
[1779286549] miner ID [0]:Confirmed block received from node
[1779286549] miner ID [0]:Confirmed block received from node
[1779286551] miner ID [0]:Alice pays Giacomo 14 coins
[1779286551] miner ID [0]:Francesco pays Ilaria 23 coins
[1779286551] miner ID [0]:Giovanna pays Alice 86 coins
[1779286551] miner ID [0]:Giovanna pays Alice 68 coins
[1779286551] miner ID [0]:Giovanna pays Alice 68 coins
[1779286551] miner ID [0]:Alice pays Giacomo 98 coins
[1779286551] miner ID [0]:Alice pays Ilaria 74 coins
[1779286551] miner ID [0]:Giovanna pays Ilaria 51 coins
[1779286551] miner ID [0]:Ilaria pays Giacomo 57 coins
[1779286551] miner ID [0]:Alice pays Giovanna 2 coins
[1779286551] miner ID [0]:Francesco pays Giovanna 81 coins
[1779286551] miner ID [0]:Ilaria pays Giacomo 16 coins
[1779286551] miner ID [0]:Mining successful
[1779286551] miner ID [0]:Block sent to nodes
[1779286551] miner ID [0]:Confirmed block received from node
[1779286552] miner ID [0]:Francesco pays Giovanna 67 coins
[1779286552] miner ID [0]:Giacomo pays Alice 31 coins
[1779286552] miner ID [0]:Ilaria pays Giovanna 12 coins
[1779286552] miner ID [0]:Bob pays Giacomo 95 coins
[1779286552] miner ID [0]:Giovanna pays Giacomo 44 coins
[1779286552] miner ID [0]:Giovanna pays Francesco 91 coins
[1779286553] miner ID [0]:Bob pays Francesco 36 coins
[1779286553] miner ID [0]:Giacomo pays Ilaria 51 coins
[1779286553] miner ID [0]:Giacomo pays Bob 76 coins
[1779286553] miner ID [0]:Giacomo pays Ilaria 51 coins
[1779286553] miner ID [0]:Giacomo pays Giovanna 58 coins
[1779286553] miner ID [0]:Giovanna pays Francesco 4 coins
[1779286553] miner ID [0]:Mining successful
[1779286553] miner ID [0]:Block sent to nodes
[1779286553] miner ID [0]:Confirmed block received from node
[1779286553] miner ID [0]:Lottery won but no transactions to mine
[1779286555] miner ID [0]:Bob pays Giacomo 70 coins
[1779286555] miner ID [0]:Alice pays Francesco 22 coins
[1779286555] miner ID [0]:Giovanna pays Bob 83 coins
[1779286555] miner ID [0]:Giacomo pays Alice 6 coins
[1779286555] miner ID [0]:Giacomo pays Bob 79 coins
[1779286555] miner ID [0]:Bob pays Ilaria 28 coins
[1779286556] miner ID [0]:Giacomo pays Bob 66 coins
[1779286556] miner ID [0]:Alice pays Bob 31 coins
[1779286556] miner ID [0]:Bob pays Francesco 48 coins
[1779286556] miner ID [0]:Alice pays Bob 26 coins
[1779286556] miner ID [0]:Francesco pays Giovanna 71 coins
[1779286556] miner ID [0]:Giacomo pays Alice 83 coins
[1779286557] miner ID [0]:Confirmed block received from node
[1779286558] miner ID [0]:Confirmed block received from node
[1779286558] miner ID [0]:Confirmed block received from node
[1779286558] miner ID [0]:Mining successful
[1779286558] miner ID [0]:Block sent to nodes
[1779286558] miner ID [0]:Confirmed block received from node
[1779286558] miner ID [0]:Lottery won but no transactions to mine
[1779286559] miner ID [0]:Confirmed block received from node
[1779286559] miner ID [0]:Lottery won but no transactions to mine
[1779286562] miner ID [0]:Giacomo pays Francesco 66 coins
[1779286562] miner ID [0]:Francesco pays Giacomo 51 coins
[1779286562] miner ID [0]:Giovanna pays Ilaria 35 coins
[1779286562] miner ID [0]:Giovanna pays Francesco 95 coins
[1779286562] miner ID [0]:Bob pays Alice 25 coins
[1779286562] miner ID [0]:Ilaria pays Giacomo 26 coins
[1779286562] miner ID [0]:Confirmed block received from node
[1779286562] miner ID [0]:Mining successful
[1779286562] miner ID [0]:Block sent to nodes
[1779286562] miner ID [0]:Confirmed block received from node
