[1779286542] miner ID [2]:miner avviato correttamente
[1779286542] miner ID [2]:Miner started
[1779286543] miner ID [2]:Confirmed block received from node
[1779286543] miner ID [2]:Lottery won but no transactions to mine
[1779286546] miner ID [2]:Alice pays Francesco 15 coins
[1779286546] miner ID [2]:Mining successful
[1779286546] miner ID [2]:Block sent to nodes
[1779286547] miner ID [2]:Confirmed block received from node
[1779286547] miner ID [2]:Confirmed block received from node
[1779286548] miner ID [2]:Francesco pays Alice 62 coins
[1779286548] miner ID [2]:Giovanna pays Ilaria 93 coins
[1779286548] miner ID [2]:Giacomo pays Ilaria 56 coins
[1779286548] miner ID [2]:Alice pays Giacomo 11 coins
[1779286548] miner ID [2]:Francesco pays Ilaria 47 coins
[1779286548] miner ID [2]:Giovanna pays Bob 41 coins
[1779286549] miner ID [2]:Confirmed block received from node
[1779286549] miner ID [2]:Confirmed block received from node
[1779286549] miner ID [2]:Confirmed block received from node
[1779286549] miner ID [2]:Mining successful
[1779286549] miner ID [2]:Block sent to nodes
[1779286549] miner ID [2]:Confirmed block received from node
[1779286551] miner ID [2]:Confirmed block received from node
[1779286551] miner ID [2]:Lottery won but no transactions to mine
[1779286553] miner ID [2]:Confirmed block received from node
[1779286557] miner ID [2]:Confirmed block received from node
[1779286558] miner ID [2]:Alice pays Bob 53 coins
[1779286558] miner ID [2]:Giacomo pays Giovanna 3 coins
[1779286558] miner ID [2]:Ilaria pays Bob 12 coins
[1779286558] miner ID [2]:Francesco pays Bob 97 coins
[1779286558] miner ID [2]:Giacomo pays Bob 60 coins
[1779286558] miner ID [2]:Bob pays Giovanna 96 coins
[1779286558] miner ID [2]:Mining successful
[1779286558] miner ID [2]:Block sent to nodes
[1779286558] miner ID [2]:Confirmed block received from node
[1779286558] miner ID [2]:Confirmed block received from node
[1779286558] miner ID [2]:Lottery won but no transactions to mine
[1779286558] miner ID [2]:Confirmed block received from node
[1779286558] miner ID [2]:Lottery won but no transactions to mine
[1779286559] miner ID [2]:Giovanna pays Francesco 45 coins
[1779286559] miner ID [2]:Ilaria pays Alice 43 coins
[1779286559] miner ID [2]:Alice pays Ilaria 92 coins
[1779286559] miner ID [2]:Giacomo pays Alice 46 coins
[1779286559] miner ID [2]:Francesco pays Giacomo 28 coins
[1779286559] miner ID [2]:Francesco pays Alice 58 coins
[1779286559] miner ID [2]:Mining successful
[1779286559] miner ID [2]:Block sent to nodes
[1779286559] miner ID [2]:Confirmed block received from node
[1779286559] miner ID [2]:Lottery won but no transactions to mine
[1779286560] miner ID [2]:Giovanna pays Giacomo 38 coins
[1779286560] miner ID [2]:Giacomo pays Francesco 52 coins
[1779286560] miner ID [2]:Ilaria pays Alice 16 coins
[1779286560] miner ID [2]:Bob pays Alice 45 coins
[1779286560] miner ID [2]:Francesco pays Ilaria 54 coins
[1779286560] miner ID [2]:Ilaria pays Giacomo 3 coins
[1779286562] miner ID [2]:Confirmed block received from node
[1779286562] miner ID [2]:Mining successful
[1779286562] miner ID [2]:Block sent to nodes
[1779286562] miner ID [2]:Confirmed block received from node
