[1779286455] miner ID [4]:miner avviato correttamente
[1779286455] miner ID [4]:Miner started
[1779286457] miner ID [4]:Confirmed block received from node
[1779286457] miner ID [4]:Lottery won but no transactions to mine
[1779286458] miner ID [4]:Francesco pays Ilaria 40 coins
[1779286458] miner ID [4]:Giacomo pays Alice 11 coins
[1779286458] miner ID [4]:Ilaria pays Giovanna 84 coins
[1779286458] miner ID [4]:Ilaria pays Bob 23 coins
[1779286458] miner ID [4]:Ilaria pays Bob 78 coins
[1779286458] miner ID [4]:Alice pays Ilaria 85 coins
[1779286462] miner ID [4]:Confirmed block received from node
[1779286462] miner ID [4]:Mining successful
[1779286462] miner ID [4]:Block sent to nodes
[1779286462] miner ID [4]:Confirmed block received from node
[1779286464] miner ID [4]:Confirmed block received from node
[1779286465] miner ID [4]:Lottery won but no transactions to mine
[1779286468] miner ID [4]:Confirmed block received from node
[1779286468] miner ID [4]:Confirmed block received from node
[1779286468] miner ID [4]:Confirmed block received from node
[1779286472] miner ID [4]:Confirmed block received from node
[1779286472] miner ID [4]:Lottery won but no transactions to mine
[1779286473] miner ID [4]:Confirmed block received from node
[1779286473] miner ID [4]:Confirmed block received from node
[1779286474] miner ID [4]:Confirmed block received from node
[1779286474] miner ID [4]:Confirmed block received from node
[1779286474] miner ID [4]:Confirmed block received from node
[1779286476] miner ID [4]:Francesco pays Giovanna 93 coins
[1779286476] miner ID [4]:Giovanna pays Ilaria 94 coins
[1779286476] miner ID [4]:Giovanna pays Alice 5 coins
[1779286476] miner ID [4]:Alice pays Ilaria 53 coins
[1779286476] miner ID [4]:Giacomo pays Francesco 44 coins
[1779286476] miner ID [4]:Giovanna pays Francesco 47 coins
[1779286478] miner ID [4]:Confirmed block received from node
[1779286478] miner ID [4]:Mining successful
[1779286478] miner ID [4]:Block sent to nodes
[1779286478] miner ID [4]:Confirmed block received from node
[1779286479] miner ID [4]:Confirmed block received from node
[1779286479] miner ID [4]:Confirmed block received from node
