[1779283612] miner ID [4]:miner avviato correttamente
[1779283612] miner ID [4]:Miner started
[1779283617] miner ID [4]:Giacomo pays Alice 7 coins
[1779283617] miner ID [4]:Mining successful
[1779283617] miner ID [4]:Block sent to nodes
[1779283617] miner ID [4]:Bob pays Francesco 60 coins
[1779283617] miner ID [4]:Giacomo pays Alice 77 coins
[1779283617] miner ID [4]:Confirmed block received from node
[1779283620] miner ID [4]:Confirmed block received from node
[1779283624] miner ID [4]:Giovanna pays Giacomo 47 coins
[1779283624] miner ID [4]:Giacomo pays Giovanna 68 coins
[1779283625] miner ID [4]:Giovanna pays Giacomo 96 coins
[1779283625] miner ID [4]:Giacomo pays Francesco 8 coins
[1779283625] miner ID [4]:Giacomo pays Ilaria 64 coins
[1779283628] miner ID [4]:Confirmed block received from node
[1779283628] miner ID [4]:Mining successful
[1779283628] miner ID [4]:Block sent to nodes
[1779283628] miner ID [4]:Confirmed block received from node
[1779283630] miner ID [4]:Confirmed block received from node
[1779283630] miner ID [4]:Confirmed block received from node
[1779283630] miner ID [4]:Lottery won but no transactions to mine
[1779283633] miner ID [4]:Confirmed block received from node
[1779283633] miner ID [4]:Lottery won but no transactions to mine
[1779283634] miner ID [4]:Alice pays Ilaria 27 coins
[1779283634] miner ID [4]:Francesco pays Alice 87 coins
[1779283634] miner ID [4]:Alice pays Giovanna 22 coins
[1779283634] miner ID [4]:Giovanna pays Bob 21 coins
[1779283634] miner ID [4]:Mining successful
[1779283634] miner ID [4]:Block sent to nodes
[1779283634] miner ID [4]:Confirmed block received from node
[1779283639] miner ID [4]:Giacomo pays Francesco 87 coins
[1779283640] miner ID [4]:Francesco pays Bob 34 coins
[1779283640] miner ID [4]:Bob pays Giacomo 87 coins
[1779283640] miner ID [4]:Giovanna pays Bob 2 coins
[1779283640] miner ID [4]:Mining successful
[1779283640] miner ID [4]:Block sent to nodes
[1779283640] miner ID [4]:Confirmed block received from node
[1779283640] miner ID [4]:Confirmed block received from node
[1779283641] miner ID [4]:Confirmed block received from node
[1779283649] miner ID [4]:Ilaria pays Giovanna 61 coins
[1779283649] miner ID [4]:Francesco pays Alice 85 coins
[1779283649] miner ID [4]:Giovanna pays Ilaria 49 coins
[1779283649] miner ID [4]:Confirmed block received from node
[1779283649] miner ID [4]:Confirmed block received from node
[1779283650] miner ID [4]:Confirmed block received from node
[1779283651] miner ID [4]:Confirmed block received from node
[1779283660] miner ID [4]:Francesco pays Giovanna 38 coins
[1779283660] miner ID [4]:Francesco pays Alice 13 coins
[1779283660] miner ID [4]:Francesco pays Bob 41 coins
[1779283660] miner ID [4]:Giovanna pays Bob 81 coins
[1779283660] miner ID [4]:Confirmed block received from node
[1779283662] miner ID [4]:Ilaria pays Bob 96 coins
[1779283662] miner ID [4]:WARNING: transaction pool full
[1779283662] miner ID [4]:Bob pays Giovanna 10 coins
[1779283662] miner ID [4]:Mining successful
[1779283662] miner ID [4]:Block sent to nodes
[1779283662] miner ID [4]:Confirmed block received from node
[1779283662] miner ID [4]:Confirmed block received from node
[1779283665] miner ID [4]:Confirmed block received from node
[1779283670] miner ID [4]:Confirmed block received from node
[1779283670] miner ID [4]:Confirmed block received from node
[1779283670] miner ID [4]:Confirmed block received from node
[1779283674] miner ID [4]:Confirmed block received from node
[1779283674] miner ID [4]:Lottery won but no transactions to mine
[1779283677] miner ID [4]:Ilaria pays Bob 33 coins
[1779283677] miner ID [4]:Francesco pays Bob 44 coins
[1779283677] miner ID [4]:Bob pays Giacomo 54 coins
[1779283677] miner ID [4]:Francesco pays Alice 28 coins
[1779283677] miner ID [4]:Ilaria pays Alice 80 coins
[1779283680] miner ID [4]:Confirmed block received from node
[1779283680] miner ID [4]:Confirmed block received from node
[1779283681] miner ID [4]:Francesco pays Alice 48 coins
[1779283681] miner ID [4]:Alice pays Francesco 40 coins
[1779283681] miner ID [4]:Giovanna pays Francesco 31 coins
[1779283681] miner ID [4]:WARNING: transaction pool full
[1779283681] miner ID [4]:Bob pays Giovanna 33 coins
[1779283681] miner ID [4]:WARNING: transaction pool full
[1779283681] miner ID [4]:Francesco pays Giacomo 67 coins
[1779283693] miner ID [4]:Confirmed block received from node
[1779283696] miner ID [4]:WARNING: transaction pool full
[1779283696] miner ID [4]:Ilaria pays Alice 86 coins
[1779283696] miner ID [4]:WARNING: transaction pool full
[1779283696] miner ID [4]:Ilaria pays Bob 26 coins
[1779283698] miner ID [4]:WARNING: transaction pool full
[1779283698] miner ID [4]:Giovanna pays Ilaria 78 coins
[1779283698] miner ID [4]:WARNING: transaction pool full
[1779283698] miner ID [4]:Giovanna pays Bob 79 coins
[1779283698] miner ID [4]:WARNING: transaction pool full
[1779283698] miner ID [4]:Ilaria pays Bob 74 coins
[1779283698] miner ID [4]:Mining successful
[1779283698] miner ID [4]:Block sent to nodes
[1779283698] miner ID [4]:Confirmed block received from node
[1779283698] miner ID [4]:Confirmed block received from node
[1779283699] miner ID [4]:Confirmed block received from node
[1779283703] miner ID [4]:Confirmed block received from node
[1779283703] miner ID [4]:Lottery won but no transactions to mine
[1779283706] miner ID [4]:Giacomo pays Bob 78 coins
[1779283706] miner ID [4]:Ilaria pays Bob 2 coins
[1779283706] miner ID [4]:Alice pays Bob 99 coins
[1779283706] miner ID [4]:Giovanna pays Alice 86 coins
[1779283706] miner ID [4]:Francesco pays Bob 63 coins
[1779283708] miner ID [4]:Confirmed block received from node
[1779283710] miner ID [4]:Ilaria pays Francesco 2 coins
[1779283710] miner ID [4]:Giovanna pays Francesco 81 coins
[1779283710] miner ID [4]:Ilaria pays Bob 68 coins
[1779283710] miner ID [4]:WARNING: transaction pool full
[1779283710] miner ID [4]:Francesco pays Giovanna 72 coins
[1779283710] miner ID [4]:Alice pays Ilaria 9 coins
[1779283710] miner ID [4]:WARNING: transaction pool full
[1779283710] miner ID [4]:Giacomo pays Bob 59 coins
[1779283710] miner ID [4]:WARNING: transaction pool full
[1779283710] miner ID [4]:Ilaria pays Giovanna 74 coins
[1779283710] miner ID [4]:WARNING: transaction pool full
[1779283710] miner ID [4]:Ilaria pays Giovanna 59 coins
[1779283710] miner ID [4]:WARNING: transaction pool full
[1779283710] miner ID [4]:Ilaria pays Giacomo 21 coins
[1779283710] miner ID [4]:WARNING: transaction pool full
[1779283710] miner ID [4]:Alice pays Giovanna 65 coins
[1779283713] miner ID [4]:Confirmed block received from node
[1779283713] miner ID [4]:Confirmed block received from node
[1779283713] miner ID [4]:Mining successful
[1779283713] miner ID [4]:Block sent to nodes
[1779283713] miner ID [4]:Confirmed block received from node
[1779283715] miner ID [4]:Confirmed block received from node
[1779283717] miner ID [4]:Giacomo pays Alice 75 coins
[1779283717] miner ID [4]:Giacomo pays Alice 32 coins
[1779283717] miner ID [4]:Giacomo pays Giovanna 65 coins
[1779283717] miner ID [4]:Ilaria pays Giacomo 96 coins
[1779283717] miner ID [4]:Giovanna pays Bob 25 coins
[1779283717] miner ID [4]:Giovanna pays Giacomo 58 coins
[1779283717] miner ID [4]:Alice pays Ilaria 69 coins
[1779283717] miner ID [4]:Ilaria pays Giovanna 86 coins
[1779283717] miner ID [4]:WARNING: transaction pool full
[1779283717] miner ID [4]:Bob pays Ilaria 46 coins
[1779283717] miner ID [4]:WARNING: transaction pool full
[1779283717] miner ID [4]:Francesco pays Giovanna 25 coins
[1779283717] miner ID [4]:Mining successful
[1779283717] miner ID [4]:Block sent to nodes
[1779283717] miner ID [4]:Confirmed block received from node
[1779283722] miner ID [4]:Giacomo pays Giovanna 50 coins
[1779283722] miner ID [4]:Bob pays Giacomo 67 coins
[1779283724] miner ID [4]:Confirmed block received from node
[1779283724] miner ID [4]:Mining successful
[1779283724] miner ID [4]:Block sent to nodes
[1779283724] miner ID [4]:Confirmed block received from node
[1779283724] miner ID [4]:Lottery won but no transactions to mine
[1779283726] miner ID [4]:Alice pays Giovanna 29 coins
[1779283731] miner ID [4]:Giovanna pays Bob 79 coins
[1779283731] miner ID [4]:Ilaria pays Giacomo 29 coins
[1779283731] miner ID [4]:Giovanna pays Francesco 56 coins
[1779283731] miner ID [4]:Bob pays Giovanna 15 coins
[1779283731] miner ID [4]:Giacomo pays Alice 98 coins
[1779283735] miner ID [4]:Confirmed block received from node
[1779283736] miner ID [4]:Giovanna pays Francesco 66 coins
[1779283736] miner ID [4]:Giovanna pays Francesco 76 coins
[1779283736] miner ID [4]:WARNING: transaction pool full
[1779283736] miner ID [4]:Ilaria pays Francesco 10 coins
[1779283736] miner ID [4]:WARNING: transaction pool full
[1779283736] miner ID [4]:Ilaria pays Alice 70 coins
[1779283738] miner ID [4]:Confirmed block received from node
[1779283738] miner ID [4]:Confirmed block received from node
[1779283738] miner ID [4]:Mining successful
[1779283738] miner ID [4]:Block sent to nodes
[1779283738] miner ID [4]:Confirmed block received from node
[1779283765] miner ID [4]:Giacomo pays Giacomo 9 coins
[1779283768] miner ID [4]:Francesco pays Ilaria 48 coins
[1779283768] miner ID [4]:Giovanna pays Giacomo 80 coins
[1779283768] miner ID [4]:Ilaria pays Francesco 75 coins
[1779283768] miner ID [4]:Alice pays Giacomo 98 coins
[1779283768] miner ID [4]:Ilaria pays Giacomo 60 coins
[1779283772] miner ID [4]:Bob pays Alice 19 coins
[1779283772] miner ID [4]:Ilaria pays Bob 86 coins
[1779283772] miner ID [4]:WARNING: transaction pool full
[1779283772] miner ID [4]:Giovanna pays Giacomo 99 coins
[1779283772] miner ID [4]:WARNING: transaction pool full
[1779283772] miner ID [4]:Giacomo pays Francesco 73 coins
[1779283772] miner ID [4]:WARNING: transaction pool full
[1779283772] miner ID [4]:Giacomo pays Francesco 65 coins
[1779283772] miner ID [4]:WARNING: transaction pool full
[1779283772] miner ID [4]:Bob pays Giovanna 32 coins
[1779283773] miner ID [4]:WARNING: transaction pool full
[1779283773] miner ID [4]:Bob pays Giovanna 68 coins
[1779283784] miner ID [4]:Confirmed block received from node
[1779283787] miner ID [4]:WARNING: transaction pool full
[1779283787] miner ID [4]:Bob pays Ilaria 85 coins
[1779283787] miner ID [4]:Confirmed block received from node
[1779283787] miner ID [4]:Confirmed block received from node
[1779283790] miner ID [4]:WARNING: transaction pool full
[1779283790] miner ID [4]:Alice pays Francesco 89 coins
[1779283790] miner ID [4]:WARNING: transaction pool full
[1779283790] miner ID [4]:Giacomo pays Giovanna 46 coins
[1779283792] miner ID [4]:Mining successful
[1779283792] miner ID [4]:Block sent to nodes
[1779283792] miner ID [4]:Confirmed block received from node
[1779283792] miner ID [4]:Confirmed block received from node
[1779283792] miner ID [4]:Lottery won but no transactions to mine
[1779283792] miner ID [4]:Confirmed block received from node
[1779283792] miner ID [4]:Confirmed block received from node
[1779283792] miner ID [4]:Lottery won but no transactions to mine
[1779283794] miner ID [4]:Ilaria pays Giacomo 45 coins
[1779283794] miner ID [4]:Bob pays Giacomo 61 coins
[1779283794] miner ID [4]:Bob pays Alice 42 coins
[1779283794] miner ID [4]:Giacomo pays Giovanna 19 coins
[1779283794] miner ID [4]:Bob pays Ilaria 99 coins
[1779283794] miner ID [4]:Giovanna pays Giacomo 33 coins
[1779283794] miner ID [4]:Giovanna pays Giacomo 65 coins
[1779283794] miner ID [4]:Ilaria pays Giovanna 14 coins
[1779283794] miner ID [4]:WARNING: transaction pool full
[1779283794] miner ID [4]:Alice pays Bob 26 coins
[1779283797] miner ID [4]:Confirmed block received from node
[1779283797] miner ID [4]:Confirmed block received from node
[1779283797] miner ID [4]:Mining successful
[1779283797] miner ID [4]:Block sent to nodes
[1779283797] miner ID [4]:Confirmed block received from node
[1779283797] miner ID [4]:Lottery won but no transactions to mine
[1779283798] miner ID [4]:Confirmed block received from node
[1779283805] miner ID [4]:Ilaria pays Giacomo 32 coins
[1779283805] miner ID [4]:Bob pays Giacomo 14 coins
[1779283806] miner ID [4]:Ilaria pays Giacomo 78 coins
[1779283806] miner ID [4]:Ilaria pays Giacomo 36 coins
[1779283806] miner ID [4]:Ilaria pays Alice 30 coins
[1779283806] miner ID [4]:Ilaria pays Alice 39 coins
[1779283806] miner ID [4]:Alice pays Francesco 72 coins
[1779283807] miner ID [4]:Alice pays Giovanna 4 coins
[1779283807] miner ID [4]:WARNING: transaction pool full
[1779283807] miner ID [4]:Alice pays Giovanna 49 coins
[1779283807] miner ID [4]:WARNING: transaction pool full
[1779283807] miner ID [4]:Bob pays Ilaria 78 coins
[1779283814] miner ID [4]:Confirmed block received from node
[1779283814] miner ID [4]:Confirmed block received from node
[1779283815] miner ID [4]:WARNING: transaction pool full
[1779283815] miner ID [4]:Bob pays Giovanna 18 coins
[1779283815] miner ID [4]:WARNING: transaction pool full
[1779283815] miner ID [4]:Alice pays Ilaria 79 coins
[1779283815] miner ID [4]:WARNING: transaction pool full
[1779283815] miner ID [4]:Giovanna pays Alice 54 coins
[1779283815] miner ID [4]:WARNING: transaction pool full
[1779283815] miner ID [4]:Bob pays Alice 99 coins
[1779283815] miner ID [4]:WARNING: transaction pool full
[1779283815] miner ID [4]:Francesco pays Giacomo 43 coins
[1779283817] miner ID [4]:WARNING: transaction pool full
[1779283817] miner ID [4]:Alice pays Francesco 50 coins
[1779283817] miner ID [4]:WARNING: transaction pool full
[1779283817] miner ID [4]:Giovanna pays Francesco 37 coins
[1779283817] miner ID [4]:WARNING: transaction pool full
[1779283817] miner ID [4]:Bob pays Ilaria 56 coins
[1779283817] miner ID [4]:WARNING: transaction pool full
[1779283817] miner ID [4]:Alice pays Ilaria 21 coins
[1779283818] miner ID [4]:Confirmed block received from node
[1779283819] miner ID [4]:Confirmed block received from node
[1779283820] miner ID [4]:WARNING: transaction pool full
[1779283820] miner ID [4]:Alice pays Giacomo 4 coins
[1779283820] miner ID [4]:WARNING: transaction pool full
[1779283820] miner ID [4]:Giovanna pays Bob 43 coins
[1779283820] miner ID [4]:WARNING: transaction pool full
[1779283820] miner ID [4]:Giovanna pays Francesco 77 coins
[1779283820] miner ID [4]:WARNING: transaction pool full
[1779283820] miner ID [4]:Giovanna pays Giacomo 24 coins
[1779283820] miner ID [4]:WARNING: transaction pool full
[1779283820] miner ID [4]:Ilaria pays Giovanna 93 coins
[1779283820] miner ID [4]:Mining successful
[1779283820] miner ID [4]:Block sent to nodes
[1779283820] miner ID [4]:Confirmed block received from node
[1779283820] miner ID [4]:Confirmed block received from node
[1779283821] miner ID [4]:Alice pays Ilaria 26 coins
[1779283821] miner ID [4]:Francesco pays Ilaria 12 coins
[1779283821] miner ID [4]:Francesco pays Giovanna 27 coins
[1779283823] miner ID [4]:Bob pays Ilaria 67 coins
[1779283823] miner ID [4]:Giovanna pays Francesco 63 coins
[1779283825] miner ID [4]:Confirmed block received from node
[1779283825] miner ID [4]:Confirmed block received from node
[1779283828] miner ID [4]:Confirmed block received from node
[1779283829] miner ID [4]:Ilaria pays Giacomo 54 coins
[1779283829] miner ID [4]:Ilaria pays Francesco 67 coins
[1779283829] miner ID [4]:Francesco pays Ilaria 57 coins
[1779283830] miner ID [4]:Confirmed block received from node
[1779283831] miner ID [4]:WARNING: transaction pool full
[1779283831] miner ID [4]:Bob pays Giacomo 23 coins
[1779283831] miner ID [4]:WARNING: transaction pool full
[1779283831] miner ID [4]:Francesco pays Bob 98 coins
[1779283831] miner ID [4]:WARNING: transaction pool full
[1779283831] miner ID [4]:Giovanna pays Ilaria 95 coins
[1779283831] miner ID [4]:WARNING: transaction pool full
[1779283831] miner ID [4]:Ilaria pays Giacomo 32 coins
[1779283831] miner ID [4]:WARNING: transaction pool full
[1779283831] miner ID [4]:Bob pays Ilaria 6 coins
[1779283839] miner ID [4]:Confirmed block received from node
[1779283839] miner ID [4]:Confirmed block received from node
[1779283843] miner ID [4]:WARNING: transaction pool full
[1779283843] miner ID [4]:Alice pays Bob 65 coins
[1779283843] miner ID [4]:WARNING: transaction pool full
[1779283843] miner ID [4]:Giovanna pays Bob 57 coins
[1779283843] miner ID [4]:WARNING: transaction pool full
[1779283843] miner ID [4]:Alice pays Giacomo 57 coins
[1779283843] miner ID [4]:Confirmed block received from node
[1779283844] miner ID [4]:WARNING: transaction pool full
[1779283844] miner ID [4]:Ilaria pays Giacomo 88 coins
[1779283844] miner ID [4]:WARNING: transaction pool full
[1779283844] miner ID [4]:Giacomo pays Francesco 57 coins
[1779283844] miner ID [4]:WARNING: transaction pool full
[1779283844] miner ID [4]:Francesco pays Alice 37 coins
[1779283844] miner ID [4]:WARNING: transaction pool full
[1779283844] miner ID [4]:Francesco pays Ilaria 80 coins
[1779283844] miner ID [4]:WARNING: transaction pool full
[1779283844] miner ID [4]:Francesco pays Alice 49 coins
[1779283846] miner ID [4]:Confirmed block received from node
[1779283849] miner ID [4]:Confirmed block received from node
[1779283849] miner ID [4]:Confirmed block received from node
[1779283852] miner ID [4]:WARNING: transaction pool full
[1779283852] miner ID [4]:Giacomo pays Bob 72 coins
[1779283852] miner ID [4]:WARNING: transaction pool full
[1779283852] miner ID [4]:Giacomo pays Ilaria 92 coins
[1779283852] miner ID [4]:WARNING: transaction pool full
[1779283852] miner ID [4]:Francesco pays Alice 59 coins
[1779283852] miner ID [4]:WARNING: transaction pool full
[1779283852] miner ID [4]:Ilaria pays Alice 8 coins
[1779283852] miner ID [4]:WARNING: transaction pool full
[1779283852] miner ID [4]:Bob pays Giovanna 73 coins
[1779283857] miner ID [4]:WARNING: transaction pool full
[1779283857] miner ID [4]:Giovanna pays Francesco 17 coins
[1779283857] miner ID [4]:WARNING: transaction pool full
[1779283857] miner ID [4]:Ilaria pays Giovanna 68 coins
[1779283857] miner ID [4]:WARNING: transaction pool full
[1779283857] miner ID [4]:Giacomo pays Ilaria 41 coins
[1779283857] miner ID [4]:WARNING: transaction pool full
[1779283857] miner ID [4]:Ilaria pays Francesco 38 coins
[1779283857] miner ID [4]:WARNING: transaction pool full
[1779283857] miner ID [4]:Alice pays Francesco 84 coins
[1779283857] miner ID [4]:WARNING: transaction pool full
[1779283857] miner ID [4]:Ilaria pays Bob 66 coins
[1779283857] miner ID [4]:WARNING: transaction pool full
[1779283857] miner ID [4]:Bob pays Francesco 44 coins
[1779283857] miner ID [4]:WARNING: transaction pool full
[1779283857] miner ID [4]:Ilaria pays Bob 20 coins
[1779283857] miner ID [4]:WARNING: transaction pool full
[1779283857] miner ID [4]:Alice pays Francesco 7 coins
[1779283857] miner ID [4]:WARNING: transaction pool full
[1779283857] miner ID [4]:Alice pays Bob 90 coins
[1779283859] miner ID [4]:Confirmed block received from node
[1779283860] miner ID [4]:Confirmed block received from node
[1779283864] miner ID [4]:Confirmed block received from node
[1779283866] miner ID [4]:Confirmed block received from node
[1779283866] miner ID [4]:Confirmed block received from node
[1779283866] miner ID [4]:Mining successful
[1779283866] miner ID [4]:Block sent to nodes
[1779283866] miner ID [4]:Confirmed block received from node
[1779283867] miner ID [4]:Confirmed block received from node
[1779283870] miner ID [4]:Giovanna pays Bob 29 coins
[1779283870] miner ID [4]:Ilaria pays Giacomo 90 coins
[1779283870] miner ID [4]:Bob pays Alice 48 coins
[1779283870] miner ID [4]:Ilaria pays Bob 35 coins
[1779283870] miner ID [4]:Giovanna pays Giacomo 54 coins
[1779283871] miner ID [4]:Confirmed block received from node
[1779283871] miner ID [4]:Mining successful
[1779283871] miner ID [4]:Block sent to nodes
[1779283872] miner ID [4]:Confirmed block received from node
[1779283876] miner ID [4]:Confirmed block received from node
[1779283878] miner ID [4]:Confirmed block received from node
[1779283878] miner ID [4]:Confirmed block received from node
[1779283880] miner ID [4]:Alice pays Giacomo 53 coins
[1779283880] miner ID [4]:Alice pays Giovanna 91 coins
[1779283880] miner ID [4]:Bob pays Giovanna 67 coins
[1779283880] miner ID [4]:Alice pays Giacomo 65 coins
[1779283880] miner ID [4]:Francesco pays Giacomo 60 coins
[1779283880] miner ID [4]:Mining successful
[1779283880] miner ID [4]:Block sent to nodes
[1779283880] miner ID [4]:Confirmed block received from node
[1779283882] miner ID [4]:Confirmed block received from node
[1779283885] miner ID [4]:Ilaria pays Giovanna 74 coins
[1779283885] miner ID [4]:Francesco pays Bob 52 coins
[1779283885] miner ID [4]:Bob pays Alice 28 coins
[1779283885] miner ID [4]:Alice pays Giacomo 89 coins
[1779283885] miner ID [4]:Giovanna pays Francesco 69 coins
[1779283885] miner ID [4]:Ilaria pays Francesco 68 coins
[1779283885] miner ID [4]:Bob pays Ilaria 14 coins
[1779283885] miner ID [4]:Alice pays Giacomo 22 coins
[1779283885] miner ID [4]:WARNING: transaction pool full
[1779283885] miner ID [4]:Bob pays Francesco 40 coins
[1779283885] miner ID [4]:WARNING: transaction pool full
[1779283885] miner ID [4]:Bob pays Giovanna 2 coins
[1779283888] miner ID [4]:WARNING: transaction pool full
[1779283888] miner ID [4]:Bob pays Francesco 89 coins
[1779283888] miner ID [4]:WARNING: transaction pool full
[1779283888] miner ID [4]:Bob pays Ilaria 48 coins
[1779283888] miner ID [4]:WARNING: transaction pool full
[1779283888] miner ID [4]:Ilaria pays Francesco 8 coins
[1779283888] miner ID [4]:WARNING: transaction pool full
[1779283888] miner ID [4]:Giacomo pays Bob 4 coins
[1779283888] miner ID [4]:WARNING: transaction pool full
[1779283888] miner ID [4]:Ilaria pays Bob 91 coins
[1779283889] miner ID [4]:Confirmed block received from node
[1779283889] miner ID [4]:Confirmed block received from node
[1779283893] miner ID [4]:WARNING: transaction pool full
[1779283893] miner ID [4]:Bob pays Giacomo 29 coins
[1779283893] miner ID [4]:WARNING: transaction pool full
[1779283893] miner ID [4]:Alice pays Giacomo 80 coins
[1779283893] miner ID [4]:WARNING: transaction pool full
[1779283893] miner ID [4]:Francesco pays Bob 39 coins
[1779283893] miner ID [4]:WARNING: transaction pool full
[1779283893] miner ID [4]:Francesco pays Alice 21 coins
[1779283893] miner ID [4]:WARNING: transaction pool full
[1779283893] miner ID [4]:Giovanna pays Ilaria 95 coins
[1779283893] miner ID [4]:Mining successful
[1779283893] miner ID [4]:Block sent to nodes
[1779283893] miner ID [4]:Confirmed block received from node
[1779283894] miner ID [4]:Confirmed block received from node
[1779283894] miner ID [4]:Lottery won but no transactions to mine
[1779283894] miner ID [4]:Confirmed block received from node
[1779283895] miner ID [4]:Giacomo pays Ilaria 17 coins
[1779283895] miner ID [4]:Francesco pays Giovanna 92 coins
[1779283895] miner ID [4]:Ilaria pays Bob 8 coins
[1779283895] miner ID [4]:Alice pays Francesco 41 coins
[1779283895] miner ID [4]:Francesco pays Ilaria 67 coins
[1779283895] miner ID [4]:Mining successful
[1779283895] miner ID [4]:Block sent to nodes
[1779283895] miner ID [4]:Confirmed block received from node
[1779283895] miner ID [4]:Confirmed block received from node
[1779283896] miner ID [4]:Giacomo pays Giovanna 37 coins
[1779283896] miner ID [4]:Alice pays Giovanna 20 coins
[1779283896] miner ID [4]:Giacomo pays Francesco 63 coins
[1779283896] miner ID [4]:Ilaria pays Giovanna 71 coins
[1779283896] miner ID [4]:Alice pays Bob 34 coins
[1779283898] miner ID [4]:Confirmed block received from node
[1779283899] miner ID [4]:Confirmed block received from node
[1779283902] miner ID [4]:Giacomo pays Francesco 92 coins
[1779283902] miner ID [4]:Francesco pays Alice 53 coins
[1779283902] miner ID [4]:Alice pays Francesco 13 coins
[1779283902] miner ID [4]:Confirmed block received from node
[1779283903] miner ID [4]:Confirmed block received from node
[1779283906] miner ID [4]:Confirmed block received from node
[1779283908] miner ID [4]:Confirmed block received from node
[1779283908] miner ID [4]:Mining successful
[1779283908] miner ID [4]:Block sent to nodes
[1779283908] miner ID [4]:Confirmed block received from node
[1779283909] miner ID [4]:Francesco pays Giovanna 71 coins
[1779283909] miner ID [4]:Bob pays Giovanna 21 coins
[1779283909] miner ID [4]:Francesco pays Giacomo 14 coins
[1779283909] miner ID [4]:Mining successful
[1779283909] miner ID [4]:Block sent to nodes
[1779283909] miner ID [4]:Ilaria pays Alice 91 coins
[1779283909] miner ID [4]:Confirmed block received from node
[1779283909] miner ID [4]:Confirmed block received from node
[1779283911] miner ID [4]:Francesco pays Ilaria 89 coins
[1779283911] miner ID [4]:Giovanna pays Bob 62 coins
[1779283911] miner ID [4]:Ilaria pays Giacomo 10 coins
[1779283911] miner ID [4]:Francesco pays Bob 26 coins
[1779283911] miner ID [4]:Ilaria pays Francesco 46 coins
[1779283912] miner ID [4]:Confirmed block received from node
[1779283912] miner ID [4]:Confirmed block received from node
[1779283912] miner ID [4]:Mining successful
[1779283912] miner ID [4]:Block sent to nodes
[1779283912] miner ID [4]:Confirmed block received from node
[1779283915] miner ID [4]:Ilaria pays Francesco 42 coins
[1779283915] miner ID [4]:Alice pays Bob 49 coins
[1779283915] miner ID [4]:Bob pays Francesco 70 coins
[1779283915] miner ID [4]:Bob pays Alice 55 coins
[1779283915] miner ID [4]:Giovanna pays Alice 9 coins
[1779283915] miner ID [4]:Giovanna pays Ilaria 75 coins
[1779283915] miner ID [4]:Ilaria pays Alice 68 coins
[1779283915] miner ID [4]:Bob pays Giacomo 55 coins
[1779283915] miner ID [4]:Bob pays Giovanna 81 coins
[1779283915] miner ID [4]:WARNING: transaction pool full
[1779283915] miner ID [4]:Giacomo pays Giovanna 68 coins
[1779283915] miner ID [4]:WARNING: transaction pool full
[1779283915] miner ID [4]:Bob pays Giacomo 28 coins
[1779283915] miner ID [4]:WARNING: transaction pool full
[1779283915] miner ID [4]:Giacomo pays Bob 33 coins
[1779283915] miner ID [4]:WARNING: transaction pool full
[1779283915] miner ID [4]:Giacomo pays Francesco 27 coins
[1779283915] miner ID [4]:WARNING: transaction pool full
[1779283915] miner ID [4]:Ilaria pays Giacomo 41 coins
[1779283915] miner ID [4]:WARNING: transaction pool full
[1779283915] miner ID [4]:Ilaria pays Giacomo 95 coins
[1779283916] miner ID [4]:WARNING: transaction pool full
[1779283916] miner ID [4]:Giacomo pays Alice 56 coins
[1779283916] miner ID [4]:WARNING: transaction pool full
[1779283916] miner ID [4]:Alice pays Bob 14 coins
[1779283916] miner ID [4]:WARNING: transaction pool full
[1779283916] miner ID [4]:Giovanna pays Bob 47 coins
[1779283916] miner ID [4]:WARNING: transaction pool full
[1779283916] miner ID [4]:Giovanna pays Bob 1 coins
[1779283916] miner ID [4]:WARNING: transaction pool full
[1779283916] miner ID [4]:Alice pays Giovanna 69 coins
[1779283918] miner ID [4]:Confirmed block received from node
[1779283919] miner ID [4]:WARNING: transaction pool full
[1779283919] miner ID [4]:Giovanna pays Francesco 31 coins
[1779283919] miner ID [4]:WARNING: transaction pool full
[1779283919] miner ID [4]:Giovanna pays Ilaria 74 coins
[1779283919] miner ID [4]:WARNING: transaction pool full
[1779283919] miner ID [4]:Ilaria pays Alice 31 coins
[1779283919] miner ID [4]:WARNING: transaction pool full
[1779283919] miner ID [4]:Ilaria pays Giovanna 96 coins
[1779283919] miner ID [4]:WARNING: transaction pool full
[1779283919] miner ID [4]:Bob pays Giovanna 73 coins
[1779283923] miner ID [4]:Confirmed block received from node
[1779283924] miner ID [4]:Confirmed block received from node
[1779283924] miner ID [4]:Confirmed block received from node
[1779283928] miner ID [4]:WARNING: transaction pool full
[1779283928] miner ID [4]:Francesco pays Alice 88 coins
[1779283928] miner ID [4]:WARNING: transaction pool full
[1779283928] miner ID [4]:Francesco pays Giovanna 31 coins
[1779283928] miner ID [4]:WARNING: transaction pool full
[1779283928] miner ID [4]:Giacomo pays Ilaria 59 coins
[1779283928] miner ID [4]:WARNING: transaction pool full
[1779283928] miner ID [4]:Ilaria pays Giovanna 70 coins
[1779283928] miner ID [4]:WARNING: transaction pool full
[1779283928] miner ID [4]:Ilaria pays Bob 26 coins
[1779283930] miner ID [4]:Confirmed block received from node
[1779283932] miner ID [4]:WARNING: transaction pool full
[1779283932] miner ID [4]:Ilaria pays Bob 39 coins
[1779283932] miner ID [4]:WARNING: transaction pool full
[1779283932] miner ID [4]:Ilaria pays Alice 6 coins
[1779283932] miner ID [4]:WARNING: transaction pool full
[1779283932] miner ID [4]:Bob pays Alice 10 coins
[1779283932] miner ID [4]:WARNING: transaction pool full
[1779283932] miner ID [4]:Francesco pays Bob 57 coins
[1779283932] miner ID [4]:WARNING: transaction pool full
[1779283932] miner ID [4]:Ilaria pays Giacomo 45 coins
[1779283932] miner ID [4]:WARNING: transaction pool full
[1779283932] miner ID [4]:Bob pays Giovanna 29 coins
[1779283932] miner ID [4]:WARNING: transaction pool full
[1779283932] miner ID [4]:Bob pays Francesco 78 coins
[1779283932] miner ID [4]:WARNING: transaction pool full
[1779283932] miner ID [4]:Alice pays Giacomo 28 coins
[1779283932] miner ID [4]:WARNING: transaction pool full
[1779283932] miner ID [4]:Giovanna pays Francesco 52 coins
[1779283932] miner ID [4]:WARNING: transaction pool full
[1779283932] miner ID [4]:Giovanna pays Bob 71 coins
[1779283934] miner ID [4]:Confirmed block received from node
[1779283935] miner ID [4]:Confirmed block received from node
[1779283935] miner ID [4]:Mining successful
[1779283935] miner ID [4]:Block sent to nodes
[1779283935] miner ID [4]:Confirmed block received from node
[1779283936] miner ID [4]:Confirmed block received from node
[1779283936] miner ID [4]:Lottery won but no transactions to mine
[1779283937] miner ID [4]:Bob pays Giacomo 18 coins
[1779283937] miner ID [4]:Ilaria pays Francesco 49 coins
[1779283937] miner ID [4]:Mining successful
[1779283937] miner ID [4]:Block sent to nodes
[1779283937] miner ID [4]:Confirmed block received from node
[1779283937] miner ID [4]:Lottery won but no transactions to mine
[1779283938] miner ID [4]:Giacomo pays Alice 76 coins
[1779283938] miner ID [4]:Giacomo pays Giovanna 37 coins
[1779283938] miner ID [4]:Giacomo pays Francesco 94 coins
[1779283943] miner ID [4]:Bob pays Giacomo 64 coins
[1779283944] miner ID [4]:Confirmed block received from node
[1779283945] miner ID [4]:Confirmed block received from node
[1779283945] miner ID [4]:Confirmed block received from node
[1779283950] miner ID [4]:Ilaria pays Bob 72 coins
[1779283950] miner ID [4]:Francesco pays Ilaria 33 coins
[1779283950] miner ID [4]:Ilaria pays Bob 10 coins
[1779283950] miner ID [4]:Giacomo pays Francesco 44 coins
[1779283950] miner ID [4]:WARNING: transaction pool full
[1779283950] miner ID [4]:Francesco pays Bob 69 coins
[1779283950] miner ID [4]:WARNING: transaction pool full
[1779283950] miner ID [4]:Bob pays Giacomo 97 coins
[1779283950] miner ID [4]:Confirmed block received from node
[1779283953] miner ID [4]:Confirmed block received from node
[1779283953] miner ID [4]:Confirmed block received from node
[1779283957] miner ID [4]:WARNING: transaction pool full
[1779283957] miner ID [4]:Giovanna pays Ilaria 89 coins
[1779283957] miner ID [4]:WARNING: transaction pool full
[1779283957] miner ID [4]:Alice pays Bob 94 coins
[1779283957] miner ID [4]:WARNING: transaction pool full
[1779283957] miner ID [4]:Bob pays Giacomo 16 coins
[1779283957] miner ID [4]:Mining successful
[1779283957] miner ID [4]:Block sent to nodes
[1779283957] miner ID [4]:Confirmed block received from node
[1779283963] miner ID [4]:Miner shutting down
