[1779286542] miner ID [3]:miner avviato correttamente
[1779286542] miner ID [3]:Miner started
[1779286543] miner ID [3]:Confirmed block received from node
[1779286545] miner ID [3]:Giacomo pays Ilaria 23 coins
[1779286545] miner ID [3]:Alice pays Ilaria 47 coins
[1779286545] miner ID [3]:Ilaria pays Giovanna 9 coins
[1779286545] miner ID [3]:Giovanna pays Francesco 86 coins
[1779286545] miner ID [3]:Alice pays Ilaria 58 coins
[1779286545] miner ID [3]:Alice pays Giovanna 22 coins
[1779286545] miner ID [3]:Giacomo pays Alice 92 coins
[1779286545] miner ID [3]:Ilaria pays Giovanna 40 coins
[1779286545] miner ID [3]:Giacomo pays Giovanna 2 coins
[1779286545] miner ID [3]:Francesco pays Bob 97 coins
[1779286545] miner ID [3]:Bob pays Giovanna 4 coins
[1779286545] miner ID [3]:Bob pays Giacomo 5 coins
[1779286547] miner ID [3]:Confirmed block received from node
[1779286547] miner ID [3]:Confirmed block received from node
[1779286549] miner ID [3]:Giacomo pays Francesco 75 coins
[1779286549] miner ID [3]:Giovanna pays Alice 80 coins
[1779286549] miner ID [3]:Francesco pays Giovanna 21 coins
[1779286549] miner ID [3]:Francesco pays Giovanna 97 coins
[1779286549] miner ID [3]:Alice pays Ilaria 88 coins
[1779286549] miner ID [3]:Bob pays Giacomo 97 coins
[1779286549] miner ID [3]:Mining successful
[1779286549] miner ID [3]:Block sent to nodes
[1779286549] miner ID [3]:Confirmed block received from node
[1779286549] miner ID [3]:Confirmed block received from node
[1779286549] miner ID [3]:Confirmed block received from node
[1779286549] miner ID [3]:Lottery won but no transactions to mine
[1779286549] miner ID [3]:Confirmed block received from node
[1779286551] miner ID [3]:Confirmed block received from node
[1779286551] miner ID [3]:Lottery won but no transactions to mine
[1779286553] miner ID [3]:Confirmed block received from node
[1779286554] miner ID [3]:Francesco pays Bob 48 coins
[1779286554] miner ID [3]:Alice pays Giovanna 55 coins
[1779286554] miner ID [3]:Giacomo pays Bob 28 coins
[1779286554] miner ID [3]:Francesco pays Giovanna 82 coins
[1779286554] miner ID [3]:Ilaria pays Alice 53 coins
[1779286554] miner ID [3]:Ilaria pays Francesco 75 coins
[1779286557] miner ID [3]:Confirmed block received from node
[1779286558] miner ID [3]:Confirmed block received from node
[1779286558] miner ID [3]:Mining successful
[1779286558] miner ID [3]:Block sent to nodes
[1779286558] miner ID [3]:Confirmed block received from node
[1779286558] miner ID [3]:Confirmed block received from node
[1779286559] miner ID [3]:Confirmed block received from node
[1779286559] miner ID [3]:Lottery won but no transactions to mine
[1779286562] miner ID [3]:Confirmed block received from node
[1779286562] miner ID [3]:Confirmed block received from node
