[1779286542] miner ID [1]:miner avviato correttamente
[1779286542] miner ID [1]:Miner started
[1779286543] miner ID [1]:Ilaria pays Bob 96 coins
[1779286543] miner ID [1]:Confirmed block received from node
[1779286546] miner ID [1]:Giacomo pays Alice 40 coins
[1779286546] miner ID [1]:Giacomo pays Alice 88 coins
[1779286546] miner ID [1]:Giovanna pays Ilaria 35 coins
[1779286546] miner ID [1]:Giacomo pays Giovanna 39 coins
[1779286547] miner ID [1]:Confirmed block received from node
[1779286547] miner ID [1]:Mining successful
[1779286547] miner ID [1]:Block sent to nodes
[1779286547] miner ID [1]:Confirmed block received from node
[1779286547] miner ID [1]:Lottery won but no transactions to mine
[1779286548] miner ID [1]:Lottery won but no transactions to mine
[1779286549] miner ID [1]:Confirmed block received from node
[1779286549] miner ID [1]:Confirmed block received from node
[1779286549] miner ID [1]:Lottery won but no transactions to mine
[1779286549] miner ID [1]:Confirmed block received from node
[1779286549] miner ID [1]:Lottery won but no transactions to mine
[1779286549] miner ID [1]:Confirmed block received from node
[1779286551] miner ID [1]:Confirmed block received from node
[1779286553] miner ID [1]:Confirmed block received from node
[1779286557] miner ID [1]:Alice pays Giacomo 44 coins
[1779286557] miner ID [1]:Giacomo pays Bob 57 coins
[1779286557] miner ID [1]:Bob pays Ilaria 55 coins
[1779286557] miner ID [1]:Bob pays Alice 5 coins
[1779286557] miner ID [1]:Ilaria pays Bob 27 coins
[1779286557] miner ID [1]:Francesco pays Alice 20 coins
[1779286557] miner ID [1]:Mining successful
[1779286557] miner ID [1]:Block sent to nodes
[1779286557] miner ID [1]:Confirmed block received from node
[1779286557] miner ID [1]:Lottery won but no transactions to mine
[1779286558] miner ID [1]:Confirmed block received from node
[1779286558] miner ID [1]:Confirmed block received from node
[1779286558] miner ID [1]:Confirmed block received from node
[1779286559] miner ID [1]:Confirmed block received from node
[1779286560] miner ID [1]:Lottery won but no transactions to mine
[1779286562] miner ID [1]:Ilaria pays Francesco 65 coins
[1779286562] miner ID [1]:Giovanna pays Alice 53 coins
[1779286562] miner ID [1]:Confirmed block received from node
[1779286562] miner ID [1]:Confirmed block received from node
