[1779286580] miner ID [1]:miner avviato correttamente
[1779286580] miner ID [1]:Miner started
[1779286581] miner ID [1]:Confirmed block received from node
[1779286581] miner ID [1]:Lottery won but no transactions to mine
[1779286582] miner ID [1]:Confirmed block received from node
[1779286582] miner ID [1]:Lottery won but no transactions to mine
[1779286582] miner ID [1]:Confirmed block received from node
[1779286582] miner ID [1]:Lottery won but no transactions to mine
[1779286582] miner ID [1]:Confirmed block received from node
[1779286582] miner ID [1]:Lottery won but no transactions to mine
[1779286585] miner ID [1]:Confirmed block received from node
[1779286585] miner ID [1]:Lottery won but no transactions to mine
[1779286585] miner ID [1]:Confirmed block received from node
[1779286585] miner ID [1]:Lottery won but no transactions to mine
[1779286586] miner ID [1]:Giovanna pays Giacomo 21 coins
[1779286586] miner ID [1]:Ilaria pays Alice 21 coins
[1779286586] miner ID [1]:Giacomo pays Giovanna 93 coins
[1779286586] miner ID [1]:Giovanna pays Alice 40 coins
[1779286586] miner ID [1]:Ilaria pays Francesco 55 coins
[1779286586] miner ID [1]:Mining successful
[1779286586] miner ID [1]:Block sent to nodes
[1779286586] miner ID [1]:Confirmed block received from node
[1779286586] miner ID [1]:Lottery won but no transactions to mine
[1779286586] miner ID [1]:Confirmed block received from node
[1779286586] miner ID [1]:Lottery won but no transactions to mine
[1779286586] miner ID [1]:Confirmed block received from node
[1779286586] miner ID [1]:Lottery won but no transactions to mine
[1779286587] miner ID [1]:Confirmed block received from node
[1779286587] miner ID [1]:Lottery won but no transactions to mine
[1779286590] miner ID [1]:Giacomo pays Bob 32 coins
[1779286590] miner ID [1]:Ilaria pays Giovanna 67 coins
[1779286590] miner ID [1]:Alice pays Giacomo 54 coins
[1779286590] miner ID [1]:Francesco pays Ilaria 36 coins
[1779286590] miner ID [1]:Giovanna pays Bob 24 coins
[1779286590] miner ID [1]:Alice pays Giovanna 79 coins
[1779286590] miner ID [1]:Alice pays Francesco 15 coins
[1779286590] miner ID [1]:Confirmed block received from node
[1779286590] miner ID [1]:Confirmed block received from node
[1779286590] miner ID [1]:Mining successful
[1779286590] miner ID [1]:Block sent to nodes
[1779286590] miner ID [1]:Confirmed block received from node
[1779286590] miner ID [1]:Confirmed block received from node
[1779286590] miner ID [1]:Lottery won but no transactions to mine
[1779286590] miner ID [1]:Confirmed block received from node
[1779286591] miner ID [1]:Miner shutting down
[1779286591] miner ID [1]:miner chiuso
