[1779286680] miner ID [3]:miner avviato correttamente
[1779286680] miner ID [3]:Miner started
[1779286681] miner ID [3]:Alice pays Giovanna 36 coins
[1779286681] miner ID [3]:Ilaria pays Bob 73 coins
[1779286681] miner ID [3]:Mining successful
[1779286681] miner ID [3]:Block sent to nodes
[1779286681] miner ID [3]:Alice pays Ilaria 99 coins
[1779286681] miner ID [3]:Confirmed block received from node
[1779286681] miner ID [3]:Mining successful
[1779286681] miner ID [3]:Block sent to nodes
[1779286681] miner ID [3]:Confirmed block received from node
[1779286683] miner ID [3]:Confirmed block received from node
[1779286683] miner ID [3]:Lottery won but no transactions to mine
[1779286684] miner ID [3]:Confirmed block received from node
[1779286684] miner ID [3]:Confirmed block received from node
[1779286686] miner ID [3]:Giovanna pays Bob 59 coins
[1779286686] miner ID [3]:Francesco pays Bob 85 coins
[1779286686] miner ID [3]:Giacomo pays Giovanna 95 coins
[1779286686] miner ID [3]:Francesco pays Bob 86 coins
[1779286686] miner ID [3]:Francesco pays Bob 94 coins
[1779286686] miner ID [3]:Alice pays Ilaria 19 coins
[1779286686] miner ID [3]:Mining successful
[1779286686] miner ID [3]:Block sent to nodes
[1779286686] miner ID [3]:Confirmed block received from node
[1779286687] miner ID [3]:Confirmed block received from node
[1779286687] miner ID [3]:Lottery won but no transactions to mine
[1779286687] miner ID [3]:Confirmed block received from node
[1779286687] miner ID [3]:Lottery won but no transactions to mine
[1779286691] miner ID [3]:Alice pays Ilaria 29 coins
[1779286691] miner ID [3]:Ilaria pays Francesco 80 coins
[1779286691] miner ID [3]:Giacomo pays Giovanna 45 coins
[1779286691] miner ID [3]:Giovanna pays Bob 98 coins
[1779286692] miner ID [3]:Ilaria pays Francesco 14 coins
[1779286692] miner ID [3]:Giovanna pays Giacomo 95 coins
[1779286692] miner ID [3]:Giacomo pays Francesco 34 coins
[1779286692] miner ID [3]:Alice pays Bob 60 coins
[1779286692] miner ID [3]:Bob pays Giacomo 98 coins
[1779286692] miner ID [3]:Bob pays Giovanna 36 coins
[1779286692] miner ID [3]:Confirmed block received from node
[1779286692] miner ID [3]:Confirmed block received from node
[1779286692] miner ID [3]:Mining successful
[1779286692] miner ID [3]:Block sent to nodes
[1779286693] miner ID [3]:Confirmed block received from node
[1779286693] miner ID [3]:Confirmed block received from node
[1779286695] miner ID [3]:Confirmed block received from node
[1779286695] miner ID [3]:Confirmed block received from node
[1779286695] miner ID [3]:Lottery won but no transactions to mine
[1779286698] miner ID [3]:Confirmed block received from node
[1779286698] miner ID [3]:Confirmed block received from node
[1779286699] miner ID [3]:Confirmed block received from node
[1779286699] miner ID [3]:Lottery won but no transactions to mine
[1779286699] miner ID [3]:Confirmed block received from node
[1779286699] miner ID [3]:Lottery won but no transactions to mine
[1779286701] miner ID [3]:Giovanna pays Giacomo 55 coins
[1779286701] miner ID [3]:Giacomo pays Bob 89 coins
[1779286701] miner ID [3]:Giacomo pays Giovanna 6 coins
[1779286701] miner ID [3]:Confirmed block received from node
[1779286701] miner ID [3]:Confirmed block received from node
[1779286704] miner ID [3]:Confirmed block received from node
[1779286704] miner ID [3]:Mining successful
[1779286704] miner ID [3]:Block sent to nodes
[1779286704] miner ID [3]:Confirmed block received from node
[1779286704] miner ID [3]:Alice pays Francesco 46 coins
[1779286704] miner ID [3]:Ilaria pays Bob 47 coins
[1779286704] miner ID [3]:Alice pays Ilaria 13 coins
[1779286704] miner ID [3]:Ilaria pays Giovanna 88 coins
[1779286704] miner ID [3]:Confirmed block received from node
[1779286704] miner ID [3]:Confirmed block received from node
[1779286705] miner ID [3]:Confirmed block received from node
[1779286707] miner ID [3]:Bob pays Giacomo 13 coins
[1779286707] miner ID [3]:Alice pays Francesco 98 coins
[1779286707] miner ID [3]:Bob pays Giovanna 48 coins
[1779286707] miner ID [3]:Bob pays Alice 69 coins
[1779286707] miner ID [3]:Alice pays Bob 7 coins
[1779286707] miner ID [3]:Francesco pays Bob 55 coins
[1779286707] miner ID [3]:Francesco pays Alice 14 coins
[1779286707] miner ID [3]:Alice pays Francesco 13 coins
[1779286707] miner ID [3]:Giovanna pays Alice 62 coins
[1779286707] miner ID [3]:Alice pays Francesco 61 coins
[1779286707] miner ID [3]:Alice pays Giacomo 1 coins
[1779286707] miner ID [3]:Alice pays Ilaria 41 coins
[1779286708] miner ID [3]:Mining successful
[1779286708] miner ID [3]:Block sent to nodes
[1779286708] miner ID [3]:Confirmed block received from node
[1779286711] miner ID [3]:Bob pays Ilaria 5 coins
[1779286711] miner ID [3]:Bob pays Giovanna 55 coins
[1779286711] miner ID [3]:Francesco pays Bob 23 coins
[1779286711] miner ID [3]:Ilaria pays Alice 15 coins
[1779286711] miner ID [3]:Giacomo pays Ilaria 74 coins
[1779286711] miner ID [3]:Ilaria pays Giacomo 18 coins
[1779286716] miner ID [3]:Confirmed block received from node
[1779286716] miner ID [3]:Mining successful
[1779286716] miner ID [3]:Block sent to nodes
[1779286716] miner ID [3]:Confirmed block received from node
[1779286716] miner ID [3]:Lottery won but no transactions to mine
[1779286716] miner ID [3]:Confirmed block received from node
[1779286718] miner ID [3]:Confirmed block received from node
[1779286718] miner ID [3]:Confirmed block received from node
[1779286721] miner ID [3]:Confirmed block received from node
[1779286721] miner ID [3]:Lottery won but no transactions to mine
[1779286724] miner ID [3]:Giovanna pays Bob 19 coins
[1779286725] miner ID [3]:Giacomo pays Ilaria 77 coins
[1779286725] miner ID [3]:Francesco pays Giovanna 51 coins
[1779286726] miner ID [3]:Confirmed block received from node
[1779286726] miner ID [3]:Mining successful
[1779286726] miner ID [3]:Block sent to nodes
[1779286726] miner ID [3]:Confirmed block received from node
[1779286726] miner ID [3]:Lottery won but no transactions to mine
[1779286726] miner ID [3]:Confirmed block received from node
[1779286726] miner ID [3]:Lottery won but no transactions to mine
[1779286728] miner ID [3]:Alice pays Francesco 25 coins
[1779286728] miner ID [3]:Bob pays Alice 7 coins
[1779286728] miner ID [3]:Alice pays Bob 39 coins
[1779286728] miner ID [3]:Giovanna pays Bob 12 coins
[1779286728] miner ID [3]:Giacomo pays Ilaria 45 coins
[1779286728] miner ID [3]:Giovanna pays Francesco 99 coins
[1779286728] miner ID [3]:Mining successful
[1779286728] miner ID [3]:Block sent to nodes
[1779286728] miner ID [3]:Confirmed block received from node
[1779286728] miner ID [3]:Confirmed block received from node
[1779286728] miner ID [3]:Lottery won but no transactions to mine
[1779286729] miner ID [3]:Ilaria pays Francesco 63 coins
[1779286729] miner ID [3]:Alice pays Francesco 16 coins
[1779286729] miner ID [3]:Alice pays Giacomo 69 coins
[1779286731] miner ID [3]:Confirmed block received from node
[1779286731] miner ID [3]:Confirmed block received from node
[1779286731] miner ID [3]:Giovanna pays Alice 41 coins
[1779286731] miner ID [3]:Alice pays Bob 53 coins
[1779286731] miner ID [3]:Giovanna pays Francesco 97 coins
[1779286731] miner ID [3]:Alice pays Giovanna 16 coins
[1779286731] miner ID [3]:Confirmed block received from node
[1779286733] miner ID [3]:Miner shutting down
[1779286733] miner ID [3]:miner chiuso
