[1779280955] miner ID [3]:miner avviato correttamente
[1779280955] miner ID [3]:Miner started
[1779280964] miner ID [3]:Alice pays Francesco 43 coins
[1779280964] miner ID [3]:Bob pays Giovanna 19 coins
[1779280964] miner ID [3]:Francesco pays Bob 44 coins
[1779280964] miner ID [3]:Bob pays Ilaria 81 coins
[1779280971] miner ID [3]:Confirmed block received from node
[1779280971] miner ID [3]:Ilaria pays Bob 82 coins
[1779280971] miner ID [3]:Confirmed block received from node
[1779280975] miner ID [3]:Confirmed block received from node
[1779280977] miner ID [3]:Ilaria pays Alice 1 coins
[1779280977] miner ID [3]:Ilaria pays Francesco 98 coins
[1779280977] miner ID [3]:Bob pays Ilaria 49 coins
[1779280977] miner ID [3]:Francesco pays Alice 22 coins
[1779280981] miner ID [3]:WARNING: transaction pool full
[1779280981] miner ID [3]:Alice pays Bob 56 coins
[1779280981] miner ID [3]:WARNING: transaction pool full
[1779280981] miner ID [3]:Giacomo pays Alice 35 coins
[1779280990] miner ID [3]:WARNING: transaction pool full
[1779280990] miner ID [3]:Bob pays Francesco 81 coins
[1779280990] miner ID [3]:WARNING: transaction pool full
[1779280990] miner ID [3]:Alice pays Bob 10 coins
[1779280995] miner ID [3]:Confirmed block received from node
[1779280999] miner ID [3]:WARNING: transaction pool full
[1779280999] miner ID [3]:Giovanna pays Giacomo 2 coins
[1779280999] miner ID [3]:WARNING: transaction pool full
[1779280999] miner ID [3]:Bob pays Francesco 26 coins
[1779280999] miner ID [3]:WARNING: transaction pool full
[1779280999] miner ID [3]:Francesco pays Giovanna 61 coins
[1779280999] miner ID [3]:WARNING: transaction pool full
[1779280999] miner ID [3]:Alice pays Bob 35 coins
[1779281001] miner ID [3]:WARNING: transaction pool full
[1779281001] miner ID [3]:Bob pays Francesco 63 coins
[1779281001] miner ID [3]:WARNING: transaction pool full
[1779281001] miner ID [3]:Alice pays Francesco 27 coins
[1779281006] miner ID [3]:Confirmed block received from node
[1779281009] miner ID [3]:WARNING: transaction pool full
[1779281009] miner ID [3]:Giovanna pays Giacomo 13 coins
[1779281010] miner ID [3]:Confirmed block received from node
[1779281014] miner ID [3]:WARNING: transaction pool full
[1779281014] miner ID [3]:Giovanna pays Bob 77 coins
[1779281014] miner ID [3]:WARNING: transaction pool full
[1779281014] miner ID [3]:Giovanna pays Giacomo 4 coins
[1779281014] miner ID [3]:WARNING: transaction pool full
[1779281014] miner ID [3]:Giovanna pays Francesco 91 coins
[1779281014] miner ID [3]:WARNING: transaction pool full
[1779281014] miner ID [3]:Bob pays Giovanna 28 coins
[1779281039] miner ID [3]:Confirmed block received from node
[1779281044] miner ID [3]:WARNING: transaction pool full
[1779281044] miner ID [3]:Giovanna pays Bob 29 coins
[1779281048] miner ID [3]:Confirmed block received from node
[1779281050] miner ID [3]:Confirmed block received from node
[1779281054] miner ID [3]:WARNING: transaction pool full
[1779281054] miner ID [3]:Ilaria pays Bob 32 coins
[1779281054] miner ID [3]:WARNING: transaction pool full
[1779281054] miner ID [3]:Francesco pays Bob 82 coins
[1779281058] miner ID [3]:WARNING: transaction pool full
[1779281058] miner ID [3]:Francesco pays Bob 58 coins
[1779281058] miner ID [3]:WARNING: transaction pool full
[1779281058] miner ID [3]:Giovanna pays Alice 36 coins
[1779281058] miner ID [3]:WARNING: transaction pool full
[1779281058] miner ID [3]:Francesco pays Giovanna 87 coins
[1779281058] miner ID [3]:WARNING: transaction pool full
[1779281058] miner ID [3]:Giacomo pays Alice 16 coins
[1779281066] miner ID [3]:Confirmed block received from node
[1779281066] miner ID [3]:Confirmed block received from node
[1779281072] miner ID [3]:WARNING: transaction pool full
[1779281072] miner ID [3]:Bob pays Ilaria 6 coins
[1779281079] miner ID [3]:Confirmed block received from node
[1779281079] miner ID [3]:Mining successful
[1779281079] miner ID [3]:Block sent to nodes
[1779281079] miner ID [3]:Confirmed block received from node
[1779281084] miner ID [3]:Francesco pays Giacomo 47 coins
[1779281084] miner ID [3]:Francesco pays Alice 2 coins
[1779281090] miner ID [3]:Ilaria pays Bob 74 coins
[1779281090] miner ID [3]:Alice pays Giacomo 54 coins
[1779281094] miner ID [3]:Giovanna pays Alice 94 coins
[1779281094] miner ID [3]:Bob pays Francesco 55 coins
[1779281094] miner ID [3]:Confirmed block received from node
[1779281102] miner ID [3]:Alice pays Giacomo 49 coins
[1779281102] miner ID [3]:Giovanna pays Francesco 31 coins
[1779281102] miner ID [3]:WARNING: transaction pool full
[1779281102] miner ID [3]:Francesco pays Giovanna 43 coins
[1779281102] miner ID [3]:WARNING: transaction pool full
[1779281102] miner ID [3]:Francesco pays Ilaria 90 coins
[1779281105] miner ID [3]:Confirmed block received from node
[1779281108] miner ID [3]:WARNING: transaction pool full
[1779281108] miner ID [3]:Francesco pays Alice 13 coins
[1779281108] miner ID [3]:WARNING: transaction pool full
[1779281108] miner ID [3]:Francesco pays Bob 6 coins
[1779281108] miner ID [3]:WARNING: transaction pool full
[1779281108] miner ID [3]:Ilaria pays Alice 10 coins
[1779281108] miner ID [3]:WARNING: transaction pool full
[1779281108] miner ID [3]:Giacomo pays Giovanna 64 coins
[1779281114] miner ID [3]:WARNING: transaction pool full
[1779281114] miner ID [3]:Francesco pays Bob 2 coins
[1779281114] miner ID [3]:WARNING: transaction pool full
[1779281114] miner ID [3]:Ilaria pays Alice 2 coins
[1779281115] miner ID [3]:Confirmed block received from node
[1779281119] miner ID [3]:WARNING: transaction pool full
[1779281119] miner ID [3]:Bob pays Giacomo 54 coins
[1779281119] miner ID [3]:WARNING: transaction pool full
[1779281119] miner ID [3]:Alice pays Giovanna 94 coins
[1779281119] miner ID [3]:WARNING: transaction pool full
[1779281119] miner ID [3]:Ilaria pays Bob 74 coins
[1779281119] miner ID [3]:Confirmed block received from node
[1779281119] miner ID [3]:Confirmed block received from node
[1779281123] miner ID [3]:Alice pays Giovanna 86 coins
[1779281128] miner ID [3]:WARNING: transaction pool full
[1779281128] miner ID [3]:Giovanna pays Alice 25 coins
[1779281128] miner ID [3]:Mining successful
[1779281128] miner ID [3]:Block sent to nodes
[1779281128] miner ID [3]:Confirmed block received from node
[1779281133] miner ID [3]:Confirmed block received from node
[1779281133] miner ID [3]:Lottery won but no transactions to mine
[1779281133] miner ID [3]:Confirmed block received from node
[1779281139] miner ID [3]:Francesco pays Bob 55 coins
[1779281139] miner ID [3]:Ilaria pays Francesco 42 coins
[1779281140] miner ID [3]:Confirmed block received from node
[1779281145] miner ID [3]:Giovanna pays Giacomo 10 coins
[1779281145] miner ID [3]:Alice pays Bob 47 coins
[1779281146] miner ID [3]:Confirmed block received from node
[1779281147] miner ID [3]:Confirmed block received from node
[1779281147] miner ID [3]:Confirmed block received from node
[1779281152] miner ID [3]:Bob pays Francesco 42 coins
[1779281152] miner ID [3]:Alice pays Giovanna 84 coins
[1779281160] miner ID [3]:Confirmed block received from node
[1779281160] miner ID [3]:Confirmed block received from node
[1779281170] miner ID [3]:Confirmed block received from node
[1779281172] miner ID [3]:Alice pays Giovanna 45 coins
[1779281172] miner ID [3]:Giovanna pays Bob 32 coins
[1779281172] miner ID [3]:WARNING: transaction pool full
[1779281172] miner ID [3]:Bob pays Ilaria 37 coins
[1779281172] miner ID [3]:WARNING: transaction pool full
[1779281172] miner ID [3]:Francesco pays Alice 86 coins
[1779281172] miner ID [3]:Mining successful
[1779281172] miner ID [3]:Block sent to nodes
[1779281172] miner ID [3]:Confirmed block received from node
[1779281176] miner ID [3]:Alice pays Ilaria 12 coins
[1779281176] miner ID [3]:Bob pays Ilaria 24 coins
[1779281176] miner ID [3]:Giovanna pays Francesco 31 coins
[1779281176] miner ID [3]:Giacomo pays Alice 93 coins
[1779281177] miner ID [3]:Confirmed block received from node
[1779281177] miner ID [3]:Confirmed block received from node
[1779281181] miner ID [3]:Confirmed block received from node
[1779281184] miner ID [3]:Alice pays Giacomo 97 coins
[1779281184] miner ID [3]:Francesco pays Ilaria 74 coins
[1779281184] miner ID [3]:Alice pays Giacomo 30 coins
[1779281184] miner ID [3]:Bob pays Francesco 97 coins
[1779281185] miner ID [3]:Confirmed block received from node
[1779281190] miner ID [3]:WARNING: transaction pool full
[1779281190] miner ID [3]:Giacomo pays Giovanna 99 coins
[1779281190] miner ID [3]:Confirmed block received from node
[1779281190] miner ID [3]:Confirmed block received from node
[1779281190] miner ID [3]:Mining successful
[1779281190] miner ID [3]:Block sent to nodes
[1779281190] miner ID [3]:Confirmed block received from node
[1779281195] miner ID [3]:Bob pays Francesco 27 coins
[1779281195] miner ID [3]:Bob pays Giovanna 55 coins
[1779281195] miner ID [3]:Giovanna pays Giacomo 4 coins
[1779281195] miner ID [3]:Francesco pays Ilaria 18 coins
[1779281202] miner ID [3]:Mining successful
[1779281202] miner ID [3]:Block sent to nodes
[1779281202] miner ID [3]:Confirmed block received from node
[1779281203] miner ID [3]:Confirmed block received from node
[1779281204] miner ID [3]:Confirmed block received from node
[1779281206] miner ID [3]:Confirmed block received from node
[1779281206] miner ID [3]:Confirmed block received from node
[1779281206] miner ID [3]:Lottery won but no transactions to mine
[1779281207] miner ID [3]:Confirmed block received from node
[1779281210] miner ID [3]:Alice pays Francesco 98 coins
[1779281212] miner ID [3]:Confirmed block received from node
[1779281213] miner ID [3]:Ilaria pays Giovanna 89 coins
[1779281213] miner ID [3]:Ilaria pays Alice 92 coins
[1779281213] miner ID [3]:Giovanna pays Ilaria 63 coins
[1779281213] miner ID [3]:Giovanna pays Bob 18 coins
[1779281225] miner ID [3]:Confirmed block received from node
[1779281227] miner ID [3]:Giovanna pays Ilaria 66 coins
[1779281227] miner ID [3]:Giacomo pays Alice 7 coins
[1779281230] miner ID [3]:Mining successful
[1779281230] miner ID [3]:Block sent to nodes
[1779281231] miner ID [3]:Confirmed block received from node
[1779281231] miner ID [3]:Confirmed block received from node
[1779281232] miner ID [3]:Alice pays Giacomo 18 coins
[1779281232] miner ID [3]:Ilaria pays Giacomo 98 coins
[1779281232] miner ID [3]:Bob pays Ilaria 98 coins
[1779281232] miner ID [3]:Giovanna pays Alice 78 coins
[1779281242] miner ID [3]:Confirmed block received from node
[1779281246] miner ID [3]:Giacomo pays Francesco 98 coins
[1779281246] miner ID [3]:Ilaria pays Bob 62 coins
[1779281246] miner ID [3]:Ilaria pays Giovanna 9 coins
[1779281248] miner ID [3]:Confirmed block received from node
[1779281248] miner ID [3]:Confirmed block received from node
[1779281252] miner ID [3]:Confirmed block received from node
[1779281258] miner ID [3]:Confirmed block received from node
[1779281259] miner ID [3]:Confirmed block received from node
[1779281262] miner ID [3]:Alice pays Bob 56 coins
[1779281262] miner ID [3]:WARNING: transaction pool full
[1779281262] miner ID [3]:Francesco pays Giacomo 72 coins
[1779281269] miner ID [3]:Confirmed block received from node
[1779281273] miner ID [3]:Giovanna pays Bob 19 coins
[1779281273] miner ID [3]:WARNING: transaction pool full
[1779281273] miner ID [3]:Bob pays Francesco 83 coins
[1779281280] miner ID [3]:WARNING: transaction pool full
[1779281280] miner ID [3]:Ilaria pays Giovanna 66 coins
[1779281280] miner ID [3]:WARNING: transaction pool full
[1779281280] miner ID [3]:Ilaria pays Giacomo 44 coins
[1779281280] miner ID [3]:WARNING: transaction pool full
[1779281280] miner ID [3]:Bob pays Alice 8 coins
[1779281280] miner ID [3]:WARNING: transaction pool full
[1779281280] miner ID [3]:Giacomo pays Alice 75 coins
[1779281281] miner ID [3]:Confirmed block received from node
[1779281282] miner ID [3]:WARNING: transaction pool full
[1779281282] miner ID [3]:Giacomo pays Giovanna 29 coins
[1779281282] miner ID [3]:WARNING: transaction pool full
[1779281282] miner ID [3]:Ilaria pays Alice 56 coins
[1779281282] miner ID [3]:WARNING: transaction pool full
[1779281282] miner ID [3]:Francesco pays Ilaria 3 coins
[1779281282] miner ID [3]:WARNING: transaction pool full
[1779281282] miner ID [3]:Giacomo pays Alice 47 coins
[1779281290] miner ID [3]:Mining successful
[1779281290] miner ID [3]:Block sent to nodes
[1779281290] miner ID [3]:Confirmed block received from node
[1779281290] miner ID [3]:Confirmed block received from node
[1779281294] miner ID [3]:Ilaria pays Francesco 97 coins
[1779281294] miner ID [3]:Bob pays Ilaria 3 coins
[1779281297] miner ID [3]:Confirmed block received from node
[1779281302] miner ID [3]:Ilaria pays Francesco 45 coins
[1779281302] miner ID [3]:Ilaria pays Giacomo 41 coins
[1779281302] miner ID [3]:Mining successful
[1779281302] miner ID [3]:Block sent to nodes
[1779281302] miner ID [3]:Confirmed block received from node
[1779281303] miner ID [3]:Confirmed block received from node
[1779281311] miner ID [3]:Confirmed block received from node
[1779281311] miner ID [3]:Confirmed block received from node
[1779281314] miner ID [3]:Confirmed block received from node
[1779281314] miner ID [3]:Lottery won but no transactions to mine
[1779281319] miner ID [3]:Lottery won but no transactions to mine
[1779281324] miner ID [3]:Confirmed block received from node
[1779281328] miner ID [3]:Confirmed block received from node
[1779281328] miner ID [3]:Confirmed block received from node
[1779281332] miner ID [3]:Confirmed block received from node
[1779281338] miner ID [3]:Giacomo pays Ilaria 29 coins
[1779281338] miner ID [3]:Giacomo pays Francesco 83 coins
[1779281341] miner ID [3]:Confirmed block received from node
[1779281344] miner ID [3]:Ilaria pays Giacomo 57 coins
[1779281344] miner ID [3]:Giacomo pays Bob 4 coins
[1779281345] miner ID [3]:Mining successful
[1779281345] miner ID [3]:Block sent to nodes
[1779281345] miner ID [3]:Confirmed block received from node
[1779281345] miner ID [3]:Lottery won but no transactions to mine
[1779281345] miner ID [3]:Confirmed block received from node
[1779281348] miner ID [3]:Giacomo pays Alice 3 coins
[1779281348] miner ID [3]:Giacomo pays Ilaria 61 coins
[1779281348] miner ID [3]:Ilaria pays Bob 34 coins
[1779281348] miner ID [3]:Bob pays Giovanna 85 coins
[1779281353] miner ID [3]:Confirmed block received from node
[1779281358] miner ID [3]:Alice pays Francesco 24 coins
[1779281358] miner ID [3]:Confirmed block received from node
[1779281366] miner ID [3]:Alice pays Giacomo 39 coins
[1779281366] miner ID [3]:Ilaria pays Francesco 59 coins
[1779281366] miner ID [3]:Ilaria pays Francesco 83 coins
[1779281366] miner ID [3]:WARNING: transaction pool full
[1779281366] miner ID [3]:Giovanna pays Francesco 84 coins
[1779281368] miner ID [3]:Confirmed block received from node
[1779281371] miner ID [3]:Confirmed block received from node
[1779281375] miner ID [3]:WARNING: transaction pool full
[1779281375] miner ID [3]:Alice pays Giovanna 50 coins
[1779281375] miner ID [3]:WARNING: transaction pool full
[1779281375] miner ID [3]:Giovanna pays Francesco 12 coins
[1779281375] miner ID [3]:Confirmed block received from node
[1779281375] miner ID [3]:Mining successful
[1779281375] miner ID [3]:Block sent to nodes
[1779281375] miner ID [3]:Confirmed block received from node
[1779281378] miner ID [3]:Alice pays Bob 31 coins
[1779281378] miner ID [3]:Giovanna pays Ilaria 90 coins
[1779281378] miner ID [3]:Ilaria pays Bob 41 coins
[1779281378] miner ID [3]:Giacomo pays Alice 77 coins
[1779281378] miner ID [3]:Alice pays Ilaria 43 coins
[1779281378] miner ID [3]:Bob pays Francesco 21 coins
[1779281378] miner ID [3]:Ilaria pays Alice 16 coins
[1779281378] miner ID [3]:Alice pays Francesco 27 coins
[1779281382] miner ID [3]:Giacomo pays Ilaria 42 coins
[1779281382] miner ID [3]:WARNING: transaction pool full
[1779281382] miner ID [3]:Ilaria pays Alice 19 coins
[1779281384] miner ID [3]:WARNING: transaction pool full
[1779281384] miner ID [3]:Giacomo pays Ilaria 8 coins
[1779281384] miner ID [3]:WARNING: transaction pool full
[1779281384] miner ID [3]:Francesco pays Bob 82 coins
[1779281391] miner ID [3]:Confirmed block received from node
[1779281392] miner ID [3]:WARNING: transaction pool full
[1779281392] miner ID [3]:Francesco pays Giovanna 41 coins
[1779281394] miner ID [3]:Confirmed block received from node
[1779281396] miner ID [3]:Confirmed block received from node
[1779281398] miner ID [3]:WARNING: transaction pool full
[1779281398] miner ID [3]:Francesco pays Ilaria 37 coins
[1779281398] miner ID [3]:WARNING: transaction pool full
[1779281398] miner ID [3]:Giovanna pays Giacomo 94 coins
[1779281411] miner ID [3]:WARNING: transaction pool full
[1779281411] miner ID [3]:Francesco pays Giovanna 51 coins
[1779281411] miner ID [3]:WARNING: transaction pool full
[1779281411] miner ID [3]:Alice pays Bob 15 coins
[1779281411] miner ID [3]:WARNING: transaction pool full
[1779281411] miner ID [3]:Giovanna pays Bob 54 coins
[1779281411] miner ID [3]:WARNING: transaction pool full
[1779281411] miner ID [3]:Bob pays Alice 66 coins
[1779281412] miner ID [3]:WARNING: transaction pool full
[1779281412] miner ID [3]:Alice pays Giovanna 9 coins
[1779281413] miner ID [3]:Confirmed block received from node
[1779281413] miner ID [3]:WARNING: transaction pool full
[1779281413] miner ID [3]:Ilaria pays Giovanna 95 coins
[1779281415] miner ID [3]:WARNING: transaction pool full
[1779281415] miner ID [3]:Ilaria pays Alice 1 coins
[1779281415] miner ID [3]:WARNING: transaction pool full
[1779281415] miner ID [3]:Alice pays Giacomo 57 coins
[1779281423] miner ID [3]:WARNING: transaction pool full
[1779281423] miner ID [3]:Giovanna pays Francesco 94 coins
[1779281423] miner ID [3]:WARNING: transaction pool full
[1779281423] miner ID [3]:Ilaria pays Giovanna 67 coins
[1779281436] miner ID [3]:Confirmed block received from node
[1779281436] miner ID [3]:Confirmed block received from node
[1779281437] miner ID [3]:WARNING: transaction pool full
[1779281437] miner ID [3]:Ilaria pays Giacomo 51 coins
[1779281437] miner ID [3]:WARNING: transaction pool full
[1779281437] miner ID [3]:Bob pays Francesco 94 coins
[1779281437] miner ID [3]:WARNING: transaction pool full
[1779281437] miner ID [3]:Bob pays Francesco 94 coins
[1779281437] miner ID [3]:WARNING: transaction pool full
[1779281437] miner ID [3]:Bob pays Giacomo 78 coins
[1779281439] miner ID [3]:Confirmed block received from node
[1779281442] miner ID [3]:WARNING: transaction pool full
[1779281442] miner ID [3]:Bob pays Giacomo 7 coins
[1779281442] miner ID [3]:WARNING: transaction pool full
[1779281442] miner ID [3]:Ilaria pays Bob 16 coins
[1779281442] miner ID [3]:Confirmed block received from node
[1779281442] miner ID [3]:Mining successful
[1779281442] miner ID [3]:Block sent to nodes
[1779281443] miner ID [3]:Confirmed block received from node
[1779281444] miner ID [3]:Bob pays Giacomo 2 coins
[1779281444] miner ID [3]:Ilaria pays Alice 10 coins
[1779281444] miner ID [3]:Alice pays Ilaria 26 coins
[1779281444] miner ID [3]:Francesco pays Giacomo 9 coins
[1779281456] miner ID [3]:Confirmed block received from node
[1779281456] miner ID [3]:Confirmed block received from node
[1779281457] miner ID [3]:Confirmed block received from node
[1779281458] miner ID [3]:Ilaria pays Francesco 80 coins
[1779281458] miner ID [3]:Francesco pays Giovanna 90 coins
[1779281466] miner ID [3]:Confirmed block received from node
[1779281470] miner ID [3]:Ilaria pays Giacomo 67 coins
[1779281470] miner ID [3]:Francesco pays Bob 31 coins
[1779281470] miner ID [3]:WARNING: transaction pool full
[1779281470] miner ID [3]:Francesco pays Giovanna 6 coins
[1779281470] miner ID [3]:WARNING: transaction pool full
[1779281470] miner ID [3]:Alice pays Giacomo 77 coins
[1779281483] miner ID [3]:WARNING: transaction pool full
[1779281483] miner ID [3]:Francesco pays Alice 10 coins
[1779281490] miner ID [3]:WARNING: transaction pool full
[1779281490] miner ID [3]:Giacomo pays Giovanna 51 coins
[1779281490] miner ID [3]:WARNING: transaction pool full
[1779281490] miner ID [3]:Ilaria pays Alice 43 coins
[1779281493] miner ID [3]:Confirmed block received from node
[1779281493] miner ID [3]:Confirmed block received from node
[1779281495] miner ID [3]:WARNING: transaction pool full
[1779281495] miner ID [3]:Giacomo pays Alice 97 coins
[1779281495] miner ID [3]:WARNING: transaction pool full
[1779281495] miner ID [3]:Alice pays Ilaria 70 coins
[1779281497] miner ID [3]:Confirmed block received from node
[1779281500] miner ID [3]:WARNING: transaction pool full
[1779281500] miner ID [3]:Ilaria pays Alice 9 coins
[1779281501] miner ID [3]:Confirmed block received from node
[1779281504] miner ID [3]:Confirmed block received from node
[1779281504] miner ID [3]:Mining successful
[1779281504] miner ID [3]:Block sent to nodes
[1779281504] miner ID [3]:Confirmed block received from node
[1779281506] miner ID [3]:Confirmed block received from node
[1779281510] miner ID [3]:Giovanna pays Ilaria 87 coins
[1779281510] miner ID [3]:Ilaria pays Giovanna 75 coins
[1779281511] miner ID [3]:Confirmed block received from node
[1779281515] miner ID [3]:Confirmed block received from node
[1779281515] miner ID [3]:Confirmed block received from node
[1779281515] miner ID [3]:Mining successful
[1779281515] miner ID [3]:Block sent to nodes
[1779281515] miner ID [3]:Confirmed block received from node
[1779281516] miner ID [3]:Confirmed block received from node
[1779281516] miner ID [3]:Confirmed block received from node
[1779281516] miner ID [3]:Confirmed block received from node
[1779281526] miner ID [3]:Francesco pays Bob 8 coins
[1779281526] miner ID [3]:Ilaria pays Bob 75 coins
[1779281526] miner ID [3]:Giacomo pays Bob 92 coins
[1779281526] miner ID [3]:Ilaria pays Giovanna 11 coins
[1779281529] miner ID [3]:Ilaria pays Francesco 8 coins
[1779281529] miner ID [3]:Ilaria pays Bob 93 coins
[1779281530] miner ID [3]:Confirmed block received from node
[1779281535] miner ID [3]:Confirmed block received from node
[1779281535] miner ID [3]:Confirmed block received from node
[1779281536] miner ID [3]:Bob pays Giacomo 1 coins
[1779281536] miner ID [3]:Alice pays Francesco 82 coins
[1779281536] miner ID [3]:Francesco pays Alice 51 coins
[1779281536] miner ID [3]:WARNING: transaction pool full
[1779281536] miner ID [3]:Giacomo pays Alice 61 coins
[1779281542] miner ID [3]:WARNING: transaction pool full
[1779281542] miner ID [3]:Francesco pays Ilaria 24 coins
[1779281544] miner ID [3]:Confirmed block received from node
[1779281548] miner ID [3]:WARNING: transaction pool full
[1779281548] miner ID [3]:Giovanna pays Giacomo 55 coins
[1779281553] miner ID [3]:Confirmed block received from node
[1779281553] miner ID [3]:Confirmed block received from node
[1779281553] miner ID [3]:Confirmed block received from node
[1779281555] miner ID [3]:WARNING: transaction pool full
[1779281555] miner ID [3]:Giovanna pays Giacomo 94 coins
[1779281555] miner ID [3]:Giovanna pays Alice 15 coins
[1779281555] miner ID [3]:WARNING: transaction pool full
[1779281555] miner ID [3]:Ilaria pays Bob 72 coins
[1779281555] miner ID [3]:WARNING: transaction pool full
[1779281555] miner ID [3]:Alice pays Giovanna 55 coins
[1779281562] miner ID [3]:Mining successful
[1779281562] miner ID [3]:Block sent to nodes
[1779281562] miner ID [3]:Confirmed block received from node
[1779281562] miner ID [3]:Confirmed block received from node
[1779281563] miner ID [3]:Confirmed block received from node
[1779281564] miner ID [3]:Bob pays Giovanna 30 coins
[1779281564] miner ID [3]:Giacomo pays Giovanna 37 coins
[1779281566] miner ID [3]:Giovanna pays Francesco 47 coins
[1779281566] miner ID [3]:Giacomo pays Giovanna 70 coins
[1779281566] miner ID [3]:Ilaria pays Alice 79 coins
[1779281566] miner ID [3]:Giovanna pays Bob 1 coins
[1779281566] miner ID [3]:Confirmed block received from node
[1779281578] miner ID [3]:Giacomo pays Alice 84 coins
[1779281578] miner ID [3]:Francesco pays Giovanna 49 coins
[1779281578] miner ID [3]:WARNING: transaction pool full
[1779281578] miner ID [3]:Bob pays Ilaria 60 coins
[1779281578] miner ID [3]:WARNING: transaction pool full
[1779281578] miner ID [3]:Ilaria pays Giacomo 76 coins
[1779281580] miner ID [3]:Confirmed block received from node
[1779281585] miner ID [3]:Confirmed block received from node
[1779281587] miner ID [3]:WARNING: transaction pool full
[1779281587] miner ID [3]:Giovanna pays Francesco 68 coins
[1779281587] miner ID [3]:Mining successful
[1779281587] miner ID [3]:Block sent to nodes
[1779281587] miner ID [3]:Confirmed block received from node
[1779281590] miner ID [3]:Confirmed block received from node
[1779281590] miner ID [3]:Lottery won but no transactions to mine
[1779281595] miner ID [3]:Confirmed block received from node
[1779281597] miner ID [3]:Confirmed block received from node
[1779281604] miner ID [3]:Confirmed block received from node
[1779281612] miner ID [3]:Ilaria pays Giovanna 20 coins
[1779281612] miner ID [3]:Francesco pays Alice 68 coins
[1779281612] miner ID [3]:Giovanna pays Bob 38 coins
[1779281615] miner ID [3]:Ilaria pays Bob 86 coins
[1779281615] miner ID [3]:Francesco pays Bob 79 coins
[1779281624] miner ID [3]:Confirmed block received from node
[1779281626] miner ID [3]:Alice pays Ilaria 49 coins
[1779281626] miner ID [3]:Francesco pays Ilaria 55 coins
[1779281632] miner ID [3]:Confirmed block received from node
[1779281632] miner ID [3]:Confirmed block received from node
[1779281634] miner ID [3]:Francesco pays Alice 32 coins
[1779281634] miner ID [3]:WARNING: transaction pool full
[1779281634] miner ID [3]:Alice pays Ilaria 88 coins
[1779281636] miner ID [3]:WARNING: transaction pool full
[1779281636] miner ID [3]:Bob pays Giacomo 62 coins
[1779281636] miner ID [3]:WARNING: transaction pool full
[1779281636] miner ID [3]:Alice pays Giovanna 24 coins
[1779281636] miner ID [3]:WARNING: transaction pool full
[1779281636] miner ID [3]:Francesco pays Giacomo 27 coins
[1779281636] miner ID [3]:WARNING: transaction pool full
[1779281636] miner ID [3]:Alice pays Giacomo 44 coins
[1779281641] miner ID [3]:Confirmed block received from node
[1779281642] miner ID [3]:WARNING: transaction pool full
[1779281642] miner ID [3]:Alice pays Ilaria 86 coins
[1779281642] miner ID [3]:WARNING: transaction pool full
[1779281642] miner ID [3]:Ilaria pays Alice 37 coins
[1779281642] miner ID [3]:WARNING: transaction pool full
[1779281642] miner ID [3]:Giacomo pays Alice 9 coins
[1779281647] miner ID [3]:WARNING: transaction pool full
[1779281647] miner ID [3]:Bob pays Giacomo 75 coins
[1779281647] miner ID [3]:Mining successful
[1779281647] miner ID [3]:Block sent to nodes
[1779281647] miner ID [3]:Confirmed block received from node
[1779281651] miner ID [3]:Lottery won but no transactions to mine
[1779281651] miner ID [3]:Confirmed block received from node
[1779281651] miner ID [3]:Confirmed block received from node
[1779281659] miner ID [3]:Ilaria pays Giacomo 78 coins
[1779281659] miner ID [3]:Confirmed block received from node
[1779281660] miner ID [3]:Confirmed block received from node
[1779281662] miner ID [3]:Confirmed block received from node
[1779281667] miner ID [3]:Confirmed block received from node
[1779281668] miner ID [3]:Giovanna pays Francesco 20 coins
[1779281668] miner ID [3]:Bob pays Alice 12 coins
[1779281668] miner ID [3]:Alice pays Ilaria 88 coins
[1779281668] miner ID [3]:Giovanna pays Francesco 79 coins
[1779281670] miner ID [3]:Confirmed block received from node
[1779281670] miner ID [3]:Confirmed block received from node
[1779281674] miner ID [3]:Francesco pays Giacomo 5 coins
[1779281674] miner ID [3]:Bob pays Francesco 72 coins
[1779281682] miner ID [3]:Giovanna pays Alice 16 coins
[1779281682] miner ID [3]:WARNING: transaction pool full
[1779281682] miner ID [3]:Ilaria pays Giovanna 48 coins
[1779281682] miner ID [3]:WARNING: transaction pool full
[1779281682] miner ID [3]:Ilaria pays Francesco 20 coins
[1779281682] miner ID [3]:WARNING: transaction pool full
[1779281682] miner ID [3]:Ilaria pays Giovanna 56 coins
[1779281683] miner ID [3]:Confirmed block received from node
[1779281683] miner ID [3]:Confirmed block received from node
[1779281684] miner ID [3]:WARNING: transaction pool full
[1779281684] miner ID [3]:Alice pays Giovanna 36 coins
[1779281685] miner ID [3]:Mining successful
[1779281685] miner ID [3]:Block sent to nodes
[1779281685] miner ID [3]:Confirmed block received from node
[1779281690] miner ID [3]:Alice pays Ilaria 21 coins
[1779281690] miner ID [3]:Alice pays Bob 40 coins
[1779281690] miner ID [3]:Alice pays Ilaria 51 coins
[1779281690] miner ID [3]:Ilaria pays Francesco 89 coins
[1779281694] miner ID [3]:Alice pays Bob 5 coins
[1779281694] miner ID [3]:Ilaria pays Alice 66 coins
[1779281694] miner ID [3]:Confirmed block received from node
[1779281694] miner ID [3]:Mining successful
[1779281694] miner ID [3]:Block sent to nodes
[1779281694] miner ID [3]:Confirmed block received from node
[1779281694] miner ID [3]:Confirmed block received from node
[1779281699] miner ID [3]:Confirmed block received from node
[1779281700] miner ID [3]:Francesco pays Giovanna 9 coins
[1779281700] miner ID [3]:Giacomo pays Giovanna 21 coins
[1779281704] miner ID [3]:Confirmed block received from node
[1779281713] miner ID [3]:Confirmed block received from node
[1779281713] miner ID [3]:Mining successful
[1779281713] miner ID [3]:Block sent to nodes
[1779281713] miner ID [3]:Confirmed block received from node
[1779281716] miner ID [3]:Ilaria pays Giovanna 57 coins
[1779281716] miner ID [3]:Ilaria pays Bob 88 coins
[1779281720] miner ID [3]:Giovanna pays Alice 91 coins
[1779281720] miner ID [3]:Alice pays Giovanna 59 coins
[1779281720] miner ID [3]:Alice pays Giovanna 81 coins
[1779281720] miner ID [3]:Alice pays Ilaria 15 coins
[1779281721] miner ID [3]:Confirmed block received from node
[1779281722] miner ID [3]:Giacomo pays Giovanna 42 coins
[1779281723] miner ID [3]:Confirmed block received from node
[1779281723] miner ID [3]:Confirmed block received from node
[1779281723] miner ID [3]:Confirmed block received from node
[1779281728] miner ID [3]:Ilaria pays Alice 58 coins
[1779281728] miner ID [3]:WARNING: transaction pool full
[1779281728] miner ID [3]:Ilaria pays Francesco 90 coins
[1779281729] miner ID [3]:Confirmed block received from node
[1779281729] miner ID [3]:WARNING: transaction pool full
[1779281729] miner ID [3]:Bob pays Alice 36 coins
[1779281743] miner ID [3]:WARNING: transaction pool full
[1779281743] miner ID [3]:Bob pays Giacomo 85 coins
[1779281743] miner ID [3]:WARNING: transaction pool full
[1779281743] miner ID [3]:Giovanna pays Francesco 50 coins
[1779281743] miner ID [3]:WARNING: transaction pool full
[1779281743] miner ID [3]:Bob pays Ilaria 73 coins
[1779281743] miner ID [3]:Confirmed block received from node
[1779281743] miner ID [3]:Confirmed block received from node
[1779281745] miner ID [3]:Confirmed block received from node
[1779281746] miner ID [3]:Confirmed block received from node
[1779281756] miner ID [3]:Confirmed block received from node
[1779281758] miner ID [3]:WARNING: transaction pool full
[1779281758] miner ID [3]:Alice pays Giacomo 48 coins
[1779281758] miner ID [3]:WARNING: transaction pool full
[1779281758] miner ID [3]:Bob pays Ilaria 17 coins
[1779281759] miner ID [3]:Confirmed block received from node
[1779281762] miner ID [3]:WARNING: transaction pool full
[1779281762] miner ID [3]:Francesco pays Alice 42 coins
[1779281766] miner ID [3]:WARNING: transaction pool full
[1779281766] miner ID [3]:Bob pays Francesco 93 coins
[1779281766] miner ID [3]:WARNING: transaction pool full
[1779281766] miner ID [3]:Alice pays Bob 45 coins
[1779281768] miner ID [3]:Confirmed block received from node
[1779281768] miner ID [3]:Confirmed block received from node
[1779281768] miner ID [3]:Mining successful
[1779281768] miner ID [3]:Block sent to nodes
[1779281768] miner ID [3]:Confirmed block received from node
[1779281768] miner ID [3]:Confirmed block received from node
[1779281770] miner ID [3]:Ilaria pays Bob 14 coins
[1779281770] miner ID [3]:Bob pays Francesco 96 coins
[1779281777] miner ID [3]:Confirmed block received from node
[1779281782] miner ID [3]:Francesco pays Bob 25 coins
[1779281782] miner ID [3]:Francesco pays Giacomo 52 coins
[1779281782] miner ID [3]:Giovanna pays Ilaria 39 coins
[1779281782] miner ID [3]:Giacomo pays Giovanna 56 coins
[1779281785] miner ID [3]:Confirmed block received from node
[1779281789] miner ID [3]:Bob pays Giacomo 77 coins
[1779281789] miner ID [3]:Bob pays Alice 65 coins
[1779281789] miner ID [3]:Mining successful
[1779281789] miner ID [3]:Block sent to nodes
[1779281789] miner ID [3]:Confirmed block received from node
[1779281789] miner ID [3]:Confirmed block received from node
[1779281791] miner ID [3]:Francesco pays Giovanna 85 coins
[1779281791] miner ID [3]:Alice pays Bob 56 coins
[1779281791] miner ID [3]:Giovanna pays Francesco 64 coins
[1779281791] miner ID [3]:Francesco pays Ilaria 41 coins
[1779281796] miner ID [3]:Ilaria pays Giacomo 71 coins
[1779281800] miner ID [3]:Confirmed block received from node
[1779281800] miner ID [3]:Confirmed block received from node
[1779281800] miner ID [3]:Confirmed block received from node
[1779281805] miner ID [3]:Confirmed block received from node
[1779281807] miner ID [3]:Alice pays Ilaria 68 coins
[1779281807] miner ID [3]:Alice pays Giovanna 38 coins
[1779281812] miner ID [3]:Confirmed block received from node
[1779281812] miner ID [3]:Confirmed block received from node
[1779281816] miner ID [3]:Alice pays Giacomo 1 coins
[1779281816] miner ID [3]:Confirmed block received from node
[1779281822] miner ID [3]:Confirmed block received from node
[1779281822] miner ID [3]:Confirmed block received from node
[1779281828] miner ID [3]:WARNING: transaction pool full
[1779281828] miner ID [3]:Alice pays Giacomo 36 coins
[1779281828] miner ID [3]:WARNING: transaction pool full
[1779281828] miner ID [3]:Ilaria pays Alice 14 coins
[1779281828] miner ID [3]:WARNING: transaction pool full
[1779281828] miner ID [3]:Alice pays Bob 83 coins
[1779281828] miner ID [3]:WARNING: transaction pool full
[1779281828] miner ID [3]:Giovanna pays Bob 56 coins
[1779281834] miner ID [3]:Confirmed block received from node
[1779281836] miner ID [3]:Confirmed block received from node
[1779281842] miner ID [3]:WARNING: transaction pool full
[1779281842] miner ID [3]:Bob pays Alice 55 coins
[1779281845] miner ID [3]:Mining successful
[1779281845] miner ID [3]:Block sent to nodes
[1779281845] miner ID [3]:Confirmed block received from node
[1779281848] miner ID [3]:Ilaria pays Alice 25 coins
[1779281848] miner ID [3]:Ilaria pays Francesco 8 coins
[1779281848] miner ID [3]:Bob pays Giovanna 56 coins
[1779281848] miner ID [3]:Giovanna pays Ilaria 23 coins
[1779281860] miner ID [3]:Ilaria pays Francesco 21 coins
[1779281860] miner ID [3]:Alice pays Giovanna 56 coins
[1779281860] miner ID [3]:Giacomo pays Giovanna 32 coins
[1779281860] miner ID [3]:Francesco pays Bob 92 coins
[1779281862] miner ID [3]:Confirmed block received from node
[1779281864] miner ID [3]:WARNING: transaction pool full
[1779281864] miner ID [3]:Ilaria pays Francesco 94 coins
[1779281864] miner ID [3]:WARNING: transaction pool full
[1779281864] miner ID [3]:Bob pays Francesco 39 coins
[1779281864] miner ID [3]:WARNING: transaction pool full
[1779281864] miner ID [3]:Bob pays Giovanna 20 coins
[1779281864] miner ID [3]:WARNING: transaction pool full
[1779281864] miner ID [3]:Ilaria pays Alice 23 coins
[1779281870] miner ID [3]:Mining successful
[1779281870] miner ID [3]:Block sent to nodes
[1779281870] miner ID [3]:Confirmed block received from node
[1779281874] miner ID [3]:Confirmed block received from node
[1779281879] miner ID [3]:Alice pays Francesco 66 coins
[1779281879] miner ID [3]:Francesco pays Ilaria 94 coins
[1779281879] miner ID [3]:Mining successful
[1779281879] miner ID [3]:Block sent to nodes
[1779281879] miner ID [3]:Confirmed block received from node
[1779281882] miner ID [3]:Bob pays Giacomo 68 coins
[1779281882] miner ID [3]:Francesco pays Ilaria 69 coins
[1779281882] miner ID [3]:Confirmed block received from node
[1779281884] miner ID [3]:Confirmed block received from node
[1779281884] miner ID [3]:Mining successful
[1779281884] miner ID [3]:Block sent to nodes
[1779281884] miner ID [3]:Confirmed block received from node
[1779281888] miner ID [3]:Alice pays Giacomo 88 coins
[1779281888] miner ID [3]:Giovanna pays Francesco 95 coins
[1779281888] miner ID [3]:Giovanna pays Ilaria 73 coins
[1779281890] miner ID [3]:Bob pays Alice 29 coins
[1779281890] miner ID [3]:Ilaria pays Bob 24 coins
[1779281890] miner ID [3]:Giacomo pays Alice 8 coins
[1779281890] miner ID [3]:Francesco pays Alice 83 coins
[1779281897] miner ID [3]:Confirmed block received from node
[1779281898] miner ID [3]:Giovanna pays Bob 7 coins
[1779281898] miner ID [3]:WARNING: transaction pool full
[1779281898] miner ID [3]:Ilaria pays Francesco 23 coins
[1779281898] miner ID [3]:WARNING: transaction pool full
[1779281898] miner ID [3]:Ilaria pays Alice 72 coins
[1779281898] miner ID [3]:WARNING: transaction pool full
[1779281898] miner ID [3]:Ilaria pays Giovanna 27 coins
[1779281908] miner ID [3]:WARNING: transaction pool full
[1779281908] miner ID [3]:Alice pays Giovanna 65 coins
[1779281908] miner ID [3]:WARNING: transaction pool full
[1779281908] miner ID [3]:Francesco pays Giacomo 67 coins
[1779281909] miner ID [3]:Confirmed block received from node
[1779281914] miner ID [3]:WARNING: transaction pool full
[1779281914] miner ID [3]:Francesco pays Alice 10 coins
[1779281914] miner ID [3]:WARNING: transaction pool full
[1779281914] miner ID [3]:Giacomo pays Giovanna 27 coins
[1779281918] miner ID [3]:WARNING: transaction pool full
[1779281918] miner ID [3]:Francesco pays Giacomo 92 coins
[1779281931] miner ID [3]:WARNING: transaction pool full
[1779281931] miner ID [3]:Giacomo pays Giovanna 79 coins
[1779281931] miner ID [3]:WARNING: transaction pool full
[1779281931] miner ID [3]:Giacomo pays Francesco 40 coins
[1779281934] miner ID [3]:Ilaria pays Bob 62 coins
[1779281934] miner ID [3]:WARNING: transaction pool full
[1779281934] miner ID [3]:Alice pays Bob 68 coins
[1779281934] miner ID [3]:WARNING: transaction pool full
[1779281934] miner ID [3]:Giacomo pays Ilaria 40 coins
[1779281934] miner ID [3]:WARNING: transaction pool full
[1779281934] miner ID [3]:Francesco pays Bob 9 coins
[1779281936] miner ID [3]:Mining successful
[1779281936] miner ID [3]:Block sent to nodes
[1779281936] miner ID [3]:Confirmed block received from node
[1779281937] miner ID [3]:Lottery won but no transactions to mine
[1779281950] miner ID [3]:Confirmed block received from node
[1779281954] miner ID [3]:Alice pays Ilaria 45 coins
[1779281954] miner ID [3]:Francesco pays Bob 75 coins
[1779281964] miner ID [3]:Confirmed block received from node
[1779281966] miner ID [3]:Giacomo pays Alice 5 coins
[1779281966] miner ID [3]:Ilaria pays Francesco 17 coins
[1779281966] miner ID [3]:Alice pays Giacomo 84 coins
[1779281968] miner ID [3]:Alice pays Ilaria 69 coins
[1779281968] miner ID [3]:Ilaria pays Giovanna 23 coins
[1779281970] miner ID [3]:Confirmed block received from node
[1779281970] miner ID [3]:Confirmed block received from node
[1779281972] miner ID [3]:Francesco pays Alice 13 coins
[1779281972] miner ID [3]:Bob pays Alice 86 coins
[1779281972] miner ID [3]:WARNING: transaction pool full
[1779281972] miner ID [3]:Alice pays Ilaria 30 coins
[1779281972] miner ID [3]:WARNING: transaction pool full
[1779281972] miner ID [3]:Bob pays Ilaria 81 coins
[1779281972] miner ID [3]:Mining successful
[1779281972] miner ID [3]:Block sent to nodes
[1779281972] miner ID [3]:Confirmed block received from node
[1779281974] miner ID [3]:Giovanna pays Bob 52 coins
[1779281974] miner ID [3]:Giacomo pays Giovanna 59 coins
[1779281977] miner ID [3]:Confirmed block received from node
[1779281977] miner ID [3]:Confirmed block received from node
[1779281977] miner ID [3]:Mining successful
[1779281977] miner ID [3]:Block sent to nodes
[1779281977] miner ID [3]:Confirmed block received from node
[1779281980] miner ID [3]:Giacomo pays Ilaria 4 coins
[1779281980] miner ID [3]:Giovanna pays Francesco 25 coins
[1779281980] miner ID [3]:Bob pays Francesco 72 coins
[1779281980] miner ID [3]:Giacomo pays Ilaria 94 coins
[1779281988] miner ID [3]:Confirmed block received from node
[1779281994] miner ID [3]:Ilaria pays Bob 47 coins
[1779281994] miner ID [3]:Giacomo pays Ilaria 59 coins
[1779281994] miner ID [3]:Ilaria pays Giovanna 2 coins
[1779281994] miner ID [3]:Francesco pays Bob 86 coins
[1779281995] miner ID [3]:Confirmed block received from node
[1779281997] miner ID [3]:Confirmed block received from node
[1779281997] miner ID [3]:Confirmed block received from node
[1779281998] miner ID [3]:Confirmed block received from node
[1779282000] miner ID [3]:WARNING: transaction pool full
[1779282000] miner ID [3]:Francesco pays Giacomo 28 coins
[1779282000] miner ID [3]:WARNING: transaction pool full
[1779282000] miner ID [3]:Alice pays Bob 15 coins
[1779282000] miner ID [3]:WARNING: transaction pool full
[1779282000] miner ID [3]:Giovanna pays Ilaria 4 coins
[1779282000] miner ID [3]:WARNING: transaction pool full
[1779282000] miner ID [3]:Bob pays Giacomo 85 coins
[1779282005] miner ID [3]:WARNING: transaction pool full
[1779282005] miner ID [3]:Giacomo pays Ilaria 15 coins
[1779282005] miner ID [3]:WARNING: transaction pool full
[1779282005] miner ID [3]:Ilaria pays Giovanna 72 coins
[1779282005] miner ID [3]:WARNING: transaction pool full
[1779282005] miner ID [3]:Giovanna pays Bob 81 coins
[1779282005] miner ID [3]:WARNING: transaction pool full
[1779282005] miner ID [3]:Giovanna pays Ilaria 78 coins
[1779282007] miner ID [3]:Miner shutting down
