[1779267340] miner ID [1]:miner avviato correttamente
[1779267340] miner ID [1]:Miner started
[1779267343] miner ID [1]:Alice pays Giacomo 72 coins
[1779267343] miner ID [1]:Giacomo pays Francesco 91 coins
[1779267343] miner ID [1]:Francesco pays Alice 27 coins
[1779267343] miner ID [1]:Mining successful
[1779267343] miner ID [1]:WARNING: cannot open node fifo
[1779267343] miner ID [1]:WARNING: cannot open node fifo
[1779267343] miner ID [1]:Block sent to nodes
[1779267347] miner ID [1]:Ilaria pays Giacomo 67 coins
[1779267347] miner ID [1]:Giacomo pays Giovanna 88 coins
[1779267347] miner ID [1]:Alice pays Giovanna 20 coins
[1779267347] miner ID [1]:Alice pays Francesco 17 coins
[1779267349] miner ID [1]:Giacomo pays Alice 9 coins
[1779267349] miner ID [1]:Francesco pays Giovanna 11 coins
[1779267349] miner ID [1]:Bob pays Giovanna 69 coins
[1779267349] miner ID [1]:Alice pays Bob 48 coins
[1779267349] miner ID [1]:Giovanna pays Giacomo 7 coins
[1779267352] miner ID [1]:Ilaria pays Alice 11 coins
[1779267352] miner ID [1]:Alice pays Giovanna 79 coins
[1779267352] miner ID [1]:Francesco pays Alice 91 coins
[1779267352] miner ID [1]:Giovanna pays Alice 34 coins
[1779267355] miner ID [1]:Francesco pays Giovanna 38 coins
[1779267355] miner ID [1]:Giovanna pays Alice 37 coins
[1779267355] miner ID [1]:Alice pays Bob 10 coins
[1779267355] miner ID [1]:Giovanna pays Alice 81 coins
[1779267359] miner ID [1]:Giovanna pays Francesco 46 coins
[1779267359] miner ID [1]:Francesco pays Bob 63 coins
[1779267359] miner ID [1]:Giacomo pays Alice 48 coins
[1779267365] miner ID [1]:Francesco pays Giovanna 4 coins
[1779267365] miner ID [1]:Bob pays Giovanna 62 coins
[1779267365] miner ID [1]:Ilaria pays Alice 1 coins
[1779267365] miner ID [1]:Giacomo pays Giovanna 85 coins
[1779267374] miner ID [1]:Alice pays Giovanna 83 coins
[1779267374] miner ID [1]:Alice pays Francesco 20 coins
[1779267374] miner ID [1]:Ilaria pays Giacomo 56 coins
[1779267374] miner ID [1]:Ilaria pays Francesco 24 coins
[1779267377] miner ID [1]:Alice pays Bob 64 coins
[1779267377] miner ID [1]:Ilaria pays Bob 51 coins
[1779267377] miner ID [1]:Francesco pays Giacomo 42 coins
[1779267381] miner ID [1]:Bob pays Ilaria 51 coins
[1779267381] miner ID [1]:Giacomo pays Giovanna 33 coins
[1779267381] miner ID [1]:Bob pays Giovanna 75 coins
[1779267386] miner ID [1]:Alice pays Giovanna 91 coins
[1779267386] miner ID [1]:Giovanna pays Alice 61 coins
[1779267386] miner ID [1]:Ilaria pays Giovanna 79 coins
[1779267386] miner ID [1]:Alice pays Giacomo 63 coins
[1779267391] miner ID [1]:Bob pays Alice 4 coins
[1779267391] miner ID [1]:Alice pays Bob 38 coins
[1779267391] miner ID [1]:Francesco pays Giacomo 85 coins
[1779267391] miner ID [1]:Ilaria pays Francesco 63 coins
[1779267401] miner ID [1]:Francesco pays Giacomo 32 coins
[1779267401] miner ID [1]:Alice pays Ilaria 14 coins
[1779267401] miner ID [1]:Francesco pays Ilaria 30 coins
[1779267401] miner ID [1]:Alice pays Giacomo 49 coins
[1779267404] miner ID [1]:Alice pays Bob 38 coins
[1779267404] miner ID [1]:Francesco pays Giacomo 21 coins
[1779267404] miner ID [1]:Alice pays Giacomo 59 coins
[1779267404] miner ID [1]:Ilaria pays Francesco 88 coins
[1779267411] miner ID [1]:Alice pays Giacomo 54 coins
[1779267411] miner ID [1]:Giacomo pays Ilaria 85 coins
[1779267411] miner ID [1]:Giovanna pays Bob 69 coins
[1779267418] miner ID [1]:Giovanna pays Bob 42 coins
[1779267418] miner ID [1]:Bob pays Francesco 60 coins
[1779267418] miner ID [1]:Ilaria pays Francesco 76 coins
[1779267418] miner ID [1]:Alice pays Giovanna 87 coins
[1779267420] miner ID [1]:Alice pays Bob 98 coins
[1779267420] miner ID [1]:Ilaria pays Giovanna 45 coins
[1779267420] miner ID [1]:Ilaria pays Bob 56 coins
[1779267422] miner ID [1]:Giacomo pays Giovanna 88 coins
[1779267422] miner ID [1]:Ilaria pays Alice 10 coins
[1779267422] miner ID [1]:Francesco pays Giovanna 87 coins
[1779267422] miner ID [1]:Giacomo pays Giovanna 13 coins
[1779267424] miner ID [1]:Miner shutting down
[1779267424] miner ID [1]:miner chiuso
