[1779269288] miner ID [0]:miner avviato correttamente
[1779269288] miner ID [0]:Miner started
[1779269293] miner ID [0]:Lottery won but no transactions to mine
[1779269297] miner ID [0]:Giovanna pays Alice 33 coins
[1779269302] miner ID [0]:Giovanna pays Francesco 75 coins
[1779269304] miner ID [0]:Mining successful
[1779269304] miner ID [0]:WARNING: cannot open node fifo
[1779269304] miner ID [0]:WARNING: cannot open node fifo
[1779269304] miner ID [0]:Block sent to nodes
[1779269313] miner ID [0]:Giacomo pays Bob 45 coins
[1779269317] miner ID [0]:Francesco pays Bob 25 coins
[1779269322] miner ID [0]:Giovanna pays Giacomo 1 coins
[1779269327] miner ID [0]:Alice pays Bob 20 coins::
[1779269330] miner ID [0]:Giacomo pays Alice 11 coins
[1779269346] miner ID [0]:Ilaria pays Francesco 61 coins
[1779269352] miner ID [0]:Giacomo pays Bob 35 coins
[1779269356] miner ID [0]:Francesco pays Bob 5 coins
[1779269361] miner ID [0]:Giovanna pays Francesco 15 coins
[1779269364] miner ID [0]:Giacomo pays Bob 48 coins
[1779269381] miner ID [0]:Giacomo pays Francesco 45 coins
[1779269389] miner ID [0]:Bob pays Ilaria 7 coins
[1779269395] miner ID [0]:Francesco pays Ilaria 41 coins
[1779269395] miner ID [0]:Tollo pays gio 33 coins
[1779269397] miner ID [0]:Ilaria pays Francesco 43 coins
[1779269413] miner ID [0]:Ilaria pays Francesco 69 coins
[1779269417] miner ID [0]:Ilaria pays Giacomo 28 coins
[1779269422] miner ID [0]:Alice pays Bob 72 coins
[1779269429] miner ID [0]:Ilaria pays Giacomo 53 coins
[1779269433] miner ID [0]:Alice pays Bob 6 coins
[1779269438] miner ID [0]:Giovanna pays Francesco 10 coins
[1779269442] miner ID [0]:Giacomo pays Francesco 30 coins
[1779269462] miner ID [0]:Ilaria pays Bob 25 coins
[1779269478] miner ID [0]:Francesco pays Giacomo 33 coins
[1779269493] miner ID [0]:Giovanna pays Alice 64 coins
[1779269501] miner ID [0]:Francesco pays Ilaria 28 coins
[1779269505] miner ID [0]:Giovanna pays Ilaria 73 coins
[1779269509] miner ID [0]:Giovanna pays Ilaria 99 coins
[1779269514] miner ID [0]:Alice pays Giacomo 56 coins
[1779269537] miner ID [0]:Ilaria pays Giovanna 60 coins
[1779269545] miner ID [0]:Bob pays Giovanna 17 coins
[1779269549] miner ID [0]:Giovanna pays Francesco 11 coins
[1779269553] miner ID [0]:Francesco pays Giacomo 40 coins
[1779269558] miner ID [0]:Ilaria pays Alice 99 coins
[1779269561] miner ID [0]:Ilaria pays Francesco 71 coins
[1779269569] miner ID [0]:Giovanna pays Francesco 5 coins
[1779269574] miner ID [0]:Ilaria pays Giovanna 74 coins
[1779269578] miner ID [0]:Alice pays Giacomo 29 coins
[1779269596] miner ID [0]:Ilaria pays Giovanna 24 coins
[1779269627] miner ID [0]:Ilaria pays Alice 37 coins
[1779269630] miner ID [0]:Francesco pays Ilaria 43 coins
[1779269660] miner ID [0]:Ilaria pays Bob 53 coins
[1779269665] miner ID [0]:Alice pays Bob 53 coins
[1779269668] miner ID [0]:Francesco pays Bob 80 coins
[1779269672] miner ID [0]:Alice pays Francesco 92 coins
[1779269674] miner ID [0]:Ilaria pays Alice 80 coins
[1779269677] miner ID [0]:Ilaria pays Giacomo 64 coins
[1779282391] miner ID [0]:Miner shutting down
[1779282391] miner ID [0]:miner chiuso
