[1779286455] miner ID [1]:miner avviato correttamente
[1779286455] miner ID [1]:Miner started
[1779286457] miner ID [1]:Giacomo pays Bob 2 coins
[1779286457] miner ID [1]:Alice pays Francesco 87 coins
[1779286457] miner ID [1]:Francesco pays Giovanna 75 coins
[1779286457] miner ID [1]:Mining successful
[1779286457] miner ID [1]:Block sent to nodes
[1779286457] miner ID [1]:Giovanna pays Alice 19 coins
[1779286457] miner ID [1]:Ilaria pays Alice 8 coins
[1779286457] miner ID [1]:Giovanna pays Giacomo 17 coins
[1779286457] miner ID [1]:Giacomo pays Giovanna 39 coins
[1779286457] miner ID [1]:Confirmed block received from node
[1779286460] miner ID [1]:Bob pays Giovanna 31 coins
[1779286460] miner ID [1]:Bob pays Giovanna 12 coins
[1779286460] miner ID [1]:Alice pays Giacomo 87 coins
[1779286460] miner ID [1]:Francesco pays Bob 82 coins
[1779286460] miner ID [1]:WARNING: transaction pool full
[1779286460] miner ID [1]:Ilaria pays Alice 27 coins
[1779286460] miner ID [1]:WARNING: transaction pool full
[1779286460] miner ID [1]:Ilaria pays Francesco 54 coins
[1779286462] miner ID [1]:WARNING: transaction pool full
[1779286462] miner ID [1]:Bob pays Alice 20 coins
[1779286462] miner ID [1]:WARNING: transaction pool full
[1779286462] miner ID [1]:Alice pays Ilaria 36 coins
[1779286462] miner ID [1]:WARNING: transaction pool full
[1779286462] miner ID [1]:Alice pays Giovanna 43 coins
[1779286462] miner ID [1]:WARNING: transaction pool full
[1779286462] miner ID [1]:Francesco pays Alice 44 coins
[1779286462] miner ID [1]:WARNING: transaction pool full
[1779286462] miner ID [1]:Bob pays Ilaria 23 coins
[1779286462] miner ID [1]:WARNING: transaction pool full
[1779286462] miner ID [1]:Giacomo pays Alice 61 coins
[1779286462] miner ID [1]:Mining successful
[1779286462] miner ID [1]:Block sent to nodes
[1779286462] miner ID [1]:Confirmed block received from node
[1779286462] miner ID [1]:Lottery won but no transactions to mine
[1779286462] miner ID [1]:Confirmed block received from node
[1779286462] miner ID [1]:Lottery won but no transactions to mine
[1779286464] miner ID [1]:Confirmed block received from node
[1779286468] miner ID [1]:Giovanna pays Giacomo 69 coins
[1779286468] miner ID [1]:Bob pays Ilaria 82 coins
[1779286468] miner ID [1]:Alice pays Bob 26 coins
[1779286468] miner ID [1]:Bob pays Francesco 64 coins
[1779286468] miner ID [1]:Francesco pays Giovanna 51 coins
[1779286468] miner ID [1]:Bob pays Giacomo 77 coins
[1779286468] miner ID [1]:Ilaria pays Giacomo 61 coins
[1779286468] miner ID [1]:Giacomo pays Giovanna 71 coins
[1779286468] miner ID [1]:WARNING: transaction pool full
[1779286468] miner ID [1]:Giovanna pays Francesco 67 coins
[1779286468] miner ID [1]:WARNING: transaction pool full
[1779286468] miner ID [1]:Francesco pays Giacomo 41 coins
[1779286468] miner ID [1]:WARNING: transaction pool full
[1779286468] miner ID [1]:Bob pays Giovanna 20 coins
[1779286468] miner ID [1]:Mining successful
[1779286468] miner ID [1]:Block sent to nodes
[1779286468] miner ID [1]:Confirmed block received from node
[1779286468] miner ID [1]:Lottery won but no transactions to mine
[1779286468] miner ID [1]:Confirmed block received from node
[1779286468] miner ID [1]:Confirmed block received from node
[1779286472] miner ID [1]:Confirmed block received from node
[1779286473] miner ID [1]:Confirmed block received from node
[1779286473] miner ID [1]:Confirmed block received from node
[1779286473] miner ID [1]:Lottery won but no transactions to mine
[1779286474] miner ID [1]:Giovanna pays Bob 1 coins
[1779286474] miner ID [1]:Giacomo pays Ilaria 54 coins
[1779286474] miner ID [1]:Giovanna pays Ilaria 32 coins
[1779286474] miner ID [1]:Confirmed block received from node
[1779286474] miner ID [1]:Confirmed block received from node
[1779286474] miner ID [1]:Mining successful
[1779286474] miner ID [1]:Block sent to nodes
[1779286474] miner ID [1]:Confirmed block received from node
[1779286474] miner ID [1]:Lottery won but no transactions to mine
[1779286478] miner ID [1]:Confirmed block received from node
[1779286478] miner ID [1]:Confirmed block received from node
[1779286478] miner ID [1]:Lottery won but no transactions to mine
[1779286479] miner ID [1]:Bob pays Giovanna 84 coins
[1779286479] miner ID [1]:Ilaria pays Giovanna 16 coins
[1779286479] miner ID [1]:Giovanna pays Francesco 99 coins
[1779286479] miner ID [1]:Confirmed block received from node
[1779286479] miner ID [1]:Mining successful
[1779286479] miner ID [1]:Block sent to nodes
[1779286479] miner ID [1]:Confirmed block received from node
