[1779286750] miner ID [0]:miner avviato correttamente
[1779286750] miner ID [0]:Miner started
[1779286753] miner ID [0]:Confirmed block received from node
[1779286753] miner ID [0]:Lottery won but no transactions to mine
[1779286756] miner ID [0]:Confirmed block received from node
[1779286757] miner ID [0]:Confirmed block received from node
[1779286757] miner ID [0]:Lottery won but no transactions to mine
[1779286759] miner ID [0]:Confirmed block received from node
[1779286759] miner ID [0]:Lottery won but no transactions to mine
[1779286760] miner ID [0]:Confirmed block received from node
[1779286760] miner ID [0]:Lottery won but no transactions to mine
[1779286762] miner ID [0]:Confirmed block received from node
[1779286762] miner ID [0]:Confirmed block received from node
[1779286762] miner ID [0]:Lottery won but no transactions to mine
[1779286764] miner ID [0]:Francesco pays Giacomo 29 coins
[1779286764] miner ID [0]:Giovanna pays Ilaria 65 coins
[1779286764] miner ID [0]:Giacomo pays Francesco 18 coins
[1779286764] miner ID [0]:Ilaria pays Giacomo 16 coins
[1779286764] miner ID [0]:Giovanna pays Giacomo 48 coins
[1779286764] miner ID [0]:Giovanna pays Giacomo 85 coins
[1779286764] miner ID [0]:Alice pays Bob 24 coins
[1779286764] miner ID [0]:Alice pays Francesco 91 coins
[1779286764] miner ID [0]:Mining successful
[1779286764] miner ID [0]:Block sent to nodes
[1779286764] miner ID [0]:Confirmed block received from node
[1779286764] miner ID [0]:Lottery won but no transactions to mine
[1779286766] miner ID [0]:Giacomo pays Giovanna 28 coins
[1779286766] miner ID [0]:Mining successful
[1779286766] miner ID [0]:Block sent to nodes
[1779286766] miner ID [0]:Confirmed block received from node
[1779286766] miner ID [0]:Lottery won but no transactions to mine
[1779286766] miner ID [0]:Confirmed block received from node
[1779286766] miner ID [0]:Confirmed block received from node
[1779286766] miner ID [0]:Lottery won but no transactions to mine
[1779286768] miner ID [0]:Confirmed block received from node
[1779286768] miner ID [0]:Lottery won but no transactions to mine
[1779286769] miner ID [0]:Confirmed block received from node
[1779286770] miner ID [0]:Confirmed block received from node
[1779286770] miner ID [0]:Lottery won but no transactions to mine
[1779286770] miner ID [0]:Confirmed block received from node
[1779286770] miner ID [0]:Lottery won but no transactions to mine
[1779286771] miner ID [0]:Giacomo pays Ilaria 87 coins
[1779286771] miner ID [0]:Francesco pays Giovanna 86 coins
[1779286771] miner ID [0]:Confirmed block received from node
[1779286771] miner ID [0]:Confirmed block received from node
[1779286771] miner ID [0]:Mining successful
[1779286771] miner ID [0]:Block sent to nodes
[1779286771] miner ID [0]:Confirmed block received from node
[1779286773] miner ID [0]:Giacomo pays Francesco 47 coins
[1779286773] miner ID [0]:Ilaria pays Francesco 73 coins
[1779286773] miner ID [0]:Confirmed block received from node
[1779286773] miner ID [0]:Mining successful
[1779286773] miner ID [0]:Block sent to nodes
[1779286773] miner ID [0]:Confirmed block received from node
[1779286774] miner ID [0]:Confirmed block received from node
[1779286775] miner ID [0]:Giacomo pays Giovanna 95 coins
[1779286775] miner ID [0]:Giacomo pays Bob 34 coins
[1779286775] miner ID [0]:Francesco pays Bob 81 coins
[1779286777] miner ID [0]:Confirmed block received from node
[1779286777] miner ID [0]:Mining successful
[1779286777] miner ID [0]:Block sent to nodes
[1779286777] miner ID [0]:Confirmed block received from node
[1779286781] miner ID [0]:Ilaria pays Bob 30 coins
[1779286781] miner ID [0]:Alice pays Ilaria 77 coins
[1779286781] miner ID [0]:Giacomo pays Ilaria 58 coins
[1779286781] miner ID [0]:Giacomo pays Ilaria 30 coins
[1779286781] miner ID [0]:Confirmed block received from node
[1779286781] miner ID [0]:Mining successful
[1779286781] miner ID [0]:Block sent to nodes
[1779286781] miner ID [0]:Confirmed block received from node
[1779286781] miner ID [0]:Confirmed block received from node
[1779286781] miner ID [0]:Lottery won but no transactions to mine
[1779286784] miner ID [0]:Ilaria pays Giacomo 86 coins
[1779286784] miner ID [0]:Francesco pays Giacomo 68 coins
[1779286784] miner ID [0]:Giovanna pays Bob 11 coins
[1779286784] miner ID [0]:Bob pays Francesco 55 coins
[1779286784] miner ID [0]:Bob pays Francesco 68 coins
[1779286784] miner ID [0]:Giovanna pays Giacomo 39 coins
[1779286784] miner ID [0]:Giacomo pays Francesco 17 coins
[1779286784] miner ID [0]:Francesco pays Giovanna 27 coins
[1779286785] miner ID [0]:Confirmed block received from node
[1779286785] miner ID [0]:Mining successful
[1779286785] miner ID [0]:Block sent to nodes
[1779286785] miner ID [0]:Confirmed block received from node
[1779286785] miner ID [0]:Lottery won but no transactions to mine
[1779286786] miner ID [0]:Lottery won but no transactions to mine
[1779286786] miner ID [0]:Confirmed block received from node
[1779286789] miner ID [0]:Confirmed block received from node
[1779286790] miner ID [0]:Confirmed block received from node
[1779286790] miner ID [0]:Lottery won but no transactions to mine
[1779286791] miner ID [0]:Confirmed block received from node
[1779286794] miner ID [0]:Francesco pays Bob 74 coins
[1779286794] miner ID [0]:Giovanna pays Giacomo 17 coins
[1779286794] miner ID [0]:Giacomo pays Giovanna 56 coins
[1779286794] miner ID [0]:Bob pays Ilaria 95 coins
[1779286794] miner ID [0]:Giovanna pays Alice 50 coins
[1779286794] miner ID [0]:Alice pays Bob 58 coins
[1779286794] miner ID [0]:Giovanna pays Francesco 77 coins
[1779286794] miner ID [0]:Giacomo pays Ilaria 59 coins
[1779286795] miner ID [0]:Confirmed block received from node
[1779286795] miner ID [0]:Mining successful
[1779286795] miner ID [0]:Block sent to nodes
[1779286795] miner ID [0]:Confirmed block received from node
[1779286795] miner ID [0]:Lottery won but no transactions to mine
[1779286797] miner ID [0]:Confirmed block received from node
[1779286797] miner ID [0]:Confirmed block received from node
[1779286797] miner ID [0]:Lottery won but no transactions to mine
[1779286797] miner ID [0]:Confirmed block received from node
[1779286799] miner ID [0]:Confirmed block received from node
[1779286799] miner ID [0]:Lottery won but no transactions to mine
[1779286801] miner ID [0]:Confirmed block received from node
[1779286801] miner ID [0]:Lottery won but no transactions to mine
[1779286802] miner ID [0]:Confirmed block received from node
[1779286802] miner ID [0]:Lottery won but no transactions to mine
[1779286802] miner ID [0]:Confirmed block received from node
[1779286802] miner ID [0]:Lottery won but no transactions to mine
[1779286803] miner ID [0]:Francesco pays Ilaria 83 coins
[1779286803] miner ID [0]:Alice pays Bob 7 coins
[1779286803] miner ID [0]:Francesco pays Ilaria 87 coins
[1779286803] miner ID [0]:Ilaria pays Giacomo 77 coins
[1779286803] miner ID [0]:Confirmed block received from node
[1779286806] miner ID [0]:Ilaria pays Alice 55 coins
[1779286806] miner ID [0]:Francesco pays Giovanna 54 coins
[1779286806] miner ID [0]:Bob pays Alice 97 coins
[1779286806] miner ID [0]:Giovanna pays Giacomo 63 coins
[1779286806] miner ID [0]:Confirmed block received from node
[1779286806] miner ID [0]:Confirmed block received from node
[1779286806] miner ID [0]:Mining successful
[1779286806] miner ID [0]:Block sent to nodes
[1779286807] miner ID [0]:Confirmed block received from node
[1779286807] miner ID [0]:Lottery won but no transactions to mine
[1779286807] miner ID [0]:Confirmed block received from node
[1779286808] miner ID [0]:Confirmed block received from node
[1779286808] miner ID [0]:Lottery won but no transactions to mine
[1779286808] miner ID [0]:Confirmed block received from node
[1779286808] miner ID [0]:Lottery won but no transactions to mine
[1779286808] miner ID [0]:Confirmed block received from node
[1779286809] miner ID [0]:Confirmed block received from node
[1779286811] miner ID [0]:Francesco pays Giovanna 41 coins
[1779286811] miner ID [0]:Giovanna pays Ilaria 27 coins
[1779286811] miner ID [0]:Alice pays Francesco 25 coins
[1779286811] miner ID [0]:Francesco pays Giacomo 49 coins
[1779286811] miner ID [0]:Ilaria pays Bob 60 coins
[1779286811] miner ID [0]:Francesco pays Bob 51 coins
[1779286811] miner ID [0]:Giacomo pays Ilaria 48 coins
[1779286811] miner ID [0]:Alice pays Giovanna 10 coins
[1779286811] miner ID [0]:Giacomo pays Francesco 59 coins
[1779286811] miner ID [0]:Francesco pays Bob 51 coins
[1779286811] miner ID [0]:Giacomo pays Alice 40 coins
[1779286811] miner ID [0]:Ilaria pays Francesco 56 coins
[1779286811] miner ID [0]:Mining successful
[1779286811] miner ID [0]:Block sent to nodes
[1779286811] miner ID [0]:Confirmed block received from node
[1779286812] miner ID [0]:Confirmed block received from node
[1779286812] miner ID [0]:Lottery won but no transactions to mine
[1779286812] miner ID [0]:Confirmed block received from node
[1779286812] miner ID [0]:Confirmed block received from node
[1779286814] miner ID [0]:Alice pays Francesco 84 coins
[1779286814] miner ID [0]:Giacomo pays Ilaria 21 coins
[1779286814] miner ID [0]:Bob pays Giovanna 16 coins
[1779286814] miner ID [0]:Giovanna pays Alice 38 coins
[1779286814] miner ID [0]:Bob pays Giacomo 49 coins
[1779286814] miner ID [0]:Giovanna pays Alice 11 coins
[1779286814] miner ID [0]:Giovanna pays Ilaria 86 coins
[1779286814] miner ID [0]:Alice pays Ilaria 23 coins
[1779286814] miner ID [0]:Mining successful
[1779286814] miner ID [0]:Block sent to nodes
[1779286814] miner ID [0]:Confirmed block received from node
[1779286814] miner ID [0]:Confirmed block received from node
[1779286815] miner ID [0]:Confirmed block received from node
[1779286815] miner ID [0]:Lottery won but no transactions to mine
[1779286816] miner ID [0]:Confirmed block received from node
[1779286817] miner ID [0]:Confirmed block received from node
[1779286817] miner ID [0]:Confirmed block received from node
[1779286817] miner ID [0]:Lottery won but no transactions to mine
[1779286818] miner ID [0]:Confirmed block received from node
[1779286821] miner ID [0]:Confirmed block received from node
[1779286821] miner ID [0]:Confirmed block received from node
[1779286822] miner ID [0]:Confirmed block received from node
[1779286822] miner ID [0]:Confirmed block received from node
[1779286823] miner ID [0]:Giovanna pays Ilaria 68 coins
[1779286823] miner ID [0]:Francesco pays Giovanna 17 coins
[1779286823] miner ID [0]:Ilaria pays Francesco 40 coins
[1779286823] miner ID [0]:Mining successful
[1779286823] miner ID [0]:Block sent to nodes
[1779286823] miner ID [0]:Confirmed block received from node
[1779286823] miner ID [0]:Confirmed block received from node
[1779286823] miner ID [0]:Lottery won but no transactions to mine
[1779286824] miner ID [0]:Confirmed block received from node
[1779286824] miner ID [0]:Confirmed block received from node
[1779286824] miner ID [0]:Alice pays Ilaria 98 coins
[1779286825] miner ID [0]:Ilaria pays Bob 24 coins
[1779286825] miner ID [0]:Alice pays Ilaria 11 coins
[1779286825] miner ID [0]:Alice pays Giacomo 23 coins
[1779286825] miner ID [0]:Giacomo pays Francesco 35 coins
[1779286825] miner ID [0]:Ilaria pays Alice 5 coins
[1779286825] miner ID [0]:Ilaria pays Alice 29 coins
[1779286825] miner ID [0]:Bob pays Giacomo 42 coins
[1779286825] miner ID [0]:Confirmed block received from node
[1779286826] miner ID [0]:Confirmed block received from node
[1779286827] miner ID [0]:Confirmed block received from node
[1779286827] miner ID [0]:Confirmed block received from node
[1779286830] miner ID [0]:Confirmed block received from node
[1779286830] miner ID [0]:Mining successful
[1779286830] miner ID [0]:Block sent to nodes
[1779286830] miner ID [0]:Confirmed block received from node
[1779286830] miner ID [0]:Lottery won but no transactions to mine
[1779286830] miner ID [0]:Confirmed block received from node
[1779286831] miner ID [0]:Confirmed block received from node
[1779286833] miner ID [0]:Alice pays Giovanna 48 coins
[1779286833] miner ID [0]:Bob pays Francesco 96 coins
[1779286833] miner ID [0]:Giacomo pays Bob 87 coins
[1779286833] miner ID [0]:Ilaria pays Alice 5 coins
[1779286833] miner ID [0]:Ilaria pays Giovanna 44 coins
[1779286833] miner ID [0]:Ilaria pays Alice 18 coins
[1779286833] miner ID [0]:Alice pays Giovanna 57 coins
[1779286833] miner ID [0]:Giacomo pays Bob 79 coins
[1779286833] miner ID [0]:Bob pays Ilaria 27 coins
[1779286833] miner ID [0]:Alice pays Francesco 39 coins
[1779286833] miner ID [0]:Francesco pays Bob 83 coins
[1779286833] miner ID [0]:Giovanna pays Francesco 73 coins
[1779286833] miner ID [0]:Giacomo pays Ilaria 88 coins
[1779286833] miner ID [0]:Ilaria pays Alice 2 coins
[1779286833] miner ID [0]:Francesco pays Alice 96 coins
[1779286833] miner ID [0]:Giovanna pays Alice 38 coins
[1779286834] miner ID [0]:Confirmed block received from node
[1779286836] miner ID [0]:Confirmed block received from node
[1779286836] miner ID [0]:Confirmed block received from node
[1779286836] miner ID [0]:Mining successful
[1779286836] miner ID [0]:Block sent to nodes
[1779286836] miner ID [0]:Confirmed block received from node
[1779286839] miner ID [0]:Alice pays Giovanna 86 coins
[1779286839] miner ID [0]:Alice pays Francesco 84 coins
[1779286839] miner ID [0]:Giacomo pays Ilaria 10 coins
[1779286839] miner ID [0]:Ilaria pays Bob 14 coins
[1779286839] miner ID [0]:Francesco pays Giacomo 48 coins
[1779286839] miner ID [0]:Giacomo pays Giovanna 10 coins
[1779286839] miner ID [0]:Mining successful
[1779286839] miner ID [0]:Block sent to nodes
[1779286839] miner ID [0]:Confirmed block received from node
[1779286839] miner ID [0]:Lottery won but no transactions to mine
[1779286839] miner ID [0]:Confirmed block received from node
[1779286839] miner ID [0]:Lottery won but no transactions to mine
[1779286841] miner ID [0]:Confirmed block received from node
[1779286842] miner ID [0]:Confirmed block received from node
[1779286843] miner ID [0]:Giacomo pays Ilaria 79 coins
[1779286843] miner ID [0]:Giovanna pays Ilaria 42 coins
[1779286843] miner ID [0]:Ilaria pays Giacomo 93 coins
[1779286843] miner ID [0]:Alice pays Giacomo 26 coins
[1779286843] miner ID [0]:Giovanna pays Ilaria 41 coins
[1779286843] miner ID [0]:Bob pays Alice 66 coins
[1779286843] miner ID [0]:Giacomo pays Francesco 74 coins
[1779286843] miner ID [0]:Ilaria pays Giovanna 7 coins
[1779286843] miner ID [0]:Mining successful
[1779286843] miner ID [0]:Block sent to nodes
[1779286843] miner ID [0]:Confirmed block received from node
[1779286844] miner ID [0]:Bob pays Giacomo 96 coins
[1779286844] miner ID [0]:Ilaria pays Francesco 77 coins
[1779286844] miner ID [0]:Alice pays Francesco 75 coins
[1779286844] miner ID [0]:Giacomo pays Ilaria 13 coins
[1779286844] miner ID [0]:Confirmed block received from node
[1779286844] miner ID [0]:Confirmed block received from node
[1779286845] miner ID [0]:Confirmed block received from node
[1779286846] miner ID [0]:Confirmed block received from node
[1779286846] miner ID [0]:Mining successful
[1779286846] miner ID [0]:Block sent to nodes
[1779286846] miner ID [0]:Confirmed block received from node
[1779286847] miner ID [0]:Confirmed block received from node
[1779286847] miner ID [0]:Lottery won but no transactions to mine
[1779286847] miner ID [0]:Confirmed block received from node
[1779286848] miner ID [0]:Confirmed block received from node
[1779286848] miner ID [0]:Lottery won but no transactions to mine
[1779286848] miner ID [0]:Confirmed block received from node
[1779286849] miner ID [0]:Confirmed block received from node
[1779286849] miner ID [0]:Lottery won but no transactions to mine
[1779286851] miner ID [0]:Bob pays Ilaria 66 coins
[1779286851] miner ID [0]:Giacomo pays Alice 36 coins
[1779286853] miner ID [0]:Confirmed block received from node
[1779286853] miner ID [0]:Confirmed block received from node
[1779286853] miner ID [0]:Mining successful
[1779286853] miner ID [0]:Block sent to nodes
[1779286853] miner ID [0]:Confirmed block received from node
[1779286853] miner ID [0]:Lottery won but no transactions to mine
[1779286854] miner ID [0]:Confirmed block received from node
[1779286855] miner ID [0]:Confirmed block received from node
[1779286856] miner ID [0]:Giovanna pays Giacomo 12 coins
[1779286856] miner ID [0]:Bob pays Ilaria 24 coins
[1779286856] miner ID [0]:Alice pays Francesco 92 coins
[1779286856] miner ID [0]:Alice pays Bob 15 coins
[1779286856] miner ID [0]:Alice pays Ilaria 26 coins
[1779286856] miner ID [0]:Mining successful
[1779286856] miner ID [0]:Block sent to nodes
[1779286856] miner ID [0]:Confirmed block received from node
[1779286856] miner ID [0]:Lottery won but no transactions to mine
[1779286856] miner ID [0]:Confirmed block received from node
[1779286856] miner ID [0]:Lottery won but no transactions to mine
[1779286857] miner ID [0]:Confirmed block received from node
[1779286857] miner ID [0]:Confirmed block received from node
[1779286858] miner ID [0]:Confirmed block received from node
[1779286858] miner ID [0]:Lottery won but no transactions to mine
[1779286858] miner ID [0]:Confirmed block received from node
[1779286859] miner ID [0]:Ilaria pays Bob 27 coins
[1779286859] miner ID [0]:Bob pays Francesco 37 coins
[1779286859] miner ID [0]:Ilaria pays Alice 21 coins
[1779286859] miner ID [0]:Alice pays Ilaria 35 coins
[1779286859] miner ID [0]:Confirmed block received from node
[1779286860] miner ID [0]:Confirmed block received from node
[1779286860] miner ID [0]:Mining successful
[1779286860] miner ID [0]:Block sent to nodes
[1779286860] miner ID [0]:Confirmed block received from node
[1779286860] miner ID [0]:Lottery won but no transactions to mine
[1779286861] miner ID [0]:Confirmed block received from node
[1779286861] miner ID [0]:Confirmed block received from node
[1779286861] miner ID [0]:Lottery won but no transactions to mine
[1779286862] miner ID [0]:Confirmed block received from node
[1779286862] miner ID [0]:Lottery won but no transactions to mine
[1779286863] miner ID [0]:Confirmed block received from node
[1779286864] miner ID [0]:Confirmed block received from node
[1779286865] miner ID [0]:Confirmed block received from node
[1779286867] miner ID [0]:Lottery won but no transactions to mine
[1779286867] miner ID [0]:Confirmed block received from node
[1779286867] miner ID [0]:Confirmed block received from node
[1779286867] miner ID [0]:Giovanna pays Alice 26 coins
[1779286867] miner ID [0]:Mining successful
[1779286867] miner ID [0]:Block sent to nodes
[1779286868] miner ID [0]:Confirmed block received from node
[1779286868] miner ID [0]:Lottery won but no transactions to mine
[1779286868] miner ID [0]:Confirmed block received from node
[1779286869] miner ID [0]:Confirmed block received from node
[1779286871] miner ID [0]:Francesco pays Ilaria 48 coins
[1779286871] miner ID [0]:Francesco pays Bob 48 coins
[1779286871] miner ID [0]:Giacomo pays Bob 58 coins
[1779286871] miner ID [0]:Mining successful
[1779286871] miner ID [0]:Block sent to nodes
[1779286871] miner ID [0]:Confirmed block received from node
[1779286871] miner ID [0]:Confirmed block received from node
[1779286871] miner ID [0]:Lottery won but no transactions to mine
[1779286873] miner ID [0]:Confirmed block received from node
[1779286875] miner ID [0]:Ilaria pays Giovanna 24 coins
[1779286875] miner ID [0]:Giacomo pays Giovanna 72 coins
[1779286875] miner ID [0]:Giacomo pays Bob 44 coins
[1779286875] miner ID [0]:Giovanna pays Francesco 47 coins
[1779286876] miner ID [0]:Confirmed block received from node
[1779286876] miner ID [0]:Confirmed block received from node
[1779286876] miner ID [0]:Mining successful
[1779286876] miner ID [0]:Block sent to nodes
[1779286876] miner ID [0]:Confirmed block received from node
[1779286878] miner ID [0]:Confirmed block received from node
[1779286879] miner ID [0]:Confirmed block received from node
[1779286879] miner ID [0]:Lottery won but no transactions to mine
[1779286879] miner ID [0]:Confirmed block received from node
[1779286879] miner ID [0]:Lottery won but no transactions to mine
[1779286880] miner ID [0]:Confirmed block received from node
[1779286880] miner ID [0]:Lottery won but no transactions to mine
[1779286880] miner ID [0]:Confirmed block received from node
[1779286881] miner ID [0]:Francesco pays Giovanna 98 coins
[1779286881] miner ID [0]:Ilaria pays Giacomo 96 coins
[1779286881] miner ID [0]:Bob pays Giovanna 94 coins
[1779286881] miner ID [0]:Giacomo pays Giovanna 20 coins
[1779286881] miner ID [0]:Giovanna pays Bob 28 coins
[1779286881] miner ID [0]:Giacomo pays Bob 23 coins
[1779286881] miner ID [0]:Giacomo pays Ilaria 51 coins
[1779286881] miner ID [0]:Ilaria pays Giacomo 46 coins
[1779286882] miner ID [0]:Confirmed block received from node
[1779286882] miner ID [0]:Mining successful
[1779286882] miner ID [0]:Block sent to nodes
[1779286882] miner ID [0]:Confirmed block received from node
[1779286884] miner ID [0]:Confirmed block received from node
[1779286884] miner ID [0]:Lottery won but no transactions to mine
[1779286885] miner ID [0]:Confirmed block received from node
[1779286885] miner ID [0]:Bob pays Francesco 22 coins
[1779286885] miner ID [0]:Mining successful
[1779286885] miner ID [0]:Block sent to nodes
[1779286885] miner ID [0]:Confirmed block received from node
[1779286887] miner ID [0]:Confirmed block received from node
[1779286887] miner ID [0]:Lottery won but no transactions to mine
[1779286887] miner ID [0]:Confirmed block received from node
[1779286887] miner ID [0]:Lottery won but no transactions to mine
[1779286888] miner ID [0]:Confirmed block received from node
[1779286890] miner ID [0]:Bob pays Giacomo 43 coins
[1779286890] miner ID [0]:Bob pays Giacomo 28 coins
[1779286890] miner ID [0]:Ilaria pays Francesco 33 coins
[1779286890] miner ID [0]:Bob pays Francesco 83 coins
[1779286890] miner ID [0]:Mining successful
[1779286890] miner ID [0]:Block sent to nodes
[1779286890] miner ID [0]:Confirmed block received from node
[1779286892] miner ID [0]:Confirmed block received from node
[1779286892] miner ID [0]:Confirmed block received from node
[1779286894] miner ID [0]:Ilaria pays Giacomo 12 coins
[1779286894] miner ID [0]:Francesco pays Bob 64 coins
[1779286894] miner ID [0]:Alice pays Giovanna 3 coins
[1779286894] miner ID [0]:Mining successful
[1779286894] miner ID [0]:Block sent to nodes
[1779286894] miner ID [0]:Confirmed block received from node
[1779286894] miner ID [0]:Confirmed block received from node
[1779286894] miner ID [0]:Confirmed block received from node
[1779286896] miner ID [0]:Confirmed block received from node
[1779286896] miner ID [0]:Lottery won but no transactions to mine
[1779286896] miner ID [0]:Confirmed block received from node
[1779286896] miner ID [0]:Lottery won but no transactions to mine
[1779286897] miner ID [0]:Confirmed block received from node
[1779286898] miner ID [0]:Confirmed block received from node
[1779286898] miner ID [0]:Confirmed block received from node
[1779286898] miner ID [0]:Lottery won but no transactions to mine
[1779286899] miner ID [0]:Bob pays Alice 34 coins
[1779286899] miner ID [0]:Giovanna pays Alice 99 coins
[1779286899] miner ID [0]:Ilaria pays Giovanna 34 coins
[1779286899] miner ID [0]:Giovanna pays Francesco 38 coins
[1779286899] miner ID [0]:Ilaria pays Giacomo 20 coins
[1779286899] miner ID [0]:Bob pays Alice 32 coins
[1779286899] miner ID [0]:Giovanna pays Giacomo 5 coins
[1779286899] miner ID [0]:Ilaria pays Alice 59 coins
[1779286899] miner ID [0]:Mining successful
[1779286899] miner ID [0]:Block sent to nodes
[1779286899] miner ID [0]:Confirmed block received from node
[1779286900] miner ID [0]:Confirmed block received from node
[1779286903] miner ID [0]:Confirmed block received from node
[1779286903] miner ID [0]:Lottery won but no transactions to mine
[1779286904] miner ID [0]:Confirmed block received from node
[1779286904] miner ID [0]:Lottery won but no transactions to mine
[1779286905] miner ID [0]:Giacomo pays Giovanna 10 coins
[1779286905] miner ID [0]:Giovanna pays Francesco 62 coins
[1779286905] miner ID [0]:Giovanna pays Ilaria 62 coins
[1779286905] miner ID [0]:Bob pays Alice 5 coins
[1779286905] miner ID [0]:Bob pays Ilaria 3 coins
[1779286905] miner ID [0]:Alice pays Bob 96 coins
[1779286905] miner ID [0]:Giacomo pays Giovanna 80 coins
[1779286905] miner ID [0]:Alice pays Ilaria 23 coins
[1779286905] miner ID [0]:Mining successful
[1779286905] miner ID [0]:Block sent to nodes
[1779286905] miner ID [0]:Confirmed block received from node
[1779286905] miner ID [0]:Lottery won but no transactions to mine
[1779286905] miner ID [0]:Confirmed block received from node
[1779286906] miner ID [0]:Ilaria pays Giovanna 60 coins
[1779286906] miner ID [0]:Giacomo pays Ilaria 80 coins
[1779286906] miner ID [0]:Giacomo pays Bob 64 coins
[1779286906] miner ID [0]:Mining successful
[1779286906] miner ID [0]:Block sent to nodes
[1779286906] miner ID [0]:Confirmed block received from node
[1779286906] miner ID [0]:Lottery won but no transactions to mine
[1779286907] miner ID [0]:Confirmed block received from node
[1779286907] miner ID [0]:Lottery won but no transactions to mine
[1779286909] miner ID [0]:Confirmed block received from node
[1779286909] miner ID [0]:Lottery won but no transactions to mine
[1779286909] miner ID [0]:Confirmed block received from node
[1779286909] miner ID [0]:Confirmed block received from node
[1779286909] miner ID [0]:Lottery won but no transactions to mine
[1779286911] miner ID [0]:Francesco pays Bob 64 coins
[1779286911] miner ID [0]:Giacomo pays Giovanna 58 coins
[1779286911] miner ID [0]:Giacomo pays Giovanna 47 coins
[1779286911] miner ID [0]:Giacomo pays Alice 36 coins
[1779286911] miner ID [0]:Giacomo pays Bob 77 coins
[1779286911] miner ID [0]:Francesco pays Alice 93 coins
[1779286911] miner ID [0]:Bob pays Francesco 83 coins
[1779286911] miner ID [0]:Giovanna pays Giacomo 42 coins
[1779286911] miner ID [0]:Mining successful
[1779286911] miner ID [0]:Block sent to nodes
[1779286911] miner ID [0]:Confirmed block received from node
[1779286911] miner ID [0]:Lottery won but no transactions to mine
[1779286911] miner ID [0]:Confirmed block received from node
[1779286912] miner ID [0]:Alice pays Francesco 84 coins
[1779286912] miner ID [0]:Bob pays Francesco 44 coins
[1779286912] miner ID [0]:Giacomo pays Ilaria 38 coins
[1779286912] miner ID [0]:Giacomo pays Giovanna 4 coins
[1779286912] miner ID [0]:Mining successful
[1779286912] miner ID [0]:Block sent to nodes
[1779286912] miner ID [0]:Confirmed block received from node
[1779286913] miner ID [0]:Confirmed block received from node
[1779286913] miner ID [0]:Francesco pays Alice 61 coins
[1779286913] miner ID [0]:Mining successful
[1779286913] miner ID [0]:Block sent to nodes
[1779286913] miner ID [0]:Confirmed block received from node
[1779286913] miner ID [0]:Lottery won but no transactions to mine
[1779286913] miner ID [0]:Confirmed block received from node
[1779286915] miner ID [0]:Confirmed block received from node
[1779286915] miner ID [0]:Confirmed block received from node
[1779286915] miner ID [0]:Confirmed block received from node
[1779286916] miner ID [0]:Confirmed block received from node
[1779286919] miner ID [0]:Alice pays Giovanna 76 coins
[1779286919] miner ID [0]:Alice pays Giovanna 27 coins
[1779286919] miner ID [0]:Giacomo pays Francesco 2 coins
[1779286919] miner ID [0]:Mining successful
[1779286919] miner ID [0]:Block sent to nodes
[1779286919] miner ID [0]:Confirmed block received from node
[1779286919] miner ID [0]:Confirmed block received from node
[1779286919] miner ID [0]:Lottery won but no transactions to mine
[1779286920] miner ID [0]:Confirmed block received from node
[1779286920] miner ID [0]:Lottery won but no transactions to mine
[1779286920] miner ID [0]:Confirmed block received from node
[1779286920] miner ID [0]:Lottery won but no transactions to mine
[1779286922] miner ID [0]:Giacomo pays Giovanna 31 coins
[1779286922] miner ID [0]:Bob pays Giacomo 7 coins
[1779286922] miner ID [0]:Ilaria pays Giacomo 61 coins
[1779286922] miner ID [0]:Giacomo pays Giovanna 7 coins
[1779286922] miner ID [0]:Bob pays Giovanna 3 coins
[1779286922] miner ID [0]:Francesco pays Alice 21 coins
[1779286922] miner ID [0]:Confirmed block received from node
[1779286922] miner ID [0]:Mining successful
[1779286922] miner ID [0]:Block sent to nodes
[1779286922] miner ID [0]:Confirmed block received from node
[1779286923] miner ID [0]:Bob pays Giovanna 59 coins
[1779286923] miner ID [0]:Francesco pays Bob 52 coins
[1779286923] miner ID [0]:Ilaria pays Bob 86 coins
[1779286923] miner ID [0]:Mining successful
[1779286923] miner ID [0]:Block sent to nodes
[1779286923] miner ID [0]:Confirmed block received from node
[1779286924] miner ID [0]:Confirmed block received from node
[1779286924] miner ID [0]:Lottery won but no transactions to mine
[1779286926] miner ID [0]:Confirmed block received from node
[1779286926] miner ID [0]:Lottery won but no transactions to mine
[1779286927] miner ID [0]:Confirmed block received from node
[1779286927] miner ID [0]:Lottery won but no transactions to mine
[1779286927] miner ID [0]:Confirmed block received from node
[1779286927] miner ID [0]:Lottery won but no transactions to mine
[1779286928] miner ID [0]:Giovanna pays Alice 93 coins
[1779286928] miner ID [0]:Giovanna pays Giacomo 84 coins
[1779286928] miner ID [0]:Mining successful
[1779286928] miner ID [0]:Block sent to nodes
[1779286928] miner ID [0]:Confirmed block received from node
[1779286928] miner ID [0]:Lottery won but no transactions to mine
[1779286929] miner ID [0]:Giovanna pays Giacomo 80 coins
[1779286929] miner ID [0]:Giovanna pays Giacomo 78 coins
[1779286929] miner ID [0]:Giovanna pays Bob 30 coins
[1779286929] miner ID [0]:Mining successful
[1779286929] miner ID [0]:Block sent to nodes
[1779286929] miner ID [0]:Confirmed block received from node
[1779286929] miner ID [0]:Confirmed block received from node
[1779286929] miner ID [0]:Giacomo pays Giovanna 60 coins
[1779286930] miner ID [0]:Bob pays Giacomo 97 coins
[1779286930] miner ID [0]:Alice pays Francesco 90 coins
[1779286930] miner ID [0]:Francesco pays Alice 3 coins
[1779286930] miner ID [0]:Francesco pays Bob 67 coins
[1779286932] miner ID [0]:Confirmed block received from node
[1779286932] miner ID [0]:Mining successful
[1779286932] miner ID [0]:Block sent to nodes
[1779286933] miner ID [0]:Confirmed block received from node
[1779286933] miner ID [0]:Lottery won but no transactions to mine
[1779286933] miner ID [0]:Confirmed block received from node
[1779286933] miner ID [0]:Lottery won but no transactions to mine
[1779286934] miner ID [0]:Confirmed block received from node
[1779286934] miner ID [0]:Confirmed block received from node
[1779286934] miner ID [0]:Lottery won but no transactions to mine
[1779286935] miner ID [0]:Confirmed block received from node
[1779286938] miner ID [0]:Confirmed block received from node
[1779286938] miner ID [0]:Lottery won but no transactions to mine
[1779286938] miner ID [0]:Confirmed block received from node
[1779286938] miner ID [0]:Confirmed block received from node
[1779286938] miner ID [0]:Lottery won but no transactions to mine
[1779286940] miner ID [0]:Confirmed block received from node
[1779286940] miner ID [0]:Lottery won but no transactions to mine
[1779286942] miner ID [0]:Confirmed block received from node
[1779286943] miner ID [0]:Confirmed block received from node
[1779286943] miner ID [0]:Lottery won but no transactions to mine
[1779286943] miner ID [0]:Confirmed block received from node
[1779286943] miner ID [0]:Lottery won but no transactions to mine
[1779286944] miner ID [0]:Confirmed block received from node
[1779286944] miner ID [0]:Confirmed block received from node
[1779286944] miner ID [0]:Lottery won but no transactions to mine
[1779286944] miner ID [0]:Confirmed block received from node
[1779286944] miner ID [0]:Lottery won but no transactions to mine
[1779286945] miner ID [0]:Confirmed block received from node
[1779286948] miner ID [0]:Confirmed block received from node
[1779286948] miner ID [0]:Lottery won but no transactions to mine
[1779286948] miner ID [0]:Confirmed block received from node
[1779286949] miner ID [0]:Confirmed block received from node
[1779286952] miner ID [0]:Confirmed block received from node
[1779286952] miner ID [0]:Lottery won but no transactions to mine
[1779286952] miner ID [0]:Confirmed block received from node
[1779286952] miner ID [0]:Lottery won but no transactions to mine
[1779286955] miner ID [0]:Confirmed block received from node
[1779286955] miner ID [0]:Lottery won but no transactions to mine
[1779286955] miner ID [0]:Confirmed block received from node
[1779286955] miner ID [0]:Lottery won but no transactions to mine
[1779286956] miner ID [0]:Confirmed block received from node
[1779286956] miner ID [0]:Bob pays Giovanna 92 coins
[1779286956] miner ID [0]:Mining successful
[1779286956] miner ID [0]:Block sent to nodes
[1779286956] miner ID [0]:Confirmed block received from node
[1779286956] miner ID [0]:Lottery won but no transactions to mine
[1779286956] miner ID [0]:Confirmed block received from node
[1779286957] miner ID [0]:Confirmed block received from node
[1779286958] miner ID [0]:Francesco pays Giacomo 94 coins
[1779286958] miner ID [0]:Ilaria pays Giacomo 12 coins
[1779286958] miner ID [0]:Alice pays Giovanna 72 coins
[1779286958] miner ID [0]:Bob pays Ilaria 28 coins
[1779286958] miner ID [0]:Confirmed block received from node
[1779286959] miner ID [0]:Confirmed block received from node
[1779286960] miner ID [0]:Confirmed block received from node
[1779286960] miner ID [0]:Mining successful
[1779286960] miner ID [0]:Block sent to nodes
[1779286960] miner ID [0]:Confirmed block received from node
[1779286960] miner ID [0]:Lottery won but no transactions to mine
[1779286962] miner ID [0]:Confirmed block received from node
[1779286966] miner ID [0]:Francesco pays Giovanna 84 coins
[1779286966] miner ID [0]:Mining successful
[1779286966] miner ID [0]:Block sent to nodes
[1779286966] miner ID [0]:Confirmed block received from node
[1779286966] miner ID [0]:Lottery won but no transactions to mine
[1779286966] miner ID [0]:Confirmed block received from node
[1779286966] miner ID [0]:Confirmed block received from node
[1779286966] miner ID [0]:Lottery won but no transactions to mine
[1779286967] miner ID [0]:Confirmed block received from node
[1779286967] miner ID [0]:Lottery won but no transactions to mine
[1779286968] miner ID [0]:Alice pays Francesco 96 coins
[1779286968] miner ID [0]:Francesco pays Bob 31 coins
[1779286968] miner ID [0]:Giacomo pays Alice 1 coins
[1779286968] miner ID [0]:Bob pays Giovanna 44 coins
[1779286970] miner ID [0]:Bob pays Francesco 92 coins
[1779286970] miner ID [0]:Mining successful
[1779286970] miner ID [0]:Block sent to nodes
[1779286970] miner ID [0]:Confirmed block received from node
[1779286970] miner ID [0]:Lottery won but no transactions to mine
[1779286970] miner ID [0]:Confirmed block received from node
[1779286973] miner ID [0]:Confirmed block received from node
[1779286973] miner ID [0]:Lottery won but no transactions to mine
[1779286976] miner ID [0]:Confirmed block received from node
[1779286976] miner ID [0]:Lottery won but no transactions to mine
[1779286976] miner ID [0]:Confirmed block received from node
[1779286977] miner ID [0]:Francesco pays Giacomo 84 coins
[1779286977] miner ID [0]:Francesco pays Bob 39 coins
[1779286978] miner ID [0]:Confirmed block received from node
[1779286978] miner ID [0]:Confirmed block received from node
[1779286978] miner ID [0]:Mining successful
[1779286978] miner ID [0]:Block sent to nodes
[1779286979] miner ID [0]:Confirmed block received from node
[1779286979] miner ID [0]:Bob pays Francesco 49 coins
[1779286979] miner ID [0]:Mining successful
[1779286979] miner ID [0]:Block sent to nodes
[1779286979] miner ID [0]:Confirmed block received from node
[1779286979] miner ID [0]:Lottery won but no transactions to mine
[1779286979] miner ID [0]:Confirmed block received from node
[1779286980] miner ID [0]:Confirmed block received from node
[1779286980] miner ID [0]:Lottery won but no transactions to mine
[1779286981] miner ID [0]:Ilaria pays Alice 95 coins
[1779286981] miner ID [0]:Giacomo pays Francesco 44 coins
[1779286981] miner ID [0]:Francesco pays Giovanna 75 coins
[1779286981] miner ID [0]:Ilaria pays Francesco 11 coins
[1779286981] miner ID [0]:Mining successful
[1779286981] miner ID [0]:Block sent to nodes
[1779286981] miner ID [0]:Confirmed block received from node
[1779286984] miner ID [0]:Confirmed block received from node
[1779286984] miner ID [0]:Confirmed block received from node
[1779286984] miner ID [0]:Lottery won but no transactions to mine
[1779286984] miner ID [0]:Confirmed block received from node
[1779286984] miner ID [0]:Lottery won but no transactions to mine
[1779286985] miner ID [0]:Confirmed block received from node
[1779286986] miner ID [0]:Confirmed block received from node
[1779286987] miner ID [0]:Francesco pays Giovanna 12 coins
[1779286987] miner ID [0]:Bob pays Giacomo 46 coins
[1779286987] miner ID [0]:Bob pays Alice 52 coins
[1779286987] miner ID [0]:Ilaria pays Giacomo 7 coins
[1779286987] miner ID [0]:Ilaria pays Giacomo 5 coins
[1779286987] miner ID [0]:Giovanna pays Ilaria 27 coins
[1779286988] miner ID [0]:Confirmed block received from node
[1779286988] miner ID [0]:Mining successful
[1779286988] miner ID [0]:Block sent to nodes
[1779286988] miner ID [0]:Confirmed block received from node
[1779286988] miner ID [0]:Lottery won but no transactions to mine
[1779286988] miner ID [0]:Confirmed block received from node
[1779286989] miner ID [0]:Confirmed block received from node
[1779286991] miner ID [0]:Francesco pays Alice 50 coins
[1779286991] miner ID [0]:Giacomo pays Francesco 79 coins
[1779286991] miner ID [0]:Giacomo pays Ilaria 52 coins
[1779286991] miner ID [0]:Giacomo pays Giovanna 10 coins
[1779286991] miner ID [0]:Ilaria pays Giacomo 16 coins
[1779286991] miner ID [0]:Giovanna pays Alice 72 coins
[1779286991] miner ID [0]:Ilaria pays Giacomo 86 coins
[1779286991] miner ID [0]:Giovanna pays Giacomo 29 coins
[1779286991] miner ID [0]:Bob pays Giacomo 52 coins
[1779286991] miner ID [0]:Ilaria pays Alice 87 coins
[1779286991] miner ID [0]:Bob pays Ilaria 13 coins
[1779286991] miner ID [0]:Bob pays Francesco 19 coins
[1779286991] miner ID [0]:Bob pays Alice 35 coins
[1779286991] miner ID [0]:Ilaria pays Bob 58 coins
[1779286991] miner ID [0]:Ilaria pays Giovanna 16 coins
[1779286991] miner ID [0]:Giacomo pays Alice 24 coins
[1779286991] miner ID [0]:Mining successful
[1779286991] miner ID [0]:Block sent to nodes
[1779286991] miner ID [0]:Confirmed block received from node
[1779286992] miner ID [0]:Giacomo pays Alice 77 coins
[1779286992] miner ID [0]:Ilaria pays Alice 33 coins
[1779286992] miner ID [0]:Confirmed block received from node
[1779286992] miner ID [0]:Confirmed block received from node
[1779286992] miner ID [0]:Mining successful
[1779286992] miner ID [0]:Block sent to nodes
[1779286993] miner ID [0]:Confirmed block received from node
[1779286993] miner ID [0]:Giovanna pays Alice 51 coins
[1779286993] miner ID [0]:Mining successful
[1779286993] miner ID [0]:Block sent to nodes
[1779286993] miner ID [0]:Confirmed block received from node
[1779286993] miner ID [0]:Confirmed block received from node
[1779286994] miner ID [0]:Confirmed block received from node
[1779286995] miner ID [0]:Confirmed block received from node
[1779286996] miner ID [0]:Confirmed block received from node
[1779286997] miner ID [0]:Ilaria pays Francesco 5 coins
[1779286997] miner ID [0]:Bob pays Alice 65 coins
[1779286997] miner ID [0]:Giovanna pays Bob 11 coins
[1779286999] miner ID [0]:Confirmed block received from node
[1779286999] miner ID [0]:Confirmed block received from node
[1779286999] miner ID [0]:Mining successful
[1779286999] miner ID [0]:Block sent to nodes
[1779286999] miner ID [0]:Confirmed block received from node
[1779287001] miner ID [0]:Confirmed block received from node
[1779287002] miner ID [0]:Confirmed block received from node
[1779287005] miner ID [0]:Confirmed block received from node
[1779287005] miner ID [0]:Confirmed block received from node
[1779287005] miner ID [0]:Lottery won but no transactions to mine
[1779287005] miner ID [0]:Confirmed block received from node
[1779287005] miner ID [0]:Lottery won but no transactions to mine
[1779287006] miner ID [0]:Confirmed block received from node
[1779287006] miner ID [0]:Lottery won but no transactions to mine
[1779287008] miner ID [0]:Alice pays Francesco 54 coins
[1779287008] miner ID [0]:Alice pays Giacomo 2 coins
[1779287008] miner ID [0]:Alice pays Francesco 45 coins
[1779287008] miner ID [0]:Giovanna pays Alice 75 coins
[1779287008] miner ID [0]:Giacomo pays Ilaria 71 coins
[1779287008] miner ID [0]:Alice pays Ilaria 25 coins
[1779287008] miner ID [0]:Francesco pays Giacomo 98 coins
[1779287008] miner ID [0]:Mining successful
[1779287008] miner ID [0]:Block sent to nodes
[1779287008] miner ID [0]:Confirmed block received from node
[1779287008] miner ID [0]:Confirmed block received from node
[1779287008] miner ID [0]:Lottery won but no transactions to mine
[1779287009] miner ID [0]:Confirmed block received from node
[1779287009] miner ID [0]:Lottery won but no transactions to mine
[1779287011] miner ID [0]:Confirmed block received from node
[1779287014] miner ID [0]:Confirmed block received from node
[1779287014] miner ID [0]:Confirmed block received from node
[1779287014] miner ID [0]:Confirmed block received from node
[1779287015] miner ID [0]:Confirmed block received from node
[1779287016] miner ID [0]:Ilaria pays Bob 69 coins
[1779287016] miner ID [0]:Alice pays Giovanna 89 coins
[1779287016] miner ID [0]:Confirmed block received from node
[1779287016] miner ID [0]:Confirmed block received from node
[1779287017] miner ID [0]:Francesco pays Ilaria 56 coins
[1779287017] miner ID [0]:Giovanna pays Bob 71 coins
[1779287017] miner ID [0]:Ilaria pays Giovanna 94 coins
[1779287017] miner ID [0]:Confirmed block received from node
[1779287017] miner ID [0]:Mining successful
[1779287017] miner ID [0]:Block sent to nodes
[1779287017] miner ID [0]:Confirmed block received from node
[1779287017] miner ID [0]:Lottery won but no transactions to mine
[1779287017] miner ID [0]:Confirmed block received from node
[1779287018] miner ID [0]:Confirmed block received from node
[1779287021] miner ID [0]:Confirmed block received from node
[1779287021] miner ID [0]:Bob pays Francesco 84 coins
[1779287021] miner ID [0]:Mining successful
[1779287021] miner ID [0]:Block sent to nodes
[1779287021] miner ID [0]:Confirmed block received from node
[1779287022] miner ID [0]:Alice pays Bob 69 coins
[1779287022] miner ID [0]:Bob pays Alice 8 coins
[1779287022] miner ID [0]:Giacomo pays Ilaria 56 coins
[1779287022] miner ID [0]:Alice pays Giacomo 95 coins
[1779287022] miner ID [0]:Mining successful
[1779287022] miner ID [0]:Block sent to nodes
[1779287022] miner ID [0]:Confirmed block received from node
[1779287023] miner ID [0]:Confirmed block received from node
[1779287023] miner ID [0]:Lottery won but no transactions to mine
[1779287023] miner ID [0]:Confirmed block received from node
[1779287023] miner ID [0]:Lottery won but no transactions to mine
[1779287023] miner ID [0]:Confirmed block received from node
[1779287023] miner ID [0]:Lottery won but no transactions to mine
[1779287027] miner ID [0]:Confirmed block received from node
[1779287027] miner ID [0]:Confirmed block received from node
[1779287027] miner ID [0]:Lottery won but no transactions to mine
[1779287027] miner ID [0]:Confirmed block received from node
[1779287030] miner ID [0]:Confirmed block received from node
[1779287030] miner ID [0]:Lottery won but no transactions to mine
[1779287030] miner ID [0]:Confirmed block received from node
[1779287030] miner ID [0]:Lottery won but no transactions to mine
[1779287031] miner ID [0]:Confirmed block received from node
[1779287033] miner ID [0]:Confirmed block received from node
[1779287033] miner ID [0]:Lottery won but no transactions to mine
[1779287034] miner ID [0]:Confirmed block received from node
[1779287034] miner ID [0]:Lottery won but no transactions to mine
[1779287034] miner ID [0]:Confirmed block received from node
[1779287037] miner ID [0]:Confirmed block received from node
[1779287037] miner ID [0]:Lottery won but no transactions to mine
[1779287037] miner ID [0]:Confirmed block received from node
[1779287040] miner ID [0]:Confirmed block received from node
[1779287041] miner ID [0]:Confirmed block received from node
[1779287041] miner ID [0]:Confirmed block received from node
[1779287041] miner ID [0]:Lottery won but no transactions to mine
[1779287043] miner ID [0]:Ilaria pays Francesco 89 coins
[1779287043] miner ID [0]:Ilaria pays Francesco 26 coins
[1779287043] miner ID [0]:Bob pays Giovanna 73 coins
[1779287043] miner ID [0]:Ilaria pays Alice 99 coins
[1779287043] miner ID [0]:Alice pays Francesco 15 coins
[1779287043] miner ID [0]:Giacomo pays Francesco 71 coins
[1779287043] miner ID [0]:Francesco pays Giacomo 68 coins
[1779287043] miner ID [0]:Giacomo pays Giovanna 20 coins
[1779287045] miner ID [0]:Confirmed block received from node
[1779287045] miner ID [0]:Mining successful
[1779287045] miner ID [0]:Block sent to nodes
[1779287046] miner ID [0]:Confirmed block received from node
[1779287046] miner ID [0]:Alice pays Giovanna 11 coins
[1779287046] miner ID [0]:Mining successful
[1779287046] miner ID [0]:Block sent to nodes
[1779287046] miner ID [0]:Confirmed block received from node
[1779287046] miner ID [0]:Confirmed block received from node
[1779287046] miner ID [0]:Lottery won but no transactions to mine
[1779287049] miner ID [0]:Confirmed block received from node
[1779287051] miner ID [0]:Giovanna pays Francesco 76 coins
[1779287051] miner ID [0]:Giacomo pays Alice 52 coins
[1779287051] miner ID [0]:Ilaria pays Francesco 35 coins
[1779287051] miner ID [0]:Bob pays Alice 67 coins
[1779287051] miner ID [0]:Giovanna pays Giacomo 5 coins
[1779287051] miner ID [0]:Alice pays Francesco 30 coins
[1779287051] miner ID [0]:Francesco pays Alice 44 coins
[1779287051] miner ID [0]:Bob pays Francesco 63 coins
[1779287052] miner ID [0]:Mining successful
[1779287052] miner ID [0]:Block sent to nodes
[1779287052] miner ID [0]:Confirmed block received from node
[1779287052] miner ID [0]:Confirmed block received from node
[1779287052] miner ID [0]:Lottery won but no transactions to mine
[1779287053] miner ID [0]:Confirmed block received from node
[1779287053] miner ID [0]:Lottery won but no transactions to mine
[1779287055] miner ID [0]:Confirmed block received from node
[1779287055] miner ID [0]:Lottery won but no transactions to mine
[1779287056] miner ID [0]:Ilaria pays Giovanna 49 coins
[1779287056] miner ID [0]:Giovanna pays Giacomo 14 coins
[1779287056] miner ID [0]:Francesco pays Alice 8 coins
[1779287056] miner ID [0]:Ilaria pays Giovanna 16 coins
[1779287056] miner ID [0]:Confirmed block received from node
[1779287057] miner ID [0]:Confirmed block received from node
[1779287057] miner ID [0]:Mining successful
[1779287057] miner ID [0]:Block sent to nodes
[1779287057] miner ID [0]:Confirmed block received from node
[1779287058] miner ID [0]:Confirmed block received from node
[1779287059] miner ID [0]:Ilaria pays Bob 85 coins
[1779287059] miner ID [0]:Alice pays Giovanna 81 coins
[1779287059] miner ID [0]:Mining successful
[1779287059] miner ID [0]:Block sent to nodes
[1779287059] miner ID [0]:Confirmed block received from node
[1779287059] miner ID [0]:Confirmed block received from node
[1779287063] miner ID [0]:Confirmed block received from node
[1779287063] miner ID [0]:Lottery won but no transactions to mine
[1779287063] miner ID [0]:Confirmed block received from node
[1779287063] miner ID [0]:Lottery won but no transactions to mine
[1779287063] miner ID [0]:Confirmed block received from node
[1779287063] miner ID [0]:Lottery won but no transactions to mine
[1779287064] miner ID [0]:Confirmed block received from node
[1779287064] miner ID [0]:Confirmed block received from node
[1779287065] miner ID [0]:Francesco pays Ilaria 38 coins
[1779287065] miner ID [0]:Giacomo pays Bob 67 coins
[1779287065] miner ID [0]:Giacomo pays Francesco 16 coins
[1779287065] miner ID [0]:Mining successful
[1779287065] miner ID [0]:Block sent to nodes
[1779287065] miner ID [0]:Confirmed block received from node
[1779287065] miner ID [0]:Lottery won but no transactions to mine
[1779287066] miner ID [0]:Confirmed block received from node
[1779287066] miner ID [0]:Giovanna pays Bob 77 coins
[1779287066] miner ID [0]:Bob pays Ilaria 15 coins
[1779287066] miner ID [0]:Mining successful
[1779287066] miner ID [0]:Block sent to nodes
[1779287066] miner ID [0]:Confirmed block received from node
[1779287066] miner ID [0]:Confirmed block received from node
[1779287066] miner ID [0]:Lottery won but no transactions to mine
[1779287068] miner ID [0]:Alice pays Francesco 78 coins
[1779287068] miner ID [0]:Bob pays Giacomo 72 coins
[1779287068] miner ID [0]:Giovanna pays Alice 74 coins
[1779287068] miner ID [0]:Giacomo pays Bob 86 coins
[1779287068] miner ID [0]:Ilaria pays Giacomo 60 coins
[1779287068] miner ID [0]:Giovanna pays Alice 25 coins
[1779287068] miner ID [0]:Bob pays Francesco 74 coins
[1779287068] miner ID [0]:Giovanna pays Francesco 85 coins
[1779287069] miner ID [0]:Confirmed block received from node
[1779287069] miner ID [0]:Confirmed block received from node
[1779287069] miner ID [0]:Mining successful
[1779287069] miner ID [0]:Block sent to nodes
[1779287069] miner ID [0]:Confirmed block received from node
[1779287069] miner ID [0]:Lottery won but no transactions to mine
[1779287072] miner ID [0]:Confirmed block received from node
[1779287072] miner ID [0]:Confirmed block received from node
[1779287072] miner ID [0]:Confirmed block received from node
[1779287073] miner ID [0]:Confirmed block received from node
[1779287074] miner ID [0]:Confirmed block received from node
[1779287074] miner ID [0]:Lottery won but no transactions to mine
[1779287076] miner ID [0]:Confirmed block received from node
[1779287076] miner ID [0]:Confirmed block received from node
[1779287076] miner ID [0]:Lottery won but no transactions to mine
[1779287078] miner ID [0]:Confirmed block received from node
[1779287078] miner ID [0]:Confirmed block received from node
[1779287078] miner ID [0]:Confirmed block received from node
[1779287080] miner ID [0]:Confirmed block received from node
[1779287081] miner ID [0]:Confirmed block received from node
[1779287081] miner ID [0]:Giacomo pays Ilaria 74 coins
[1779287081] miner ID [0]:Mining successful
[1779287081] miner ID [0]:Block sent to nodes
[1779287081] miner ID [0]:Confirmed block received from node
[1779287081] miner ID [0]:Confirmed block received from node
[1779287082] miner ID [0]:Alice pays Giovanna 72 coins
[1779287082] miner ID [0]:Alice pays Bob 81 coins
[1779287082] miner ID [0]:Giacomo pays Francesco 57 coins
[1779287082] miner ID [0]:Bob pays Francesco 29 coins
[1779287082] miner ID [0]:Confirmed block received from node
[1779287082] miner ID [0]:Mining successful
[1779287082] miner ID [0]:Block sent to nodes
[1779287082] miner ID [0]:Confirmed block received from node
[1779287083] miner ID [0]:Confirmed block received from node
[1779287084] miner ID [0]:Confirmed block received from node
[1779287086] miner ID [0]:Confirmed block received from node
[1779287086] miner ID [0]:Confirmed block received from node
[1779287087] miner ID [0]:Confirmed block received from node
[1779287087] miner ID [0]:Lottery won but no transactions to mine
[1779287089] miner ID [0]:Confirmed block received from node
[1779287089] miner ID [0]:Lottery won but no transactions to mine
[1779287089] miner ID [0]:Confirmed block received from node
[1779287091] miner ID [0]:Confirmed block received from node
[1779287091] miner ID [0]:Confirmed block received from node
[1779287091] miner ID [0]:Lottery won but no transactions to mine
[1779287093] miner ID [0]:Confirmed block received from node
[1779287093] miner ID [0]:Lottery won but no transactions to mine
[1779287093] miner ID [0]:Confirmed block received from node
[1779287095] miner ID [0]:Confirmed block received from node
[1779287095] miner ID [0]:Confirmed block received from node
[1779287095] miner ID [0]:Lottery won but no transactions to mine
[1779287097] miner ID [0]:Confirmed block received from node
[1779287097] miner ID [0]:Lottery won but no transactions to mine
[1779287098] miner ID [0]:Confirmed block received from node
[1779287098] miner ID [0]:Lottery won but no transactions to mine
[1779287098] miner ID [0]:Confirmed block received from node
[1779287100] miner ID [0]:Confirmed block received from node
[1779287100] miner ID [0]:Confirmed block received from node
[1779287100] miner ID [0]:Giovanna pays Giacomo 67 coins
[1779287100] miner ID [0]:Confirmed block received from node
[1779287100] miner ID [0]:Mining successful
[1779287100] miner ID [0]:Block sent to nodes
[1779287100] miner ID [0]:Confirmed block received from node
[1779287101] miner ID [0]:Bob pays Francesco 63 coins
[1779287101] miner ID [0]:Bob pays Giacomo 55 coins
[1779287101] miner ID [0]:Giovanna pays Giacomo 72 coins
[1779287101] miner ID [0]:Mining successful
[1779287101] miner ID [0]:Block sent to nodes
[1779287101] miner ID [0]:Confirmed block received from node
[1779287101] miner ID [0]:Lottery won but no transactions to mine
[1779287101] miner ID [0]:Confirmed block received from node
[1779287101] miner ID [0]:Confirmed block received from node
[1779287101] miner ID [0]:Lottery won but no transactions to mine
[1779287102] miner ID [0]:Confirmed block received from node
[1779287102] miner ID [0]:Lottery won but no transactions to mine
[1779287102] miner ID [0]:Confirmed block received from node
[1779287103] miner ID [0]:Confirmed block received from node
[1779287104] miner ID [0]:Confirmed block received from node
[1779287104] miner ID [0]:Lottery won but no transactions to mine
[1779287105] miner ID [0]:Giacomo pays Alice 79 coins
[1779287105] miner ID [0]:Bob pays Giovanna 78 coins
[1779287105] miner ID [0]:Ilaria pays Giovanna 3 coins
[1779287105] miner ID [0]:Alice pays Giacomo 85 coins
[1779287105] miner ID [0]:Ilaria pays Giacomo 45 coins
[1779287105] miner ID [0]:Giovanna pays Ilaria 85 coins
[1779287105] miner ID [0]:Ilaria pays Francesco 53 coins
[1779287105] miner ID [0]:Ilaria pays Giovanna 16 coins
[1779287107] miner ID [0]:Confirmed block received from node
[1779287107] miner ID [0]:Mining successful
[1779287107] miner ID [0]:Block sent to nodes
[1779287107] miner ID [0]:Confirmed block received from node
[1779287107] miner ID [0]:Confirmed block received from node
[1779287108] miner ID [0]:Confirmed block received from node
[1779287109] miner ID [0]:Giacomo pays Alice 27 coins
[1779287109] miner ID [0]:Giacomo pays Francesco 15 coins
[1779287109] miner ID [0]:Ilaria pays Bob 29 coins
[1779287109] miner ID [0]:Giovanna pays Bob 5 coins
[1779287109] miner ID [0]:Giacomo pays Alice 94 coins
[1779287109] miner ID [0]:Ilaria pays Giovanna 55 coins
[1779287109] miner ID [0]:Ilaria pays Bob 95 coins
[1779287109] miner ID [0]:Alice pays Giovanna 25 coins
[1779287110] miner ID [0]:Confirmed block received from node
[1779287110] miner ID [0]:Confirmed block received from node
[1779287110] miner ID [0]:Mining successful
[1779287110] miner ID [0]:Block sent to nodes
[1779287110] miner ID [0]:Confirmed block received from node
[1779287111] miner ID [0]:Confirmed block received from node
[1779287111] miner ID [0]:Lottery won but no transactions to mine
[1779287111] miner ID [0]:Confirmed block received from node
[1779287111] miner ID [0]:Lottery won but no transactions to mine
[1779287111] miner ID [0]:Confirmed block received from node
[1779287111] miner ID [0]:Lottery won but no transactions to mine
[1779287111] miner ID [0]:Confirmed block received from node
[1779287112] miner ID [0]:Alice pays Ilaria 27 coins
[1779287112] miner ID [0]:Ilaria pays Francesco 38 coins
[1779287112] miner ID [0]:Giacomo pays Ilaria 20 coins
[1779287112] miner ID [0]:Confirmed block received from node
[1779287117] miner ID [0]:Alice pays Giacomo 60 coins
[1779287117] miner ID [0]:Francesco pays Giovanna 53 coins
[1779287117] miner ID [0]:Francesco pays Bob 49 coins
[1779287117] miner ID [0]:Giovanna pays Ilaria 57 coins
[1779287117] miner ID [0]:Confirmed block received from node
[1779287117] miner ID [0]:Mining successful
[1779287117] miner ID [0]:Block sent to nodes
[1779287117] miner ID [0]:Confirmed block received from node
[1779287117] miner ID [0]:Confirmed block received from node
[1779287117] miner ID [0]:Lottery won but no transactions to mine
[1779287119] miner ID [0]:Confirmed block received from node
[1779287119] miner ID [0]:Confirmed block received from node
[1779287119] miner ID [0]:Lottery won but no transactions to mine
[1779287120] miner ID [0]:Confirmed block received from node
[1779287120] miner ID [0]:Lottery won but no transactions to mine
[1779287122] miner ID [0]:Francesco pays Giovanna 2 coins
[1779287122] miner ID [0]:Bob pays Giacomo 62 coins
[1779287122] miner ID [0]:Alice pays Giacomo 50 coins
[1779287122] miner ID [0]:Alice pays Giacomo 68 coins
[1779287122] miner ID [0]:Francesco pays Giovanna 87 coins
[1779287122] miner ID [0]:Alice pays Ilaria 38 coins
[1779287122] miner ID [0]:Francesco pays Giovanna 18 coins
[1779287122] miner ID [0]:Alice pays Giovanna 5 coins
[1779287124] miner ID [0]:Confirmed block received from node
[1779287124] miner ID [0]:Mining successful
[1779287124] miner ID [0]:Block sent to nodes
[1779287124] miner ID [0]:Confirmed block received from node
[1779287124] miner ID [0]:Lottery won but no transactions to mine
[1779287124] miner ID [0]:Confirmed block received from node
[1779287125] miner ID [0]:Confirmed block received from node
[1779287127] miner ID [0]:Confirmed block received from node
[1779287127] miner ID [0]:Lottery won but no transactions to mine
[1779287127] miner ID [0]:Confirmed block received from node
[1779287127] miner ID [0]:Confirmed block received from node
[1779287127] miner ID [0]:Confirmed block received from node
[1779287127] miner ID [0]:Lottery won but no transactions to mine
[1779287128] miner ID [0]:Francesco pays Giacomo 54 coins
[1779287128] miner ID [0]:Ilaria pays Alice 96 coins
[1779287128] miner ID [0]:Giovanna pays Francesco 99 coins
[1779287128] miner ID [0]:Giacomo pays Alice 53 coins
[1779287128] miner ID [0]:Mining successful
[1779287128] miner ID [0]:Block sent to nodes
[1779287128] miner ID [0]:Confirmed block received from node
[1779287130] miner ID [0]:Giovanna pays Giacomo 90 coins
[1779287130] miner ID [0]:Ilaria pays Francesco 49 coins
[1779287130] miner ID [0]:Mining successful
[1779287130] miner ID [0]:Block sent to nodes
[1779287130] miner ID [0]:Confirmed block received from node
[1779287132] miner ID [0]:Francesco pays Alice 63 coins
[1779287132] miner ID [0]:Alice pays Giacomo 24 coins
[1779287132] miner ID [0]:Ilaria pays Francesco 68 coins
[1779287132] miner ID [0]:Francesco pays Ilaria 99 coins
[1779287132] miner ID [0]:Bob pays Francesco 34 coins
[1779287132] miner ID [0]:Ilaria pays Alice 44 coins
[1779287132] miner ID [0]:Ilaria pays Giacomo 14 coins
[1779287132] miner ID [0]:Francesco pays Alice 27 coins
[1779287132] miner ID [0]:Alice pays Giovanna 47 coins
[1779287132] miner ID [0]:Ilaria pays Alice 30 coins
[1779287132] miner ID [0]:Bob pays Francesco 22 coins
[1779287132] miner ID [0]:Ilaria pays Bob 82 coins
[1779287132] miner ID [0]:Mining successful
[1779287132] miner ID [0]:Block sent to nodes
[1779287132] miner ID [0]:Alice pays Francesco 88 coins
[1779287132] miner ID [0]:Confirmed block received from node
[1779287132] miner ID [0]:Mining successful
[1779287132] miner ID [0]:Block sent to nodes
[1779287132] miner ID [0]:Confirmed block received from node
[1779287132] miner ID [0]:Lottery won but no transactions to mine
[1779287132] miner ID [0]:Confirmed block received from node
[1779287132] miner ID [0]:Confirmed block received from node
[1779287132] miner ID [0]:Lottery won but no transactions to mine
[1779287133] miner ID [0]:Confirmed block received from node
[1779287133] miner ID [0]:Lottery won but no transactions to mine
[1779287134] miner ID [0]:Confirmed block received from node
[1779287134] miner ID [0]:Lottery won but no transactions to mine
[1779287135] miner ID [0]:Francesco pays Giovanna 79 coins
[1779287135] miner ID [0]:Bob pays Ilaria 52 coins
[1779287135] miner ID [0]:Bob pays Giovanna 43 coins
[1779287135] miner ID [0]:Giovanna pays Giacomo 20 coins
[1779287136] miner ID [0]:Mining successful
[1779287136] miner ID [0]:Block sent to nodes
[1779287136] miner ID [0]:Confirmed block received from node
[1779287137] miner ID [0]:Confirmed block received from node
[1779287137] miner ID [0]:Lottery won but no transactions to mine
[1779287137] miner ID [0]:Confirmed block received from node
[1779287137] miner ID [0]:Lottery won but no transactions to mine
[1779287137] miner ID [0]:Confirmed block received from node
[1779287138] miner ID [0]:Confirmed block received from node
[1779287139] miner ID [0]:Confirmed block received from node
[1779287140] miner ID [0]:Confirmed block received from node
[1779287143] miner ID [0]:Confirmed block received from node
[1779287145] miner ID [0]:Ilaria pays Francesco 75 coins
[1779287145] miner ID [0]:Francesco pays Alice 46 coins
[1779287145] miner ID [0]:Alice pays Francesco 81 coins
[1779287145] miner ID [0]:Francesco pays Bob 57 coins
[1779287145] miner ID [0]:Ilaria pays Bob 28 coins
[1779287145] miner ID [0]:Giovanna pays Francesco 67 coins
[1779287145] miner ID [0]:Giovanna pays Bob 66 coins
[1779287145] miner ID [0]:Francesco pays Giacomo 53 coins
[1779287145] miner ID [0]:Mining successful
[1779287145] miner ID [0]:Block sent to nodes
[1779287145] miner ID [0]:Confirmed block received from node
[1779287146] miner ID [0]:Giacomo pays Ilaria 81 coins
[1779287146] miner ID [0]:Francesco pays Giacomo 62 coins
[1779287146] miner ID [0]:Ilaria pays Alice 75 coins
[1779287146] miner ID [0]:Giovanna pays Giacomo 49 coins
[1779287146] miner ID [0]:Bob pays Giovanna 4 coins
[1779287146] miner ID [0]:Confirmed block received from node
[1779287146] miner ID [0]:Mining successful
[1779287146] miner ID [0]:Block sent to nodes
[1779287146] miner ID [0]:Confirmed block received from node
[1779287146] miner ID [0]:Miner shutting down
[1779287146] miner ID [0]:miner chiuso
