[1779282249] miner ID [5]:miner avviato correttamente
[1779282249] miner ID [5]:Miner started
[1779282253] miner ID [5]:Confirmed block received from node
[1779282253] miner ID [5]:Bob pays Giacomo 42 coins
[1779282253] miner ID [5]:Alice pays Ilaria 19 coins
[1779282253] miner ID [5]:Alice pays Francesco 92 coins
[1779282257] miner ID [5]:Confirmed block received from node
[1779282257] miner ID [5]:Confirmed block received from node
[1779282257] miner ID [5]:Confirmed block received from node
[1779282257] miner ID [5]:Confirmed block received from node
[1779282257] miner ID [5]:Mining successful
[1779282257] miner ID [5]:Block sent to nodes
[1779282257] miner ID [5]:Confirmed block received from node
[1779282258] miner ID [5]:Confirmed block received from node
[1779282260] miner ID [5]:Confirmed block received from node
[1779282260] miner ID [5]:Confirmed block received from node
[1779282261] miner ID [5]:Confirmed block received from node
[1779282261] miner ID [5]:Confirmed block received from node
[1779282261] miner ID [5]:Confirmed block received from node
[1779282262] miner ID [5]:Confirmed block received from node
[1779282264] miner ID [5]:Ilaria pays Giovanna 55 coins
[1779282264] miner ID [5]:Bob pays Giovanna 66 coins
[1779282264] miner ID [5]:Bob pays Francesco 42 coins
[1779282264] miner ID [5]:Francesco pays Giacomo 97 coins
[1779282264] miner ID [5]:Ilaria pays Francesco 11 coins
[1779282267] miner ID [5]:Confirmed block received from node
[1779282267] miner ID [5]:Confirmed block received from node
[1779282267] miner ID [5]:Confirmed block received from node
[1779282268] miner ID [5]:Confirmed block received from node
[1779282269] miner ID [5]:Confirmed block received from node
[1779282269] miner ID [5]:Confirmed block received from node
[1779282269] miner ID [5]:Mining successful
[1779282269] miner ID [5]:Block sent to nodes
[1779282269] miner ID [5]:Confirmed block received from node
[1779282274] miner ID [5]:Giacomo pays Francesco 92 coins
[1779282274] miner ID [5]:Ilaria pays Francesco 76 coins
[1779282274] miner ID [5]:Confirmed block received from node
[1779282274] miner ID [5]:Confirmed block received from node
[1779282274] miner ID [5]:Confirmed block received from node
[1779282275] miner ID [5]:Confirmed block received from node
[1779282275] miner ID [5]:Confirmed block received from node
[1779282276] miner ID [5]:Confirmed block received from node
[1779282276] miner ID [5]:Confirmed block received from node
[1779282278] miner ID [5]:Confirmed block received from node
[1779282278] miner ID [5]:Mining successful
[1779282278] miner ID [5]:Block sent to nodes
[1779282278] miner ID [5]:Confirmed block received from node
[1779282278] miner ID [5]:Lottery won but no transactions to mine
[1779282279] miner ID [5]:Ilaria pays Alice 14 coins
[1779282279] miner ID [5]:Giovanna pays Alice 59 coins
[1779282279] miner ID [5]:Alice pays Giacomo 45 coins
[1779282281] miner ID [5]:Confirmed block received from node
[1779282281] miner ID [5]:Confirmed block received from node
[1779282284] miner ID [5]:Confirmed block received from node
[1779282285] miner ID [5]:Confirmed block received from node
[1779282285] miner ID [5]:Confirmed block received from node
[1779282285] miner ID [5]:Mining successful
[1779282285] miner ID [5]:Block sent to nodes
[1779282285] miner ID [5]:Confirmed block received from node
[1779282286] miner ID [5]:Francesco pays Giovanna 13 coins
[1779282286] miner ID [5]:Giacomo pays Alice 23 coins
[1779282286] miner ID [5]:Alice pays Giacomo 33 coins
[1779282288] miner ID [5]:Alice pays Bob 46 coins
[1779282288] miner ID [5]:Francesco pays Giovanna 82 coins
[1779282288] miner ID [5]:Giovanna pays Giacomo 98 coins
[1779282288] miner ID [5]:Bob pays Francesco 69 coins
[1779282288] miner ID [5]:Alice pays Giovanna 55 coins
[1779282288] miner ID [5]:WARNING: transaction pool full
[1779282288] miner ID [5]:Ilaria pays Giovanna 65 coins
[1779282288] miner ID [5]:WARNING: transaction pool full
[1779282288] miner ID [5]:Alice pays Giovanna 86 coins
[1779282289] miner ID [5]:Confirmed block received from node
[1779282289] miner ID [5]:Confirmed block received from node
[1779282289] miner ID [5]:Confirmed block received from node
[1779282290] miner ID [5]:Confirmed block received from node
[1779282290] miner ID [5]:Mining successful
[1779282290] miner ID [5]:Block sent to nodes
[1779282290] miner ID [5]:Confirmed block received from node
[1779282290] miner ID [5]:Francesco pays Bob 54 coins
[1779282290] miner ID [5]:Confirmed block received from node
[1779282294] miner ID [5]:Francesco pays Alice 33 coins
[1779282294] miner ID [5]:Bob pays Giacomo 80 coins
[1779282294] miner ID [5]:Bob pays Giovanna 96 coins
[1779282294] miner ID [5]:Alice pays Bob 27 coins
[1779282294] miner ID [5]:Bob pays Ilaria 36 coins
[1779282294] miner ID [5]:Ilaria pays Bob 59 coins
[1779282294] miner ID [5]:Giovanna pays Giacomo 81 coins
[1779282294] miner ID [5]:Alice pays Giovanna 37 coins
[1779282294] miner ID [5]:WARNING: transaction pool full
[1779282294] miner ID [5]:Bob pays Alice 71 coins
[1779282294] miner ID [5]:WARNING: transaction pool full
[1779282294] miner ID [5]:Alice pays Ilaria 3 coins
[1779282294] miner ID [5]:WARNING: transaction pool full
[1779282294] miner ID [5]:Ilaria pays Alice 35 coins
[1779282294] miner ID [5]:WARNING: transaction pool full
[1779282294] miner ID [5]:Alice pays Francesco 54 coins
[1779282295] miner ID [5]:Confirmed block received from node
[1779282295] miner ID [5]:Confirmed block received from node
[1779282295] miner ID [5]:Confirmed block received from node
[1779282296] miner ID [5]:Confirmed block received from node
[1779282296] miner ID [5]:Confirmed block received from node
[1779282296] miner ID [5]:Mining successful
[1779282296] miner ID [5]:Block sent to nodes
[1779282296] miner ID [5]:Confirmed block received from node
[1779282296] miner ID [5]:Confirmed block received from node
[1779282296] miner ID [5]:Confirmed block received from node
[1779282297] miner ID [5]:Confirmed block received from node
[1779282297] miner ID [5]:Lottery won but no transactions to mine
[1779282297] miner ID [5]:Confirmed block received from node
[1779282300] miner ID [5]:Alice pays Giovanna 73 coins
[1779282300] miner ID [5]:Alice pays Giovanna 24 coins
[1779282300] miner ID [5]:Bob pays Alice 95 coins
[1779282300] miner ID [5]:Francesco pays Alice 71 coins
[1779282300] miner ID [5]:Confirmed block received from node
[1779282300] miner ID [5]:Confirmed block received from node
[1779282300] miner ID [5]:Mining successful
[1779282300] miner ID [5]:Block sent to nodes
[1779282300] miner ID [5]:Confirmed block received from node
[1779282300] miner ID [5]:Lottery won but no transactions to mine
[1779282300] miner ID [5]:Confirmed block received from node
[1779282302] miner ID [5]:Confirmed block received from node
[1779282303] miner ID [5]:Confirmed block received from node
[1779282303] miner ID [5]:Confirmed block received from node
[1779282303] miner ID [5]:Confirmed block received from node
[1779282303] miner ID [5]:Confirmed block received from node
[1779282303] miner ID [5]:Alice pays Ilaria 30 coins
[1779282303] miner ID [5]:Confirmed block received from node
[1779282303] miner ID [5]:Mining successful
[1779282303] miner ID [5]:Block sent to nodes
[1779282303] miner ID [5]:Confirmed block received from node
[1779282304] miner ID [5]:Giacomo pays Ilaria 5 coins
[1779282304] miner ID [5]:Giovanna pays Alice 19 coins
[1779282304] miner ID [5]:Bob pays Giovanna 53 coins
[1779282304] miner ID [5]:Giacomo pays Bob 41 coins
[1779282304] miner ID [5]:Alice pays Ilaria 69 coins
[1779282304] miner ID [5]:Alice pays Francesco 98 coins
[1779282304] miner ID [5]:Francesco pays Bob 38 coins
[1779282304] miner ID [5]:Alice pays Ilaria 85 coins
[1779282304] miner ID [5]:WARNING: transaction pool full
[1779282304] miner ID [5]:Alice pays Giacomo 52 coins
[1779282304] miner ID [5]:WARNING: transaction pool full
[1779282304] miner ID [5]:Giovanna pays Ilaria 3 coins
[1779282304] miner ID [5]:WARNING: transaction pool full
[1779282304] miner ID [5]:Francesco pays Bob 12 coins
[1779282304] miner ID [5]:WARNING: transaction pool full
[1779282304] miner ID [5]:Francesco pays Alice 81 coins
[1779282306] miner ID [5]:Confirmed block received from node
[1779282306] miner ID [5]:Mining successful
[1779282306] miner ID [5]:Block sent to nodes
[1779282306] miner ID [5]:Confirmed block received from node
[1779282310] miner ID [5]:Confirmed block received from node
[1779282310] miner ID [5]:Confirmed block received from node
[1779282313] miner ID [5]:Confirmed block received from node
[1779282316] miner ID [5]:Francesco pays Ilaria 9 coins
[1779282316] miner ID [5]:Bob pays Giovanna 85 coins
[1779282316] miner ID [5]:Bob pays Giacomo 10 coins
[1779282316] miner ID [5]:Francesco pays Ilaria 17 coins
[1779282316] miner ID [5]:Ilaria pays Francesco 57 coins
[1779282316] miner ID [5]:Alice pays Giacomo 6 coins
[1779282316] miner ID [5]:Bob pays Alice 31 coins
[1779282316] miner ID [5]:Confirmed block received from node
[1779282316] miner ID [5]:Confirmed block received from node
[1779282316] miner ID [5]:Confirmed block received from node
[1779282317] miner ID [5]:Confirmed block received from node
[1779282317] miner ID [5]:Confirmed block received from node
[1779282319] miner ID [5]:Bob pays Alice 22 coins
[1779282319] miner ID [5]:Giacomo pays Alice 1 coins
[1779282319] miner ID [5]:WARNING: transaction pool full
[1779282319] miner ID [5]:Francesco pays Alice 88 coins
[1779282319] miner ID [5]:WARNING: transaction pool full
[1779282319] miner ID [5]:Francesco pays Ilaria 70 coins
[1779282319] miner ID [5]:Bob pays Ilaria 33 coins
[1779282319] miner ID [5]:Confirmed block received from node
[1779282321] miner ID [5]:Bob pays Giacomo 25 coins
[1779282321] miner ID [5]:WARNING: transaction pool full
[1779282321] miner ID [5]:Giovanna pays Giacomo 2 coins
[1779282321] miner ID [5]:WARNING: transaction pool full
[1779282321] miner ID [5]:Ilaria pays Giovanna 58 coins
[1779282326] miner ID [5]:WARNING: transaction pool full
[1779282326] miner ID [5]:Ilaria pays Giacomo 94 coins
[1779282326] miner ID [5]:WARNING: transaction pool full
[1779282326] miner ID [5]:Giovanna pays Bob 75 coins
[1779282326] miner ID [5]:WARNING: transaction pool full
[1779282326] miner ID [5]:Ilaria pays Giacomo 1 coins
[1779282326] miner ID [5]:Confirmed block received from node
[1779282326] miner ID [5]:Confirmed block received from node
[1779282326] miner ID [5]:Mining successful
[1779282326] miner ID [5]:Block sent to nodes
[1779282326] miner ID [5]:Confirmed block received from node
[1779282327] miner ID [5]:Confirmed block received from node
[1779282329] miner ID [5]:Alice pays Giacomo 47 coins
[1779282329] miner ID [5]:Giovanna pays Giacomo 52 coins
[1779282329] miner ID [5]:Miner shutting down
