[1779282249] miner ID [7]:miner avviato correttamente
[1779282249] miner ID [7]:Miner started
[1779282253] miner ID [7]:Confirmed block received from node
[1779282257] miner ID [7]:Lottery won but no transactions to mine
[1779282257] miner ID [7]:Confirmed block received from node
[1779282257] miner ID [7]:Lottery won but no transactions to mine
[1779282257] miner ID [7]:Confirmed block received from node
[1779282257] miner ID [7]:Lottery won but no transactions to mine
[1779282257] miner ID [7]:Confirmed block received from node
[1779282257] miner ID [7]:Confirmed block received from node
[1779282257] miner ID [7]:Lottery won but no transactions to mine
[1779282257] miner ID [7]:Confirmed block received from node
[1779282258] miner ID [7]:Giovanna pays Bob 12 coins
[1779282258] miner ID [7]:Ilaria pays Francesco 29 coins
[1779282258] miner ID [7]:Francesco pays Alice 46 coins
[1779282258] miner ID [7]:Francesco pays Bob 15 coins
[1779282258] miner ID [7]:Mining successful
[1779282258] miner ID [7]:Block sent to nodes
[1779282258] miner ID [7]:Confirmed block received from node
[1779282260] miner ID [7]:Confirmed block received from node
[1779282260] miner ID [7]:Confirmed block received from node
[1779282260] miner ID [7]:Lottery won but no transactions to mine
[1779282261] miner ID [7]:Confirmed block received from node
[1779282261] miner ID [7]:Lottery won but no transactions to mine
[1779282261] miner ID [7]:Confirmed block received from node
[1779282261] miner ID [7]:Confirmed block received from node
[1779282262] miner ID [7]:Bob pays Francesco 73 coins
[1779282262] miner ID [7]:Mining successful
[1779282262] miner ID [7]:Block sent to nodes
[1779282262] miner ID [7]:Confirmed block received from node
[1779282262] miner ID [7]:Lottery won but no transactions to mine
[1779282265] miner ID [7]:Ilaria pays Francesco 80 coins
[1779282265] miner ID [7]:Bob pays Giacomo 19 coins
[1779282265] miner ID [7]:Bob pays Alice 98 coins
[1779282265] miner ID [7]:Francesco pays Ilaria 90 coins
[1779282265] miner ID [7]:Alice pays Bob 25 coins
[1779282267] miner ID [7]:Confirmed block received from node
[1779282267] miner ID [7]:Confirmed block received from node
[1779282267] miner ID [7]:Confirmed block received from node
[1779282267] miner ID [7]:Mining successful
[1779282267] miner ID [7]:Block sent to nodes
[1779282268] miner ID [7]:Confirmed block received from node
[1779282268] miner ID [7]:Lottery won but no transactions to mine
[1779282269] miner ID [7]:Confirmed block received from node
[1779282269] miner ID [7]:Confirmed block received from node
[1779282269] miner ID [7]:Confirmed block received from node
[1779282274] miner ID [7]:Bob pays Giovanna 37 coins
[1779282274] miner ID [7]:Bob pays Giacomo 16 coins
[1779282274] miner ID [7]:Alice pays Giacomo 74 coins
[1779282274] miner ID [7]:Confirmed block received from node
[1779282274] miner ID [7]:Confirmed block received from node
[1779282274] miner ID [7]:Confirmed block received from node
[1779282275] miner ID [7]:Confirmed block received from node
[1779282275] miner ID [7]:Confirmed block received from node
[1779282276] miner ID [7]:Confirmed block received from node
[1779282276] miner ID [7]:Mining successful
[1779282276] miner ID [7]:Block sent to nodes
[1779282276] miner ID [7]:Confirmed block received from node
[1779282278] miner ID [7]:Ilaria pays Bob 94 coins
[1779282278] miner ID [7]:Ilaria pays Alice 90 coins
[1779282278] miner ID [7]:Alice pays Bob 32 coins
[1779282278] miner ID [7]:Alice pays Francesco 97 coins
[1779282278] miner ID [7]:Giacomo pays Alice 51 coins
[1779282278] miner ID [7]:Confirmed block received from node
[1779282278] miner ID [7]:Confirmed block received from node
[1779282281] miner ID [7]:Bob pays Alice 14 coins
[1779282281] miner ID [7]:Giacomo pays Francesco 5 coins
[1779282281] miner ID [7]:Giacomo pays Bob 4 coins
[1779282281] miner ID [7]:Bob pays Francesco 62 coins
[1779282281] miner ID [7]:WARNING: transaction pool full
[1779282281] miner ID [7]:Giacomo pays Giovanna 17 coins
[1779282281] miner ID [7]:WARNING: transaction pool full
[1779282281] miner ID [7]:Giovanna pays Alice 36 coins
[1779282281] miner ID [7]:Confirmed block received from node
[1779282281] miner ID [7]:Mining successful
[1779282281] miner ID [7]:Block sent to nodes
[1779282281] miner ID [7]:Confirmed block received from node
[1779282284] miner ID [7]:Confirmed block received from node
[1779282284] miner ID [7]:Lottery won but no transactions to mine
[1779282285] miner ID [7]:Ilaria pays Bob 97 coins
[1779282285] miner ID [7]:Ilaria pays Bob 81 coins
[1779282285] miner ID [7]:Giacomo pays Ilaria 25 coins
[1779282285] miner ID [7]:Mining successful
[1779282285] miner ID [7]:Block sent to nodes
[1779282285] miner ID [7]:Confirmed block received from node
[1779282285] miner ID [7]:Confirmed block received from node
[1779282285] miner ID [7]:Confirmed block received from node
[1779282285] miner ID [7]:Lottery won but no transactions to mine
[1779282286] miner ID [7]:Giacomo pays Ilaria 44 coins
[1779282286] miner ID [7]:Alice pays Bob 77 coins
[1779282286] miner ID [7]:Francesco pays Giovanna 20 coins
[1779282289] miner ID [7]:Mining successful
[1779282289] miner ID [7]:Block sent to nodes
[1779282289] miner ID [7]:Confirmed block received from node
[1779282289] miner ID [7]:Confirmed block received from node
[1779282289] miner ID [7]:Confirmed block received from node
[1779282290] miner ID [7]:Confirmed block received from node
[1779282290] miner ID [7]:Confirmed block received from node
[1779282290] miner ID [7]:Confirmed block received from node
[1779282293] miner ID [7]:Giovanna pays Alice 15 coins
[1779282293] miner ID [7]:Giacomo pays Bob 72 coins
[1779282293] miner ID [7]:Ilaria pays Giovanna 9 coins
[1779282293] miner ID [7]:Bob pays Alice 7 coins
[1779282293] miner ID [7]:Giacomo pays Bob 64 coins
[1779282293] miner ID [7]:Alice pays Bob 12 coins
[1779282295] miner ID [7]:Confirmed block received from node
[1779282295] miner ID [7]:Confirmed block received from node
[1779282295] miner ID [7]:Mining successful
[1779282295] miner ID [7]:Block sent to nodes
[1779282295] miner ID [7]:Confirmed block received from node
[1779282296] miner ID [7]:Giacomo pays Bob 7 coins
[1779282296] miner ID [7]:Francesco pays Giovanna 98 coins
[1779282296] miner ID [7]:Alice pays Bob 19 coins
[1779282296] miner ID [7]:Ilaria pays Alice 19 coins
[1779282296] miner ID [7]:Ilaria pays Giacomo 8 coins
[1779282296] miner ID [7]:Mining successful
[1779282296] miner ID [7]:Block sent to nodes
[1779282296] miner ID [7]:Confirmed block received from node
[1779282296] miner ID [7]:Confirmed block received from node
[1779282296] miner ID [7]:Confirmed block received from node
[1779282296] miner ID [7]:Confirmed block received from node
[1779282296] miner ID [7]:Confirmed block received from node
[1779282297] miner ID [7]:Giovanna pays Bob 40 coins
[1779282297] miner ID [7]:Alice pays Giovanna 6 coins
[1779282297] miner ID [7]:Bob pays Francesco 86 coins
[1779282297] miner ID [7]:Giovanna pays Alice 48 coins
[1779282297] miner ID [7]:Giovanna pays Giacomo 76 coins
[1779282297] miner ID [7]:Mining successful
[1779282297] miner ID [7]:Block sent to nodes
[1779282297] miner ID [7]:Confirmed block received from node
[1779282297] miner ID [7]:Confirmed block received from node
[1779282299] miner ID [7]:Giacomo pays Bob 40 coins
[1779282299] miner ID [7]:Giacomo pays Giovanna 16 coins
[1779282299] miner ID [7]:Giacomo pays Ilaria 91 coins
[1779282300] miner ID [7]:Confirmed block received from node
[1779282300] miner ID [7]:Confirmed block received from node
[1779282300] miner ID [7]:Confirmed block received from node
[1779282300] miner ID [7]:Confirmed block received from node
[1779282302] miner ID [7]:Confirmed block received from node
[1779282303] miner ID [7]:Confirmed block received from node
[1779282303] miner ID [7]:Confirmed block received from node
[1779282303] miner ID [7]:Confirmed block received from node
[1779282303] miner ID [7]:Mining successful
[1779282303] miner ID [7]:Block sent to nodes
[1779282303] miner ID [7]:Confirmed block received from node
[1779282303] miner ID [7]:Confirmed block received from node
[1779282303] miner ID [7]:Confirmed block received from node
[1779282303] miner ID [7]:Lottery won but no transactions to mine
[1779282306] miner ID [7]:Confirmed block received from node
[1779282306] miner ID [7]:Confirmed block received from node
[1779282309] miner ID [7]:Giovanna pays Bob 72 coins
[1779282310] miner ID [7]:Confirmed block received from node
[1779282310] miner ID [7]:Confirmed block received from node
[1779282313] miner ID [7]:Confirmed block received from node
[1779282316] miner ID [7]:Confirmed block received from node
[1779282316] miner ID [7]:Confirmed block received from node
[1779282316] miner ID [7]:Mining successful
[1779282316] miner ID [7]:Block sent to nodes
[1779282316] miner ID [7]:Confirmed block received from node
[1779282317] miner ID [7]:Confirmed block received from node
[1779282317] miner ID [7]:Confirmed block received from node
[1779282319] miner ID [7]:Confirmed block received from node
[1779282323] miner ID [7]:Bob pays Ilaria 80 coins
[1779282323] miner ID [7]:Ilaria pays Alice 16 coins
[1779282323] miner ID [7]:Giacomo pays Francesco 29 coins
[1779282323] miner ID [7]:Alice pays Giacomo 64 coins
[1779282326] miner ID [7]:Confirmed block received from node
[1779282326] miner ID [7]:Confirmed block received from node
[1779282326] miner ID [7]:Confirmed block received from node
[1779282327] miner ID [7]:Confirmed block received from node
[1779282329] miner ID [7]:Miner shutting down
