[1779286680] miner ID [2]:miner avviato correttamente
[1779286680] miner ID [2]:Miner started
[1779286681] miner ID [2]:Confirmed block received from node
[1779286681] miner ID [2]:Lottery won but no transactions to mine
[1779286681] miner ID [2]:Confirmed block received from node
[1779286683] miner ID [2]:Confirmed block received from node
[1779286683] miner ID [2]:Lottery won but no transactions to mine
[1779286684] miner ID [2]:Confirmed block received from node
[1779286684] miner ID [2]:Confirmed block received from node
[1779286686] miner ID [2]:Lottery won but no transactions to mine
[1779286686] miner ID [2]:Confirmed block received from node
[1779286687] miner ID [2]:Giovanna pays Alice 95 coins
[1779286687] miner ID [2]:Mining successful
[1779286687] miner ID [2]:Block sent to nodes
[1779286687] miner ID [2]:Confirmed block received from node
[1779286687] miner ID [2]:Confirmed block received from node
[1779286690] miner ID [2]:Bob pays Giovanna 8 coins
[1779286690] miner ID [2]:Bob pays Giovanna 6 coins
[1779286692] miner ID [2]:Mining successful
[1779286692] miner ID [2]:Block sent to nodes
[1779286692] miner ID [2]:Confirmed block received from node
[1779286692] miner ID [2]:Confirmed block received from node
[1779286693] miner ID [2]:Confirmed block received from node
[1779286693] miner ID [2]:Confirmed block received from node
[1779286693] miner ID [2]:Lottery won but no transactions to mine
[1779286695] miner ID [2]:Confirmed block received from node
[1779286695] miner ID [2]:Lottery won but no transactions to mine
[1779286695] miner ID [2]:Confirmed block received from node
[1779286698] miner ID [2]:Confirmed block received from node
[1779286698] miner ID [2]:Lottery won but no transactions to mine
[1779286698] miner ID [2]:Confirmed block received from node
[1779286699] miner ID [2]:Confirmed block received from node
[1779286699] miner ID [2]:Confirmed block received from node
[1779286701] miner ID [2]:Giovanna pays Alice 47 coins
[1779286701] miner ID [2]:Giacomo pays Francesco 20 coins
[1779286701] miner ID [2]:Bob pays Alice 29 coins
[1779286701] miner ID [2]:Confirmed block received from node
[1779286701] miner ID [2]:Mining successful
[1779286701] miner ID [2]:Block sent to nodes
[1779286701] miner ID [2]:Confirmed block received from node
[1779286704] miner ID [2]:Giovanna pays Ilaria 97 coins
[1779286704] miner ID [2]:Bob pays Alice 77 coins
[1779286704] miner ID [2]:Francesco pays Bob 32 coins
[1779286704] miner ID [2]:Giacomo pays Francesco 49 coins
[1779286704] miner ID [2]:Francesco pays Alice 75 coins
[1779286704] miner ID [2]:Bob pays Giacomo 34 coins
[1779286704] miner ID [2]:Mining successful
[1779286704] miner ID [2]:Block sent to nodes
[1779286704] miner ID [2]:Confirmed block received from node
[1779286704] miner ID [2]:Lottery won but no transactions to mine
[1779286704] miner ID [2]:Confirmed block received from node
[1779286704] miner ID [2]:Confirmed block received from node
[1779286704] miner ID [2]:Lottery won but no transactions to mine
[1779286704] miner ID [2]:Confirmed block received from node
[1779286705] miner ID [2]:Confirmed block received from node
[1779286705] miner ID [2]:Lottery won but no transactions to mine
[1779286708] miner ID [2]:Confirmed block received from node
[1779286710] miner ID [2]:Lottery won but no transactions to mine
[1779286715] miner ID [2]:Francesco pays Giacomo 91 coins
[1779286715] miner ID [2]:Alice pays Francesco 58 coins
[1779286715] miner ID [2]:Alice pays Giacomo 66 coins
[1779286715] miner ID [2]:Giacomo pays Bob 34 coins
[1779286715] miner ID [2]:Alice pays Francesco 95 coins
[1779286715] miner ID [2]:Bob pays Giacomo 80 coins
[1779286715] miner ID [2]:Giovanna pays Francesco 57 coins
[1779286715] miner ID [2]:Giacomo pays Ilaria 39 coins
[1779286715] miner ID [2]:Alice pays Ilaria 67 coins
[1779286715] miner ID [2]:Giacomo pays Francesco 62 coins
[1779286715] miner ID [2]:Ilaria pays Alice 59 coins
[1779286715] miner ID [2]:Ilaria pays Francesco 69 coins
[1779286716] miner ID [2]:Mining successful
[1779286716] miner ID [2]:Block sent to nodes
[1779286716] miner ID [2]:Confirmed block received from node
[1779286716] miner ID [2]:Lottery won but no transactions to mine
[1779286716] miner ID [2]:Confirmed block received from node
[1779286716] miner ID [2]:Lottery won but no transactions to mine
[1779286716] miner ID [2]:Confirmed block received from node
[1779286718] miner ID [2]:Bob pays Giovanna 36 coins
[1779286718] miner ID [2]:Alice pays Ilaria 47 coins
[1779286718] miner ID [2]:Alice pays Ilaria 77 coins
[1779286718] miner ID [2]:Ilaria pays Giovanna 15 coins
[1779286718] miner ID [2]:Alice pays Bob 40 coins
[1779286718] miner ID [2]:Confirmed block received from node
[1779286718] miner ID [2]:Mining successful
[1779286718] miner ID [2]:Block sent to nodes
[1779286718] miner ID [2]:Confirmed block received from node
[1779286721] miner ID [2]:Confirmed block received from node
[1779286724] miner ID [2]:Francesco pays Giacomo 42 coins
[1779286724] miner ID [2]:Alice pays Giacomo 52 coins
[1779286724] miner ID [2]:Bob pays Giovanna 89 coins
[1779286724] miner ID [2]:Ilaria pays Francesco 26 coins
[1779286726] miner ID [2]:Confirmed block received from node
[1779286726] miner ID [2]:Confirmed block received from node
[1779286726] miner ID [2]:Mining successful
[1779286726] miner ID [2]:Block sent to nodes
[1779286726] miner ID [2]:Confirmed block received from node
[1779286728] miner ID [2]:Confirmed block received from node
[1779286728] miner ID [2]:Confirmed block received from node
[1779286731] miner ID [2]:Giovanna pays Bob 26 coins
[1779286731] miner ID [2]:Giovanna pays Bob 80 coins
[1779286731] miner ID [2]:Ilaria pays Francesco 54 coins
[1779286731] miner ID [2]:Ilaria pays Francesco 16 coins
[1779286731] miner ID [2]:Giovanna pays Francesco 72 coins
[1779286731] miner ID [2]:Giacomo pays Bob 12 coins
[1779286731] miner ID [2]:Giovanna pays Bob 93 coins
[1779286731] miner ID [2]:Giovanna pays Bob 16 coins
[1779286731] miner ID [2]:Ilaria pays Giovanna 83 coins
[1779286731] miner ID [2]:Alice pays Giovanna 40 coins
[1779286731] miner ID [2]:Mining successful
[1779286731] miner ID [2]:Block sent to nodes
[1779286731] miner ID [2]:Confirmed block received from node
[1779286731] miner ID [2]:Confirmed block received from node
[1779286731] miner ID [2]:Confirmed block received from node
[1779286733] miner ID [2]:Miner shutting down
[1779286733] miner ID [2]:miner chiuso
