[1779282249] miner ID [6]:miner avviato correttamente
[1779282249] miner ID [6]:Miner started
[1779282253] miner ID [6]:Confirmed block received from node
[1779282255] miner ID [6]:Giovanna pays Giacomo 51 coins
[1779282255] miner ID [6]:Giacomo pays Giovanna 6 coins
[1779282255] miner ID [6]:Francesco pays Giovanna 89 coins
[1779282255] miner ID [6]:Ilaria pays Giovanna 3 coins
[1779282255] miner ID [6]:Bob pays Ilaria 82 coins
[1779282255] miner ID [6]:Giacomo pays Francesco 90 coins
[1779282255] miner ID [6]:Giacomo pays Bob 5 coins
[1779282255] miner ID [6]:Ilaria pays Giovanna 42 coins
[1779282255] miner ID [6]:WARNING: transaction pool full
[1779282255] miner ID [6]:Giovanna pays Alice 53 coins
[1779282255] miner ID [6]:WARNING: transaction pool full
[1779282255] miner ID [6]:Alice pays Francesco 20 coins
[1779282255] miner ID [6]:WARNING: transaction pool full
[1779282255] miner ID [6]:Giovanna pays Bob 74 coins
[1779282255] miner ID [6]:WARNING: transaction pool full
[1779282255] miner ID [6]:Francesco pays Giovanna 28 coins
[1779282257] miner ID [6]:Confirmed block received from node
[1779282257] miner ID [6]:Confirmed block received from node
[1779282257] miner ID [6]:Confirmed block received from node
[1779282257] miner ID [6]:Confirmed block received from node
[1779282257] miner ID [6]:Confirmed block received from node
[1779282258] miner ID [6]:WARNING: transaction pool full
[1779282258] miner ID [6]:Giovanna pays Bob 78 coins
[1779282258] miner ID [6]:WARNING: transaction pool full
[1779282258] miner ID [6]:Bob pays Giacomo 52 coins
[1779282258] miner ID [6]:WARNING: transaction pool full
[1779282258] miner ID [6]:Ilaria pays Giacomo 16 coins
[1779282258] miner ID [6]:WARNING: transaction pool full
[1779282258] miner ID [6]:Giacomo pays Ilaria 73 coins
[1779282258] miner ID [6]:Confirmed block received from node
[1779282259] miner ID [6]:WARNING: transaction pool full
[1779282259] miner ID [6]:Giovanna pays Alice 66 coins
[1779282259] miner ID [6]:WARNING: transaction pool full
[1779282259] miner ID [6]:Alice pays Giovanna 85 coins
[1779282260] miner ID [6]:Confirmed block received from node
[1779282260] miner ID [6]:Mining successful
[1779282260] miner ID [6]:Block sent to nodes
[1779282260] miner ID [6]:Confirmed block received from node
[1779282261] miner ID [6]:Confirmed block received from node
[1779282261] miner ID [6]:Confirmed block received from node
[1779282261] miner ID [6]:Confirmed block received from node
[1779282262] miner ID [6]:Confirmed block received from node
[1779282266] miner ID [6]:Giacomo pays Ilaria 2 coins
[1779282266] miner ID [6]:Ilaria pays Francesco 36 coins
[1779282266] miner ID [6]:Giacomo pays Bob 74 coins
[1779282266] miner ID [6]:Francesco pays Giacomo 69 coins
[1779282266] miner ID [6]:Ilaria pays Giacomo 74 coins
[1779282267] miner ID [6]:Bob pays Ilaria 82 coins
[1779282267] miner ID [6]:Ilaria pays Francesco 11 coins
[1779282267] miner ID [6]:Ilaria pays Alice 51 coins
[1779282267] miner ID [6]:WARNING: transaction pool full
[1779282267] miner ID [6]:Bob pays Alice 40 coins
[1779282267] miner ID [6]:Confirmed block received from node
[1779282267] miner ID [6]:Confirmed block received from node
[1779282267] miner ID [6]:Confirmed block received from node
[1779282267] miner ID [6]:Mining successful
[1779282267] miner ID [6]:Block sent to nodes
[1779282268] miner ID [6]:Confirmed block received from node
[1779282268] miner ID [6]:Lottery won but no transactions to mine
[1779282269] miner ID [6]:Confirmed block received from node
[1779282269] miner ID [6]:Confirmed block received from node
[1779282269] miner ID [6]:Confirmed block received from node
[1779282272] miner ID [6]:Giacomo pays Bob 22 coins
[1779282272] miner ID [6]:Bob pays Francesco 1 coins
[1779282272] miner ID [6]:Ilaria pays Alice 10 coins
[1779282272] miner ID [6]:Giovanna pays Ilaria 49 coins
[1779282272] miner ID [6]:Bob pays Giacomo 94 coins
[1779282272] miner ID [6]:Ilaria pays Giovanna 59 coins
[1779282272] miner ID [6]:Giacomo pays Bob 59 coins
[1779282272] miner ID [6]:Ilaria pays Giovanna 54 coins
[1779282272] miner ID [6]:Bob pays Giacomo 32 coins
[1779282272] miner ID [6]:WARNING: transaction pool full
[1779282272] miner ID [6]:Giovanna pays Ilaria 29 coins
[1779282272] miner ID [6]:WARNING: transaction pool full
[1779282272] miner ID [6]:Francesco pays Alice 15 coins
[1779282272] miner ID [6]:WARNING: transaction pool full
[1779282272] miner ID [6]:Francesco pays Giovanna 64 coins
[1779282274] miner ID [6]:Confirmed block received from node
[1779282274] miner ID [6]:Mining successful
[1779282274] miner ID [6]:Block sent to nodes
[1779282274] miner ID [6]:Confirmed block received from node
[1779282274] miner ID [6]:Lottery won but no transactions to mine
[1779282274] miner ID [6]:Confirmed block received from node
[1779282275] miner ID [6]:Confirmed block received from node
[1779282275] miner ID [6]:Confirmed block received from node
[1779282276] miner ID [6]:Francesco pays Giovanna 40 coins
[1779282276] miner ID [6]:Giacomo pays Alice 60 coins
[1779282276] miner ID [6]:Bob pays Giacomo 87 coins
[1779282276] miner ID [6]:Alice pays Francesco 81 coins
[1779282276] miner ID [6]:Bob pays Ilaria 74 coins
[1779282276] miner ID [6]:Giacomo pays Francesco 82 coins
[1779282276] miner ID [6]:Francesco pays Alice 69 coins
[1779282276] miner ID [6]:Giovanna pays Francesco 53 coins
[1779282276] miner ID [6]:WARNING: transaction pool full
[1779282276] miner ID [6]:Giovanna pays Giacomo 15 coins
[1779282276] miner ID [6]:WARNING: transaction pool full
[1779282276] miner ID [6]:Bob pays Alice 49 coins
[1779282276] miner ID [6]:WARNING: transaction pool full
[1779282276] miner ID [6]:Ilaria pays Giovanna 5 coins
[1779282276] miner ID [6]:WARNING: transaction pool full
[1779282276] miner ID [6]:Bob pays Giacomo 82 coins
[1779282276] miner ID [6]:Mining successful
[1779282276] miner ID [6]:Block sent to nodes
[1779282276] miner ID [6]:Confirmed block received from node
[1779282276] miner ID [6]:Confirmed block received from node
[1779282276] miner ID [6]:Lottery won but no transactions to mine
[1779282278] miner ID [6]:Confirmed block received from node
[1779282278] miner ID [6]:Confirmed block received from node
[1779282280] miner ID [6]:Giovanna pays Alice 11 coins
[1779282280] miner ID [6]:Giacomo pays Bob 85 coins
[1779282280] miner ID [6]:Francesco pays Giovanna 81 coins
[1779282280] miner ID [6]:Giovanna pays Francesco 43 coins
[1779282280] miner ID [6]:Bob pays Alice 51 coins
[1779282280] miner ID [6]:Ilaria pays Giovanna 38 coins
[1779282280] miner ID [6]:Bob pays Giacomo 20 coins
[1779282280] miner ID [6]:Giovanna pays Giacomo 20 coins
[1779282280] miner ID [6]:WARNING: transaction pool full
[1779282280] miner ID [6]:Alice pays Ilaria 68 coins
[1779282281] miner ID [6]:Confirmed block received from node
[1779282281] miner ID [6]:Mining successful
[1779282281] miner ID [6]:Block sent to nodes
[1779282281] miner ID [6]:Confirmed block received from node
[1779282281] miner ID [6]:Lottery won but no transactions to mine
[1779282282] miner ID [6]:Bob pays Ilaria 66 coins
[1779282282] miner ID [6]:Alice pays Ilaria 2 coins
[1779282282] miner ID [6]:Francesco pays Alice 98 coins
[1779282282] miner ID [6]:Giovanna pays Francesco 11 coins
[1779282282] miner ID [6]:Francesco pays Alice 55 coins
[1779282282] miner ID [6]:Alice pays Bob 9 coins
[1779282282] miner ID [6]:Ilaria pays Giovanna 90 coins
[1779282284] miner ID [6]:Confirmed block received from node
[1779282285] miner ID [6]:Confirmed block received from node
[1779282285] miner ID [6]:Confirmed block received from node
[1779282285] miner ID [6]:Mining successful
[1779282285] miner ID [6]:Block sent to nodes
[1779282285] miner ID [6]:Confirmed block received from node
[1779282286] miner ID [6]:Lottery won but no transactions to mine
[1779282289] miner ID [6]:Confirmed block received from node
[1779282289] miner ID [6]:Confirmed block received from node
[1779282289] miner ID [6]:Confirmed block received from node
[1779282290] miner ID [6]:Confirmed block received from node
[1779282290] miner ID [6]:Confirmed block received from node
[1779282290] miner ID [6]:Confirmed block received from node
[1779282292] miner ID [6]:Ilaria pays Francesco 38 coins
[1779282292] miner ID [6]:Alice pays Giovanna 80 coins
[1779282292] miner ID [6]:Ilaria pays Francesco 5 coins
[1779282292] miner ID [6]:Bob pays Giacomo 4 coins
[1779282292] miner ID [6]:Bob pays Giacomo 86 coins
[1779282292] miner ID [6]:Alice pays Giacomo 43 coins
[1779282292] miner ID [6]:Alice pays Francesco 40 coins
[1779282295] miner ID [6]:Confirmed block received from node
[1779282295] miner ID [6]:Confirmed block received from node
[1779282295] miner ID [6]:Confirmed block received from node
[1779282296] miner ID [6]:Confirmed block received from node
[1779282296] miner ID [6]:Mining successful
[1779282296] miner ID [6]:Block sent to nodes
[1779282296] miner ID [6]:Confirmed block received from node
[1779282296] miner ID [6]:Lottery won but no transactions to mine
[1779282296] miner ID [6]:Confirmed block received from node
[1779282296] miner ID [6]:Lottery won but no transactions to mine
[1779282296] miner ID [6]:Confirmed block received from node
[1779282296] miner ID [6]:Confirmed block received from node
[1779282297] miner ID [6]:Confirmed block received from node
[1779282297] miner ID [6]:Confirmed block received from node
[1779282300] miner ID [6]:Francesco pays Bob 50 coins
[1779282300] miner ID [6]:Bob pays Giacomo 81 coins
[1779282300] miner ID [6]:Alice pays Francesco 50 coins
[1779282300] miner ID [6]:Confirmed block received from node
[1779282300] miner ID [6]:Confirmed block received from node
[1779282300] miner ID [6]:Confirmed block received from node
[1779282300] miner ID [6]:Confirmed block received from node
[1779282302] miner ID [6]:Confirmed block received from node
[1779282302] miner ID [6]:Mining successful
[1779282302] miner ID [6]:Block sent to nodes
[1779282303] miner ID [6]:Confirmed block received from node
[1779282303] miner ID [6]:Lottery won but no transactions to mine
[1779282303] miner ID [6]:Confirmed block received from node
[1779282303] miner ID [6]:Confirmed block received from node
[1779282303] miner ID [6]:Confirmed block received from node
[1779282303] miner ID [6]:Confirmed block received from node
[1779282303] miner ID [6]:Confirmed block received from node
[1779282303] miner ID [6]:Lottery won but no transactions to mine
[1779282306] miner ID [6]:Confirmed block received from node
[1779282306] miner ID [6]:Confirmed block received from node
[1779282309] miner ID [6]:Alice pays Giacomo 96 coins
[1779282309] miner ID [6]:Giovanna pays Francesco 46 coins
[1779282309] miner ID [6]:Giovanna pays Alice 64 coins
[1779282309] miner ID [6]:Giacomo pays Giovanna 55 coins
[1779282309] miner ID [6]:Francesco pays Alice 91 coins
[1779282309] miner ID [6]:Giacomo pays Giovanna 91 coins
[1779282310] miner ID [6]:Confirmed block received from node
[1779282310] miner ID [6]:Mining successful
[1779282310] miner ID [6]:Block sent to nodes
[1779282310] miner ID [6]:Confirmed block received from node
[1779282313] miner ID [6]:Confirmed block received from node
[1779282316] miner ID [6]:Confirmed block received from node
[1779282316] miner ID [6]:Lottery won but no transactions to mine
[1779282316] miner ID [6]:Confirmed block received from node
[1779282316] miner ID [6]:Confirmed block received from node
[1779282317] miner ID [6]:Confirmed block received from node
[1779282317] miner ID [6]:Confirmed block received from node
[1779282318] miner ID [6]:Francesco pays Alice 86 coins
[1779282318] miner ID [6]:Francesco pays Giacomo 99 coins
[1779282318] miner ID [6]:Bob pays Ilaria 24 coins
[1779282318] miner ID [6]:Giacomo pays Francesco 63 coins
[1779282319] miner ID [6]:Confirmed block received from node
[1779282321] miner ID [6]:Giovanna pays Ilaria 88 coins
[1779282321] miner ID [6]:Francesco pays Giovanna 94 coins
[1779282321] miner ID [6]:Bob pays Alice 69 coins
[1779282321] miner ID [6]:Giacomo pays Ilaria 15 coins
[1779282321] miner ID [6]:WARNING: transaction pool full
[1779282321] miner ID [6]:Giovanna pays Ilaria 39 coins
[1779282323] miner ID [6]:WARNING: transaction pool full
[1779282323] miner ID [6]:Alice pays Bob 35 coins
[1779282326] miner ID [6]:Confirmed block received from node
[1779282326] miner ID [6]:Confirmed block received from node
[1779282326] miner ID [6]:Confirmed block received from node
[1779282327] miner ID [6]:Confirmed block received from node
[1779282329] miner ID [6]:Miner shutting down
