[1779267097] miner ID [1]:miner avviato correttamente
[1779267097] miner ID [1]:Miner started
[1779267098] miner ID [1]:Giovanna pays Francesco 18 coins
[1779267098] miner ID [1]:Giacomo pays Francesco 68 coins
[1779267098] miner ID [1]:Giacomo pays Ilaria 3 coins
[1779267098] miner ID [1]:Mining successful
[1779267098] miner ID [1]:WARNING: cannot open node fifo
[1779267098] miner ID [1]:WARNING: cannot open node fifo
[1779267098] miner ID [1]:Block sent to nodes
[1779267103] miner ID [1]:Alice pays Giovanna 79 coins
[1779267103] miner ID [1]:Giovanna pays Bob 95 coins
[1779267103] miner ID [1]:Francesco pays Giovanna 17 coins
[1779267103] miner ID [1]:Ilaria pays Giacomo 93 coins
[1779267107] miner ID [1]:Alice pays Francesco 39 coins
[1779267107] miner ID [1]:Francesco pays Giovanna 74 coins
[1779267107] miner ID [1]:Francesco pays Ilaria 45 coins
[1779267107] miner ID [1]:Giovanna pays Giacomo 46 coins
[1779267108] miner ID [1]:Ilaria pays Alice 49 coins
[1779267108] miner ID [1]:Francesco pays Giacomo 91 coins
[1779267108] miner ID [1]:Francesco pays Alice 48 coins
[1779267111] miner ID [1]:Giovanna pays Bob 70 coins
[1779267111] miner ID [1]:Ilaria pays Giovanna 23 coins
[1779267111] miner ID [1]:Ilaria pays Giovanna 62 coins
