[1779286680] miner ID [0]:miner avviato correttamente
[1779286680] miner ID [0]:Miner started
[1779286681] miner ID [0]:Bob pays Giovanna 42 coins
[1779286681] miner ID [0]:Confirmed block received from node
[1779286681] miner ID [0]:Mining successful
[1779286681] miner ID [0]:Block sent to nodes
[1779286681] miner ID [0]:Confirmed block received from node
[1779286681] miner ID [0]:Lottery won but no transactions to mine
[1779286682] miner ID [0]:Ilaria pays Giacomo 4 coins
[1779286682] miner ID [0]:Giovanna pays Ilaria 89 coins
[1779286682] miner ID [0]:Ilaria pays Giovanna 9 coins
[1779286682] miner ID [0]:Alice pays Giacomo 45 coins
[1779286682] miner ID [0]:Giovanna pays Giacomo 43 coins
[1779286682] miner ID [0]:Giacomo pays Bob 37 coins
[1779286683] miner ID [0]:Confirmed block received from node
[1779286684] miner ID [0]:Confirmed block received from node
[1779286684] miner ID [0]:Mining successful
[1779286684] miner ID [0]:Block sent to nodes
[1779286684] miner ID [0]:Confirmed block received from node
[1779286686] miner ID [0]:Confirmed block received from node
[1779286687] miner ID [0]:Confirmed block received from node
[1779286687] miner ID [0]:Confirmed block received from node
[1779286687] miner ID [0]:Lottery won but no transactions to mine
[1779286688] miner ID [0]:Alice pays Ilaria 91 coins
[1779286688] miner ID [0]:Francesco pays Bob 33 coins
[1779286688] miner ID [0]:Francesco pays Giovanna 54 coins
[1779286688] miner ID [0]:Alice pays Bob 50 coins
[1779286688] miner ID [0]:Giovanna pays Bob 75 coins
[1779286688] miner ID [0]:Giovanna pays Giacomo 34 coins
[1779286692] miner ID [0]:Confirmed block received from node
[1779286692] miner ID [0]:Mining successful
[1779286692] miner ID [0]:Block sent to nodes
[1779286692] miner ID [0]:Confirmed block received from node
[1779286693] miner ID [0]:Confirmed block received from node
[1779286693] miner ID [0]:Confirmed block received from node
[1779286695] miner ID [0]:Confirmed block received from node
[1779286695] miner ID [0]:Confirmed block received from node
[1779286695] miner ID [0]:Lottery won but no transactions to mine
[1779286698] miner ID [0]:Confirmed block received from node
[1779286698] miner ID [0]:Confirmed block received from node
[1779286699] miner ID [0]:Confirmed block received from node
[1779286699] miner ID [0]:Confirmed block received from node
[1779286701] miner ID [0]:Confirmed block received from node
[1779286701] miner ID [0]:Confirmed block received from node
[1779286701] miner ID [0]:Lottery won but no transactions to mine
[1779286703] miner ID [0]:Francesco pays Bob 83 coins
[1779286703] miner ID [0]:Francesco pays Giovanna 54 coins
[1779286703] miner ID [0]:Alice pays Ilaria 87 coins
[1779286704] miner ID [0]:Confirmed block received from node
[1779286704] miner ID [0]:Mining successful
[1779286704] miner ID [0]:Block sent to nodes
[1779286704] miner ID [0]:Confirmed block received from node
[1779286704] miner ID [0]:Francesco pays Alice 54 coins
[1779286704] miner ID [0]:Francesco pays Giovanna 40 coins
[1779286704] miner ID [0]:Mining successful
[1779286704] miner ID [0]:Block sent to nodes
[1779286704] miner ID [0]:Confirmed block received from node
[1779286704] miner ID [0]:Lottery won but no transactions to mine
[1779286704] miner ID [0]:Confirmed block received from node
[1779286705] miner ID [0]:Confirmed block received from node
[1779286705] miner ID [0]:Lottery won but no transactions to mine
[1779286708] miner ID [0]:Confirmed block received from node
[1779286708] miner ID [0]:Lottery won but no transactions to mine
[1779286713] miner ID [0]:Giovanna pays Giacomo 68 coins
[1779286713] miner ID [0]:Francesco pays Giacomo 53 coins
[1779286713] miner ID [0]:Giovanna pays Giacomo 92 coins
[1779286713] miner ID [0]:Ilaria pays Giacomo 35 coins
[1779286713] miner ID [0]:Giacomo pays Ilaria 70 coins
[1779286713] miner ID [0]:Alice pays Giovanna 51 coins
[1779286713] miner ID [0]:Ilaria pays Francesco 43 coins
[1779286713] miner ID [0]:Francesco pays Giacomo 30 coins
[1779286713] miner ID [0]:Giacomo pays Bob 75 coins
[1779286713] miner ID [0]:Giovanna pays Francesco 61 coins
[1779286713] miner ID [0]:Alice pays Giacomo 94 coins
[1779286716] miner ID [0]:Confirmed block received from node
[1779286716] miner ID [0]:Mining successful
[1779286716] miner ID [0]:Block sent to nodes
[1779286716] miner ID [0]:Confirmed block received from node
[1779286716] miner ID [0]:Confirmed block received from node
[1779286716] miner ID [0]:Lottery won but no transactions to mine
[1779286717] miner ID [0]:Bob pays Giovanna 81 coins
[1779286717] miner ID [0]:Giovanna pays Giacomo 44 coins
[1779286717] miner ID [0]:Giacomo pays Alice 9 coins
[1779286717] miner ID [0]:Ilaria pays Bob 41 coins
[1779286717] miner ID [0]:Giacomo pays Ilaria 91 coins
[1779286717] miner ID [0]:Giacomo pays Ilaria 63 coins
[1779286718] miner ID [0]:Confirmed block received from node
[1779286718] miner ID [0]:Mining successful
[1779286718] miner ID [0]:Block sent to nodes
[1779286718] miner ID [0]:Confirmed block received from node
[1779286721] miner ID [0]:Giacomo pays Giovanna 49 coins
[1779286721] miner ID [0]:Ilaria pays Francesco 43 coins
[1779286721] miner ID [0]:Alice pays Giovanna 77 coins
[1779286721] miner ID [0]:Ilaria pays Alice 50 coins
[1779286721] miner ID [0]:Ilaria pays Bob 43 coins
[1779286721] miner ID [0]:Mining successful
[1779286721] miner ID [0]:Block sent to nodes
[1779286721] miner ID [0]:Confirmed block received from node
[1779286724] miner ID [0]:Giacomo pays Alice 63 coins
[1779286724] miner ID [0]:Bob pays Giovanna 46 coins
[1779286726] miner ID [0]:Confirmed block received from node
[1779286726] miner ID [0]:Mining successful
[1779286726] miner ID [0]:Block sent to nodes
[1779286726] miner ID [0]:Confirmed block received from node
[1779286726] miner ID [0]:Confirmed block received from node
[1779286728] miner ID [0]:Confirmed block received from node
[1779286728] miner ID [0]:Confirmed block received from node
[1779286731] miner ID [0]:Ilaria pays Francesco 91 coins
[1779286731] miner ID [0]:Confirmed block received from node
[1779286731] miner ID [0]:Mining successful
[1779286731] miner ID [0]:Block sent to nodes
[1779286731] miner ID [0]:Confirmed block received from node
[1779286731] miner ID [0]:Giacomo pays Ilaria 93 coins
[1779286731] miner ID [0]:Giacomo pays Ilaria 45 coins
[1779286731] miner ID [0]:Mining successful
[1779286731] miner ID [0]:Block sent to nodes
[1779286731] miner ID [0]:Confirmed block received from node
[1779286733] miner ID [0]:Miner shutting down
[1779286733] miner ID [0]:miner chiuso
