[1779286580] miner ID [4]:miner avviato correttamente
[1779286580] miner ID [4]:Miner started
[1779286581] miner ID [4]:Confirmed block received from node
[1779286581] miner ID [4]:Lottery won but no transactions to mine
[1779286582] miner ID [4]:Confirmed block received from node
[1779286582] miner ID [4]:Lottery won but no transactions to mine
[1779286582] miner ID [4]:Confirmed block received from node
[1779286582] miner ID [4]:Lottery won but no transactions to mine
[1779286582] miner ID [4]:Confirmed block received from node
[1779286582] miner ID [4]:Lottery won but no transactions to mine
[1779286584] miner ID [4]:Bob pays Ilaria 30 coins
[1779286584] miner ID [4]:Ilaria pays Giacomo 45 coins
[1779286584] miner ID [4]:Alice pays Giovanna 73 coins
[1779286584] miner ID [4]:Giovanna pays Francesco 81 coins
[1779286584] miner ID [4]:Ilaria pays Francesco 66 coins
[1779286584] miner ID [4]:Alice pays Giacomo 39 coins
[1779286584] miner ID [4]:Bob pays Francesco 70 coins
[1779286584] miner ID [4]:Giacomo pays Ilaria 55 coins
[1779286584] miner ID [4]:Giacomo pays Giovanna 49 coins
[1779286584] miner ID [4]:Giacomo pays Francesco 23 coins
[1779286585] miner ID [4]:Mining successful
[1779286585] miner ID [4]:Block sent to nodes
[1779286585] miner ID [4]:Confirmed block received from node
[1779286585] miner ID [4]:Lottery won but no transactions to mine
[1779286585] miner ID [4]:Confirmed block received from node
[1779286585] miner ID [4]:Lottery won but no transactions to mine
[1779286586] miner ID [4]:Confirmed block received from node
[1779286586] miner ID [4]:Lottery won but no transactions to mine
[1779286586] miner ID [4]:Confirmed block received from node
[1779286586] miner ID [4]:Confirmed block received from node
[1779286586] miner ID [4]:Lottery won but no transactions to mine
[1779286587] miner ID [4]:Confirmed block received from node
[1779286590] miner ID [4]:Confirmed block received from node
[1779286590] miner ID [4]:Lottery won but no transactions to mine
[1779286590] miner ID [4]:Confirmed block received from node
[1779286590] miner ID [4]:Confirmed block received from node
[1779286590] miner ID [4]:Lottery won but no transactions to mine
[1779286590] miner ID [4]:Confirmed block received from node
[1779286590] miner ID [4]:Lottery won but no transactions to mine
[1779286590] miner ID [4]:Confirmed block received from node
[1779286590] miner ID [4]:Lottery won but no transactions to mine
[1779286591] miner ID [4]:Miner shutting down
[1779286591] miner ID [4]:miner chiuso
