[1779266983] miner ID [0]:miner avviato correttamente
[1779266983] miner ID [0]:Miner started
[1779266988] miner ID [0]:Bob pays Giovanna 67 coins
[1779266988] miner ID [0]:Ilaria pays Alice 86 coins
[1779266988] miner ID [0]:Giacomo pays Francesco 34 coins
[1779266992] miner ID [0]:Francesco pays Ilaria 35 coins
[1779266992] miner ID [0]:Ilaria pays Bob 14 coins
[1779266992] miner ID [0]:Giovanna pays Bob 80 coins
[1779266992] miner ID [0]:Alice pays Francesco 56 coins
[1779266997] miner ID [0]:Giacomo pays Francesco 36 coins
[1779266997] miner ID [0]:Francesco pays Bob 9 coins
[1779266997] miner ID [0]:Ilaria pays Giacomo 58 coins
[1779266997] miner ID [0]:Ilaria pays Francesco 9 coins
[1779267001] miner ID [0]:Francesco pays Bob 34 coins
[1779267001] miner ID [0]:Francesco pays Alice 15 coins
[1779267001] miner ID [0]:Alice pays Francesco 41 coins
[1779267001] miner ID [0]:Bob pays Giovanna 83 coins
[1779267001] miner ID [0]:Mining successful
[1779267001] miner ID [0]:WARNING: cannot open node fifo
[1779267001] miner ID [0]:WARNING: cannot open node fifo
[1779267001] miner ID [0]:Block sent to nodes
[1779267003] miner ID [0]:Giovanna pays Francesco 11 coins
[1779267003] miner ID [0]:Ilaria pays Alice 94 coins
[1779267003] miner ID [0]:Giacomo pays Ilaria 55 coins
[1779267003] miner ID [0]:Bob pays Francesco 8 coins
[1779267004] miner ID [0]:Giovanna pays Bob 42 coins
[1779267004] miner ID [0]:Francesco pays Alice 34 coins
[1779267009] miner ID [0]:Bob pays Ilaria 11 coins
[1779267009] miner ID [0]:Francesco pays Ilaria 54 coins
[1779267009] miner ID [0]:Giovanna pays Alice 71 coins
[1779267011] miner ID [0]:Francesco pays Bob 88 coins
[1779267011] miner ID [0]:Giovanna pays Bob 67 coins
[1779267011] miner ID [0]:Giacomo pays Bob 49 coins
[1779267013] miner ID [0]:Alice pays Giacomo 61 coins
[1779267013] miner ID [0]:Alice pays Giacomo 87 coins
[1779267013] miner ID [0]:Ilaria pays Giovanna 15 coins
[1779267013] miner ID [0]:Alice pays Ilaria 82 coins
[1779267017] miner ID [0]:Giovanna pays Giacomo 56 coins
[1779267017] miner ID [0]:Ilaria pays Giovanna 83 coins
[1779267017] miner ID [0]:Bob pays Francesco 81 coins
[1779267017] miner ID [0]:Bob pays Giacomo 65 coins
[1779267018] miner ID [0]:Giovanna pays Alice 98 coins
[1779267018] miner ID [0]:Alice pays Francesco 63 coins
[1779267020] miner ID [0]:Bob pays Francesco 17 coins
[1779267020] miner ID [0]:Giovanna pays Bob 68 coins
[1779267020] miner ID [0]:Bob pays Alice 56 coins
[1779267020] miner ID [0]:Alice pays Giacomo 86 coins
[1779267021] miner ID [0]:Bob pays Ilaria 27 coins
[1779267021] miner ID [0]:Francesco pays Alice 66 coins
[1779267021] miner ID [0]:Giovanna pays Francesco 8 coins
[1779267025] miner ID [0]:Giovanna pays Alice 94 coins
[1779267025] miner ID [0]:Ilaria pays Alice 45 coins
[1779267025] miner ID [0]:Bob pays Francesco 49 coins
[1779267025] miner ID [0]:Giacomo pays Ilaria 54 coins
[1779267033] miner ID [0]:Francesco pays Alice 88 coins
[1779267033] miner ID [0]:Alice pays Ilaria 4 coins
[1779267033] miner ID [0]:Giovanna pays Francesco 11 coins
[1779267033] miner ID [0]:Bob pays Ilaria 96 coins
[1779267037] miner ID [0]:Bob pays Ilaria 71 coins
[1779267037] miner ID [0]:Bob pays Ilaria 6 coins
[1779267037] miner ID [0]:Giacomo pays Giovanna 64 coins
[1779267038] miner ID [0]:Bob pays Giovanna 98 coins
[1779267038] miner ID [0]:Giacomo pays Bob 87 coins
[1779267038] miner ID [0]:Bob pays Ilaria 42 coins
[1779267041] miner ID [0]:Giovanna pays Giacomo 47 coins
[1779267041] miner ID [0]:Giacomo pays Francesco 10 coins
[1779267041] miner ID [0]:Ilaria pays Francesco 39 coins
[1779267044] miner ID [0]:Bob pays Francesco 74 coins
[1779267044] miner ID [0]:Bob pays Giovanna 91 coins
[1779267044] miner ID [0]:Francesco pays Alice 92 coins
[1779267047] miner ID [0]:Bob pays Alice 60 coins
[1779267047] miner ID [0]:Giovanna pays Ilaria 41 coins
[1779267047] miner ID [0]:Ilaria pays Bob 99 coins
[1779267048] miner ID [0]:Francesco pays Giacomo 24 coins
[1779267048] miner ID [0]:Francesco pays Giovanna 16 coins
[1779267048] miner ID [0]:Francesco pays Giovanna 66 coins
[1779267053] miner ID [0]:Giacomo pays Alice 37 coins
[1779267053] miner ID [0]:Bob pays Giovanna 83 coins
[1779267053] miner ID [0]:Francesco pays Alice 20 coins
[1779267053] miner ID [0]:Bob pays Alice 61 coins
[1779267055] miner ID [0]:Francesco pays Bob 15 coins
[1779267055] miner ID [0]:Giovanna pays Francesco 84 coins
[1779267055] miner ID [0]:Giovanna pays Alice 24 coins
[1779267055] miner ID [0]:Giacomo pays Alice 37 coins
[1779267057] miner ID [0]:Bob pays Francesco 97 coins
[1779267057] miner ID [0]:Alice pays Giacomo 70 coins
[1779267061] miner ID [0]:Bob pays Alice 74 coins
[1779267061] miner ID [0]:Francesco pays Alice 62 coins
[1779267061] miner ID [0]:Giovanna pays Giacomo 35 coins
[1779267061] miner ID [0]:Alice pays Giacomo 99 coins
