[1779286580] miner ID [0]:miner avviato correttamente
[1779286580] miner ID [0]:Miner started
[1779286581] miner ID [0]:Confirmed block received from node
[1779286582] miner ID [0]:Confirmed block received from node
[1779286582] miner ID [0]:Lottery won but no transactions to mine
[1779286582] miner ID [0]:Confirmed block received from node
[1779286582] miner ID [0]:Lottery won but no transactions to mine
[1779286582] miner ID [0]:Confirmed block received from node
[1779286585] miner ID [0]:Bob pays Francesco 33 coins
[1779286585] miner ID [0]:Ilaria pays Bob 24 coins
[1779286585] miner ID [0]:Alice pays Giacomo 91 coins
[1779286585] miner ID [0]:Alice pays Bob 79 coins
[1779286585] miner ID [0]:Confirmed block received from node
[1779286585] miner ID [0]:Mining successful
[1779286585] miner ID [0]:Block sent to nodes
[1779286585] miner ID [0]:Confirmed block received from node
[1779286585] miner ID [0]:Lottery won but no transactions to mine
[1779286586] miner ID [0]:Confirmed block received from node
[1779286586] miner ID [0]:Lottery won but no transactions to mine
[1779286586] miner ID [0]:Confirmed block received from node
[1779286586] miner ID [0]:Lottery won but no transactions to mine
[1779286586] miner ID [0]:Confirmed block received from node
[1779286586] miner ID [0]:Lottery won but no transactions to mine
[1779286587] miner ID [0]:Confirmed block received from node
[1779286590] miner ID [0]:Confirmed block received from node
[1779286590] miner ID [0]:Confirmed block received from node
[1779286590] miner ID [0]:Confirmed block received from node
[1779286590] miner ID [0]:Lottery won but no transactions to mine
[1779286590] miner ID [0]:Confirmed block received from node
[1779286590] miner ID [0]:Confirmed block received from node
[1779286591] miner ID [0]:Miner shutting down
[1779286591] miner ID [0]:miner chiuso
