[1779282249] miner ID [4]:miner avviato correttamente
[1779282249] miner ID [4]:Miner started
[1779282253] miner ID [4]:Confirmed block received from node
[1779282253] miner ID [4]:Francesco pays Giovanna 37 coins
[1779282253] miner ID [4]:Bob pays Giovanna 46 coins
[1779282257] miner ID [4]:Confirmed block received from node
[1779282257] miner ID [4]:Confirmed block received from node
[1779282257] miner ID [4]:Mining successful
[1779282257] miner ID [4]:Block sent to nodes
[1779282257] miner ID [4]:Confirmed block received from node
[1779282257] miner ID [4]:Confirmed block received from node
[1779282257] miner ID [4]:Lottery won but no transactions to mine
[1779282257] miner ID [4]:Confirmed block received from node
[1779282258] miner ID [4]:Giacomo pays Francesco 57 coins
[1779282258] miner ID [4]:Bob pays Giacomo 17 coins
[1779282258] miner ID [4]:Francesco pays Giacomo 12 coins
[1779282258] miner ID [4]:Francesco pays Bob 95 coins
[1779282258] miner ID [4]:Mining successful
[1779282258] miner ID [4]:Block sent to nodes
[1779282258] miner ID [4]:Confirmed block received from node
[1779282260] miner ID [4]:Confirmed block received from node
[1779282260] miner ID [4]:Confirmed block received from node
[1779282261] miner ID [4]:Francesco pays Giovanna 42 coins
[1779282261] miner ID [4]:Giovanna pays Bob 12 coins
[1779282261] miner ID [4]:Alice pays Giovanna 49 coins
[1779282261] miner ID [4]:Ilaria pays Giacomo 6 coins
[1779282261] miner ID [4]:Francesco pays Bob 64 coins
[1779282261] miner ID [4]:Alice pays Francesco 79 coins
[1779282261] miner ID [4]:Giovanna pays Francesco 62 coins
[1779282261] miner ID [4]:Mining successful
[1779282261] miner ID [4]:Block sent to nodes
[1779282261] miner ID [4]:Confirmed block received from node
[1779282261] miner ID [4]:Confirmed block received from node
[1779282261] miner ID [4]:Confirmed block received from node
[1779282261] miner ID [4]:Lottery won but no transactions to mine
[1779282262] miner ID [4]:Confirmed block received from node
[1779282265] miner ID [4]:Francesco pays Giovanna 53 coins
[1779282265] miner ID [4]:Alice pays Bob 58 coins
[1779282265] miner ID [4]:Alice pays Giovanna 45 coins
[1779282267] miner ID [4]:Giovanna pays Ilaria 74 coins
[1779282267] miner ID [4]:Ilaria pays Giacomo 18 coins
[1779282267] miner ID [4]:Bob pays Francesco 38 coins
[1779282267] miner ID [4]:Confirmed block received from node
[1779282267] miner ID [4]:Mining successful
[1779282267] miner ID [4]:Block sent to nodes
[1779282267] miner ID [4]:Confirmed block received from node
[1779282267] miner ID [4]:Confirmed block received from node
[1779282268] miner ID [4]:Confirmed block received from node
[1779282269] miner ID [4]:Francesco pays Ilaria 13 coins
[1779282269] miner ID [4]:Francesco pays Ilaria 16 coins
[1779282269] miner ID [4]:Bob pays Giacomo 29 coins
[1779282269] miner ID [4]:Giacomo pays Francesco 20 coins
[1779282269] miner ID [4]:Confirmed block received from node
[1779282269] miner ID [4]:Confirmed block received from node
[1779282269] miner ID [4]:Mining successful
[1779282269] miner ID [4]:Block sent to nodes
[1779282269] miner ID [4]:Confirmed block received from node
[1779282269] miner ID [4]:Ilaria pays Francesco 51 coins
[1779282273] miner ID [4]:Giovanna pays Ilaria 41 coins
[1779282273] miner ID [4]:Francesco pays Giovanna 5 coins
[1779282273] miner ID [4]:Francesco pays Ilaria 6 coins
[1779282273] miner ID [4]:Giacomo pays Bob 94 coins
[1779282273] miner ID [4]:Francesco pays Giovanna 12 coins
[1779282273] miner ID [4]:Giovanna pays Francesco 40 coins
[1779282274] miner ID [4]:Confirmed block received from node
[1779282274] miner ID [4]:Confirmed block received from node
[1779282274] miner ID [4]:Confirmed block received from node
[1779282275] miner ID [4]:Confirmed block received from node
[1779282275] miner ID [4]:Mining successful
[1779282275] miner ID [4]:Block sent to nodes
[1779282275] miner ID [4]:Confirmed block received from node
[1779282275] miner ID [4]:Lottery won but no transactions to mine
[1779282276] miner ID [4]:Confirmed block received from node
[1779282276] miner ID [4]:Confirmed block received from node
[1779282278] miner ID [4]:Confirmed block received from node
[1779282278] miner ID [4]:Confirmed block received from node
[1779282278] miner ID [4]:Lottery won but no transactions to mine
[1779282281] miner ID [4]:Confirmed block received from node
[1779282281] miner ID [4]:Confirmed block received from node
[1779282284] miner ID [4]:Confirmed block received from node
[1779282285] miner ID [4]:Confirmed block received from node
[1779282285] miner ID [4]:Lottery won but no transactions to mine
[1779282285] miner ID [4]:Confirmed block received from node
[1779282285] miner ID [4]:Confirmed block received from node
[1779282289] miner ID [4]:Giovanna pays Ilaria 98 coins
[1779282289] miner ID [4]:Francesco pays Alice 29 coins
[1779282289] miner ID [4]:Alice pays Giacomo 22 coins
[1779282289] miner ID [4]:Alice pays Giovanna 86 coins
[1779282289] miner ID [4]:Confirmed block received from node
[1779282289] miner ID [4]:Mining successful
[1779282289] miner ID [4]:Block sent to nodes
[1779282289] miner ID [4]:Confirmed block received from node
[1779282289] miner ID [4]:Confirmed block received from node
[1779282290] miner ID [4]:Confirmed block received from node
[1779282290] miner ID [4]:Confirmed block received from node
[1779282290] miner ID [4]:Francesco pays Ilaria 36 coins
[1779282290] miner ID [4]:Giacomo pays Bob 97 coins
[1779282290] miner ID [4]:Alice pays Giacomo 5 coins
[1779282290] miner ID [4]:Mining successful
[1779282290] miner ID [4]:Block sent to nodes
[1779282290] miner ID [4]:Confirmed block received from node
[1779282292] miner ID [4]:Ilaria pays Francesco 98 coins
[1779282292] miner ID [4]:Bob pays Giovanna 33 coins
[1779282292] miner ID [4]:Ilaria pays Francesco 91 coins
[1779282292] miner ID [4]:Giovanna pays Alice 58 coins
[1779282292] miner ID [4]:Giacomo pays Giovanna 33 coins
[1779282295] miner ID [4]:Confirmed block received from node
[1779282295] miner ID [4]:Confirmed block received from node
[1779282295] miner ID [4]:Confirmed block received from node
[1779282296] miner ID [4]:Confirmed block received from node
[1779282296] miner ID [4]:Confirmed block received from node
[1779282296] miner ID [4]:Confirmed block received from node
[1779282296] miner ID [4]:Confirmed block received from node
[1779282296] miner ID [4]:Mining successful
[1779282296] miner ID [4]:Block sent to nodes
[1779282296] miner ID [4]:Confirmed block received from node
[1779282296] miner ID [4]:Lottery won but no transactions to mine
[1779282297] miner ID [4]:Confirmed block received from node
[1779282297] miner ID [4]:Confirmed block received from node
[1779282299] miner ID [4]:Bob pays Alice 57 coins
[1779282299] miner ID [4]:Alice pays Francesco 95 coins
[1779282299] miner ID [4]:Alice pays Giovanna 63 coins
[1779282299] miner ID [4]:Giacomo pays Giovanna 57 coins
[1779282299] miner ID [4]:Giovanna pays Ilaria 24 coins
[1779282299] miner ID [4]:Bob pays Giovanna 72 coins
[1779282300] miner ID [4]:Confirmed block received from node
[1779282300] miner ID [4]:Confirmed block received from node
[1779282300] miner ID [4]:Confirmed block received from node
[1779282300] miner ID [4]:Confirmed block received from node
[1779282302] miner ID [4]:Ilaria pays Francesco 82 coins
[1779282302] miner ID [4]:Giacomo pays Bob 77 coins
[1779282302] miner ID [4]:WARNING: transaction pool full
[1779282302] miner ID [4]:Francesco pays Ilaria 70 coins
[1779282302] miner ID [4]:WARNING: transaction pool full
[1779282302] miner ID [4]:Giacomo pays Bob 64 coins
[1779282302] miner ID [4]:Confirmed block received from node
[1779282303] miner ID [4]:Confirmed block received from node
[1779282303] miner ID [4]:Confirmed block received from node
[1779282303] miner ID [4]:Confirmed block received from node
[1779282303] miner ID [4]:Confirmed block received from node
[1779282303] miner ID [4]:WARNING: transaction pool full
[1779282303] miner ID [4]:Bob pays Alice 95 coins
[1779282303] miner ID [4]:Confirmed block received from node
[1779282303] miner ID [4]:Confirmed block received from node
[1779282306] miner ID [4]:WARNING: transaction pool full
[1779282306] miner ID [4]:Bob pays Alice 45 coins
[1779282306] miner ID [4]:WARNING: transaction pool full
[1779282306] miner ID [4]:Giacomo pays Bob 25 coins
[1779282306] miner ID [4]:Mining successful
[1779282306] miner ID [4]:Block sent to nodes
[1779282306] miner ID [4]:Confirmed block received from node
[1779282306] miner ID [4]:Confirmed block received from node
[1779282310] miner ID [4]:Ilaria pays Giacomo 79 coins
[1779282310] miner ID [4]:Giovanna pays Alice 67 coins
[1779282310] miner ID [4]:Ilaria pays Francesco 84 coins
[1779282310] miner ID [4]:Francesco pays Ilaria 54 coins
[1779282310] miner ID [4]:Ilaria pays Giacomo 49 coins
[1779282310] miner ID [4]:Confirmed block received from node
[1779282310] miner ID [4]:Confirmed block received from node
[1779282313] miner ID [4]:Confirmed block received from node
[1779282316] miner ID [4]:Francesco pays Bob 64 coins
[1779282316] miner ID [4]:Bob pays Giovanna 52 coins
[1779282316] miner ID [4]:Alice pays Francesco 28 coins
[1779282316] miner ID [4]:WARNING: transaction pool full
[1779282316] miner ID [4]:Bob pays Giovanna 21 coins
[1779282316] miner ID [4]:WARNING: transaction pool full
[1779282316] miner ID [4]:Alice pays Bob 82 coins
[1779282316] miner ID [4]:WARNING: transaction pool full
[1779282316] miner ID [4]:Alice pays Bob 17 coins
[1779282316] miner ID [4]:WARNING: transaction pool full
[1779282316] miner ID [4]:Francesco pays Ilaria 63 coins
[1779282316] miner ID [4]:WARNING: transaction pool full
[1779282316] miner ID [4]:Bob pays Giacomo 25 coins
[1779282316] miner ID [4]:WARNING: transaction pool full
[1779282316] miner ID [4]:Francesco pays Giacomo 84 coins
[1779282316] miner ID [4]:Confirmed block received from node
[1779282316] miner ID [4]:Confirmed block received from node
[1779282316] miner ID [4]:Confirmed block received from node
[1779282317] miner ID [4]:Confirmed block received from node
[1779282317] miner ID [4]:Mining successful
[1779282317] miner ID [4]:Block sent to nodes
[1779282317] miner ID [4]:Confirmed block received from node
[1779282319] miner ID [4]:Confirmed block received from node
[1779282319] miner ID [4]:Lottery won but no transactions to mine
[1779282320] miner ID [4]:Bob pays Francesco 82 coins
[1779282320] miner ID [4]:Bob pays Giovanna 59 coins
[1779282320] miner ID [4]:Giacomo pays Francesco 25 coins
[1779282320] miner ID [4]:Giacomo pays Ilaria 46 coins
[1779282320] miner ID [4]:Giacomo pays Bob 35 coins
[1779282320] miner ID [4]:Bob pays Ilaria 15 coins
[1779282320] miner ID [4]:Giovanna pays Ilaria 30 coins
[1779282320] miner ID [4]:Ilaria pays Alice 95 coins
[1779282320] miner ID [4]:WARNING: transaction pool full
[1779282320] miner ID [4]:Giovanna pays Francesco 96 coins
[1779282320] miner ID [4]:WARNING: transaction pool full
[1779282320] miner ID [4]:Giacomo pays Giovanna 32 coins
[1779282320] miner ID [4]:Alice pays Bob 67 coins
[1779282320] miner ID [4]:WARNING: transaction pool full
[1779282320] miner ID [4]:Bob pays Francesco 22 coins
[1779282325] miner ID [4]:WARNING: transaction pool full
[1779282325] miner ID [4]:Bob pays Giovanna 3 coins
[1779282325] miner ID [4]:WARNING: transaction pool full
[1779282325] miner ID [4]:Francesco pays Giovanna 65 coins
[1779282325] miner ID [4]:WARNING: transaction pool full
[1779282325] miner ID [4]:Bob pays Giovanna 16 coins
[1779282325] miner ID [4]:WARNING: transaction pool full
[1779282325] miner ID [4]:Alice pays Bob 57 coins
[1779282325] miner ID [4]:WARNING: transaction pool full
[1779282325] miner ID [4]:Bob pays Giovanna 14 coins
[1779282325] miner ID [4]:WARNING: transaction pool full
[1779282325] miner ID [4]:Giovanna pays Francesco 60 coins
[1779282326] miner ID [4]:Confirmed block received from node
[1779282326] miner ID [4]:Confirmed block received from node
[1779282326] miner ID [4]:Confirmed block received from node
[1779282326] miner ID [4]:Mining successful
[1779282326] miner ID [4]:Block sent to nodes
[1779282327] miner ID [4]:Confirmed block received from node
[1779282328] miner ID [4]:Alice pays Francesco 69 coins
[1779282328] miner ID [4]:Francesco pays Bob 36 coins
[1779282328] miner ID [4]:Giovanna pays Bob 59 coins
[1779282329] miner ID [4]:Miner shutting down
