[1779286750] miner ID [4]:miner avviato correttamente
[1779286750] miner ID [4]:Miner started
[1779286753] miner ID [4]:Confirmed block received from node
[1779286756] miner ID [4]:Confirmed block received from node
[1779286757] miner ID [4]:Lottery won but no transactions to mine
[1779286757] miner ID [4]:Confirmed block received from node
[1779286759] miner ID [4]:Confirmed block received from node
[1779286760] miner ID [4]:Confirmed block received from node
[1779286760] miner ID [4]:Lottery won but no transactions to mine
[1779286762] miner ID [4]:Confirmed block received from node
[1779286762] miner ID [4]:Confirmed block received from node
[1779286762] miner ID [4]:Lottery won but no transactions to mine
[1779286764] miner ID [4]:Giacomo pays Alice 92 coins
[1779286764] miner ID [4]:Alice pays Francesco 98 coins
[1779286764] miner ID [4]:Giacomo pays Francesco 66 coins
[1779286764] miner ID [4]:Giacomo pays Francesco 83 coins
[1779286764] miner ID [4]:Bob pays Alice 75 coins
[1779286764] miner ID [4]:Francesco pays Giacomo 79 coins
[1779286764] miner ID [4]:Mining successful
[1779286764] miner ID [4]:Block sent to nodes
[1779286764] miner ID [4]:Confirmed block received from node
[1779286764] miner ID [4]:Lottery won but no transactions to mine
[1779286765] miner ID [4]:Francesco pays Giovanna 16 coins
[1779286765] miner ID [4]:Giacomo pays Ilaria 29 coins
[1779286765] miner ID [4]:Francesco pays Giacomo 1 coins
[1779286765] miner ID [4]:Francesco pays Giovanna 59 coins
[1779286766] miner ID [4]:Confirmed block received from node
[1779286766] miner ID [4]:Confirmed block received from node
[1779286766] miner ID [4]:Mining successful
[1779286766] miner ID [4]:Block sent to nodes
[1779286766] miner ID [4]:Confirmed block received from node
[1779286766] miner ID [4]:Lottery won but no transactions to mine
[1779286768] miner ID [4]:Confirmed block received from node
[1779286768] miner ID [4]:Lottery won but no transactions to mine
[1779286769] miner ID [4]:Ilaria pays Francesco 52 coins
[1779286769] miner ID [4]:Ilaria pays Alice 77 coins
[1779286769] miner ID [4]:Francesco pays Giacomo 65 coins
[1779286769] miner ID [4]:Ilaria pays Francesco 39 coins
[1779286769] miner ID [4]:Confirmed block received from node
[1779286770] miner ID [4]:Confirmed block received from node
[1779286770] miner ID [4]:Mining successful
[1779286770] miner ID [4]:Block sent to nodes
[1779286770] miner ID [4]:Confirmed block received from node
[1779286770] miner ID [4]:Lottery won but no transactions to mine
[1779286771] miner ID [4]:Bob pays Ilaria 34 coins
[1779286771] miner ID [4]:Alice pays Giacomo 75 coins
[1779286771] miner ID [4]:Francesco pays Ilaria 49 coins
[1779286771] miner ID [4]:Confirmed block received from node
[1779286771] miner ID [4]:Mining successful
[1779286771] miner ID [4]:Block sent to nodes
[1779286771] miner ID [4]:Confirmed block received from node
[1779286771] miner ID [4]:Lottery won but no transactions to mine
[1779286771] miner ID [4]:Confirmed block received from node
[1779286772] miner ID [4]:Bob pays Giovanna 71 coins
[1779286772] miner ID [4]:Giovanna pays Ilaria 58 coins
[1779286772] miner ID [4]:Alice pays Bob 43 coins
[1779286772] miner ID [4]:Alice pays Bob 42 coins
[1779286772] miner ID [4]:Giovanna pays Ilaria 49 coins
[1779286772] miner ID [4]:Giovanna pays Giacomo 82 coins
[1779286772] miner ID [4]:Giacomo pays Alice 40 coins
[1779286772] miner ID [4]:Francesco pays Alice 69 coins
[1779286773] miner ID [4]:Confirmed block received from node
[1779286773] miner ID [4]:Mining successful
[1779286773] miner ID [4]:Block sent to nodes
[1779286773] miner ID [4]:Confirmed block received from node
[1779286773] miner ID [4]:Lottery won but no transactions to mine
[1779286774] miner ID [4]:Confirmed block received from node
[1779286777] miner ID [4]:Confirmed block received from node
[1779286777] miner ID [4]:Confirmed block received from node
[1779286780] miner ID [4]:Alice pays Ilaria 32 coins
[1779286780] miner ID [4]:Francesco pays Giacomo 66 coins
[1779286780] miner ID [4]:Ilaria pays Alice 40 coins
[1779286780] miner ID [4]:Ilaria pays Francesco 5 coins
[1779286781] miner ID [4]:Confirmed block received from node
[1779286781] miner ID [4]:Confirmed block received from node
[1779286781] miner ID [4]:Confirmed block received from node
[1779286784] miner ID [4]:Bob pays Alice 75 coins
[1779286784] miner ID [4]:Alice pays Bob 91 coins
[1779286784] miner ID [4]:Francesco pays Alice 26 coins
[1779286784] miner ID [4]:Giacomo pays Giovanna 73 coins
[1779286784] miner ID [4]:Bob pays Francesco 15 coins
[1779286784] miner ID [4]:Alice pays Giovanna 71 coins
[1779286784] miner ID [4]:Giovanna pays Bob 44 coins
[1779286784] miner ID [4]:Ilaria pays Alice 77 coins
[1779286785] miner ID [4]:Confirmed block received from node
[1779286785] miner ID [4]:Mining successful
[1779286785] miner ID [4]:Block sent to nodes
[1779286785] miner ID [4]:Confirmed block received from node
[1779286785] miner ID [4]:Lottery won but no transactions to mine
[1779286786] miner ID [4]:Confirmed block received from node
[1779286789] miner ID [4]:Confirmed block received from node
[1779286790] miner ID [4]:Confirmed block received from node
[1779286791] miner ID [4]:Bob pays Ilaria 53 coins
[1779286791] miner ID [4]:Confirmed block received from node
[1779286793] miner ID [4]:Alice pays Giacomo 10 coins
[1779286793] miner ID [4]:Bob pays Giovanna 19 coins
[1779286793] miner ID [4]:Bob pays Ilaria 51 coins
[1779286793] miner ID [4]:Bob pays Giacomo 63 coins
[1779286793] miner ID [4]:Ilaria pays Francesco 82 coins
[1779286793] miner ID [4]:Francesco pays Giacomo 95 coins
[1779286795] miner ID [4]:Mining successful
[1779286795] miner ID [4]:Block sent to nodes
[1779286795] miner ID [4]:Confirmed block received from node
[1779286795] miner ID [4]:Lottery won but no transactions to mine
[1779286795] miner ID [4]:Confirmed block received from node
[1779286795] miner ID [4]:Lottery won but no transactions to mine
[1779286797] miner ID [4]:Confirmed block received from node
[1779286797] miner ID [4]:Lottery won but no transactions to mine
[1779286797] miner ID [4]:Confirmed block received from node
[1779286797] miner ID [4]:Lottery won but no transactions to mine
[1779286797] miner ID [4]:Confirmed block received from node
[1779286799] miner ID [4]:Confirmed block received from node
[1779286801] miner ID [4]:Confirmed block received from node
[1779286801] miner ID [4]:Lottery won but no transactions to mine
[1779286802] miner ID [4]:Giovanna pays Francesco 21 coins
[1779286802] miner ID [4]:Giovanna pays Ilaria 66 coins
[1779286802] miner ID [4]:Giacomo pays Francesco 12 coins
[1779286802] miner ID [4]:Giacomo pays Alice 38 coins
[1779286802] miner ID [4]:Francesco pays Bob 29 coins
[1779286802] miner ID [4]:Mining successful
[1779286802] miner ID [4]:Block sent to nodes
[1779286802] miner ID [4]:Confirmed block received from node
[1779286802] miner ID [4]:Confirmed block received from node
[1779286802] miner ID [4]:Lottery won but no transactions to mine
[1779286803] miner ID [4]:Confirmed block received from node
[1779286803] miner ID [4]:Lottery won but no transactions to mine
[1779286806] miner ID [4]:Giovanna pays Ilaria 62 coins
[1779286806] miner ID [4]:Alice pays Francesco 65 coins
[1779286806] miner ID [4]:Giacomo pays Francesco 73 coins
[1779286806] miner ID [4]:Mining successful
[1779286806] miner ID [4]:Block sent to nodes
[1779286806] miner ID [4]:Confirmed block received from node
[1779286806] miner ID [4]:Confirmed block received from node
[1779286807] miner ID [4]:Confirmed block received from node
[1779286807] miner ID [4]:Confirmed block received from node
[1779286808] miner ID [4]:Confirmed block received from node
[1779286808] miner ID [4]:Confirmed block received from node
[1779286808] miner ID [4]:Confirmed block received from node
[1779286808] miner ID [4]:Lottery won but no transactions to mine
[1779286809] miner ID [4]:Confirmed block received from node
[1779286811] miner ID [4]:Confirmed block received from node
[1779286812] miner ID [4]:Confirmed block received from node
[1779286812] miner ID [4]:Confirmed block received from node
[1779286812] miner ID [4]:Confirmed block received from node
[1779286814] miner ID [4]:Confirmed block received from node
[1779286814] miner ID [4]:Lottery won but no transactions to mine
[1779286814] miner ID [4]:Confirmed block received from node
[1779286814] miner ID [4]:Lottery won but no transactions to mine
[1779286815] miner ID [4]:Confirmed block received from node
[1779286816] miner ID [4]:Ilaria pays Giacomo 98 coins
[1779286816] miner ID [4]:Ilaria pays Giacomo 29 coins
[1779286816] miner ID [4]:Ilaria pays Giacomo 33 coins
[1779286816] miner ID [4]:Mining successful
[1779286816] miner ID [4]:Block sent to nodes
[1779286816] miner ID [4]:Confirmed block received from node
[1779286817] miner ID [4]:Confirmed block received from node
[1779286817] miner ID [4]:Confirmed block received from node
[1779286817] miner ID [4]:Lottery won but no transactions to mine
[1779286818] miner ID [4]:Ilaria pays Giovanna 36 coins
[1779286818] miner ID [4]:Giacomo pays Giovanna 6 coins
[1779286818] miner ID [4]:Bob pays Alice 63 coins
[1779286818] miner ID [4]:Ilaria pays Bob 6 coins
[1779286818] miner ID [4]:Mining successful
[1779286818] miner ID [4]:Block sent to nodes
[1779286818] miner ID [4]:Confirmed block received from node
[1779286821] miner ID [4]:Giovanna pays Alice 61 coins
[1779286821] miner ID [4]:Bob pays Francesco 92 coins
[1779286821] miner ID [4]:Giacomo pays Francesco 25 coins
[1779286821] miner ID [4]:Confirmed block received from node
[1779286821] miner ID [4]:Mining successful
[1779286821] miner ID [4]:Block sent to nodes
[1779286821] miner ID [4]:Confirmed block received from node
[1779286821] miner ID [4]:Lottery won but no transactions to mine
[1779286822] miner ID [4]:Confirmed block received from node
[1779286822] miner ID [4]:Confirmed block received from node
[1779286823] miner ID [4]:Confirmed block received from node
[1779286823] miner ID [4]:Lottery won but no transactions to mine
[1779286823] miner ID [4]:Confirmed block received from node
[1779286823] miner ID [4]:Lottery won but no transactions to mine
[1779286824] miner ID [4]:Confirmed block received from node
[1779286824] miner ID [4]:Confirmed block received from node
[1779286824] miner ID [4]:Bob pays Giovanna 18 coins
[1779286825] miner ID [4]:Confirmed block received from node
[1779286825] miner ID [4]:Mining successful
[1779286825] miner ID [4]:Block sent to nodes
[1779286826] miner ID [4]:Confirmed block received from node
[1779286827] miner ID [4]:Bob pays Ilaria 58 coins
[1779286827] miner ID [4]:Giacomo pays Ilaria 84 coins
[1779286827] miner ID [4]:Bob pays Ilaria 48 coins
[1779286827] miner ID [4]:Mining successful
[1779286827] miner ID [4]:Block sent to nodes
[1779286827] miner ID [4]:Confirmed block received from node
[1779286827] miner ID [4]:Lottery won but no transactions to mine
[1779286827] miner ID [4]:Confirmed block received from node
[1779286827] miner ID [4]:Lottery won but no transactions to mine
[1779286830] miner ID [4]:Bob pays Giacomo 89 coins
[1779286830] miner ID [4]:Bob pays Francesco 60 coins
[1779286830] miner ID [4]:Giacomo pays Bob 55 coins
[1779286830] miner ID [4]:Francesco pays Alice 66 coins
[1779286830] miner ID [4]:Mining successful
[1779286830] miner ID [4]:Block sent to nodes
[1779286830] miner ID [4]:Confirmed block received from node
[1779286830] miner ID [4]:Confirmed block received from node
[1779286830] miner ID [4]:Lottery won but no transactions to mine
[1779286830] miner ID [4]:Confirmed block received from node
[1779286831] miner ID [4]:Confirmed block received from node
[1779286834] miner ID [4]:Confirmed block received from node
[1779286836] miner ID [4]:Giovanna pays Ilaria 69 coins
[1779286836] miner ID [4]:Giovanna pays Alice 73 coins
[1779286836] miner ID [4]:Francesco pays Giacomo 57 coins
[1779286836] miner ID [4]:Francesco pays Giovanna 76 coins
[1779286836] miner ID [4]:Alice pays Bob 61 coins
[1779286836] miner ID [4]:Francesco pays Alice 73 coins
[1779286836] miner ID [4]:Ilaria pays Giovanna 88 coins
[1779286836] miner ID [4]:Confirmed block received from node
[1779286836] miner ID [4]:Mining successful
[1779286836] miner ID [4]:Block sent to nodes
[1779286836] miner ID [4]:Confirmed block received from node
[1779286836] miner ID [4]:Confirmed block received from node
[1779286836] miner ID [4]:Lottery won but no transactions to mine
[1779286839] miner ID [4]:Confirmed block received from node
[1779286839] miner ID [4]:Confirmed block received from node
[1779286841] miner ID [4]:Giovanna pays Alice 72 coins
[1779286841] miner ID [4]:Giovanna pays Ilaria 50 coins
[1779286841] miner ID [4]:Bob pays Giovanna 91 coins
[1779286841] miner ID [4]:Giacomo pays Giovanna 33 coins
[1779286841] miner ID [4]:Bob pays Francesco 66 coins
[1779286841] miner ID [4]:Francesco pays Alice 66 coins
[1779286841] miner ID [4]:Ilaria pays Giacomo 87 coins
[1779286841] miner ID [4]:Alice pays Francesco 21 coins
[1779286841] miner ID [4]:Mining successful
[1779286841] miner ID [4]:Block sent to nodes
[1779286841] miner ID [4]:Confirmed block received from node
[1779286841] miner ID [4]:Lottery won but no transactions to mine
[1779286842] miner ID [4]:Confirmed block received from node
[1779286842] miner ID [4]:Lottery won but no transactions to mine
[1779286843] miner ID [4]:Confirmed block received from node
[1779286843] miner ID [4]:Lottery won but no transactions to mine
[1779286844] miner ID [4]:Confirmed block received from node
[1779286844] miner ID [4]:Confirmed block received from node
[1779286845] miner ID [4]:Confirmed block received from node
[1779286846] miner ID [4]:Confirmed block received from node
[1779286846] miner ID [4]:Confirmed block received from node
[1779286847] miner ID [4]:Bob pays Giacomo 31 coins
[1779286847] miner ID [4]:Bob pays Francesco 27 coins
[1779286847] miner ID [4]:Giovanna pays Bob 34 coins
[1779286847] miner ID [4]:Giacomo pays Giovanna 21 coins
[1779286847] miner ID [4]:Confirmed block received from node
[1779286847] miner ID [4]:Confirmed block received from node
[1779286847] miner ID [4]:Mining successful
[1779286847] miner ID [4]:Block sent to nodes
[1779286848] miner ID [4]:Confirmed block received from node
[1779286848] miner ID [4]:Confirmed block received from node
[1779286848] miner ID [4]:Lottery won but no transactions to mine
[1779286849] miner ID [4]:Francesco pays Bob 83 coins
[1779286849] miner ID [4]:Giacomo pays Francesco 97 coins
[1779286849] miner ID [4]:Ilaria pays Giovanna 32 coins
[1779286849] miner ID [4]:Giacomo pays Francesco 95 coins
[1779286849] miner ID [4]:Alice pays Francesco 2 coins
[1779286849] miner ID [4]:Mining successful
[1779286849] miner ID [4]:Block sent to nodes
[1779286849] miner ID [4]:Confirmed block received from node
[1779286849] miner ID [4]:Lottery won but no transactions to mine
[1779286852] miner ID [4]:Francesco pays Alice 11 coins
[1779286852] miner ID [4]:Ilaria pays Alice 93 coins
[1779286852] miner ID [4]:Giovanna pays Francesco 68 coins
[1779286852] miner ID [4]:Giacomo pays Giovanna 87 coins
[1779286852] miner ID [4]:Francesco pays Ilaria 90 coins
[1779286853] miner ID [4]:Giacomo pays Giovanna 3 coins
[1779286853] miner ID [4]:Confirmed block received from node
[1779286853] miner ID [4]:Mining successful
[1779286853] miner ID [4]:Block sent to nodes
[1779286853] miner ID [4]:Confirmed block received from node
[1779286853] miner ID [4]:Confirmed block received from node
[1779286853] miner ID [4]:Lottery won but no transactions to mine
[1779286854] miner ID [4]:Confirmed block received from node
[1779286854] miner ID [4]:Lottery won but no transactions to mine
[1779286855] miner ID [4]:Confirmed block received from node
[1779286856] miner ID [4]:Confirmed block received from node
[1779286856] miner ID [4]:Lottery won but no transactions to mine
[1779286856] miner ID [4]:Confirmed block received from node
[1779286856] miner ID [4]:Lottery won but no transactions to mine
[1779286857] miner ID [4]:Bob pays Alice 92 coins
[1779286857] miner ID [4]:Francesco pays Bob 41 coins
[1779286857] miner ID [4]:Giacomo pays Francesco 41 coins
[1779286857] miner ID [4]:Mining successful
[1779286857] miner ID [4]:Block sent to nodes
[1779286857] miner ID [4]:Confirmed block received from node
[1779286857] miner ID [4]:Confirmed block received from node
[1779286858] miner ID [4]:Ilaria pays Bob 20 coins
[1779286858] miner ID [4]:Bob pays Giovanna 13 coins
[1779286858] miner ID [4]:Alice pays Giacomo 93 coins
[1779286858] miner ID [4]:Bob pays Giovanna 75 coins
[1779286858] miner ID [4]:Mining successful
[1779286858] miner ID [4]:Block sent to nodes
[1779286858] miner ID [4]:Confirmed block received from node
[1779286858] miner ID [4]:Confirmed block received from node
[1779286858] miner ID [4]:Lottery won but no transactions to mine
[1779286859] miner ID [4]:Confirmed block received from node
[1779286859] miner ID [4]:Lottery won but no transactions to mine
[1779286860] miner ID [4]:Confirmed block received from node
[1779286860] miner ID [4]:Lottery won but no transactions to mine
[1779286860] miner ID [4]:Confirmed block received from node
[1779286860] miner ID [4]:Lottery won but no transactions to mine
[1779286861] miner ID [4]:Confirmed block received from node
[1779286861] miner ID [4]:Lottery won but no transactions to mine
[1779286861] miner ID [4]:Confirmed block received from node
[1779286861] miner ID [4]:Lottery won but no transactions to mine
[1779286862] miner ID [4]:Confirmed block received from node
[1779286862] miner ID [4]:Lottery won but no transactions to mine
[1779286863] miner ID [4]:Confirmed block received from node
[1779286864] miner ID [4]:Confirmed block received from node
[1779286864] miner ID [4]:Lottery won but no transactions to mine
[1779286865] miner ID [4]:Alice pays Ilaria 74 coins
[1779286865] miner ID [4]:Confirmed block received from node
[1779286867] miner ID [4]:Francesco pays Giacomo 40 coins
[1779286867] miner ID [4]:Ilaria pays Alice 75 coins
[1779286867] miner ID [4]:Giovanna pays Alice 82 coins
[1779286867] miner ID [4]:Giovanna pays Giacomo 13 coins
[1779286867] miner ID [4]:Mining successful
[1779286867] miner ID [4]:Block sent to nodes
[1779286867] miner ID [4]:Confirmed block received from node
[1779286867] miner ID [4]:Lottery won but no transactions to mine
[1779286867] miner ID [4]:Confirmed block received from node
[1779286867] miner ID [4]:Francesco pays Alice 35 coins
[1779286868] miner ID [4]:Confirmed block received from node
[1779286868] miner ID [4]:Mining successful
[1779286868] miner ID [4]:Block sent to nodes
[1779286868] miner ID [4]:Confirmed block received from node
[1779286869] miner ID [4]:Alice pays Giacomo 51 coins
[1779286869] miner ID [4]:Ilaria pays Giacomo 65 coins
[1779286869] miner ID [4]:Bob pays Francesco 73 coins
[1779286869] miner ID [4]:Ilaria pays Giacomo 23 coins
[1779286869] miner ID [4]:Francesco pays Ilaria 98 coins
[1779286869] miner ID [4]:Giovanna pays Alice 79 coins
[1779286869] miner ID [4]:Giacomo pays Giovanna 47 coins
[1779286869] miner ID [4]:Francesco pays Giovanna 97 coins
[1779286869] miner ID [4]:Mining successful
[1779286869] miner ID [4]:Block sent to nodes
[1779286869] miner ID [4]:Confirmed block received from node
[1779286870] miner ID [4]:Ilaria pays Giovanna 85 coins
[1779286870] miner ID [4]:Bob pays Giacomo 20 coins
[1779286870] miner ID [4]:Giacomo pays Francesco 84 coins
[1779286870] miner ID [4]:Ilaria pays Bob 66 coins
[1779286870] miner ID [4]:Alice pays Giacomo 76 coins
[1779286870] miner ID [4]:Bob pays Giacomo 54 coins
[1779286870] miner ID [4]:Giacomo pays Giovanna 5 coins
[1779286870] miner ID [4]:Francesco pays Giacomo 93 coins
[1779286871] miner ID [4]:Confirmed block received from node
[1779286871] miner ID [4]:Mining successful
[1779286871] miner ID [4]:Block sent to nodes
[1779286871] miner ID [4]:Confirmed block received from node
[1779286871] miner ID [4]:Lottery won but no transactions to mine
[1779286873] miner ID [4]:Confirmed block received from node
[1779286873] miner ID [4]:Lottery won but no transactions to mine
[1779286876] miner ID [4]:Confirmed block received from node
[1779286876] miner ID [4]:Confirmed block received from node
[1779286876] miner ID [4]:Confirmed block received from node
[1779286878] miner ID [4]:Confirmed block received from node
[1779286879] miner ID [4]:Confirmed block received from node
[1779286879] miner ID [4]:Lottery won but no transactions to mine
[1779286879] miner ID [4]:Confirmed block received from node
[1779286880] miner ID [4]:Francesco pays Giacomo 76 coins
[1779286880] miner ID [4]:Bob pays Giovanna 50 coins
[1779286880] miner ID [4]:Giacomo pays Giovanna 44 coins
[1779286880] miner ID [4]:Francesco pays Giacomo 80 coins
[1779286880] miner ID [4]:Giacomo pays Francesco 93 coins
[1779286880] miner ID [4]:Mining successful
[1779286880] miner ID [4]:Block sent to nodes
[1779286880] miner ID [4]:Confirmed block received from node
[1779286880] miner ID [4]:Confirmed block received from node
[1779286880] miner ID [4]:Lottery won but no transactions to mine
[1779286882] miner ID [4]:Confirmed block received from node
[1779286882] miner ID [4]:Lottery won but no transactions to mine
[1779286882] miner ID [4]:Confirmed block received from node
[1779286882] miner ID [4]:Lottery won but no transactions to mine
[1779286884] miner ID [4]:Bob pays Giacomo 6 coins
[1779286884] miner ID [4]:Francesco pays Giovanna 60 coins
[1779286884] miner ID [4]:Mining successful
[1779286884] miner ID [4]:Block sent to nodes
[1779286884] miner ID [4]:Confirmed block received from node
[1779286884] miner ID [4]:Lottery won but no transactions to mine
[1779286885] miner ID [4]:Confirmed block received from node
[1779286885] miner ID [4]:Francesco pays Alice 18 coins
[1779286885] miner ID [4]:Francesco pays Giovanna 31 coins
[1779286885] miner ID [4]:Bob pays Ilaria 41 coins
[1779286885] miner ID [4]:Bob pays Giacomo 49 coins
[1779286885] miner ID [4]:Mining successful
[1779286885] miner ID [4]:Block sent to nodes
[1779286885] miner ID [4]:Confirmed block received from node
[1779286885] miner ID [4]:Lottery won but no transactions to mine
[1779286887] miner ID [4]:Giovanna pays Francesco 60 coins
[1779286887] miner ID [4]:Bob pays Giovanna 98 coins
[1779286887] miner ID [4]:Giacomo pays Ilaria 52 coins
[1779286887] miner ID [4]:Confirmed block received from node
[1779286887] miner ID [4]:Mining successful
[1779286887] miner ID [4]:Block sent to nodes
[1779286887] miner ID [4]:Confirmed block received from node
[1779286887] miner ID [4]:Lottery won but no transactions to mine
[1779286888] miner ID [4]:Confirmed block received from node
[1779286890] miner ID [4]:Confirmed block received from node
[1779286890] miner ID [4]:Lottery won but no transactions to mine
[1779286892] miner ID [4]:Confirmed block received from node
[1779286892] miner ID [4]:Confirmed block received from node
[1779286892] miner ID [4]:Lottery won but no transactions to mine
[1779286893] miner ID [4]:Giovanna pays Ilaria 7 coins
[1779286893] miner ID [4]:Alice pays Giacomo 4 coins
[1779286893] miner ID [4]:Giacomo pays Francesco 54 coins
[1779286893] miner ID [4]:Bob pays Giacomo 17 coins
[1779286894] miner ID [4]:Confirmed block received from node
[1779286894] miner ID [4]:Confirmed block received from node
[1779286894] miner ID [4]:Mining successful
[1779286894] miner ID [4]:Block sent to nodes
[1779286894] miner ID [4]:Confirmed block received from node
[1779286894] miner ID [4]:Lottery won but no transactions to mine
[1779286896] miner ID [4]:Confirmed block received from node
[1779286896] miner ID [4]:Lottery won but no transactions to mine
[1779286896] miner ID [4]:Confirmed block received from node
[1779286897] miner ID [4]:Confirmed block received from node
[1779286897] miner ID [4]:Lottery won but no transactions to mine
[1779286898] miner ID [4]:Confirmed block received from node
[1779286898] miner ID [4]:Lottery won but no transactions to mine
[1779286898] miner ID [4]:Confirmed block received from node
[1779286898] miner ID [4]:Lottery won but no transactions to mine
[1779286899] miner ID [4]:Confirmed block received from node
[1779286899] miner ID [4]:Lottery won but no transactions to mine
[1779286900] miner ID [4]:Alice pays Bob 57 coins
[1779286900] miner ID [4]:Giovanna pays Ilaria 59 coins
[1779286900] miner ID [4]:Giacomo pays Francesco 98 coins
[1779286900] miner ID [4]:Bob pays Giovanna 55 coins
[1779286900] miner ID [4]:Francesco pays Bob 52 coins
[1779286900] miner ID [4]:Alice pays Giovanna 15 coins
[1779286900] miner ID [4]:Giovanna pays Ilaria 10 coins
[1779286900] miner ID [4]:Bob pays Giovanna 68 coins
[1779286900] miner ID [4]:Mining successful
[1779286900] miner ID [4]:Block sent to nodes
[1779286900] miner ID [4]:Confirmed block received from node
[1779286900] miner ID [4]:Lottery won but no transactions to mine
[1779286903] miner ID [4]:Bob pays Giacomo 69 coins
[1779286903] miner ID [4]:Bob pays Francesco 19 coins
[1779286903] miner ID [4]:Ilaria pays Francesco 39 coins
[1779286903] miner ID [4]:Alice pays Giacomo 14 coins
[1779286903] miner ID [4]:Alice pays Giovanna 80 coins
[1779286903] miner ID [4]:Confirmed block received from node
[1779286904] miner ID [4]:Confirmed block received from node
[1779286905] miner ID [4]:Confirmed block received from node
[1779286905] miner ID [4]:Mining successful
[1779286905] miner ID [4]:Block sent to nodes
[1779286905] miner ID [4]:Confirmed block received from node
[1779286906] miner ID [4]:Confirmed block received from node
[1779286906] miner ID [4]:Lottery won but no transactions to mine
[1779286907] miner ID [4]:Giacomo pays Alice 63 coins
[1779286907] miner ID [4]:Giovanna pays Giacomo 35 coins
[1779286907] miner ID [4]:Giacomo pays Giovanna 26 coins
[1779286907] miner ID [4]:Alice pays Francesco 42 coins
[1779286907] miner ID [4]:Mining successful
[1779286907] miner ID [4]:Block sent to nodes
[1779286907] miner ID [4]:Confirmed block received from node
[1779286909] miner ID [4]:Alice pays Ilaria 25 coins
[1779286909] miner ID [4]:Bob pays Giovanna 99 coins
[1779286909] miner ID [4]:Alice pays Ilaria 76 coins
[1779286909] miner ID [4]:Confirmed block received from node
[1779286909] miner ID [4]:Mining successful
[1779286909] miner ID [4]:Block sent to nodes
[1779286909] miner ID [4]:Confirmed block received from node
[1779286909] miner ID [4]:Lottery won but no transactions to mine
[1779286909] miner ID [4]:Confirmed block received from node
[1779286909] miner ID [4]:Lottery won but no transactions to mine
[1779286911] miner ID [4]:Confirmed block received from node
[1779286911] miner ID [4]:Lottery won but no transactions to mine
[1779286911] miner ID [4]:Confirmed block received from node
[1779286912] miner ID [4]:Confirmed block received from node
[1779286912] miner ID [4]:Giacomo pays Bob 51 coins
[1779286912] miner ID [4]:Mining successful
[1779286912] miner ID [4]:Block sent to nodes
[1779286913] miner ID [4]:Confirmed block received from node
[1779286913] miner ID [4]:Giovanna pays Giacomo 65 coins
[1779286913] miner ID [4]:Bob pays Ilaria 55 coins
[1779286913] miner ID [4]:Mining successful
[1779286913] miner ID [4]:Block sent to nodes
[1779286913] miner ID [4]:Confirmed block received from node
[1779286913] miner ID [4]:Lottery won but no transactions to mine
[1779286913] miner ID [4]:Confirmed block received from node
[1779286915] miner ID [4]:Confirmed block received from node
[1779286915] miner ID [4]:Confirmed block received from node
[1779286915] miner ID [4]:Lottery won but no transactions to mine
[1779286915] miner ID [4]:Confirmed block received from node
[1779286916] miner ID [4]:Confirmed block received from node
[1779286916] miner ID [4]:Lottery won but no transactions to mine
[1779286918] miner ID [4]:Giovanna pays Alice 10 coins
[1779286918] miner ID [4]:Ilaria pays Giacomo 78 coins
[1779286918] miner ID [4]:Francesco pays Giovanna 54 coins
[1779286918] miner ID [4]:Ilaria pays Giacomo 42 coins
[1779286918] miner ID [4]:Ilaria pays Giovanna 46 coins
[1779286918] miner ID [4]:Ilaria pays Giacomo 6 coins
[1779286918] miner ID [4]:Giacomo pays Francesco 7 coins
[1779286918] miner ID [4]:Bob pays Ilaria 50 coins
[1779286919] miner ID [4]:Mining successful
[1779286919] miner ID [4]:Block sent to nodes
[1779286919] miner ID [4]:Confirmed block received from node
[1779286919] miner ID [4]:Lottery won but no transactions to mine
[1779286919] miner ID [4]:Confirmed block received from node
[1779286920] miner ID [4]:Confirmed block received from node
[1779286920] miner ID [4]:Lottery won but no transactions to mine
[1779286920] miner ID [4]:Confirmed block received from node
[1779286922] miner ID [4]:Confirmed block received from node
[1779286922] miner ID [4]:Confirmed block received from node
[1779286923] miner ID [4]:Giacomo pays Francesco 27 coins
[1779286923] miner ID [4]:Giacomo pays Giovanna 68 coins
[1779286923] miner ID [4]:Mining successful
[1779286923] miner ID [4]:Block sent to nodes
[1779286923] miner ID [4]:Confirmed block received from node
[1779286923] miner ID [4]:Lottery won but no transactions to mine
[1779286924] miner ID [4]:Confirmed block received from node
[1779286924] miner ID [4]:Lottery won but no transactions to mine
[1779286926] miner ID [4]:Confirmed block received from node
[1779286927] miner ID [4]:Confirmed block received from node
[1779286927] miner ID [4]:Confirmed block received from node
[1779286928] miner ID [4]:Alice pays Giovanna 36 coins
[1779286928] miner ID [4]:Giovanna pays Bob 98 coins
[1779286928] miner ID [4]:Giacomo pays Francesco 47 coins
[1779286928] miner ID [4]:Mining successful
[1779286928] miner ID [4]:Block sent to nodes
[1779286928] miner ID [4]:Confirmed block received from node
[1779286929] miner ID [4]:Confirmed block received from node
[1779286929] miner ID [4]:Confirmed block received from node
[1779286932] miner ID [4]:Confirmed block received from node
[1779286932] miner ID [4]:Giovanna pays Giacomo 43 coins
[1779286932] miner ID [4]:Giacomo pays Giovanna 49 coins
[1779286932] miner ID [4]:Mining successful
[1779286932] miner ID [4]:Block sent to nodes
[1779286933] miner ID [4]:Confirmed block received from node
[1779286933] miner ID [4]:Lottery won but no transactions to mine
[1779286933] miner ID [4]:Confirmed block received from node
[1779286933] miner ID [4]:Lottery won but no transactions to mine
[1779286934] miner ID [4]:Confirmed block received from node
[1779286934] miner ID [4]:Confirmed block received from node
[1779286934] miner ID [4]:Lottery won but no transactions to mine
[1779286935] miner ID [4]:Giovanna pays Bob 27 coins
[1779286935] miner ID [4]:Alice pays Giovanna 81 coins
[1779286935] miner ID [4]:Francesco pays Giacomo 39 coins
[1779286935] miner ID [4]:Ilaria pays Giovanna 71 coins
[1779286935] miner ID [4]:Mining successful
[1779286935] miner ID [4]:Block sent to nodes
[1779286935] miner ID [4]:Confirmed block received from node
[1779286937] miner ID [4]:Ilaria pays Giacomo 99 coins
[1779286937] miner ID [4]:Giovanna pays Ilaria 50 coins
[1779286937] miner ID [4]:Giovanna pays Alice 62 coins
[1779286937] miner ID [4]:Giacomo pays Ilaria 83 coins
[1779286938] miner ID [4]:Confirmed block received from node
[1779286938] miner ID [4]:Mining successful
[1779286938] miner ID [4]:Block sent to nodes
[1779286938] miner ID [4]:Confirmed block received from node
[1779286938] miner ID [4]:Confirmed block received from node
[1779286938] miner ID [4]:Lottery won but no transactions to mine
[1779286940] miner ID [4]:Confirmed block received from node
[1779286940] miner ID [4]:Lottery won but no transactions to mine
[1779286942] miner ID [4]:Confirmed block received from node
[1779286942] miner ID [4]:Lottery won but no transactions to mine
[1779286943] miner ID [4]:Giovanna pays Bob 68 coins
[1779286943] miner ID [4]:Giacomo pays Alice 42 coins
[1779286943] miner ID [4]:Giovanna pays Ilaria 77 coins
[1779286943] miner ID [4]:Bob pays Alice 47 coins
[1779286943] miner ID [4]:Confirmed block received from node
[1779286943] miner ID [4]:Confirmed block received from node
[1779286944] miner ID [4]:Confirmed block received from node
[1779286944] miner ID [4]:Mining successful
[1779286944] miner ID [4]:Block sent to nodes
[1779286944] miner ID [4]:Confirmed block received from node
[1779286944] miner ID [4]:Lottery won but no transactions to mine
[1779286944] miner ID [4]:Confirmed block received from node
[1779286945] miner ID [4]:Confirmed block received from node
[1779286945] miner ID [4]:Lottery won but no transactions to mine
[1779286948] miner ID [4]:Giovanna pays Francesco 26 coins
[1779286948] miner ID [4]:Ilaria pays Francesco 49 coins
[1779286948] miner ID [4]:Confirmed block received from node
[1779286948] miner ID [4]:Mining successful
[1779286948] miner ID [4]:Block sent to nodes
[1779286948] miner ID [4]:Confirmed block received from node
[1779286949] miner ID [4]:Confirmed block received from node
[1779286952] miner ID [4]:Confirmed block received from node
[1779286952] miner ID [4]:Lottery won but no transactions to mine
[1779286952] miner ID [4]:Confirmed block received from node
[1779286955] miner ID [4]:Giacomo pays Ilaria 51 coins
[1779286955] miner ID [4]:Bob pays Ilaria 58 coins
[1779286955] miner ID [4]:Giacomo pays Alice 68 coins
[1779286955] miner ID [4]:Confirmed block received from node
[1779286955] miner ID [4]:Mining successful
[1779286955] miner ID [4]:Block sent to nodes
[1779286955] miner ID [4]:Confirmed block received from node
[1779286956] miner ID [4]:Confirmed block received from node
[1779286956] miner ID [4]:Giovanna pays Alice 10 coins
[1779286956] miner ID [4]:Confirmed block received from node
[1779286956] miner ID [4]:Confirmed block received from node
[1779286957] miner ID [4]:Giovanna pays Ilaria 21 coins
[1779286957] miner ID [4]:Giacomo pays Alice 80 coins
[1779286957] miner ID [4]:Alice pays Bob 25 coins
[1779286957] miner ID [4]:Ilaria pays Alice 53 coins
[1779286957] miner ID [4]:Francesco pays Giovanna 71 coins
[1779286957] miner ID [4]:Mining successful
[1779286957] miner ID [4]:Block sent to nodes
[1779286957] miner ID [4]:Confirmed block received from node
[1779286957] miner ID [4]:Lottery won but no transactions to mine
[1779286958] miner ID [4]:Confirmed block received from node
[1779286958] miner ID [4]:Lottery won but no transactions to mine
[1779286959] miner ID [4]:Confirmed block received from node
[1779286960] miner ID [4]:Bob pays Francesco 48 coins
[1779286960] miner ID [4]:Bob pays Alice 81 coins
[1779286960] miner ID [4]:Bob pays Giacomo 43 coins
[1779286960] miner ID [4]:Francesco pays Bob 52 coins
[1779286960] miner ID [4]:Bob pays Francesco 38 coins
[1779286960] miner ID [4]:Mining successful
[1779286960] miner ID [4]:Block sent to nodes
[1779286960] miner ID [4]:Confirmed block received from node
[1779286960] miner ID [4]:Confirmed block received from node
[1779286962] miner ID [4]:Confirmed block received from node
[1779286966] miner ID [4]:Confirmed block received from node
[1779286966] miner ID [4]:Lottery won but no transactions to mine
[1779286966] miner ID [4]:Confirmed block received from node
[1779286966] miner ID [4]:Confirmed block received from node
[1779286967] miner ID [4]:Confirmed block received from node
[1779286970] miner ID [4]:Confirmed block received from node
[1779286970] miner ID [4]:Lottery won but no transactions to mine
[1779286970] miner ID [4]:Confirmed block received from node
[1779286970] miner ID [4]:Lottery won but no transactions to mine
[1779286973] miner ID [4]:Lottery won but no transactions to mine
[1779286973] miner ID [4]:Confirmed block received from node
[1779286973] miner ID [4]:Lottery won but no transactions to mine
[1779286975] miner ID [4]:Giovanna pays Giacomo 23 coins
[1779286975] miner ID [4]:Ilaria pays Giovanna 47 coins
[1779286975] miner ID [4]:Francesco pays Ilaria 15 coins
[1779286975] miner ID [4]:Alice pays Giacomo 80 coins
[1779286975] miner ID [4]:Ilaria pays Giacomo 14 coins
[1779286975] miner ID [4]:Francesco pays Alice 75 coins
[1779286975] miner ID [4]:Giovanna pays Giacomo 49 coins
[1779286975] miner ID [4]:Ilaria pays Alice 68 coins
[1779286976] miner ID [4]:Confirmed block received from node
[1779286976] miner ID [4]:Mining successful
[1779286976] miner ID [4]:Block sent to nodes
[1779286976] miner ID [4]:Confirmed block received from node
[1779286978] miner ID [4]:Ilaria pays Giacomo 86 coins
[1779286978] miner ID [4]:Ilaria pays Giacomo 26 coins
[1779286978] miner ID [4]:Francesco pays Bob 69 coins
[1779286978] miner ID [4]:Francesco pays Bob 35 coins
[1779286978] miner ID [4]:Mining successful
[1779286978] miner ID [4]:Block sent to nodes
[1779286978] miner ID [4]:Confirmed block received from node
[1779286978] miner ID [4]:Confirmed block received from node
[1779286978] miner ID [4]:Lottery won but no transactions to mine
[1779286979] miner ID [4]:Confirmed block received from node
[1779286979] miner ID [4]:Bob pays Francesco 94 coins
[1779286979] miner ID [4]:Giovanna pays Ilaria 68 coins
[1779286979] miner ID [4]:Mining successful
[1779286979] miner ID [4]:Block sent to nodes
[1779286979] miner ID [4]:Confirmed block received from node
[1779286979] miner ID [4]:Lottery won but no transactions to mine
[1779286979] miner ID [4]:Confirmed block received from node
[1779286980] miner ID [4]:Confirmed block received from node
[1779286980] miner ID [4]:Lottery won but no transactions to mine
[1779286981] miner ID [4]:Confirmed block received from node
[1779286981] miner ID [4]:Lottery won but no transactions to mine
[1779286984] miner ID [4]:Confirmed block received from node
[1779286984] miner ID [4]:Lottery won but no transactions to mine
[1779286984] miner ID [4]:Confirmed block received from node
[1779286984] miner ID [4]:Confirmed block received from node
[1779286985] miner ID [4]:Confirmed block received from node
[1779286985] miner ID [4]:Lottery won but no transactions to mine
[1779286986] miner ID [4]:Giacomo pays Bob 50 coins
[1779286986] miner ID [4]:Alice pays Francesco 87 coins
[1779286986] miner ID [4]:Giovanna pays Alice 57 coins
[1779286986] miner ID [4]:Francesco pays Alice 52 coins
[1779286986] miner ID [4]:Ilaria pays Francesco 87 coins
[1779286986] miner ID [4]:Francesco pays Bob 1 coins
[1779286986] miner ID [4]:Ilaria pays Alice 39 coins
[1779286986] miner ID [4]:Bob pays Alice 72 coins
[1779286986] miner ID [4]:Mining successful
[1779286986] miner ID [4]:Block sent to nodes
[1779286986] miner ID [4]:Confirmed block received from node
[1779286986] miner ID [4]:Lottery won but no transactions to mine
[1779286988] miner ID [4]:Confirmed block received from node
[1779286988] miner ID [4]:Confirmed block received from node
[1779286988] miner ID [4]:Lottery won but no transactions to mine
[1779286988] miner ID [4]:Confirmed block received from node
[1779286989] miner ID [4]:Confirmed block received from node
[1779286989] miner ID [4]:Lottery won but no transactions to mine
[1779286991] miner ID [4]:Confirmed block received from node
[1779286991] miner ID [4]:Lottery won but no transactions to mine
[1779286992] miner ID [4]:Confirmed block received from node
[1779286992] miner ID [4]:Confirmed block received from node
[1779286993] miner ID [4]:Confirmed block received from node
[1779286993] miner ID [4]:Alice pays Ilaria 72 coins
[1779286993] miner ID [4]:Confirmed block received from node
[1779286993] miner ID [4]:Confirmed block received from node
[1779286994] miner ID [4]:Francesco pays Ilaria 45 coins
[1779286994] miner ID [4]:Alice pays Francesco 72 coins
[1779286994] miner ID [4]:Mining successful
[1779286994] miner ID [4]:Block sent to nodes
[1779286994] miner ID [4]:Confirmed block received from node
[1779286994] miner ID [4]:Lottery won but no transactions to mine
[1779286995] miner ID [4]:Confirmed block received from node
[1779286995] miner ID [4]:Lottery won but no transactions to mine
[1779286996] miner ID [4]:Confirmed block received from node
[1779286996] miner ID [4]:Lottery won but no transactions to mine
[1779286997] miner ID [4]:Francesco pays Ilaria 33 coins
[1779286997] miner ID [4]:Giovanna pays Ilaria 36 coins
[1779286997] miner ID [4]:Alice pays Francesco 98 coins
[1779286999] miner ID [4]:Confirmed block received from node
[1779286999] miner ID [4]:Confirmed block received from node
[1779286999] miner ID [4]:Mining successful
[1779286999] miner ID [4]:Block sent to nodes
[1779286999] miner ID [4]:Confirmed block received from node
[1779286999] miner ID [4]:Lottery won but no transactions to mine
[1779287001] miner ID [4]:Confirmed block received from node
[1779287002] miner ID [4]:Confirmed block received from node
[1779287002] miner ID [4]:Lottery won but no transactions to mine
[1779287005] miner ID [4]:Confirmed block received from node
[1779287005] miner ID [4]:Confirmed block received from node
[1779287005] miner ID [4]:Confirmed block received from node
[1779287005] miner ID [4]:Lottery won but no transactions to mine
[1779287006] miner ID [4]:Confirmed block received from node
[1779287006] miner ID [4]:Lottery won but no transactions to mine
[1779287008] miner ID [4]:Confirmed block received from node
[1779287008] miner ID [4]:Confirmed block received from node
[1779287008] miner ID [4]:Lottery won but no transactions to mine
[1779287009] miner ID [4]:Confirmed block received from node
[1779287009] miner ID [4]:Lottery won but no transactions to mine
[1779287010] miner ID [4]:Alice pays Bob 59 coins
[1779287010] miner ID [4]:Bob pays Alice 86 coins
[1779287010] miner ID [4]:Giovanna pays Giacomo 8 coins
[1779287010] miner ID [4]:Alice pays Bob 58 coins
[1779287010] miner ID [4]:Bob pays Giovanna 21 coins
[1779287010] miner ID [4]:Giacomo pays Giovanna 76 coins
[1779287010] miner ID [4]:Ilaria pays Giacomo 24 coins
[1779287010] miner ID [4]:Giovanna pays Giacomo 55 coins
[1779287011] miner ID [4]:Confirmed block received from node
[1779287014] miner ID [4]:Francesco pays Bob 35 coins
[1779287014] miner ID [4]:Mining successful
[1779287014] miner ID [4]:Block sent to nodes
[1779287014] miner ID [4]:Confirmed block received from node
[1779287014] miner ID [4]:Lottery won but no transactions to mine
[1779287014] miner ID [4]:Confirmed block received from node
[1779287014] miner ID [4]:Confirmed block received from node
[1779287014] miner ID [4]:Lottery won but no transactions to mine
[1779287015] miner ID [4]:Confirmed block received from node
[1779287016] miner ID [4]:Alice pays Ilaria 23 coins
[1779287016] miner ID [4]:Ilaria pays Giovanna 67 coins
[1779287016] miner ID [4]:Ilaria pays Francesco 42 coins
[1779287016] miner ID [4]:Confirmed block received from node
[1779287016] miner ID [4]:Mining successful
[1779287016] miner ID [4]:Block sent to nodes
[1779287016] miner ID [4]:Confirmed block received from node
[1779287016] miner ID [4]:Lottery won but no transactions to mine
[1779287017] miner ID [4]:Confirmed block received from node
[1779287017] miner ID [4]:Lottery won but no transactions to mine
[1779287017] miner ID [4]:Confirmed block received from node
[1779287017] miner ID [4]:Confirmed block received from node
[1779287017] miner ID [4]:Lottery won but no transactions to mine
[1779287018] miner ID [4]:Confirmed block received from node
[1779287021] miner ID [4]:Confirmed block received from node
[1779287021] miner ID [4]:Francesco pays Alice 24 coins
[1779287021] miner ID [4]:Mining successful
[1779287021] miner ID [4]:Block sent to nodes
[1779287021] miner ID [4]:Confirmed block received from node
[1779287022] miner ID [4]:Giacomo pays Bob 50 coins
[1779287022] miner ID [4]:Bob pays Alice 60 coins
[1779287022] miner ID [4]:Ilaria pays Alice 48 coins
[1779287022] miner ID [4]:Alice pays Bob 80 coins
[1779287022] miner ID [4]:Mining successful
[1779287022] miner ID [4]:Block sent to nodes
[1779287022] miner ID [4]:Confirmed block received from node
[1779287023] miner ID [4]:Confirmed block received from node
[1779287023] miner ID [4]:Lottery won but no transactions to mine
[1779287023] miner ID [4]:Confirmed block received from node
[1779287023] miner ID [4]:Confirmed block received from node
[1779287027] miner ID [4]:Bob pays Ilaria 35 coins
[1779287027] miner ID [4]:Francesco pays Ilaria 30 coins
[1779287027] miner ID [4]:Bob pays Giovanna 28 coins
[1779287027] miner ID [4]:Ilaria pays Giovanna 6 coins
[1779287027] miner ID [4]:Ilaria pays Francesco 21 coins
[1779287027] miner ID [4]:Confirmed block received from node
[1779287027] miner ID [4]:Confirmed block received from node
[1779287027] miner ID [4]:Mining successful
[1779287027] miner ID [4]:Block sent to nodes
[1779287027] miner ID [4]:Confirmed block received from node
[1779287027] miner ID [4]:Lottery won but no transactions to mine
[1779287030] miner ID [4]:Confirmed block received from node
[1779287030] miner ID [4]:Confirmed block received from node
[1779287030] miner ID [4]:Lottery won but no transactions to mine
[1779287031] miner ID [4]:Confirmed block received from node
[1779287033] miner ID [4]:Confirmed block received from node
[1779287033] miner ID [4]:Lottery won but no transactions to mine
[1779287034] miner ID [4]:Alice pays Ilaria 14 coins
[1779287034] miner ID [4]:Giovanna pays Francesco 59 coins
[1779287034] miner ID [4]:Alice pays Giovanna 23 coins
[1779287034] miner ID [4]:Ilaria pays Alice 50 coins
[1779287034] miner ID [4]:Mining successful
[1779287034] miner ID [4]:Block sent to nodes
[1779287034] miner ID [4]:Confirmed block received from node
[1779287034] miner ID [4]:Lottery won but no transactions to mine
[1779287034] miner ID [4]:Confirmed block received from node
[1779287034] miner ID [4]:Lottery won but no transactions to mine
[1779287037] miner ID [4]:Francesco pays Alice 58 coins
[1779287037] miner ID [4]:Alice pays Giacomo 80 coins
[1779287037] miner ID [4]:Giacomo pays Francesco 35 coins
[1779287037] miner ID [4]:Giovanna pays Ilaria 79 coins
[1779287037] miner ID [4]:Francesco pays Alice 70 coins
[1779287037] miner ID [4]:Giovanna pays Bob 24 coins
[1779287037] miner ID [4]:Francesco pays Bob 61 coins
[1779287037] miner ID [4]:Francesco pays Giovanna 40 coins
[1779287037] miner ID [4]:Mining successful
[1779287037] miner ID [4]:Block sent to nodes
[1779287037] miner ID [4]:Confirmed block received from node
[1779287037] miner ID [4]:Confirmed block received from node
[1779287037] miner ID [4]:Lottery won but no transactions to mine
[1779287040] miner ID [4]:Confirmed block received from node
[1779287040] miner ID [4]:Lottery won but no transactions to mine
[1779287041] miner ID [4]:Confirmed block received from node
[1779287041] miner ID [4]:Confirmed block received from node
[1779287045] miner ID [4]:Giacomo pays Giovanna 68 coins
[1779287045] miner ID [4]:Giacomo pays Bob 38 coins
[1779287045] miner ID [4]:Giovanna pays Bob 48 coins
[1779287045] miner ID [4]:Francesco pays Ilaria 98 coins
[1779287045] miner ID [4]:Giovanna pays Giacomo 32 coins
[1779287045] miner ID [4]:Ilaria pays Alice 18 coins
[1779287045] miner ID [4]:Confirmed block received from node
[1779287045] miner ID [4]:Mining successful
[1779287045] miner ID [4]:Block sent to nodes
[1779287046] miner ID [4]:Confirmed block received from node
[1779287046] miner ID [4]:Confirmed block received from node
[1779287046] miner ID [4]:Confirmed block received from node
[1779287046] miner ID [4]:Lottery won but no transactions to mine
[1779287049] miner ID [4]:Confirmed block received from node
[1779287049] miner ID [4]:Lottery won but no transactions to mine
[1779287052] miner ID [4]:Confirmed block received from node
[1779287052] miner ID [4]:Lottery won but no transactions to mine
[1779287052] miner ID [4]:Confirmed block received from node
[1779287052] miner ID [4]:Lottery won but no transactions to mine
[1779287053] miner ID [4]:Confirmed block received from node
[1779287053] miner ID [4]:Lottery won but no transactions to mine
[1779287055] miner ID [4]:Confirmed block received from node
[1779287055] miner ID [4]:Lottery won but no transactions to mine
[1779287056] miner ID [4]:Ilaria pays Alice 41 coins
[1779287056] miner ID [4]:Francesco pays Ilaria 21 coins
[1779287056] miner ID [4]:Alice pays Francesco 20 coins
[1779287056] miner ID [4]:Bob pays Francesco 93 coins
[1779287056] miner ID [4]:Mining successful
[1779287056] miner ID [4]:Block sent to nodes
[1779287056] miner ID [4]:Confirmed block received from node
[1779287056] miner ID [4]:Lottery won but no transactions to mine
[1779287057] miner ID [4]:Confirmed block received from node
[1779287057] miner ID [4]:Confirmed block received from node
[1779287058] miner ID [4]:Bob pays Ilaria 3 coins
[1779287058] miner ID [4]:Giovanna pays Ilaria 84 coins
[1779287058] miner ID [4]:Ilaria pays Giovanna 66 coins
[1779287058] miner ID [4]:Bob pays Ilaria 59 coins
[1779287058] miner ID [4]:Giacomo pays Bob 65 coins
[1779287058] miner ID [4]:Bob pays Alice 63 coins
[1779287058] miner ID [4]:Francesco pays Giacomo 50 coins
[1779287058] miner ID [4]:Alice pays Giacomo 19 coins
[1779287058] miner ID [4]:Mining successful
[1779287058] miner ID [4]:Block sent to nodes
[1779287058] miner ID [4]:Confirmed block received from node
[1779287059] miner ID [4]:Confirmed block received from node
[1779287059] miner ID [4]:Confirmed block received from node
[1779287063] miner ID [4]:Francesco pays Bob 25 coins
[1779287063] miner ID [4]:Alice pays Ilaria 80 coins
[1779287063] miner ID [4]:Giovanna pays Ilaria 38 coins
[1779287063] miner ID [4]:Francesco pays Bob 92 coins
[1779287063] miner ID [4]:Bob pays Alice 47 coins
[1779287063] miner ID [4]:Alice pays Giovanna 22 coins
[1779287063] miner ID [4]:Giovanna pays Giacomo 99 coins
[1779287063] miner ID [4]:Giovanna pays Francesco 10 coins
[1779287063] miner ID [4]:Mining successful
[1779287063] miner ID [4]:Block sent to nodes
[1779287063] miner ID [4]:Confirmed block received from node
[1779287063] miner ID [4]:Confirmed block received from node
[1779287063] miner ID [4]:Lottery won but no transactions to mine
[1779287063] miner ID [4]:Confirmed block received from node
[1779287063] miner ID [4]:Lottery won but no transactions to mine
[1779287064] miner ID [4]:Francesco pays Bob 26 coins
[1779287064] miner ID [4]:Giovanna pays Alice 61 coins
[1779287064] miner ID [4]:Alice pays Giovanna 26 coins
[1779287064] miner ID [4]:Mining successful
[1779287064] miner ID [4]:Block sent to nodes
[1779287064] miner ID [4]:Confirmed block received from node
[1779287064] miner ID [4]:Lottery won but no transactions to mine
[1779287064] miner ID [4]:Confirmed block received from node
[1779287064] miner ID [4]:Lottery won but no transactions to mine
[1779287065] miner ID [4]:Confirmed block received from node
[1779287065] miner ID [4]:Lottery won but no transactions to mine
[1779287066] miner ID [4]:Confirmed block received from node
[1779287066] miner ID [4]:Giacomo pays Giovanna 99 coins
[1779287066] miner ID [4]:Mining successful
[1779287066] miner ID [4]:Block sent to nodes
[1779287066] miner ID [4]:Confirmed block received from node
[1779287066] miner ID [4]:Confirmed block received from node
[1779287066] miner ID [4]:Lottery won but no transactions to mine
[1779287069] miner ID [4]:Confirmed block received from node
[1779287069] miner ID [4]:Lottery won but no transactions to mine
[1779287069] miner ID [4]:Confirmed block received from node
[1779287069] miner ID [4]:Lottery won but no transactions to mine
[1779287069] miner ID [4]:Confirmed block received from node
[1779287069] miner ID [4]:Lottery won but no transactions to mine
[1779287072] miner ID [4]:Giacomo pays Bob 15 coins
[1779287072] miner ID [4]:Francesco pays Alice 21 coins
[1779287072] miner ID [4]:Francesco pays Giovanna 81 coins
[1779287072] miner ID [4]:Alice pays Bob 69 coins
[1779287072] miner ID [4]:Alice pays Bob 47 coins
[1779287072] miner ID [4]:Giacomo pays Bob 34 coins
[1779287072] miner ID [4]:Giovanna pays Giacomo 25 coins
[1779287072] miner ID [4]:Alice pays Ilaria 78 coins
[1779287072] miner ID [4]:Mining successful
[1779287072] miner ID [4]:Block sent to nodes
[1779287072] miner ID [4]:Confirmed block received from node
[1779287072] miner ID [4]:Confirmed block received from node
[1779287072] miner ID [4]:Confirmed block received from node
[1779287073] miner ID [4]:Confirmed block received from node
[1779287074] miner ID [4]:Confirmed block received from node
[1779287076] miner ID [4]:Giovanna pays Francesco 34 coins
[1779287076] miner ID [4]:Giovanna pays Francesco 32 coins
[1779287076] miner ID [4]:Ilaria pays Giacomo 74 coins
[1779287076] miner ID [4]:Ilaria pays Giovanna 97 coins
[1779287076] miner ID [4]:Francesco pays Alice 35 coins
[1779287076] miner ID [4]:Mining successful
[1779287076] miner ID [4]:Block sent to nodes
[1779287076] miner ID [4]:Confirmed block received from node
[1779287076] miner ID [4]:Lottery won but no transactions to mine
[1779287076] miner ID [4]:Confirmed block received from node
[1779287078] miner ID [4]:Confirmed block received from node
[1779287078] miner ID [4]:Confirmed block received from node
[1779287078] miner ID [4]:Confirmed block received from node
[1779287079] miner ID [4]:Giovanna pays Francesco 21 coins
[1779287079] miner ID [4]:Francesco pays Bob 53 coins
[1779287079] miner ID [4]:Giovanna pays Giacomo 49 coins
[1779287079] miner ID [4]:Giovanna pays Bob 34 coins
[1779287079] miner ID [4]:Bob pays Alice 7 coins
[1779287079] miner ID [4]:Alice pays Bob 13 coins
[1779287079] miner ID [4]:Giovanna pays Alice 56 coins
[1779287079] miner ID [4]:Giovanna pays Francesco 77 coins
[1779287080] miner ID [4]:Confirmed block received from node
[1779287080] miner ID [4]:Mining successful
[1779287080] miner ID [4]:Block sent to nodes
[1779287081] miner ID [4]:Confirmed block received from node
[1779287081] miner ID [4]:Bob pays Francesco 83 coins
[1779287081] miner ID [4]:Ilaria pays Bob 57 coins
[1779287081] miner ID [4]:Francesco pays Giovanna 71 coins
[1779287081] miner ID [4]:Mining successful
[1779287081] miner ID [4]:Block sent to nodes
[1779287081] miner ID [4]:Confirmed block received from node
[1779287081] miner ID [4]:Confirmed block received from node
[1779287081] miner ID [4]:Lottery won but no transactions to mine
[1779287082] miner ID [4]:Giacomo pays Alice 82 coins
[1779287082] miner ID [4]:Giacomo pays Alice 23 coins
[1779287082] miner ID [4]:Ilaria pays Alice 74 coins
[1779287082] miner ID [4]:Alice pays Ilaria 27 coins
[1779287082] miner ID [4]:Mining successful
[1779287082] miner ID [4]:Block sent to nodes
[1779287082] miner ID [4]:Confirmed block received from node
[1779287082] miner ID [4]:Confirmed block received from node
[1779287082] miner ID [4]:Lottery won but no transactions to mine
[1779287083] miner ID [4]:Confirmed block received from node
[1779287084] miner ID [4]:Confirmed block received from node
[1779287084] miner ID [4]:Lottery won but no transactions to mine
[1779287086] miner ID [4]:Confirmed block received from node
[1779287086] miner ID [4]:Lottery won but no transactions to mine
[1779287086] miner ID [4]:Confirmed block received from node
[1779287086] miner ID [4]:Lottery won but no transactions to mine
[1779287087] miner ID [4]:Giovanna pays Bob 25 coins
[1779287087] miner ID [4]:Alice pays Bob 55 coins
[1779287087] miner ID [4]:Francesco pays Giovanna 89 coins
[1779287087] miner ID [4]:Alice pays Francesco 49 coins
[1779287087] miner ID [4]:Ilaria pays Bob 96 coins
[1779287087] miner ID [4]:Giovanna pays Ilaria 81 coins
[1779287087] miner ID [4]:Francesco pays Bob 48 coins
[1779287087] miner ID [4]:Giacomo pays Francesco 70 coins
[1779287087] miner ID [4]:Mining successful
[1779287087] miner ID [4]:Block sent to nodes
[1779287087] miner ID [4]:Confirmed block received from node
[1779287089] miner ID [4]:Confirmed block received from node
[1779287089] miner ID [4]:Confirmed block received from node
[1779287091] miner ID [4]:Confirmed block received from node
[1779287091] miner ID [4]:Confirmed block received from node
[1779287091] miner ID [4]:Lottery won but no transactions to mine
[1779287093] miner ID [4]:Confirmed block received from node
[1779287093] miner ID [4]:Lottery won but no transactions to mine
[1779287093] miner ID [4]:Confirmed block received from node
[1779287094] miner ID [4]:Giovanna pays Francesco 35 coins
[1779287094] miner ID [4]:Giovanna pays Ilaria 48 coins
[1779287094] miner ID [4]:Bob pays Francesco 86 coins
[1779287095] miner ID [4]:Mining successful
[1779287095] miner ID [4]:Block sent to nodes
[1779287095] miner ID [4]:Confirmed block received from node
[1779287095] miner ID [4]:Confirmed block received from node
[1779287097] miner ID [4]:Confirmed block received from node
[1779287097] miner ID [4]:Lottery won but no transactions to mine
[1779287098] miner ID [4]:Francesco pays Giovanna 21 coins
[1779287098] miner ID [4]:Ilaria pays Bob 11 coins
[1779287098] miner ID [4]:Mining successful
[1779287098] miner ID [4]:Block sent to nodes
[1779287098] miner ID [4]:Confirmed block received from node
[1779287098] miner ID [4]:Confirmed block received from node
[1779287098] miner ID [4]:Lottery won but no transactions to mine
[1779287100] miner ID [4]:Confirmed block received from node
[1779287100] miner ID [4]:Confirmed block received from node
[1779287100] miner ID [4]:Ilaria pays Francesco 33 coins
[1779287100] miner ID [4]:Mining successful
[1779287100] miner ID [4]:Block sent to nodes
[1779287100] miner ID [4]:Confirmed block received from node
[1779287100] miner ID [4]:Lottery won but no transactions to mine
[1779287100] miner ID [4]:Confirmed block received from node
[1779287101] miner ID [4]:Confirmed block received from node
[1779287101] miner ID [4]:Confirmed block received from node
[1779287101] miner ID [4]:Confirmed block received from node
[1779287101] miner ID [4]:Lottery won but no transactions to mine
[1779287102] miner ID [4]:Confirmed block received from node
[1779287102] miner ID [4]:Confirmed block received from node
[1779287103] miner ID [4]:Confirmed block received from node
[1779287103] miner ID [4]:Lottery won but no transactions to mine
[1779287104] miner ID [4]:Confirmed block received from node
[1779287104] miner ID [4]:Lottery won but no transactions to mine
[1779287106] miner ID [4]:Alice pays Francesco 4 coins
[1779287106] miner ID [4]:Giacomo pays Francesco 84 coins
[1779287106] miner ID [4]:Bob pays Giacomo 14 coins
[1779287106] miner ID [4]:Giovanna pays Alice 37 coins
[1779287107] miner ID [4]:Confirmed block received from node
[1779287107] miner ID [4]:Confirmed block received from node
[1779287107] miner ID [4]:Mining successful
[1779287107] miner ID [4]:Block sent to nodes
[1779287107] miner ID [4]:Confirmed block received from node
[1779287108] miner ID [4]:Confirmed block received from node
[1779287110] miner ID [4]:Alice pays Bob 94 coins
[1779287110] miner ID [4]:Francesco pays Alice 71 coins
[1779287110] miner ID [4]:Alice pays Bob 89 coins
[1779287110] miner ID [4]:Confirmed block received from node
[1779287110] miner ID [4]:Mining successful
[1779287110] miner ID [4]:Block sent to nodes
[1779287110] miner ID [4]:Confirmed block received from node
[1779287110] miner ID [4]:Lottery won but no transactions to mine
[1779287110] miner ID [4]:Confirmed block received from node
[1779287111] miner ID [4]:Confirmed block received from node
[1779287111] miner ID [4]:Lottery won but no transactions to mine
[1779287111] miner ID [4]:Confirmed block received from node
[1779287111] miner ID [4]:Lottery won but no transactions to mine
[1779287111] miner ID [4]:Confirmed block received from node
[1779287111] miner ID [4]:Lottery won but no transactions to mine
[1779287111] miner ID [4]:Confirmed block received from node
[1779287111] miner ID [4]:Lottery won but no transactions to mine
[1779287112] miner ID [4]:Confirmed block received from node
[1779287115] miner ID [4]:Giovanna pays Francesco 45 coins
[1779287115] miner ID [4]:Bob pays Giacomo 67 coins
[1779287115] miner ID [4]:Bob pays Alice 26 coins
[1779287117] miner ID [4]:Confirmed block received from node
[1779287117] miner ID [4]:Mining successful
[1779287117] miner ID [4]:Block sent to nodes
[1779287117] miner ID [4]:Confirmed block received from node
[1779287117] miner ID [4]:Confirmed block received from node
[1779287119] miner ID [4]:Confirmed block received from node
[1779287119] miner ID [4]:Confirmed block received from node
[1779287120] miner ID [4]:Confirmed block received from node
[1779287120] miner ID [4]:Lottery won but no transactions to mine
[1779287123] miner ID [4]:Giovanna pays Giacomo 32 coins
[1779287123] miner ID [4]:Alice pays Ilaria 61 coins
[1779287123] miner ID [4]:Giacomo pays Bob 70 coins
[1779287123] miner ID [4]:Bob pays Ilaria 85 coins
[1779287123] miner ID [4]:Giovanna pays Bob 71 coins
[1779287123] miner ID [4]:Ilaria pays Giacomo 87 coins
[1779287123] miner ID [4]:Giacomo pays Francesco 58 coins
[1779287123] miner ID [4]:Ilaria pays Giacomo 58 coins
[1779287124] miner ID [4]:Confirmed block received from node
[1779287124] miner ID [4]:Confirmed block received from node
[1779287124] miner ID [4]:Mining successful
[1779287124] miner ID [4]:Block sent to nodes
[1779287124] miner ID [4]:Confirmed block received from node
[1779287125] miner ID [4]:Confirmed block received from node
[1779287125] miner ID [4]:Lottery won but no transactions to mine
[1779287126] miner ID [4]:Alice pays Ilaria 34 coins
[1779287126] miner ID [4]:Francesco pays Giovanna 8 coins
[1779287126] miner ID [4]:Ilaria pays Giovanna 24 coins
[1779287127] miner ID [4]:Confirmed block received from node
[1779287127] miner ID [4]:Confirmed block received from node
[1779287127] miner ID [4]:Confirmed block received from node
[1779287127] miner ID [4]:Mining successful
[1779287127] miner ID [4]:Block sent to nodes
[1779287127] miner ID [4]:Confirmed block received from node
[1779287127] miner ID [4]:Lottery won but no transactions to mine
[1779287129] miner ID [4]:Confirmed block received from node
[1779287130] miner ID [4]:Confirmed block received from node
[1779287130] miner ID [4]:Lottery won but no transactions to mine
[1779287132] miner ID [4]:Confirmed block received from node
[1779287132] miner ID [4]:Lottery won but no transactions to mine
[1779287132] miner ID [4]:Confirmed block received from node
[1779287132] miner ID [4]:Confirmed block received from node
[1779287132] miner ID [4]:Confirmed block received from node
[1779287133] miner ID [4]:Confirmed block received from node
[1779287133] miner ID [4]:Lottery won but no transactions to mine
[1779287134] miner ID [4]:Francesco pays Ilaria 22 coins
[1779287134] miner ID [4]:Giovanna pays Giacomo 58 coins
[1779287134] miner ID [4]:Francesco pays Bob 2 coins
[1779287134] miner ID [4]:Giovanna pays Bob 61 coins
[1779287134] miner ID [4]:Alice pays Bob 50 coins
[1779287134] miner ID [4]:Giacomo pays Ilaria 6 coins
[1779287134] miner ID [4]:Mining successful
[1779287134] miner ID [4]:Block sent to nodes
[1779287134] miner ID [4]:Confirmed block received from node
[1779287136] miner ID [4]:Confirmed block received from node
[1779287136] miner ID [4]:Lottery won but no transactions to mine
[1779287137] miner ID [4]:Confirmed block received from node
[1779287137] miner ID [4]:Lottery won but no transactions to mine
[1779287137] miner ID [4]:Confirmed block received from node
[1779287137] miner ID [4]:Confirmed block received from node
[1779287138] miner ID [4]:Confirmed block received from node
[1779287139] miner ID [4]:Confirmed block received from node
[1779287140] miner ID [4]:Confirmed block received from node
[1779287143] miner ID [4]:Confirmed block received from node
[1779287145] miner ID [4]:Bob pays Giovanna 67 coins
[1779287145] miner ID [4]:Ilaria pays Alice 73 coins
[1779287145] miner ID [4]:Giacomo pays Francesco 38 coins
[1779287145] miner ID [4]:Mining successful
[1779287145] miner ID [4]:Block sent to nodes
[1779287145] miner ID [4]:Confirmed block received from node
[1779287146] miner ID [4]:Confirmed block received from node
[1779287146] miner ID [4]:Lottery won but no transactions to mine
[1779287146] miner ID [4]:Confirmed block received from node
[1779287146] miner ID [4]:Miner shutting down
[1779287146] miner ID [4]:miner chiuso
