[1779286580] miner ID [7]:miner avviato correttamente
[1779286580] miner ID [7]:Miner started
[1779286581] miner ID [7]:Confirmed block received from node
[1779286582] miner ID [7]:Ilaria pays Bob 40 coins
[1779286582] miner ID [7]:Ilaria pays Alice 23 coins
[1779286582] miner ID [7]:Mining successful
[1779286582] miner ID [7]:Block sent to nodes
[1779286582] miner ID [7]:Confirmed block received from node
[1779286582] miner ID [7]:Lottery won but no transactions to mine
[1779286582] miner ID [7]:Confirmed block received from node
[1779286582] miner ID [7]:Confirmed block received from node
[1779286585] miner ID [7]:Alice pays Francesco 26 coins
[1779286585] miner ID [7]:Alice pays Giacomo 78 coins
[1779286585] miner ID [7]:Alice pays Giovanna 31 coins
[1779286585] miner ID [7]:Confirmed block received from node
[1779286585] miner ID [7]:Mining successful
[1779286585] miner ID [7]:Block sent to nodes
[1779286585] miner ID [7]:Confirmed block received from node
[1779286586] miner ID [7]:Giovanna pays Francesco 9 coins
[1779286586] miner ID [7]:Giovanna pays Giacomo 99 coins
[1779286586] miner ID [7]:Giovanna pays Francesco 99 coins
[1779286586] miner ID [7]:Alice pays Giovanna 81 coins
[1779286586] miner ID [7]:Giovanna pays Ilaria 75 coins
[1779286586] miner ID [7]:Confirmed block received from node
[1779286586] miner ID [7]:Confirmed block received from node
[1779286586] miner ID [7]:Mining successful
[1779286586] miner ID [7]:Block sent to nodes
[1779286586] miner ID [7]:Confirmed block received from node
[1779286587] miner ID [7]:Confirmed block received from node
[1779286588] miner ID [7]:Alice pays Giovanna 91 coins
[1779286588] miner ID [7]:Giovanna pays Francesco 65 coins
[1779286588] miner ID [7]:Francesco pays Alice 33 coins
[1779286588] miner ID [7]:Ilaria pays Alice 20 coins
[1779286588] miner ID [7]:Alice pays Ilaria 32 coins
[1779286588] miner ID [7]:Giovanna pays Ilaria 43 coins
[1779286590] miner ID [7]:Confirmed block received from node
[1779286590] miner ID [7]:Confirmed block received from node
[1779286590] miner ID [7]:Confirmed block received from node
[1779286590] miner ID [7]:Mining successful
[1779286590] miner ID [7]:Block sent to nodes
[1779286590] miner ID [7]:Confirmed block received from node
[1779286590] miner ID [7]:Confirmed block received from node
[1779286590] miner ID [7]:Lottery won but no transactions to mine
[1779286591] miner ID [7]:Miner shutting down
[1779286591] miner ID [7]:miner chiuso
