[1779286580] miner ID [2]:miner avviato correttamente
[1779286580] miner ID [2]:Miner started
[1779286581] miner ID [2]:Bob pays Alice 31 coins
[1779286581] miner ID [2]:Giovanna pays Alice 20 coins
[1779286581] miner ID [2]:Alice pays Francesco 72 coins
[1779286581] miner ID [2]:Alice pays Giovanna 20 coins
[1779286581] miner ID [2]:Alice pays Francesco 30 coins
[1779286581] miner ID [2]:Bob pays Giovanna 65 coins
[1779286581] miner ID [2]:Ilaria pays Alice 38 coins
[1779286581] miner ID [2]:Francesco pays Giovanna 23 coins
[1779286581] miner ID [2]:Alice pays Giacomo 91 coins
[1779286581] miner ID [2]:Giacomo pays Francesco 23 coins
[1779286581] miner ID [2]:Mining successful
[1779286581] miner ID [2]:Block sent to nodes
[1779286581] miner ID [2]:Giovanna pays Bob 61 coins
[1779286581] miner ID [2]:Giovanna pays Giacomo 37 coins
[1779286581] miner ID [2]:Ilaria pays Francesco 25 coins
[1779286581] miner ID [2]:Alice pays Giacomo 77 coins
[1779286581] miner ID [2]:Giovanna pays Ilaria 72 coins
[1779286581] miner ID [2]:Alice pays Bob 39 coins
[1779286581] miner ID [2]:Giovanna pays Francesco 29 coins
[1779286581] miner ID [2]:Ilaria pays Bob 60 coins
[1779286581] miner ID [2]:Bob pays Giacomo 32 coins
[1779286581] miner ID [2]:Alice pays Ilaria 13 coins
[1779286582] miner ID [2]:Confirmed block received from node
[1779286582] miner ID [2]:Mining successful
[1779286582] miner ID [2]:Block sent to nodes
[1779286582] miner ID [2]:Confirmed block received from node
[1779286582] miner ID [2]:Confirmed block received from node
[1779286582] miner ID [2]:Lottery won but no transactions to mine
[1779286583] miner ID [2]:Lottery won but no transactions to mine
[1779286585] miner ID [2]:Confirmed block received from node
[1779286585] miner ID [2]:Confirmed block received from node
[1779286585] miner ID [2]:Lottery won but no transactions to mine
[1779286586] miner ID [2]:Confirmed block received from node
[1779286586] miner ID [2]:Lottery won but no transactions to mine
[1779286586] miner ID [2]:Confirmed block received from node
[1779286586] miner ID [2]:Lottery won but no transactions to mine
[1779286586] miner ID [2]:Confirmed block received from node
[1779286587] miner ID [2]:Confirmed block received from node
[1779286588] miner ID [2]:Francesco pays Ilaria 75 coins
[1779286588] miner ID [2]:Giovanna pays Ilaria 79 coins
[1779286588] miner ID [2]:Ilaria pays Giacomo 81 coins
[1779286588] miner ID [2]:Bob pays Alice 25 coins
[1779286590] miner ID [2]:Mining successful
[1779286590] miner ID [2]:Block sent to nodes
[1779286590] miner ID [2]:Confirmed block received from node
[1779286590] miner ID [2]:Lottery won but no transactions to mine
[1779286590] miner ID [2]:Confirmed block received from node
[1779286590] miner ID [2]:Confirmed block received from node
[1779286590] miner ID [2]:Confirmed block received from node
[1779286590] miner ID [2]:Lottery won but no transactions to mine
[1779286590] miner ID [2]:Confirmed block received from node
[1779286590] miner ID [2]:Lottery won but no transactions to mine
[1779286591] miner ID [2]:Miner shutting down
[1779286591] miner ID [2]:miner chiuso
