[1779286455] miner ID [0]:miner avviato correttamente
[1779286455] miner ID [0]:Miner started
[1779286455] miner ID [0]:Giacomo pays Ilaria 89 coins
[1779286457] miner ID [0]:Confirmed block received from node
[1779286462] miner ID [0]:Confirmed block received from node
[1779286462] miner ID [0]:Mining successful
[1779286462] miner ID [0]:Block sent to nodes
[1779286462] miner ID [0]:Confirmed block received from node
[1779286464] miner ID [0]:Confirmed block received from node
[1779286466] miner ID [0]:Ilaria pays Francesco 19 coins
[1779286466] miner ID [0]:Francesco pays Giovanna 94 coins
[1779286466] miner ID [0]:Alice pays Ilaria 6 coins
[1779286466] miner ID [0]:Bob pays Ilaria 52 coins
[1779286466] miner ID [0]:Giacomo pays Alice 48 coins
[1779286466] miner ID [0]:Francesco pays Giacomo 17 coins
[1779286468] miner ID [0]:Confirmed block received from node
[1779286468] miner ID [0]:Confirmed block received from node
[1779286468] miner ID [0]:Mining successful
[1779286468] miner ID [0]:Block sent to nodes
[1779286468] miner ID [0]:Confirmed block received from node
[1779286472] miner ID [0]:Giovanna pays Giacomo 44 coins
[1779286472] miner ID [0]:Mining successful
[1779286472] miner ID [0]:Block sent to nodes
[1779286472] miner ID [0]:Confirmed block received from node
[1779286473] miner ID [0]:Confirmed block received from node
[1779286473] miner ID [0]:Lottery won but no transactions to mine
[1779286473] miner ID [0]:Confirmed block received from node
[1779286474] miner ID [0]:Francesco pays Giacomo 41 coins
[1779286474] miner ID [0]:Bob pays Ilaria 81 coins
[1779286474] miner ID [0]:Ilaria pays Giacomo 15 coins
[1779286474] miner ID [0]:Mining successful
[1779286474] miner ID [0]:Block sent to nodes
[1779286474] miner ID [0]:Confirmed block received from node
[1779286474] miner ID [0]:Confirmed block received from node
[1779286474] miner ID [0]:Lottery won but no transactions to mine
[1779286474] miner ID [0]:Confirmed block received from node
[1779286477] miner ID [0]:Francesco pays Ilaria 46 coins
[1779286477] miner ID [0]:Bob pays Alice 18 coins
[1779286477] miner ID [0]:Ilaria pays Bob 23 coins
[1779286477] miner ID [0]:Giovanna pays Francesco 16 coins
[1779286477] miner ID [0]:Giovanna pays Bob 88 coins
[1779286477] miner ID [0]:Giovanna pays Ilaria 48 coins
[1779286478] miner ID [0]:Confirmed block received from node
[1779286478] miner ID [0]:Mining successful
[1779286478] miner ID [0]:Block sent to nodes
[1779286478] miner ID [0]:Confirmed block received from node
[1779286478] miner ID [0]:Lottery won but no transactions to mine
[1779286479] miner ID [0]:Ilaria pays Giacomo 76 coins
[1779286479] miner ID [0]:Ilaria pays Giovanna 7 coins
[1779286479] miner ID [0]:Mining successful
[1779286479] miner ID [0]:Block sent to nodes
[1779286479] miner ID [0]:Confirmed block received from node
[1779286479] miner ID [0]:Confirmed block received from node
