[1779282249] miner ID [3]:miner avviato correttamente
[1779282249] miner ID [3]:Miner started
[1779282250] miner ID [3]:Ilaria pays Alice 71 coins
[1779282250] miner ID [3]:Francesco pays Giacomo 74 coins
[1779282250] miner ID [3]:Ilaria pays Alice 27 coins
[1779282250] miner ID [3]:Francesco pays Alice 21 coins
[1779282250] miner ID [3]:Giacomo pays Giovanna 65 coins
[1779282250] miner ID [3]:Ilaria pays Bob 65 coins
[1779282250] miner ID [3]:Francesco pays Bob 27 coins
[1779282250] miner ID [3]:Francesco pays Bob 37 coins
[1779282250] miner ID [3]:WARNING: transaction pool full
[1779282250] miner ID [3]:Ilaria pays Alice 87 coins
[1779282250] miner ID [3]:WARNING: transaction pool full
[1779282250] miner ID [3]:Bob pays Giovanna 31 coins
[1779282253] miner ID [3]:Confirmed block received from node
[1779282253] miner ID [3]:WARNING: transaction pool full
[1779282253] miner ID [3]:Alice pays Ilaria 86 coins
[1779282257] miner ID [3]:WARNING: transaction pool full
[1779282257] miner ID [3]:Francesco pays Giovanna 32 coins
[1779282257] miner ID [3]:WARNING: transaction pool full
[1779282257] miner ID [3]:Ilaria pays Alice 96 coins
[1779282257] miner ID [3]:WARNING: transaction pool full
[1779282257] miner ID [3]:Giacomo pays Ilaria 49 coins
[1779282257] miner ID [3]:WARNING: transaction pool full
[1779282257] miner ID [3]:Francesco pays Alice 47 coins
[1779282257] miner ID [3]:WARNING: transaction pool full
[1779282257] miner ID [3]:Bob pays Giovanna 61 coins
[1779282257] miner ID [3]:WARNING: transaction pool full
[1779282257] miner ID [3]:Alice pays Giovanna 65 coins
[1779282257] miner ID [3]:WARNING: transaction pool full
[1779282257] miner ID [3]:Giovanna pays Bob 78 coins
[1779282257] miner ID [3]:Mining successful
[1779282257] miner ID [3]:Block sent to nodes
[1779282257] miner ID [3]:Confirmed block received from node
[1779282257] miner ID [3]:Lottery won but no transactions to mine
[1779282257] miner ID [3]:Confirmed block received from node
[1779282257] miner ID [3]:Lottery won but no transactions to mine
[1779282257] miner ID [3]:Confirmed block received from node
[1779282257] miner ID [3]:Confirmed block received from node
[1779282257] miner ID [3]:Confirmed block received from node
[1779282257] miner ID [3]:Lottery won but no transactions to mine
[1779282258] miner ID [3]:Confirmed block received from node
[1779282259] miner ID [3]:Bob pays Francesco 11 coins
[1779282259] miner ID [3]:Bob pays Giacomo 71 coins
[1779282259] miner ID [3]:Giacomo pays Alice 15 coins
[1779282260] miner ID [3]:Confirmed block received from node
[1779282260] miner ID [3]:Confirmed block received from node
[1779282261] miner ID [3]:Confirmed block received from node
[1779282261] miner ID [3]:Mining successful
[1779282261] miner ID [3]:Block sent to nodes
[1779282261] miner ID [3]:Confirmed block received from node
[1779282261] miner ID [3]:Confirmed block received from node
[1779282262] miner ID [3]:Bob pays Giovanna 41 coins
[1779282262] miner ID [3]:Ilaria pays Giovanna 43 coins
[1779282262] miner ID [3]:Ilaria pays Alice 37 coins
[1779282262] miner ID [3]:Giacomo pays Giovanna 27 coins
[1779282262] miner ID [3]:Bob pays Giacomo 54 coins
[1779282262] miner ID [3]:Confirmed block received from node
[1779282266] miner ID [3]:Giovanna pays Giacomo 80 coins
[1779282266] miner ID [3]:Ilaria pays Francesco 7 coins
[1779282266] miner ID [3]:Bob pays Giovanna 61 coins
[1779282266] miner ID [3]:WARNING: transaction pool full
[1779282266] miner ID [3]:Bob pays Alice 18 coins
[1779282267] miner ID [3]:WARNING: transaction pool full
[1779282267] miner ID [3]:Giovanna pays Alice 31 coins
[1779282267] miner ID [3]:WARNING: transaction pool full
[1779282267] miner ID [3]:Francesco pays Giacomo 92 coins
[1779282267] miner ID [3]:Mining successful
[1779282267] miner ID [3]:Block sent to nodes
[1779282267] miner ID [3]:Confirmed block received from node
[1779282267] miner ID [3]:Lottery won but no transactions to mine
[1779282267] miner ID [3]:Confirmed block received from node
[1779282267] miner ID [3]:Lottery won but no transactions to mine
[1779282267] miner ID [3]:Confirmed block received from node
[1779282268] miner ID [3]:Confirmed block received from node
[1779282269] miner ID [3]:Francesco pays Bob 6 coins
[1779282269] miner ID [3]:Ilaria pays Giovanna 15 coins
[1779282269] miner ID [3]:Ilaria pays Francesco 69 coins
[1779282269] miner ID [3]:Francesco pays Ilaria 39 coins
[1779282269] miner ID [3]:Bob pays Alice 97 coins
[1779282269] miner ID [3]:Giacomo pays Giovanna 67 coins
[1779282269] miner ID [3]:Giacomo pays Ilaria 43 coins
[1779282269] miner ID [3]:Confirmed block received from node
[1779282269] miner ID [3]:Mining successful
[1779282269] miner ID [3]:Block sent to nodes
[1779282269] miner ID [3]:Confirmed block received from node
[1779282269] miner ID [3]:Lottery won but no transactions to mine
[1779282269] miner ID [3]:Confirmed block received from node
[1779282269] miner ID [3]:Giovanna pays Ilaria 44 coins
[1779282269] miner ID [3]:Francesco pays Ilaria 68 coins
[1779282269] miner ID [3]:Giacomo pays Ilaria 88 coins
[1779282274] miner ID [3]:Francesco pays Ilaria 31 coins
[1779282274] miner ID [3]:Giacomo pays Giovanna 69 coins
[1779282274] miner ID [3]:Confirmed block received from node
[1779282274] miner ID [3]:Confirmed block received from node
[1779282274] miner ID [3]:Mining successful
[1779282274] miner ID [3]:Block sent to nodes
[1779282274] miner ID [3]:Confirmed block received from node
[1779282275] miner ID [3]:Confirmed block received from node
[1779282275] miner ID [3]:Confirmed block received from node
[1779282276] miner ID [3]:Confirmed block received from node
[1779282276] miner ID [3]:Confirmed block received from node
[1779282278] miner ID [3]:Confirmed block received from node
[1779282278] miner ID [3]:Lottery won but no transactions to mine
[1779282278] miner ID [3]:Confirmed block received from node
[1779282279] miner ID [3]:Alice pays Giovanna 21 coins
[1779282279] miner ID [3]:Francesco pays Bob 74 coins
[1779282279] miner ID [3]:Giovanna pays Alice 24 coins
[1779282279] miner ID [3]:Giacomo pays Bob 70 coins
[1779282281] miner ID [3]:Confirmed block received from node
[1779282281] miner ID [3]:Mining successful
[1779282281] miner ID [3]:Block sent to nodes
[1779282281] miner ID [3]:Confirmed block received from node
[1779282281] miner ID [3]:Lottery won but no transactions to mine
[1779282284] miner ID [3]:Confirmed block received from node
[1779282284] miner ID [3]:Lottery won but no transactions to mine
[1779282285] miner ID [3]:Giovanna pays Alice 18 coins
[1779282285] miner ID [3]:Bob pays Giovanna 18 coins
[1779282285] miner ID [3]:Giovanna pays Francesco 92 coins
[1779282285] miner ID [3]:Confirmed block received from node
[1779282285] miner ID [3]:Mining successful
[1779282285] miner ID [3]:Block sent to nodes
[1779282285] miner ID [3]:Confirmed block received from node
[1779282285] miner ID [3]:Lottery won but no transactions to mine
[1779282285] miner ID [3]:Confirmed block received from node
[1779282289] miner ID [3]:Giacomo pays Francesco 62 coins
[1779282289] miner ID [3]:Giacomo pays Ilaria 32 coins
[1779282289] miner ID [3]:Alice pays Bob 41 coins
[1779282289] miner ID [3]:Francesco pays Giacomo 77 coins
[1779282289] miner ID [3]:Confirmed block received from node
[1779282289] miner ID [3]:Confirmed block received from node
[1779282289] miner ID [3]:Mining successful
[1779282289] miner ID [3]:Block sent to nodes
[1779282289] miner ID [3]:Confirmed block received from node
[1779282290] miner ID [3]:Confirmed block received from node
[1779282290] miner ID [3]:Confirmed block received from node
[1779282290] miner ID [3]:Bob pays Giacomo 72 coins
[1779282290] miner ID [3]:Confirmed block received from node
[1779282292] miner ID [3]:Ilaria pays Bob 90 coins
[1779282292] miner ID [3]:Francesco pays Ilaria 76 coins
[1779282292] miner ID [3]:Francesco pays Giacomo 82 coins
[1779282292] miner ID [3]:Giovanna pays Giacomo 77 coins
[1779282292] miner ID [3]:Ilaria pays Giacomo 99 coins
[1779282295] miner ID [3]:Confirmed block received from node
[1779282295] miner ID [3]:Confirmed block received from node
[1779282295] miner ID [3]:Mining successful
[1779282295] miner ID [3]:Block sent to nodes
[1779282295] miner ID [3]:Confirmed block received from node
[1779282296] miner ID [3]:Confirmed block received from node
[1779282296] miner ID [3]:Confirmed block received from node
[1779282296] miner ID [3]:Confirmed block received from node
[1779282296] miner ID [3]:Lottery won but no transactions to mine
[1779282296] miner ID [3]:Confirmed block received from node
[1779282296] miner ID [3]:Confirmed block received from node
[1779282296] miner ID [3]:Lottery won but no transactions to mine
[1779282297] miner ID [3]:Bob pays Giovanna 59 coins
[1779282297] miner ID [3]:Ilaria pays Giovanna 87 coins
[1779282297] miner ID [3]:Francesco pays Alice 27 coins
[1779282297] miner ID [3]:Francesco pays Giovanna 12 coins
[1779282297] miner ID [3]:Confirmed block received from node
[1779282297] miner ID [3]:Mining successful
[1779282297] miner ID [3]:Block sent to nodes
[1779282297] miner ID [3]:Confirmed block received from node
[1779282299] miner ID [3]:Ilaria pays Bob 28 coins
[1779282299] miner ID [3]:Ilaria pays Francesco 33 coins
[1779282299] miner ID [3]:Ilaria pays Bob 28 coins
[1779282300] miner ID [3]:Confirmed block received from node
[1779282300] miner ID [3]:Confirmed block received from node
[1779282300] miner ID [3]:Confirmed block received from node
[1779282300] miner ID [3]:Mining successful
[1779282300] miner ID [3]:Block sent to nodes
[1779282300] miner ID [3]:Confirmed block received from node
[1779282302] miner ID [3]:Confirmed block received from node
[1779282303] miner ID [3]:Confirmed block received from node
[1779282303] miner ID [3]:Confirmed block received from node
[1779282303] miner ID [3]:Confirmed block received from node
[1779282303] miner ID [3]:Confirmed block received from node
[1779282303] miner ID [3]:Giacomo pays Ilaria 30 coins
[1779282303] miner ID [3]:Giacomo pays Bob 39 coins
[1779282303] miner ID [3]:Giovanna pays Bob 58 coins
[1779282303] miner ID [3]:Confirmed block received from node
[1779282303] miner ID [3]:Confirmed block received from node
[1779282306] miner ID [3]:Giovanna pays Ilaria 21 coins
[1779282306] miner ID [3]:Giovanna pays Francesco 37 coins
[1779282306] miner ID [3]:Giovanna pays Ilaria 92 coins
[1779282306] miner ID [3]:Mining successful
[1779282306] miner ID [3]:Block sent to nodes
[1779282306] miner ID [3]:Confirmed block received from node
[1779282306] miner ID [3]:Confirmed block received from node
[1779282309] miner ID [3]:Francesco pays Bob 85 coins
[1779282309] miner ID [3]:Francesco pays Alice 35 coins
[1779282309] miner ID [3]:Giovanna pays Ilaria 64 coins
[1779282309] miner ID [3]:Alice pays Giovanna 17 coins
[1779282309] miner ID [3]:Giacomo pays Francesco 80 coins
[1779282310] miner ID [3]:Confirmed block received from node
[1779282310] miner ID [3]:Confirmed block received from node
[1779282313] miner ID [3]:Ilaria pays Giovanna 26 coins
[1779282313] miner ID [3]:Bob pays Ilaria 89 coins
[1779282313] miner ID [3]:Francesco pays Giacomo 9 coins
[1779282313] miner ID [3]:WARNING: transaction pool full
[1779282313] miner ID [3]:Alice pays Bob 94 coins
[1779282313] miner ID [3]:WARNING: transaction pool full
[1779282313] miner ID [3]:Giovanna pays Bob 10 coins
[1779282313] miner ID [3]:WARNING: transaction pool full
[1779282313] miner ID [3]:Alice pays Bob 12 coins
[1779282313] miner ID [3]:WARNING: transaction pool full
[1779282313] miner ID [3]:Giacomo pays Ilaria 43 coins
[1779282313] miner ID [3]:WARNING: transaction pool full
[1779282313] miner ID [3]:Giovanna pays Ilaria 54 coins
[1779282313] miner ID [3]:WARNING: transaction pool full
[1779282313] miner ID [3]:Giacomo pays Alice 32 coins
[1779282313] miner ID [3]:WARNING: transaction pool full
[1779282313] miner ID [3]:Giacomo pays Bob 79 coins
[1779282313] miner ID [3]:WARNING: transaction pool full
[1779282313] miner ID [3]:Francesco pays Giovanna 89 coins
[1779282313] miner ID [3]:WARNING: transaction pool full
[1779282313] miner ID [3]:Giovanna pays Bob 63 coins
[1779282313] miner ID [3]:WARNING: transaction pool full
[1779282313] miner ID [3]:Bob pays Giovanna 95 coins
[1779282313] miner ID [3]:WARNING: transaction pool full
[1779282313] miner ID [3]:Giacomo pays Bob 18 coins
[1779282313] miner ID [3]:WARNING: transaction pool full
[1779282313] miner ID [3]:Alice pays Bob 4 coins
[1779282313] miner ID [3]:WARNING: transaction pool full
[1779282313] miner ID [3]:Francesco pays Giovanna 90 coins
[1779282313] miner ID [3]:WARNING: transaction pool full
[1779282313] miner ID [3]:Ilaria pays Giovanna 32 coins
[1779282313] miner ID [3]:WARNING: transaction pool full
[1779282313] miner ID [3]:Giacomo pays Bob 40 coins
[1779282313] miner ID [3]:WARNING: transaction pool full
[1779282313] miner ID [3]:Giacomo pays Bob 5 coins
[1779282313] miner ID [3]:WARNING: transaction pool full
[1779282313] miner ID [3]:Ilaria pays Alice 47 coins
[1779282313] miner ID [3]:WARNING: transaction pool full
[1779282313] miner ID [3]:Giovanna pays Giacomo 74 coins
[1779282313] miner ID [3]:WARNING: transaction pool full
[1779282313] miner ID [3]:Giacomo pays Bob 42 coins
[1779282313] miner ID [3]:WARNING: transaction pool full
[1779282313] miner ID [3]:Giovanna pays Alice 19 coins
[1779282313] miner ID [3]:WARNING: transaction pool full
[1779282313] miner ID [3]:Giovanna pays Ilaria 3 coins
[1779282313] miner ID [3]:Mining successful
[1779282313] miner ID [3]:Block sent to nodes
[1779282313] miner ID [3]:Confirmed block received from node
[1779282313] miner ID [3]:Lottery won but no transactions to mine
[1779282316] miner ID [3]:Confirmed block received from node
[1779282316] miner ID [3]:Confirmed block received from node
[1779282316] miner ID [3]:Confirmed block received from node
[1779282316] miner ID [3]:Lottery won but no transactions to mine
[1779282317] miner ID [3]:Confirmed block received from node
[1779282317] miner ID [3]:Confirmed block received from node
[1779282319] miner ID [3]:Confirmed block received from node
[1779282321] miner ID [3]:Alice pays Bob 43 coins
[1779282321] miner ID [3]:Bob pays Ilaria 8 coins
[1779282321] miner ID [3]:Alice pays Bob 98 coins
[1779282321] miner ID [3]:Alice pays Bob 24 coins
[1779282326] miner ID [3]:Giacomo pays Giovanna 17 coins
[1779282326] miner ID [3]:Giacomo pays Giovanna 51 coins
[1779282326] miner ID [3]:Giovanna pays Alice 37 coins
[1779282326] miner ID [3]:Bob pays Alice 4 coins
[1779282326] miner ID [3]:Confirmed block received from node
[1779282326] miner ID [3]:Confirmed block received from node
[1779282326] miner ID [3]:Mining successful
[1779282326] miner ID [3]:Block sent to nodes
[1779282326] miner ID [3]:Confirmed block received from node
[1779282327] miner ID [3]:Confirmed block received from node
[1779282329] miner ID [3]:Miner shutting down
