[1779286455] miner ID [2]:miner avviato correttamente
[1779286455] miner ID [2]:Miner started
[1779286457] miner ID [2]:Confirmed block received from node
[1779286462] miner ID [2]:Confirmed block received from node
[1779286462] miner ID [2]:Lottery won but no transactions to mine
[1779286462] miner ID [2]:Confirmed block received from node
[1779286462] miner ID [2]:Lottery won but no transactions to mine
[1779286464] miner ID [2]:Giovanna pays Giacomo 9 coins
[1779286464] miner ID [2]:Bob pays Ilaria 25 coins
[1779286464] miner ID [2]:Giacomo pays Alice 9 coins
[1779286464] miner ID [2]:Giovanna pays Ilaria 42 coins
[1779286464] miner ID [2]:Giovanna pays Giacomo 62 coins
[1779286464] miner ID [2]:Francesco pays Giacomo 90 coins
[1779286464] miner ID [2]:Ilaria pays Bob 12 coins
[1779286464] miner ID [2]:Francesco pays Ilaria 44 coins
[1779286464] miner ID [2]:WARNING: transaction pool full
[1779286464] miner ID [2]:Alice pays Francesco 82 coins
[1779286464] miner ID [2]:WARNING: transaction pool full
[1779286464] miner ID [2]:Giacomo pays Giovanna 5 coins
[1779286464] miner ID [2]:WARNING: transaction pool full
[1779286464] miner ID [2]:Francesco pays Alice 22 coins
[1779286464] miner ID [2]:WARNING: transaction pool full
[1779286464] miner ID [2]:Giacomo pays Francesco 39 coins
[1779286464] miner ID [2]:Mining successful
[1779286464] miner ID [2]:Block sent to nodes
[1779286464] miner ID [2]:Confirmed block received from node
[1779286468] miner ID [2]:Confirmed block received from node
[1779286468] miner ID [2]:Lottery won but no transactions to mine
[1779286468] miner ID [2]:Confirmed block received from node
[1779286468] miner ID [2]:Confirmed block received from node
[1779286469] miner ID [2]:Bob pays Giacomo 30 coins
[1779286469] miner ID [2]:Francesco pays Alice 48 coins
[1779286469] miner ID [2]:Giovanna pays Giacomo 33 coins
[1779286469] miner ID [2]:Bob pays Giacomo 59 coins
[1779286469] miner ID [2]:Giovanna pays Alice 66 coins
[1779286469] miner ID [2]:Bob pays Giovanna 87 coins
[1779286471] miner ID [2]:Bob pays Giovanna 71 coins
[1779286471] miner ID [2]:Giovanna pays Ilaria 54 coins
[1779286471] miner ID [2]:WARNING: transaction pool full
[1779286471] miner ID [2]:Francesco pays Giovanna 17 coins
[1779286471] miner ID [2]:WARNING: transaction pool full
[1779286471] miner ID [2]:Bob pays Giacomo 89 coins
[1779286471] miner ID [2]:WARNING: transaction pool full
[1779286471] miner ID [2]:Bob pays Giacomo 17 coins
[1779286471] miner ID [2]:WARNING: transaction pool full
[1779286471] miner ID [2]:Bob pays Francesco 22 coins
[1779286472] miner ID [2]:Confirmed block received from node
[1779286473] miner ID [2]:Confirmed block received from node
[1779286473] miner ID [2]:Confirmed block received from node
[1779286474] miner ID [2]:Confirmed block received from node
[1779286474] miner ID [2]:Mining successful
[1779286474] miner ID [2]:Block sent to nodes
[1779286474] miner ID [2]:Confirmed block received from node
[1779286474] miner ID [2]:Confirmed block received from node
[1779286475] miner ID [2]:Bob pays Giovanna 84 coins
[1779286475] miner ID [2]:Francesco pays Ilaria 70 coins
[1779286475] miner ID [2]:Ilaria pays Francesco 44 coins
[1779286475] miner ID [2]:Giacomo pays Bob 45 coins
[1779286475] miner ID [2]:Francesco pays Ilaria 51 coins
[1779286475] miner ID [2]:Alice pays Giacomo 87 coins
[1779286478] miner ID [2]:Confirmed block received from node
[1779286478] miner ID [2]:Mining successful
[1779286478] miner ID [2]:Block sent to nodes
[1779286478] miner ID [2]:Confirmed block received from node
[1779286479] miner ID [2]:Confirmed block received from node
[1779286479] miner ID [2]:Confirmed block received from node
[1779286479] miner ID [2]:Lottery won but no transactions to mine
[1779286480] miner ID [2]:Alice pays Giacomo 39 coins
[1779286480] miner ID [2]:Bob pays Giovanna 15 coins
[1779286480] miner ID [2]:Ilaria pays Giovanna 78 coins
[1779286480] miner ID [2]:Francesco pays Bob 65 coins
[1779286480] miner ID [2]:Bob pays Giacomo 92 coins
[1779286480] miner ID [2]:Alice pays Bob 27 coins
