[1779283612] miner ID [3]:miner avviato correttamente
[1779283612] miner ID [3]:Miner started
[1779283612] miner ID [3]:Giovanna pays Alice 65 coins
[1779283617] miner ID [3]:Confirmed block received from node
[1779283620] miner ID [3]:Mining successful
[1779283620] miner ID [3]:Block sent to nodes
[1779283620] miner ID [3]:Confirmed block received from node
[1779283625] miner ID [3]:Bob pays Giacomo 45 coins
[1779283625] miner ID [3]:Alice pays Ilaria 53 coins
[1779283628] miner ID [3]:Confirmed block received from node
[1779283628] miner ID [3]:Confirmed block received from node
[1779283629] miner ID [3]:Giacomo pays Ilaria 24 coins
[1779283629] miner ID [3]:Francesco pays Alice 54 coins
[1779283629] miner ID [3]:Giovanna pays Giacomo 7 coins
[1779283629] miner ID [3]:Giovanna pays Giacomo 8 coins
[1779283629] miner ID [3]:Giacomo pays Francesco 83 coins
[1779283630] miner ID [3]:Confirmed block received from node
[1779283630] miner ID [3]:Mining successful
[1779283630] miner ID [3]:Block sent to nodes
[1779283630] miner ID [3]:Confirmed block received from node
[1779283633] miner ID [3]:Confirmed block received from node
[1779283634] miner ID [3]:Confirmed block received from node
[1779283637] miner ID [3]:Giovanna pays Francesco 68 coins
[1779283637] miner ID [3]:Bob pays Francesco 16 coins
[1779283637] miner ID [3]:Alice pays Giovanna 20 coins
[1779283637] miner ID [3]:Bob pays Francesco 73 coins
[1779283637] miner ID [3]:Giovanna pays Alice 46 coins
[1779283638] miner ID [3]:Alice pays Francesco 57 coins
[1779283638] miner ID [3]:Francesco pays Alice 61 coins
[1779283638] miner ID [3]:Alice pays Ilaria 27 coins
[1779283638] miner ID [3]:WARNING: transaction pool full
[1779283638] miner ID [3]:Ilaria pays Giovanna 88 coins
[1779283638] miner ID [3]:WARNING: transaction pool full
[1779283638] miner ID [3]:Francesco pays Ilaria 76 coins
[1779283640] miner ID [3]:Confirmed block received from node
[1779283640] miner ID [3]:Confirmed block received from node
[1779283641] miner ID [3]:Confirmed block received from node
[1779283642] miner ID [3]:WARNING: transaction pool full
[1779283642] miner ID [3]:Francesco pays Giovanna 22 coins
[1779283642] miner ID [3]:WARNING: transaction pool full
[1779283642] miner ID [3]:Giacomo pays Ilaria 9 coins
[1779283642] miner ID [3]:WARNING: transaction pool full
[1779283642] miner ID [3]:Francesco pays Bob 34 coins
[1779283642] miner ID [3]:WARNING: transaction pool full
[1779283642] miner ID [3]:Bob pays Francesco 48 coins
[1779283642] miner ID [3]:WARNING: transaction pool full
[1779283642] miner ID [3]:Giovanna pays Giacomo 8 coins
[1779283649] miner ID [3]:WARNING: transaction pool full
[1779283649] miner ID [3]:Francesco pays Alice 45 coins
[1779283649] miner ID [3]:WARNING: transaction pool full
[1779283649] miner ID [3]:Ilaria pays Alice 81 coins
[1779283649] miner ID [3]:Mining successful
[1779283649] miner ID [3]:Block sent to nodes
[1779283649] miner ID [3]:Confirmed block received from node
[1779283649] miner ID [3]:Confirmed block received from node
[1779283650] miner ID [3]:Alice pays Bob 72 coins
[1779283650] miner ID [3]:Giovanna pays Alice 98 coins
[1779283650] miner ID [3]:Ilaria pays Bob 20 coins
[1779283650] miner ID [3]:Alice pays Giovanna 14 coins
[1779283650] miner ID [3]:Bob pays Francesco 30 coins
[1779283650] miner ID [3]:Mining successful
[1779283650] miner ID [3]:Block sent to nodes
[1779283650] miner ID [3]:Confirmed block received from node
[1779283650] miner ID [3]:Lottery won but no transactions to mine
[1779283651] miner ID [3]:Giacomo pays Francesco 59 coins
[1779283651] miner ID [3]:Giovanna pays Bob 4 coins
[1779283651] miner ID [3]:Bob pays Alice 78 coins
[1779283651] miner ID [3]:Giovanna pays Francesco 36 coins
[1779283651] miner ID [3]:Bob pays Alice 46 coins
[1779283651] miner ID [3]:Mining successful
[1779283651] miner ID [3]:Block sent to nodes
[1779283651] miner ID [3]:Confirmed block received from node
[1779283656] miner ID [3]:Giovanna pays Francesco 98 coins
[1779283656] miner ID [3]:Francesco pays Alice 65 coins
[1779283656] miner ID [3]:Ilaria pays Giovanna 55 coins
[1779283656] miner ID [3]:Bob pays Giovanna 88 coins
[1779283656] miner ID [3]:Giovanna pays Alice 72 coins
[1779283660] miner ID [3]:Confirmed block received from node
[1779283662] miner ID [3]:Confirmed block received from node
[1779283662] miner ID [3]:Mining successful
[1779283662] miner ID [3]:Block sent to nodes
[1779283662] miner ID [3]:Confirmed block received from node
[1779283664] miner ID [3]:Bob pays Ilaria 17 coins
[1779283664] miner ID [3]:Giacomo pays Alice 17 coins
[1779283664] miner ID [3]:Bob pays Giovanna 55 coins
[1779283664] miner ID [3]:Giacomo pays Bob 78 coins
[1779283664] miner ID [3]:Giacomo pays Giovanna 54 coins
[1779283664] miner ID [3]:Giacomo pays Bob 26 coins
[1779283665] miner ID [3]:Confirmed block received from node
[1779283669] miner ID [3]:Ilaria pays Alice 92 coins
[1779283669] miner ID [3]:Alice pays Ilaria 47 coins
[1779283669] miner ID [3]:Ilaria pays Alice 23 coins
[1779283669] miner ID [3]:WARNING: transaction pool full
[1779283669] miner ID [3]:Alice pays Francesco 75 coins
[1779283669] miner ID [3]:WARNING: transaction pool full
[1779283669] miner ID [3]:Giovanna pays Bob 79 coins
[1779283669] miner ID [3]:WARNING: transaction pool full
[1779283669] miner ID [3]:Alice pays Bob 60 coins
[1779283669] miner ID [3]:WARNING: transaction pool full
[1779283669] miner ID [3]:Bob pays Alice 86 coins
[1779283669] miner ID [3]:WARNING: transaction pool full
[1779283669] miner ID [3]:Alice pays Ilaria 60 coins
[1779283670] miner ID [3]:Confirmed block received from node
[1779283670] miner ID [3]:Confirmed block received from node
[1779283670] miner ID [3]:Mining successful
[1779283670] miner ID [3]:Block sent to nodes
[1779283670] miner ID [3]:Confirmed block received from node
[1779283670] miner ID [3]:Lottery won but no transactions to mine
[1779283671] miner ID [3]:Giacomo pays Giovanna 60 coins
[1779283671] miner ID [3]:Francesco pays Bob 40 coins
[1779283671] miner ID [3]:Ilaria pays Francesco 96 coins
[1779283671] miner ID [3]:Giacomo pays Ilaria 24 coins
[1779283671] miner ID [3]:Bob pays Ilaria 91 coins
[1779283673] miner ID [3]:Mining successful
[1779283673] miner ID [3]:Block sent to nodes
[1779283674] miner ID [3]:Confirmed block received from node
[1779283678] miner ID [3]:Ilaria pays Giacomo 25 coins
[1779283678] miner ID [3]:Ilaria pays Alice 3 coins
[1779283678] miner ID [3]:Giacomo pays Alice 98 coins
[1779283678] miner ID [3]:Francesco pays Giovanna 21 coins
[1779283678] miner ID [3]:Bob pays Giovanna 38 coins
[1779283680] miner ID [3]:Francesco pays Ilaria 24 coins
[1779283680] miner ID [3]:Alice pays Francesco 46 coins
[1779283680] miner ID [3]:Mining successful
[1779283680] miner ID [3]:Block sent to nodes
[1779283680] miner ID [3]:Confirmed block received from node
[1779283680] miner ID [3]:Confirmed block received from node
[1779283680] miner ID [3]:Lottery won but no transactions to mine
[1779283685] miner ID [3]:Ilaria pays Francesco 91 coins
[1779283685] miner ID [3]:Giacomo pays Ilaria 13 coins
[1779283685] miner ID [3]:Alice pays Francesco 43 coins
[1779283685] miner ID [3]:Alice pays Bob 17 coins
[1779283685] miner ID [3]:Francesco pays Bob 6 coins
[1779283685] miner ID [3]:Giacomo pays Giovanna 84 coins
[1779283685] miner ID [3]:Giacomo pays Bob 47 coins
[1779283685] miner ID [3]:Alice pays Bob 63 coins
[1779283685] miner ID [3]:WARNING: transaction pool full
[1779283685] miner ID [3]:Giovanna pays Bob 77 coins
[1779283685] miner ID [3]:Bob pays Alice 71 coins
[1779283685] miner ID [3]:WARNING: transaction pool full
[1779283685] miner ID [3]:Tollo pays Gio 33 coins
[1779283690] miner ID [3]:WARNING: transaction pool full
[1779283690] miner ID [3]:Bob pays Giovanna 52 coins
[1779283690] miner ID [3]:WARNING: transaction pool full
[1779283690] miner ID [3]:Ilaria pays Giacomo 51 coins
[1779283690] miner ID [3]:WARNING: transaction pool full
[1779283690] miner ID [3]:Francesco pays Alice 56 coins
[1779283690] miner ID [3]:WARNING: transaction pool full
[1779283690] miner ID [3]:Giacomo pays Alice 2 coins
[1779283690] miner ID [3]:WARNING: transaction pool full
[1779283690] miner ID [3]:Alice pays Ilaria 60 coins
[1779283693] miner ID [3]:Confirmed block received from node
[1779283694] miner ID [3]:WARNING: transaction pool full
[1779283694] miner ID [3]:Francesco pays Ilaria 48 coins
[1779283694] miner ID [3]:WARNING: transaction pool full
[1779283694] miner ID [3]:Alice pays Giacomo 62 coins
[1779283694] miner ID [3]:WARNING: transaction pool full
[1779283694] miner ID [3]:Francesco pays Ilaria 68 coins
[1779283694] miner ID [3]:WARNING: transaction pool full
[1779283694] miner ID [3]:Giovanna pays Giacomo 53 coins
[1779283694] miner ID [3]:WARNING: transaction pool full
[1779283694] miner ID [3]:Giovanna pays Alice 24 coins
[1779283698] miner ID [3]:Confirmed block received from node
[1779283698] miner ID [3]:Mining successful
[1779283698] miner ID [3]:Block sent to nodes
[1779283698] miner ID [3]:Confirmed block received from node
[1779283699] miner ID [3]:Confirmed block received from node
[1779283699] miner ID [3]:Giacomo pays Alice 13 coins
[1779283699] miner ID [3]:Alice pays Bob 70 coins
[1779283703] miner ID [3]:Confirmed block received from node
[1779283707] miner ID [3]:Giacomo pays Alice 85 coins
[1779283707] miner ID [3]:Bob pays Alice 5 coins
[1779283707] miner ID [3]:Bob pays Giacomo 38 coins
[1779283707] miner ID [3]:Giovanna pays Giacomo 17 coins
[1779283707] miner ID [3]:Ilaria pays Bob 85 coins
[1779283708] miner ID [3]:Bob pays Giacomo 9 coins
[1779283708] miner ID [3]:Francesco pays Ilaria 49 coins
[1779283708] miner ID [3]:WARNING: transaction pool full
[1779283708] miner ID [3]:Giovanna pays Alice 72 coins
[1779283708] miner ID [3]:WARNING: transaction pool full
[1779283708] miner ID [3]:Alice pays Francesco 50 coins
[1779283708] miner ID [3]:Mining successful
[1779283708] miner ID [3]:Block sent to nodes
[1779283708] miner ID [3]:Confirmed block received from node
[1779283713] miner ID [3]:Giovanna pays Bob 59 coins
[1779283713] miner ID [3]:Giovanna pays Giacomo 51 coins
[1779283713] miner ID [3]:Bob pays Alice 67 coins
[1779283713] miner ID [3]:Alice pays Giovanna 24 coins
[1779283713] miner ID [3]:Giacomo pays Giovanna 30 coins
[1779283713] miner ID [3]:Confirmed block received from node
[1779283713] miner ID [3]:Mining successful
[1779283713] miner ID [3]:Block sent to nodes
[1779283713] miner ID [3]:Confirmed block received from node
[1779283713] miner ID [3]:Confirmed block received from node
[1779283715] miner ID [3]:Confirmed block received from node
[1779283717] miner ID [3]:Confirmed block received from node
[1779283719] miner ID [3]:Giovanna pays Alice 51 coins
[1779283719] miner ID [3]:Giacomo pays Francesco 65 coins
[1779283719] miner ID [3]:Alice pays Ilaria 68 coins
[1779283719] miner ID [3]:Alice pays Ilaria 16 coins
[1779283719] miner ID [3]:Alice pays Giovanna 89 coins
[1779283719] miner ID [3]:Bob pays Alice 16 coins
[1779283719] miner ID [3]:Giovanna pays Bob 24 coins
[1779283719] miner ID [3]:Bob pays Alice 3 coins
[1779283719] miner ID [3]:Bob pays Alice 34 coins
[1779283719] miner ID [3]:WARNING: transaction pool full
[1779283719] miner ID [3]:Ilaria pays Bob 98 coins
[1779283724] miner ID [3]:WARNING: transaction pool full
[1779283724] miner ID [3]:Ilaria pays Bob 92 coins
[1779283724] miner ID [3]:WARNING: transaction pool full
[1779283724] miner ID [3]:Bob pays Alice 77 coins
[1779283724] miner ID [3]:WARNING: transaction pool full
[1779283724] miner ID [3]:Bob pays Francesco 57 coins
[1779283724] miner ID [3]:WARNING: transaction pool full
[1779283724] miner ID [3]:Bob pays Giacomo 32 coins
[1779283724] miner ID [3]:WARNING: transaction pool full
[1779283724] miner ID [3]:Francesco pays Ilaria 90 coins
[1779283724] miner ID [3]:WARNING: transaction pool full
[1779283724] miner ID [3]:Bob pays Ilaria 26 coins
[1779283724] miner ID [3]:WARNING: transaction pool full
[1779283724] miner ID [3]:Alice pays Bob 59 coins
[1779283724] miner ID [3]:WARNING: transaction pool full
[1779283724] miner ID [3]:Ilaria pays Bob 7 coins
[1779283724] miner ID [3]:WARNING: transaction pool full
[1779283724] miner ID [3]:Alice pays Francesco 67 coins
[1779283724] miner ID [3]:WARNING: transaction pool full
[1779283724] miner ID [3]:Francesco pays Giacomo 66 coins
[1779283724] miner ID [3]:Confirmed block received from node
[1779283724] miner ID [3]:Confirmed block received from node
[1779283729] miner ID [3]:WARNING: transaction pool full
[1779283729] miner ID [3]:Bob pays Giovanna 80 coins
[1779283729] miner ID [3]:WARNING: transaction pool full
[1779283729] miner ID [3]:Ilaria pays Giacomo 73 coins
[1779283729] miner ID [3]:WARNING: transaction pool full
[1779283729] miner ID [3]:Francesco pays Bob 17 coins
[1779283729] miner ID [3]:WARNING: transaction pool full
[1779283729] miner ID [3]:Bob pays Francesco 18 coins
[1779283729] miner ID [3]:WARNING: transaction pool full
[1779283729] miner ID [3]:Ilaria pays Bob 86 coins
[1779283732] miner ID [3]:WARNING: transaction pool full
[1779283732] miner ID [3]:Alice pays Giovanna 24 coins
[1779283732] miner ID [3]:WARNING: transaction pool full
[1779283732] miner ID [3]:Francesco pays Giacomo 81 coins
[1779283732] miner ID [3]:WARNING: transaction pool full
[1779283732] miner ID [3]:Alice pays Bob 79 coins
[1779283735] miner ID [3]:WARNING: transaction pool full
[1779283735] miner ID [3]:Giacomo pays Ilaria 13 coins
[1779283735] miner ID [3]:WARNING: transaction pool full
[1779283735] miner ID [3]:Bob pays Alice 8 coins
[1779283735] miner ID [3]:Mining successful
[1779283735] miner ID [3]:Block sent to nodes
[1779283735] miner ID [3]:Confirmed block received from node
[1779283738] miner ID [3]:Ilaria pays Giovanna 18 coins
[1779283738] miner ID [3]:Giacomo pays Giovanna 72 coins
[1779283738] miner ID [3]:Giovanna pays Bob 56 coins
[1779283738] miner ID [3]:Alice pays Giovanna 83 coins
[1779283738] miner ID [3]:Bob pays Francesco 32 coins
[1779283738] miner ID [3]:Confirmed block received from node
[1779283738] miner ID [3]:Confirmed block received from node
[1779283738] miner ID [3]:Confirmed block received from node
[1779283765] miner ID [3]:Giacomo pays Bob 64 coins
[1779283766] miner ID [3]:Alice pays Bob 97 coins
[1779283766] miner ID [3]:Giovanna pays Ilaria 14 coins
[1779283766] miner ID [3]:WARNING: transaction pool full
[1779283766] miner ID [3]:Giacomo pays Francesco 76 coins
[1779283766] miner ID [3]:WARNING: transaction pool full
[1779283766] miner ID [3]:Bob pays Ilaria 86 coins
[1779283766] miner ID [3]:WARNING: transaction pool full
[1779283766] miner ID [3]:Francesco pays Ilaria 21 coins
[1779283766] miner ID [3]:WARNING: transaction pool full
[1779283766] miner ID [3]:Ilaria pays Alice 11 coins
[1779283766] miner ID [3]:WARNING: transaction pool full
[1779283766] miner ID [3]:Francesco pays Alice 53 coins
[1779283766] miner ID [3]:WARNING: transaction pool full
[1779283766] miner ID [3]:Bob pays Alice 78 coins
[1779283766] miner ID [3]:WARNING: transaction pool full
[1779283766] miner ID [3]:Ilaria pays Bob 55 coins
[1779283766] miner ID [3]:WARNING: transaction pool full
[1779283766] miner ID [3]:Bob pays Alice 65 coins
[1779283768] miner ID [3]:WARNING: transaction pool full
[1779283768] miner ID [3]:Ilaria pays Bob 6 coins
[1779283775] miner ID [3]:WARNING: transaction pool full
[1779283775] miner ID [3]:Giovanna pays Alice 37 coins
[1779283784] miner ID [3]:Confirmed block received from node
[1779283784] miner ID [3]:WARNING: transaction pool full
[1779283784] miner ID [3]:Ilaria pays Bob 45 coins
[1779283784] miner ID [3]:WARNING: transaction pool full
[1779283784] miner ID [3]:Ilaria pays Giovanna 86 coins
[1779283784] miner ID [3]:WARNING: transaction pool full
[1779283784] miner ID [3]:Giacomo pays Giovanna 16 coins
[1779283784] miner ID [3]:WARNING: transaction pool full
[1779283784] miner ID [3]:Alice pays Francesco 57 coins
[1779283784] miner ID [3]:WARNING: transaction pool full
[1779283784] miner ID [3]:Francesco pays Alice 29 coins
[1779283787] miner ID [3]:WARNING: transaction pool full
[1779283787] miner ID [3]:Giacomo pays Alice 77 coins
[1779283787] miner ID [3]:WARNING: transaction pool full
[1779283787] miner ID [3]:Alice pays Francesco 62 coins
[1779283787] miner ID [3]:WARNING: transaction pool full
[1779283787] miner ID [3]:Ilaria pays Giacomo 26 coins
[1779283787] miner ID [3]:WARNING: transaction pool full
[1779283787] miner ID [3]:Alice pays Ilaria 40 coins
[1779283787] miner ID [3]:WARNING: transaction pool full
[1779283787] miner ID [3]:Giovanna pays Giacomo 7 coins
[1779283787] miner ID [3]:WARNING: transaction pool full
[1779283787] miner ID [3]:Ilaria pays Giovanna 45 coins
[1779283787] miner ID [3]:WARNING: transaction pool full
[1779283787] miner ID [3]:Ilaria pays Giovanna 48 coins
[1779283787] miner ID [3]:WARNING: transaction pool full
[1779283787] miner ID [3]:Ilaria pays Francesco 1 coins
[1779283787] miner ID [3]:WARNING: transaction pool full
[1779283787] miner ID [3]:Ilaria pays Giacomo 27 coins
[1779283787] miner ID [3]:Confirmed block received from node
[1779283787] miner ID [3]:Mining successful
[1779283787] miner ID [3]:Block sent to nodes
[1779283787] miner ID [3]:Confirmed block received from node
[1779283787] miner ID [3]:Lottery won but no transactions to mine
[1779283789] miner ID [3]:Alice pays Ilaria 18 coins
[1779283789] miner ID [3]:Alice pays Bob 16 coins
[1779283789] miner ID [3]:Giovanna pays Bob 86 coins
[1779283792] miner ID [3]:Confirmed block received from node
[1779283792] miner ID [3]:Confirmed block received from node
[1779283792] miner ID [3]:Mining successful
[1779283792] miner ID [3]:Block sent to nodes
[1779283792] miner ID [3]:Confirmed block received from node
[1779283792] miner ID [3]:Confirmed block received from node
[1779283797] miner ID [3]:Confirmed block received from node
[1779283797] miner ID [3]:Lottery won but no transactions to mine
[1779283797] miner ID [3]:Confirmed block received from node
[1779283797] miner ID [3]:Confirmed block received from node
[1779283798] miner ID [3]:Confirmed block received from node
[1779283799] miner ID [3]:Lottery won but no transactions to mine
[1779283802] miner ID [3]:Francesco pays Giovanna 7 coins
[1779283811] miner ID [3]:Bob pays Giovanna 50 coins
[1779283811] miner ID [3]:Ilaria pays Francesco 99 coins
[1779283811] miner ID [3]:Alice pays Bob 71 coins
[1779283811] miner ID [3]:Giovanna pays Alice 74 coins
[1779283811] miner ID [3]:Giacomo pays Bob 95 coins
[1779283814] miner ID [3]:Confirmed block received from node
[1779283814] miner ID [3]:Mining successful
[1779283814] miner ID [3]:Block sent to nodes
[1779283814] miner ID [3]:Confirmed block received from node
[1779283818] miner ID [3]:Ilaria pays Bob 22 coins
[1779283818] miner ID [3]:Alice pays Giacomo 87 coins
[1779283818] miner ID [3]:Alice pays Giacomo 10 coins
[1779283818] miner ID [3]:Giovanna pays Bob 63 coins
[1779283818] miner ID [3]:Francesco pays Giacomo 42 coins
[1779283818] miner ID [3]:Mining successful
[1779283818] miner ID [3]:Block sent to nodes
[1779283818] miner ID [3]:Confirmed block received from node
[1779283819] miner ID [3]:Bob pays Ilaria 71 coins
[1779283819] miner ID [3]:Bob pays Ilaria 31 coins
[1779283819] miner ID [3]:Giacomo pays Alice 21 coins
[1779283819] miner ID [3]:Alice pays Ilaria 60 coins
[1779283819] miner ID [3]:Giovanna pays Bob 12 coins
[1779283819] miner ID [3]:Mining successful
[1779283819] miner ID [3]:Block sent to nodes
[1779283819] miner ID [3]:Confirmed block received from node
[1779283820] miner ID [3]:Confirmed block received from node
[1779283820] miner ID [3]:Lottery won but no transactions to mine
[1779283820] miner ID [3]:Confirmed block received from node
[1779283823] miner ID [3]:Giovanna pays Alice 83 coins
[1779283823] miner ID [3]:Francesco pays Giovanna 40 coins
[1779283823] miner ID [3]:Giovanna pays Francesco 34 coins
[1779283825] miner ID [3]:Confirmed block received from node
[1779283825] miner ID [3]:Mining successful
[1779283825] miner ID [3]:Block sent to nodes
[1779283825] miner ID [3]:Confirmed block received from node
[1779283827] miner ID [3]:Bob pays Francesco 7 coins
[1779283827] miner ID [3]:Bob pays Alice 89 coins
[1779283827] miner ID [3]:Bob pays Giacomo 99 coins
[1779283827] miner ID [3]:Giacomo pays Bob 67 coins
[1779283827] miner ID [3]:Ilaria pays Giovanna 38 coins
[1779283827] miner ID [3]:Giovanna pays Bob 59 coins
[1779283827] miner ID [3]:Giovanna pays Bob 43 coins
[1779283827] miner ID [3]:Giacomo pays Ilaria 95 coins
[1779283827] miner ID [3]:Giacomo pays Giovanna 27 coins
[1779283827] miner ID [3]:WARNING: transaction pool full
[1779283827] miner ID [3]:Giovanna pays Francesco 56 coins
[1779283827] miner ID [3]:Mining successful
[1779283827] miner ID [3]:Block sent to nodes
[1779283828] miner ID [3]:Confirmed block received from node
[1779283828] miner ID [3]:Lottery won but no transactions to mine
[1779283830] miner ID [3]:Confirmed block received from node
[1779283832] miner ID [3]:Francesco pays Giacomo 42 coins
[1779283832] miner ID [3]:Giovanna pays Giacomo 24 coins
[1779283832] miner ID [3]:Ilaria pays Giovanna 69 coins
[1779283832] miner ID [3]:Giacomo pays Alice 60 coins
[1779283832] miner ID [3]:Alice pays Giacomo 98 coins
[1779283835] miner ID [3]:Giacomo pays Bob 78 coins
[1779283835] miner ID [3]:Giovanna pays Alice 61 coins
[1779283835] miner ID [3]:Alice pays Bob 57 coins
[1779283835] miner ID [3]:WARNING: transaction pool full
[1779283835] miner ID [3]:Giovanna pays Bob 46 coins
[1779283835] miner ID [3]:WARNING: transaction pool full
[1779283835] miner ID [3]:Alice pays Francesco 32 coins
[1779283839] miner ID [3]:Confirmed block received from node
[1779283839] miner ID [3]:Confirmed block received from node
[1779283843] miner ID [3]:Mining successful
[1779283843] miner ID [3]:Block sent to nodes
[1779283843] miner ID [3]:Confirmed block received from node
[1779283846] miner ID [3]:Giacomo pays Giovanna 9 coins
[1779283846] miner ID [3]:Giovanna pays Ilaria 18 coins
[1779283846] miner ID [3]:Ilaria pays Giacomo 57 coins
[1779283846] miner ID [3]:Ilaria pays Alice 63 coins
[1779283846] miner ID [3]:Francesco pays Bob 66 coins
[1779283846] miner ID [3]:Mining successful
[1779283846] miner ID [3]:Block sent to nodes
[1779283846] miner ID [3]:Confirmed block received from node
[1779283849] miner ID [3]:Bob pays Giovanna 92 coins
[1779283849] miner ID [3]:Ilaria pays Alice 13 coins
[1779283849] miner ID [3]:Ilaria pays Giovanna 36 coins
[1779283849] miner ID [3]:Confirmed block received from node
[1779283849] miner ID [3]:Mining successful
[1779283849] miner ID [3]:Block sent to nodes
[1779283849] miner ID [3]:Confirmed block received from node
[1779283849] miner ID [3]:Lottery won but no transactions to mine
[1779283850] miner ID [3]:Giovanna pays Ilaria 69 coins
[1779283850] miner ID [3]:Alice pays Bob 89 coins
[1779283850] miner ID [3]:Bob pays Francesco 1 coins
[1779283859] miner ID [3]:Confirmed block received from node
[1779283860] miner ID [3]:Confirmed block received from node
[1779283861] miner ID [3]:Francesco pays Alice 76 coins
[1779283861] miner ID [3]:Alice pays Giacomo 42 coins
[1779283861] miner ID [3]:Ilaria pays Giovanna 54 coins
[1779283861] miner ID [3]:Giacomo pays Alice 35 coins
[1779283861] miner ID [3]:Ilaria pays Bob 31 coins
[1779283862] miner ID [3]:WARNING: transaction pool full
[1779283862] miner ID [3]:Giacomo pays Ilaria 28 coins
[1779283862] miner ID [3]:WARNING: transaction pool full
[1779283862] miner ID [3]:Giacomo pays Giovanna 4 coins
[1779283862] miner ID [3]:WARNING: transaction pool full
[1779283862] miner ID [3]:Ilaria pays Francesco 67 coins
[1779283862] miner ID [3]:WARNING: transaction pool full
[1779283862] miner ID [3]:Francesco pays Alice 49 coins
[1779283862] miner ID [3]:WARNING: transaction pool full
[1779283862] miner ID [3]:Giovanna pays Ilaria 49 coins
[1779283864] miner ID [3]:Confirmed block received from node
[1779283866] miner ID [3]:Confirmed block received from node
[1779283866] miner ID [3]:Mining successful
[1779283866] miner ID [3]:Block sent to nodes
[1779283866] miner ID [3]:Confirmed block received from node
[1779283866] miner ID [3]:Confirmed block received from node
[1779283867] miner ID [3]:Ilaria pays Giacomo 10 coins
[1779283867] miner ID [3]:Francesco pays Ilaria 44 coins
[1779283867] miner ID [3]:Bob pays Ilaria 57 coins
[1779283867] miner ID [3]:Ilaria pays Francesco 57 coins
[1779283867] miner ID [3]:Giacomo pays Alice 88 coins
[1779283867] miner ID [3]:Mining successful
[1779283867] miner ID [3]:Block sent to nodes
[1779283867] miner ID [3]:Confirmed block received from node
[1779283869] miner ID [3]:Giovanna pays Bob 93 coins
[1779283869] miner ID [3]:Bob pays Francesco 11 coins
[1779283869] miner ID [3]:Bob pays Ilaria 26 coins
[1779283869] miner ID [3]:Ilaria pays Francesco 86 coins
[1779283869] miner ID [3]:Alice pays Giovanna 95 coins
[1779283869] miner ID [3]:Giacomo pays Bob 29 coins
[1779283869] miner ID [3]:Giovanna pays Francesco 55 coins
[1779283869] miner ID [3]:Alice pays Ilaria 39 coins
[1779283869] miner ID [3]:WARNING: transaction pool full
[1779283869] miner ID [3]:Bob pays Giovanna 98 coins
[1779283869] miner ID [3]:WARNING: transaction pool full
[1779283869] miner ID [3]:Giovanna pays Bob 93 coins
[1779283871] miner ID [3]:Confirmed block received from node
[1779283871] miner ID [3]:Mining successful
[1779283871] miner ID [3]:Block sent to nodes
[1779283872] miner ID [3]:Confirmed block received from node
[1779283873] miner ID [3]:Francesco pays Giovanna 33 coins
[1779283873] miner ID [3]:Bob pays Francesco 49 coins
[1779283873] miner ID [3]:Francesco pays Giovanna 43 coins
[1779283874] miner ID [3]:Ilaria pays Giovanna 37 coins
[1779283874] miner ID [3]:Giovanna pays Francesco 51 coins
[1779283874] miner ID [3]:Francesco pays Bob 1 coins
[1779283874] miner ID [3]:Bob pays Ilaria 77 coins
[1779283874] miner ID [3]:Francesco pays Giovanna 57 coins
[1779283876] miner ID [3]:Confirmed block received from node
[1779283878] miner ID [3]:Confirmed block received from node
[1779283878] miner ID [3]:Mining successful
[1779283878] miner ID [3]:Block sent to nodes
[1779283878] miner ID [3]:Confirmed block received from node
[1779283880] miner ID [3]:Confirmed block received from node
[1779283882] miner ID [3]:Giacomo pays Alice 50 coins
[1779283882] miner ID [3]:Alice pays Francesco 54 coins
[1779283882] miner ID [3]:Ilaria pays Bob 50 coins
[1779283882] miner ID [3]:Giacomo pays Giovanna 32 coins
[1779283882] miner ID [3]:Alice pays Giovanna 72 coins
[1779283882] miner ID [3]:Confirmed block received from node
[1779283883] miner ID [3]:Giovanna pays Giacomo 55 coins
[1779283883] miner ID [3]:Ilaria pays Francesco 74 coins
[1779283889] miner ID [3]:Confirmed block received from node
[1779283889] miner ID [3]:Mining successful
[1779283889] miner ID [3]:Block sent to nodes
[1779283889] miner ID [3]:Confirmed block received from node
[1779283889] miner ID [3]:Lottery won but no transactions to mine
[1779283893] miner ID [3]:Confirmed block received from node
[1779283894] miner ID [3]:Confirmed block received from node
[1779283894] miner ID [3]:Confirmed block received from node
[1779283895] miner ID [3]:Confirmed block received from node
[1779283895] miner ID [3]:Lottery won but no transactions to mine
[1779283895] miner ID [3]:Confirmed block received from node
[1779283895] miner ID [3]:Lottery won but no transactions to mine
[1779283898] miner ID [3]:Giovanna pays Ilaria 46 coins
[1779283898] miner ID [3]:Francesco pays Ilaria 69 coins
[1779283898] miner ID [3]:Ilaria pays Bob 77 coins
[1779283898] miner ID [3]:Ilaria pays Alice 51 coins
[1779283898] miner ID [3]:Giovanna pays Bob 51 coins
[1779283898] miner ID [3]:Bob pays Francesco 29 coins
[1779283898] miner ID [3]:Francesco pays Alice 2 coins
[1779283898] miner ID [3]:Giacomo pays Giovanna 46 coins
[1779283898] miner ID [3]:WARNING: transaction pool full
[1779283898] miner ID [3]:Francesco pays Bob 62 coins
[1779283898] miner ID [3]:WARNING: transaction pool full
[1779283898] miner ID [3]:Giovanna pays Ilaria 53 coins
[1779283898] miner ID [3]:Mining successful
[1779283898] miner ID [3]:Block sent to nodes
[1779283898] miner ID [3]:Confirmed block received from node
[1779283899] miner ID [3]:Bob pays Francesco 26 coins
[1779283899] miner ID [3]:Ilaria pays Alice 9 coins
[1779283899] miner ID [3]:Francesco pays Giovanna 48 coins
[1779283899] miner ID [3]:Ilaria pays Alice 22 coins
[1779283899] miner ID [3]:Alice pays Francesco 71 coins
[1779283899] miner ID [3]:Mining successful
[1779283899] miner ID [3]:Block sent to nodes
[1779283899] miner ID [3]:Confirmed block received from node
[1779283901] miner ID [3]:Lottery won but no transactions to mine
[1779283902] miner ID [3]:Confirmed block received from node
[1779283902] miner ID [3]:Lottery won but no transactions to mine
[1779283903] miner ID [3]:Confirmed block received from node
[1779283906] miner ID [3]:Confirmed block received from node
[1779283908] miner ID [3]:Bob pays Francesco 54 coins
[1779283908] miner ID [3]:Alice pays Francesco 1 coins
[1779283908] miner ID [3]:Mining successful
[1779283908] miner ID [3]:Block sent to nodes
[1779283908] miner ID [3]:Confirmed block received from node
[1779283908] miner ID [3]:Confirmed block received from node
[1779283908] miner ID [3]:Lottery won but no transactions to mine
[1779283909] miner ID [3]:Bob pays Ilaria 67 coins
[1779283909] miner ID [3]:Ilaria pays Bob 49 coins
[1779283909] miner ID [3]:Confirmed block received from node
[1779283909] miner ID [3]:Mining successful
[1779283909] miner ID [3]:Block sent to nodes
[1779283909] miner ID [3]:Confirmed block received from node
[1779283909] miner ID [3]:Lottery won but no transactions to mine
[1779283910] miner ID [3]:Alice pays Ilaria 61 coins
[1779283912] miner ID [3]:Ilaria pays Alice 98 coins
[1779283912] miner ID [3]:Confirmed block received from node
[1779283912] miner ID [3]:Mining successful
[1779283912] miner ID [3]:Block sent to nodes
[1779283912] miner ID [3]:Confirmed block received from node
[1779283912] miner ID [3]:Confirmed block received from node
[1779283912] miner ID [3]:Lottery won but no transactions to mine
[1779283917] miner ID [3]:Giacomo pays Bob 4 coins
[1779283917] miner ID [3]:Francesco pays Ilaria 79 coins
[1779283918] miner ID [3]:Confirmed block received from node
[1779283922] miner ID [3]:Francesco pays Alice 75 coins
[1779283922] miner ID [3]:Ilaria pays Giovanna 90 coins
[1779283922] miner ID [3]:Giovanna pays Giacomo 58 coins
[1779283923] miner ID [3]:Bob pays Ilaria 35 coins
[1779283923] miner ID [3]:Bob pays Ilaria 14 coins
[1779283923] miner ID [3]:Bob pays Giovanna 49 coins
[1779283923] miner ID [3]:WARNING: transaction pool full
[1779283923] miner ID [3]:Ilaria pays Alice 14 coins
[1779283923] miner ID [3]:Mining successful
[1779283923] miner ID [3]:Block sent to nodes
[1779283923] miner ID [3]:Confirmed block received from node
[1779283924] miner ID [3]:Confirmed block received from node
[1779283924] miner ID [3]:Lottery won but no transactions to mine
[1779283924] miner ID [3]:Confirmed block received from node
[1779283929] miner ID [3]:Bob pays Giovanna 26 coins
[1779283929] miner ID [3]:Francesco pays Giovanna 1 coins
[1779283930] miner ID [3]:Confirmed block received from node
[1779283934] miner ID [3]:Confirmed block received from node
[1779283934] miner ID [3]:Mining successful
[1779283934] miner ID [3]:Block sent to nodes
[1779283935] miner ID [3]:Confirmed block received from node
[1779283935] miner ID [3]:Confirmed block received from node
[1779283936] miner ID [3]:Bob pays Ilaria 98 coins
[1779283936] miner ID [3]:Bob pays Giovanna 24 coins
[1779283936] miner ID [3]:Mining successful
[1779283936] miner ID [3]:Block sent to nodes
[1779283936] miner ID [3]:Confirmed block received from node
[1779283937] miner ID [3]:Confirmed block received from node
[1779283942] miner ID [3]:Bob pays Ilaria 21 coins
[1779283942] miner ID [3]:Alice pays Ilaria 69 coins
[1779283942] miner ID [3]:Giovanna pays Alice 87 coins
[1779283942] miner ID [3]:Francesco pays Giovanna 13 coins
[1779283943] miner ID [3]:Giacomo pays Francesco 76 coins
[1779283943] miner ID [3]:Ilaria pays Bob 20 coins
[1779283944] miner ID [3]:Ilaria pays Francesco 62 coins
[1779283944] miner ID [3]:Bob pays Ilaria 84 coins
[1779283944] miner ID [3]:Mining successful
[1779283944] miner ID [3]:Block sent to nodes
[1779283944] miner ID [3]:Confirmed block received from node
[1779283945] miner ID [3]:Confirmed block received from node
[1779283945] miner ID [3]:Confirmed block received from node
[1779283947] miner ID [3]:Ilaria pays Francesco 99 coins
[1779283947] miner ID [3]:Ilaria pays Francesco 47 coins
[1779283947] miner ID [3]:Alice pays Giovanna 29 coins
[1779283947] miner ID [3]:Ilaria pays Alice 80 coins
[1779283947] miner ID [3]:Giacomo pays Bob 49 coins
[1779283950] miner ID [3]:Giacomo pays Ilaria 82 coins
[1779283950] miner ID [3]:Bob pays Giovanna 43 coins
[1779283950] miner ID [3]:Ilaria pays Giovanna 45 coins
[1779283950] miner ID [3]:WARNING: transaction pool full
[1779283950] miner ID [3]:Giovanna pays Francesco 77 coins
[1779283950] miner ID [3]:Confirmed block received from node
[1779283952] miner ID [3]:WARNING: transaction pool full
[1779283952] miner ID [3]:Alice pays Giacomo 58 coins
[1779283952] miner ID [3]:WARNING: transaction pool full
[1779283952] miner ID [3]:Alice pays Giovanna 14 coins
[1779283952] miner ID [3]:WARNING: transaction pool full
[1779283952] miner ID [3]:Alice pays Ilaria 54 coins
[1779283952] miner ID [3]:WARNING: transaction pool full
[1779283952] miner ID [3]:Alice pays Bob 74 coins
[1779283952] miner ID [3]:WARNING: transaction pool full
[1779283952] miner ID [3]:Giacomo pays Giovanna 53 coins
[1779283953] miner ID [3]:Confirmed block received from node
[1779283953] miner ID [3]:Confirmed block received from node
[1779283957] miner ID [3]:WARNING: transaction pool full
[1779283957] miner ID [3]:Francesco pays Ilaria 88 coins
[1779283957] miner ID [3]:WARNING: transaction pool full
[1779283957] miner ID [3]:Giacomo pays Alice 64 coins
[1779283957] miner ID [3]:WARNING: transaction pool full
[1779283957] miner ID [3]:Giovanna pays Alice 58 coins
[1779283957] miner ID [3]:Confirmed block received from node
[1779283960] miner ID [3]:WARNING: transaction pool full
[1779283960] miner ID [3]:Bob pays Ilaria 21 coins
[1779283960] miner ID [3]:WARNING: transaction pool full
[1779283960] miner ID [3]:Giovanna pays Bob 18 coins
[1779283960] miner ID [3]:WARNING: transaction pool full
[1779283960] miner ID [3]:Giovanna pays Alice 31 coins
[1779283960] miner ID [3]:WARNING: transaction pool full
[1779283960] miner ID [3]:Francesco pays Alice 55 coins
[1779283960] miner ID [3]:WARNING: transaction pool full
[1779283960] miner ID [3]:Giovanna pays Ilaria 10 coins
[1779283960] miner ID [3]:WARNING: transaction pool full
[1779283960] miner ID [3]:Bob pays Giacomo 75 coins
[1779283960] miner ID [3]:WARNING: transaction pool full
[1779283960] miner ID [3]:Alice pays Giacomo 53 coins
[1779283960] miner ID [3]:WARNING: transaction pool full
[1779283960] miner ID [3]:Giacomo pays Francesco 97 coins
[1779283960] miner ID [3]:WARNING: transaction pool full
[1779283960] miner ID [3]:Bob pays Giovanna 44 coins
[1779283960] miner ID [3]:WARNING: transaction pool full
[1779283960] miner ID [3]:Bob pays Alice 3 coins
[1779283961] miner ID [3]:WARNING: transaction pool full
[1779283961] miner ID [3]:Giovanna pays Giacomo 39 coins
[1779283961] miner ID [3]:WARNING: transaction pool full
[1779283961] miner ID [3]:Giovanna pays Alice 11 coins
[1779283961] miner ID [3]:WARNING: transaction pool full
[1779283961] miner ID [3]:Francesco pays Ilaria 22 coins
[1779283961] miner ID [3]:WARNING: transaction pool full
[1779283961] miner ID [3]:Ilaria pays Bob 14 coins
[1779283961] miner ID [3]:WARNING: transaction pool full
[1779283961] miner ID [3]:Giovanna pays Alice 72 coins
[1779283963] miner ID [3]:Miner shutting down
