[1779286455] miner ID [5]:miner avviato correttamente
[1779286455] miner ID [5]:Miner started
[1779286457] miner ID [5]:Giovanna pays Alice 76 coins
[1779286457] miner ID [5]:Ilaria pays Bob 50 coins
[1779286457] miner ID [5]:Bob pays Giacomo 15 coins
[1779286457] miner ID [5]:Francesco pays Alice 67 coins
[1779286457] miner ID [5]:Bob pays Francesco 93 coins
[1779286457] miner ID [5]:Giovanna pays Alice 64 coins
[1779286457] miner ID [5]:Giovanna pays Alice 10 coins
[1779286457] miner ID [5]:Giovanna pays Francesco 33 coins
[1779286457] miner ID [5]:WARNING: transaction pool full
[1779286457] miner ID [5]:Francesco pays Bob 15 coins
[1779286457] miner ID [5]:Mining successful
[1779286457] miner ID [5]:Block sent to nodes
[1779286457] miner ID [5]:Confirmed block received from node
[1779286457] miner ID [5]:Lottery won but no transactions to mine
[1779286459] miner ID [5]:Bob pays Francesco 48 coins
[1779286459] miner ID [5]:Ilaria pays Bob 3 coins
[1779286459] miner ID [5]:Ilaria pays Giacomo 62 coins
[1779286459] miner ID [5]:Ilaria pays Alice 95 coins
[1779286459] miner ID [5]:Alice pays Bob 26 coins
[1779286459] miner ID [5]:Bob pays Giovanna 11 coins
[1779286461] miner ID [5]:Giovanna pays Alice 52 coins
[1779286461] miner ID [5]:Giacomo pays Alice 91 coins
[1779286461] miner ID [5]:Ilaria pays Giovanna 16 coins
[1779286461] miner ID [5]:WARNING: transaction pool full
[1779286461] miner ID [5]:Ilaria pays Giacomo 39 coins
[1779286461] miner ID [5]:WARNING: transaction pool full
[1779286461] miner ID [5]:Ilaria pays Giacomo 31 coins
[1779286461] miner ID [5]:WARNING: transaction pool full
[1779286461] miner ID [5]:Alice pays Francesco 90 coins
[1779286462] miner ID [5]:Confirmed block received from node
[1779286462] miner ID [5]:Confirmed block received from node
[1779286464] miner ID [5]:Confirmed block received from node
[1779286465] miner ID [5]:WARNING: transaction pool full
[1779286465] miner ID [5]:Giacomo pays Alice 5 coins
[1779286465] miner ID [5]:WARNING: transaction pool full
[1779286465] miner ID [5]:Ilaria pays Francesco 33 coins
[1779286465] miner ID [5]:WARNING: transaction pool full
[1779286465] miner ID [5]:Alice pays Bob 77 coins
[1779286465] miner ID [5]:WARNING: transaction pool full
[1779286465] miner ID [5]:Giovanna pays Ilaria 72 coins
[1779286465] miner ID [5]:WARNING: transaction pool full
[1779286465] miner ID [5]:Alice pays Francesco 18 coins
[1779286465] miner ID [5]:WARNING: transaction pool full
[1779286465] miner ID [5]:Ilaria pays Francesco 56 coins
[1779286468] miner ID [5]:Confirmed block received from node
[1779286468] miner ID [5]:Confirmed block received from node
[1779286468] miner ID [5]:Confirmed block received from node
[1779286472] miner ID [5]:Bob pays Ilaria 71 coins
[1779286472] miner ID [5]:WARNING: transaction pool full
[1779286472] miner ID [5]:Giovanna pays Bob 35 coins
[1779286472] miner ID [5]:WARNING: transaction pool full
[1779286472] miner ID [5]:Alice pays Giovanna 44 coins
[1779286472] miner ID [5]:WARNING: transaction pool full
[1779286472] miner ID [5]:Ilaria pays Bob 33 coins
[1779286472] miner ID [5]:WARNING: transaction pool full
[1779286472] miner ID [5]:Bob pays Giacomo 42 coins
[1779286472] miner ID [5]:Confirmed block received from node
[1779286472] miner ID [5]:Mining successful
[1779286472] miner ID [5]:Block sent to nodes
[1779286473] miner ID [5]:Confirmed block received from node
[1779286473] miner ID [5]:Confirmed block received from node
[1779286474] miner ID [5]:Confirmed block received from node
[1779286474] miner ID [5]:Confirmed block received from node
[1779286474] miner ID [5]:Confirmed block received from node
[1779286478] miner ID [5]:Confirmed block received from node
[1779286478] miner ID [5]:Lottery won but no transactions to mine
[1779286478] miner ID [5]:Confirmed block received from node
[1779286479] miner ID [5]:Confirmed block received from node
[1779286479] miner ID [5]:Confirmed block received from node
