[1779269288] miner ID [1]:miner avviato correttamente
[1779269288] miner ID [1]:Miner started
[1779269293] miner ID [1]:Francesco pays Giovanna 73 coins
[1779269293] miner ID [1]:Giacomo pays Bob 27 coins
[1779269295] miner ID [1]:Mining successful
[1779269295] miner ID [1]:WARNING: cannot open node fifo
[1779269295] miner ID [1]:WARNING: cannot open node fifo
[1779269295] miner ID [1]:Block sent to nodes
[1779269308] miner ID [1]:Bob pays Giacomo 22 coins
[1779269308] miner ID [1]:Ilaria pays Bob 77 coins
[1779269325] miner ID [1]:Ilaria pays Giovanna 75 coins
[1779269335] miner ID [1]:Alice pays Bob 64 coins
[1779269336] miner ID [1]:Alice pays Ilaria 65 coins
[1779269340] miner ID [1]:Alice pays Giovanna 86 coins
[1779269350] miner ID [1]:Alice pays Ilaria 4 coins
[1779269368] miner ID [1]:Ilaria pays Alice 7 coins
[1779269372] miner ID [1]:Bob pays Francesco 96 coins
[1779269377] miner ID [1]:Giacomo pays Bob 61 coins
[1779269386] miner ID [1]:Bob pays Alice 6 coins
[1779269403] miner ID [1]:Ilaria pays Francesco 13 coins
[1779269406] miner ID [1]:Giacomo pays Ilaria 23 coins
[1779269409] miner ID [1]:Giacomo pays Francesco 87 coins
[1779269425] miner ID [1]:Bob pays Giovanna 61 coins
[1779269447] miner ID [1]:Alice pays Francesco 96 coins
[1779269450] miner ID [1]:Ilaria pays Alice 47 coins
[1779269455] miner ID [1]:Alice pays Bob 21 coins
[1779269457] miner ID [1]:Ilaria pays Giovanna 88 coins
[1779269465] miner ID [1]:Giacomo pays Francesco 80 coins
[1779269469] miner ID [1]:Francesco pays Giacomo 4 coins
[1779269474] miner ID [1]:Alice pays Bob 65 coins
[1779269482] miner ID [1]:Francesco pays Alice 13 coins
[1779269485] miner ID [1]:Bob pays Francesco 58 coins
[1779269489] miner ID [1]:Bob pays Alice 78 coins
[1779269499] miner ID [1]:Giacomo pays Bob 86 coins
[1779269517] miner ID [1]:Ilaria pays Bob 6 coins
[1779269521] miner ID [1]:Ilaria pays Giovanna 23 coins
[1779269526] miner ID [1]:Giovanna pays Giacomo 70 coins
[1779269530] miner ID [1]:Alice pays Bob 79 coins
[1779269536] miner ID [1]:Francesco pays Alice 18 coins
[1779269541] miner ID [1]:Bob pays Alice 87 coins
[1779269567] miner ID [1]:Giovanna pays Francesco 99 coins
[1779269585] miner ID [1]:Giacomo pays Bob 47 coins
[1779269585] miner ID [1]:Giovanna pays Alice 58 coins
[1779269590] miner ID [1]:Ilaria pays Giovanna 31 coins
[1779269593] miner ID [1]:Giacomo pays Alice 45 coins
[1779269597] miner ID [1]:Giovanna pays Alice 42 coins
[1779269600] miner ID [1]:Ilaria pays Alice 58 coins
[1779269601] miner ID [1]:Giacomo pays Giovanna 12 coins
[1779269605] miner ID [1]:Giacomo pays Alice 11 coins
[1779269610] miner ID [1]:Giovanna pays Francesco 15 coins
[1779269614] miner ID [1]:Giacomo pays Francesco 87 coins
[1779269618] miner ID [1]:Ilaria pays Francesco 16 coins
[1779269623] miner ID [1]:Alice pays Ilaria 60 coins
[1779269633] miner ID [1]:Bob pays Alice 88 coins
[1779269637] miner ID [1]:Giovanna pays Bob 86 coins
[1779269641] miner ID [1]:Francesco pays Alice 55 coins
[1779269646] miner ID [1]:Ilaria pays Giacomo 64 coins
[1779269649] miner ID [1]:Bob pays Giacomo 92 coins
[1779269654] miner ID [1]:Alice pays Bob 54 coins
[1779269656] miner ID [1]:Giovanna pays Alice 37 coins
[1779269657] miner ID [1]:Giovanna pays Giacomo 13 coins
[1779269662] miner ID [1]:Giacomo pays Bob 52 coins
[1779269669] miner ID [1]:Bob pays Giacomo 93 coins
[1779269682] miner ID [1]:Bob pays Giacomo 17 coins
[1779282393] miner ID [1]:Miner shutting down
[1779282393] miner ID [1]:miner chiuso
