[1779286680] miner ID [1]:miner avviato correttamente
[1779286680] miner ID [1]:Miner started
[1779286680] miner ID [1]:Alice pays Giacomo 83 coins
[1779286680] miner ID [1]:Giacomo pays Bob 78 coins
[1779286681] miner ID [1]:Confirmed block received from node
[1779286681] miner ID [1]:Confirmed block received from node
[1779286683] miner ID [1]:Confirmed block received from node
[1779286684] miner ID [1]:Confirmed block received from node
[1779286684] miner ID [1]:Confirmed block received from node
[1779286686] miner ID [1]:Confirmed block received from node
[1779286687] miner ID [1]:Confirmed block received from node
[1779286687] miner ID [1]:Mining successful
[1779286687] miner ID [1]:Block sent to nodes
[1779286687] miner ID [1]:Confirmed block received from node
[1779286690] miner ID [1]:Ilaria pays Alice 57 coins
[1779286690] miner ID [1]:Ilaria pays Giovanna 75 coins
[1779286690] miner ID [1]:Giovanna pays Giacomo 53 coins
[1779286690] miner ID [1]:Francesco pays Alice 2 coins
[1779286692] miner ID [1]:Confirmed block received from node
[1779286692] miner ID [1]:Mining successful
[1779286692] miner ID [1]:Block sent to nodes
[1779286692] miner ID [1]:Confirmed block received from node
[1779286693] miner ID [1]:Confirmed block received from node
[1779286693] miner ID [1]:Lottery won but no transactions to mine
[1779286693] miner ID [1]:Confirmed block received from node
[1779286695] miner ID [1]:Ilaria pays Alice 21 coins
[1779286695] miner ID [1]:Mining successful
[1779286695] miner ID [1]:Block sent to nodes
[1779286695] miner ID [1]:Confirmed block received from node
[1779286695] miner ID [1]:Lottery won but no transactions to mine
[1779286695] miner ID [1]:Confirmed block received from node
[1779286696] miner ID [1]:Bob pays Alice 19 coins
[1779286696] miner ID [1]:Giovanna pays Francesco 46 coins
[1779286696] miner ID [1]:Giacomo pays Bob 81 coins
[1779286696] miner ID [1]:Ilaria pays Francesco 88 coins
[1779286696] miner ID [1]:Alice pays Giovanna 92 coins
[1779286696] miner ID [1]:Alice pays Bob 85 coins
[1779286698] miner ID [1]:Confirmed block received from node
[1779286698] miner ID [1]:Confirmed block received from node
[1779286699] miner ID [1]:Confirmed block received from node
[1779286699] miner ID [1]:Mining successful
[1779286699] miner ID [1]:Block sent to nodes
[1779286699] miner ID [1]:Confirmed block received from node
[1779286701] miner ID [1]:Confirmed block received from node
[1779286701] miner ID [1]:Confirmed block received from node
[1779286702] miner ID [1]:Alice pays Giacomo 70 coins
[1779286702] miner ID [1]:Ilaria pays Bob 12 coins
[1779286702] miner ID [1]:Bob pays Francesco 79 coins
[1779286702] miner ID [1]:Giovanna pays Bob 89 coins
[1779286702] miner ID [1]:Giacomo pays Alice 89 coins
[1779286702] miner ID [1]:Giacomo pays Alice 71 coins
[1779286704] miner ID [1]:Confirmed block received from node
[1779286704] miner ID [1]:Mining successful
[1779286704] miner ID [1]:Block sent to nodes
[1779286704] miner ID [1]:Confirmed block received from node
[1779286704] miner ID [1]:Confirmed block received from node
[1779286704] miner ID [1]:Confirmed block received from node
[1779286705] miner ID [1]:Confirmed block received from node
[1779286708] miner ID [1]:Confirmed block received from node
[1779286710] miner ID [1]:Alice pays Giacomo 26 coins
[1779286710] miner ID [1]:Ilaria pays Bob 77 coins
[1779286710] miner ID [1]:Alice pays Giovanna 30 coins
[1779286710] miner ID [1]:Francesco pays Ilaria 59 coins
[1779286710] miner ID [1]:Alice pays Giacomo 4 coins
[1779286710] miner ID [1]:Ilaria pays Alice 89 coins
[1779286710] miner ID [1]:Francesco pays Bob 3 coins
[1779286710] miner ID [1]:Bob pays Ilaria 66 coins
[1779286710] miner ID [1]:Ilaria pays Alice 87 coins
[1779286710] miner ID [1]:Francesco pays Ilaria 27 coins
[1779286710] miner ID [1]:Giacomo pays Giovanna 87 coins
[1779286710] miner ID [1]:Alice pays Bob 47 coins
[1779286713] miner ID [1]:Giacomo pays Ilaria 81 coins
[1779286716] miner ID [1]:Ilaria pays Bob 97 coins
[1779286716] miner ID [1]:Francesco pays Ilaria 25 coins
[1779286716] miner ID [1]:Bob pays Giovanna 98 coins
[1779286716] miner ID [1]:Giovanna pays Francesco 86 coins
[1779286716] miner ID [1]:Alice pays Ilaria 62 coins
[1779286716] miner ID [1]:Bob pays Giacomo 23 coins
[1779286716] miner ID [1]:Mining successful
[1779286716] miner ID [1]:Block sent to nodes
[1779286716] miner ID [1]:Confirmed block received from node
[1779286716] miner ID [1]:Confirmed block received from node
[1779286716] miner ID [1]:Lottery won but no transactions to mine
[1779286716] miner ID [1]:Confirmed block received from node
[1779286716] miner ID [1]:Lottery won but no transactions to mine
[1779286718] miner ID [1]:Lottery won but no transactions to mine
[1779286718] miner ID [1]:Confirmed block received from node
[1779286718] miner ID [1]:Lottery won but no transactions to mine
[1779286718] miner ID [1]:Confirmed block received from node
[1779286718] miner ID [1]:Lottery won but no transactions to mine
[1779286719] miner ID [1]:Giacomo pays Bob 65 coins
[1779286719] miner ID [1]:Alice pays Bob 38 coins
[1779286719] miner ID [1]:Giacomo pays Alice 86 coins
[1779286719] miner ID [1]:Giacomo pays Alice 47 coins
[1779286719] miner ID [1]:Francesco pays Giacomo 35 coins
[1779286719] miner ID [1]:Francesco pays Ilaria 74 coins
[1779286720] miner ID [1]:Alice pays Ilaria 99 coins
[1779286720] miner ID [1]:Ilaria pays Bob 72 coins
[1779286720] miner ID [1]:Giacomo pays Giovanna 73 coins
[1779286720] miner ID [1]:Francesco pays Ilaria 78 coins
[1779286720] miner ID [1]:Alice pays Giovanna 97 coins
[1779286720] miner ID [1]:Giacomo pays Bob 64 coins
[1779286721] miner ID [1]:Confirmed block received from node
[1779286723] miner ID [1]:Giovanna pays Bob 99 coins
[1779286723] miner ID [1]:Giacomo pays Alice 34 coins
[1779286726] miner ID [1]:Alice pays Giacomo 7 coins
[1779286726] miner ID [1]:Giovanna pays Bob 37 coins
[1779286726] miner ID [1]:Confirmed block received from node
[1779286726] miner ID [1]:Mining successful
[1779286726] miner ID [1]:Block sent to nodes
[1779286726] miner ID [1]:Confirmed block received from node
[1779286726] miner ID [1]:Confirmed block received from node
[1779286728] miner ID [1]:Confirmed block received from node
[1779286728] miner ID [1]:Confirmed block received from node
[1779286731] miner ID [1]:Confirmed block received from node
[1779286731] miner ID [1]:Lottery won but no transactions to mine
[1779286731] miner ID [1]:Confirmed block received from node
[1779286731] miner ID [1]:Confirmed block received from node
[1779286731] miner ID [1]:Lottery won but no transactions to mine
[1779286732] miner ID [1]:Giovanna pays Bob 53 coins
[1779286732] miner ID [1]:Ilaria pays Francesco 56 coins
[1779286732] miner ID [1]:Francesco pays Bob 11 coins
[1779286732] miner ID [1]:Giovanna pays Bob 94 coins
[1779286732] miner ID [1]:Bob pays Francesco 15 coins
[1779286732] miner ID [1]:Ilaria pays Giovanna 48 coins
[1779286733] miner ID [1]:Miner shutting down
[1779286733] miner ID [1]:miner chiuso
