[1779282249] miner ID [2]:miner avviato correttamente
[1779282249] miner ID [2]:Miner started
[1779282252] miner ID [2]:Francesco pays Bob 26 coins
[1779282252] miner ID [2]:Ilaria pays Giacomo 89 coins
[1779282252] miner ID [2]:Francesco pays Ilaria 86 coins
[1779282252] miner ID [2]:Bob pays Ilaria 62 coins
[1779282252] miner ID [2]:Bob pays Giovanna 13 coins
[1779282252] miner ID [2]:Francesco pays Giovanna 46 coins
[1779282252] miner ID [2]:Giacomo pays Ilaria 83 coins
[1779282252] miner ID [2]:Francesco pays Alice 43 coins
[1779282252] miner ID [2]:WARNING: transaction pool full
[1779282252] miner ID [2]:Ilaria pays Bob 76 coins
[1779282253] miner ID [2]:Confirmed block received from node
[1779282253] miner ID [2]:WARNING: transaction pool full
[1779282253] miner ID [2]:Giacomo pays Ilaria 27 coins
[1779282257] miner ID [2]:WARNING: transaction pool full
[1779282257] miner ID [2]:Bob pays Alice 28 coins
[1779282257] miner ID [2]:WARNING: transaction pool full
[1779282257] miner ID [2]:Giacomo pays Giovanna 32 coins
[1779282257] miner ID [2]:WARNING: transaction pool full
[1779282257] miner ID [2]:Bob pays Francesco 14 coins
[1779282257] miner ID [2]:WARNING: transaction pool full
[1779282257] miner ID [2]:Francesco pays Bob 25 coins
[1779282257] miner ID [2]:WARNING: transaction pool full
[1779282257] miner ID [2]:Ilaria pays Francesco 63 coins
[1779282257] miner ID [2]:Confirmed block received from node
[1779282257] miner ID [2]:Confirmed block received from node
[1779282257] miner ID [2]:Confirmed block received from node
[1779282257] miner ID [2]:Mining successful
[1779282257] miner ID [2]:Block sent to nodes
[1779282257] miner ID [2]:Confirmed block received from node
[1779282257] miner ID [2]:Lottery won but no transactions to mine
[1779282257] miner ID [2]:Confirmed block received from node
[1779282258] miner ID [2]:Confirmed block received from node
[1779282260] miner ID [2]:Giovanna pays Giacomo 44 coins
[1779282260] miner ID [2]:Giovanna pays Giacomo 40 coins
[1779282260] miner ID [2]:Bob pays Giacomo 24 coins
[1779282260] miner ID [2]:Giovanna pays Alice 26 coins
[1779282260] miner ID [2]:Alice pays Giacomo 65 coins
[1779282260] miner ID [2]:Francesco pays Giovanna 88 coins
[1779282260] miner ID [2]:Mining successful
[1779282260] miner ID [2]:Block sent to nodes
[1779282260] miner ID [2]:Confirmed block received from node
[1779282260] miner ID [2]:Confirmed block received from node
[1779282261] miner ID [2]:Confirmed block received from node
[1779282261] miner ID [2]:Confirmed block received from node
[1779282261] miner ID [2]:Confirmed block received from node
[1779282262] miner ID [2]:Giovanna pays Alice 56 coins
[1779282262] miner ID [2]:Confirmed block received from node
[1779282264] miner ID [2]:Giacomo pays Alice 50 coins
[1779282264] miner ID [2]:Giacomo pays Giovanna 8 coins
[1779282264] miner ID [2]:Giacomo pays Francesco 80 coins
[1779282264] miner ID [2]:Ilaria pays Alice 57 coins
[1779282267] miner ID [2]:Confirmed block received from node
[1779282267] miner ID [2]:Confirmed block received from node
[1779282267] miner ID [2]:Confirmed block received from node
[1779282268] miner ID [2]:Confirmed block received from node
[1779282269] miner ID [2]:Confirmed block received from node
[1779282269] miner ID [2]:Mining successful
[1779282269] miner ID [2]:Block sent to nodes
[1779282269] miner ID [2]:Confirmed block received from node
[1779282269] miner ID [2]:Confirmed block received from node
[1779282269] miner ID [2]:Giovanna pays Bob 71 coins
[1779282269] miner ID [2]:Giovanna pays Bob 25 coins
[1779282269] miner ID [2]:Ilaria pays Bob 13 coins
[1779282274] miner ID [2]:Francesco pays Bob 64 coins
[1779282274] miner ID [2]:Ilaria pays Giacomo 99 coins
[1779282274] miner ID [2]:Mining successful
[1779282274] miner ID [2]:Block sent to nodes
[1779282274] miner ID [2]:Confirmed block received from node
[1779282274] miner ID [2]:Confirmed block received from node
[1779282274] miner ID [2]:Confirmed block received from node
[1779282275] miner ID [2]:Bob pays Francesco 88 coins
[1779282275] miner ID [2]:Ilaria pays Francesco 85 coins
[1779282275] miner ID [2]:Ilaria pays Giovanna 91 coins
[1779282275] miner ID [2]:Giacomo pays Alice 11 coins
[1779282275] miner ID [2]:Francesco pays Alice 6 coins
[1779282275] miner ID [2]:Confirmed block received from node
[1779282275] miner ID [2]:Confirmed block received from node
[1779282276] miner ID [2]:Confirmed block received from node
[1779282276] miner ID [2]:Confirmed block received from node
[1779282278] miner ID [2]:Confirmed block received from node
[1779282278] miner ID [2]:Confirmed block received from node
[1779282279] miner ID [2]:Alice pays Giovanna 32 coins
[1779282279] miner ID [2]:Francesco pays Giovanna 6 coins
[1779282279] miner ID [2]:Giacomo pays Francesco 25 coins
[1779282281] miner ID [2]:Confirmed block received from node
[1779282281] miner ID [2]:Confirmed block received from node
[1779282282] miner ID [2]:WARNING: transaction pool full
[1779282282] miner ID [2]:Giacomo pays Bob 69 coins
[1779282282] miner ID [2]:WARNING: transaction pool full
[1779282282] miner ID [2]:Francesco pays Bob 68 coins
[1779282282] miner ID [2]:WARNING: transaction pool full
[1779282282] miner ID [2]:Bob pays Alice 82 coins
[1779282282] miner ID [2]:WARNING: transaction pool full
[1779282282] miner ID [2]:Ilaria pays Francesco 56 coins
[1779282282] miner ID [2]:WARNING: transaction pool full
[1779282282] miner ID [2]:Francesco pays Bob 54 coins
[1779282284] miner ID [2]:Confirmed block received from node
[1779282285] miner ID [2]:Confirmed block received from node
[1779282285] miner ID [2]:Mining successful
[1779282285] miner ID [2]:Block sent to nodes
[1779282285] miner ID [2]:Confirmed block received from node
[1779282285] miner ID [2]:Confirmed block received from node
[1779282285] miner ID [2]:Lottery won but no transactions to mine
[1779282286] miner ID [2]:Ilaria pays Alice 44 coins
[1779282287] miner ID [2]:Giovanna pays Alice 43 coins
[1779282287] miner ID [2]:Giacomo pays Bob 28 coins
[1779282287] miner ID [2]:Ilaria pays Alice 53 coins
[1779282287] miner ID [2]:Giacomo pays Francesco 71 coins
[1779282287] miner ID [2]:Ilaria pays Bob 16 coins
[1779282287] miner ID [2]:Alice pays Francesco 77 coins
[1779282287] miner ID [2]:Alice pays Ilaria 47 coins
[1779282287] miner ID [2]:WARNING: transaction pool full
[1779282287] miner ID [2]:Bob pays Giovanna 31 coins
[1779282287] miner ID [2]:WARNING: transaction pool full
[1779282287] miner ID [2]:Alice pays Ilaria 97 coins
[1779282287] miner ID [2]:WARNING: transaction pool full
[1779282287] miner ID [2]:Bob pays Giovanna 43 coins
[1779282287] miner ID [2]:WARNING: transaction pool full
[1779282287] miner ID [2]:Francesco pays Giacomo 54 coins
[1779282287] miner ID [2]:WARNING: transaction pool full
[1779282287] miner ID [2]:Alice pays Ilaria 62 coins
[1779282289] miner ID [2]:Confirmed block received from node
[1779282289] miner ID [2]:Mining successful
[1779282289] miner ID [2]:Block sent to nodes
[1779282289] miner ID [2]:Confirmed block received from node
[1779282289] miner ID [2]:Confirmed block received from node
[1779282290] miner ID [2]:Confirmed block received from node
[1779282290] miner ID [2]:Lottery won but no transactions to mine
[1779282290] miner ID [2]:Confirmed block received from node
[1779282290] miner ID [2]:Bob pays Giacomo 36 coins
[1779282290] miner ID [2]:Giacomo pays Alice 99 coins
[1779282290] miner ID [2]:Mining successful
[1779282290] miner ID [2]:Block sent to nodes
[1779282290] miner ID [2]:Confirmed block received from node
[1779282292] miner ID [2]:Ilaria pays Francesco 78 coins
[1779282292] miner ID [2]:Bob pays Alice 22 coins
[1779282292] miner ID [2]:Francesco pays Alice 90 coins
[1779282292] miner ID [2]:Giacomo pays Francesco 2 coins
[1779282292] miner ID [2]:Giacomo pays Francesco 26 coins
[1779282292] miner ID [2]:Giovanna pays Giacomo 15 coins
[1779282292] miner ID [2]:Francesco pays Ilaria 47 coins
[1779282295] miner ID [2]:Confirmed block received from node
[1779282295] miner ID [2]:Confirmed block received from node
[1779282295] miner ID [2]:Confirmed block received from node
[1779282296] miner ID [2]:Confirmed block received from node
[1779282296] miner ID [2]:Confirmed block received from node
[1779282296] miner ID [2]:Confirmed block received from node
[1779282296] miner ID [2]:Mining successful
[1779282296] miner ID [2]:Block sent to nodes
[1779282296] miner ID [2]:Confirmed block received from node
[1779282296] miner ID [2]:Confirmed block received from node
[1779282297] miner ID [2]:Confirmed block received from node
[1779282297] miner ID [2]:Confirmed block received from node
[1779282300] miner ID [2]:Francesco pays Alice 33 coins
[1779282300] miner ID [2]:Francesco pays Giacomo 2 coins
[1779282300] miner ID [2]:Alice pays Giovanna 59 coins
[1779282300] miner ID [2]:Alice pays Bob 54 coins
[1779282300] miner ID [2]:Alice pays Giacomo 46 coins
[1779282300] miner ID [2]:Mining successful
[1779282300] miner ID [2]:Block sent to nodes
[1779282300] miner ID [2]:Confirmed block received from node
[1779282300] miner ID [2]:Confirmed block received from node
[1779282300] miner ID [2]:Confirmed block received from node
[1779282300] miner ID [2]:Confirmed block received from node
[1779282302] miner ID [2]:Giovanna pays Francesco 70 coins
[1779282302] miner ID [2]:Alice pays Bob 45 coins
[1779282302] miner ID [2]:Francesco pays Giovanna 38 coins
[1779282302] miner ID [2]:Alice pays Bob 15 coins
[1779282302] miner ID [2]:Giovanna pays Giacomo 87 coins
[1779282302] miner ID [2]:Francesco pays Ilaria 4 coins
[1779282302] miner ID [2]:Ilaria pays Francesco 68 coins
[1779282302] miner ID [2]:Giacomo pays Alice 79 coins
[1779282302] miner ID [2]:Confirmed block received from node
[1779282303] miner ID [2]:Confirmed block received from node
[1779282303] miner ID [2]:Mining successful
[1779282303] miner ID [2]:Block sent to nodes
[1779282303] miner ID [2]:Confirmed block received from node
[1779282303] miner ID [2]:Confirmed block received from node
[1779282303] miner ID [2]:Confirmed block received from node
[1779282303] miner ID [2]:Ilaria pays Bob 43 coins
[1779282303] miner ID [2]:Giovanna pays Ilaria 97 coins
[1779282303] miner ID [2]:Bob pays Ilaria 32 coins
[1779282303] miner ID [2]:Mining successful
[1779282303] miner ID [2]:Block sent to nodes
[1779282303] miner ID [2]:Confirmed block received from node
[1779282303] miner ID [2]:Confirmed block received from node
[1779282306] miner ID [2]:Alice pays Ilaria 83 coins
[1779282306] miner ID [2]:Bob pays Ilaria 40 coins
[1779282306] miner ID [2]:Ilaria pays Giovanna 82 coins
[1779282306] miner ID [2]:Confirmed block received from node
[1779282306] miner ID [2]:Confirmed block received from node
[1779282307] miner ID [2]:Giacomo pays Ilaria 74 coins
[1779282307] miner ID [2]:Alice pays Francesco 26 coins
[1779282307] miner ID [2]:Giovanna pays Bob 57 coins
[1779282307] miner ID [2]:Giovanna pays Bob 40 coins
[1779282307] miner ID [2]:Francesco pays Giovanna 15 coins
[1779282307] miner ID [2]:WARNING: transaction pool full
[1779282307] miner ID [2]:Bob pays Ilaria 5 coins
[1779282307] miner ID [2]:WARNING: transaction pool full
[1779282307] miner ID [2]:Giovanna pays Bob 58 coins
[1779282307] miner ID [2]:WARNING: transaction pool full
[1779282307] miner ID [2]:Alice pays Giovanna 43 coins
[1779282307] miner ID [2]:WARNING: transaction pool full
[1779282307] miner ID [2]:Alice pays Bob 73 coins
[1779282307] miner ID [2]:WARNING: transaction pool full
[1779282307] miner ID [2]:Bob pays Alice 6 coins
[1779282307] miner ID [2]:WARNING: transaction pool full
[1779282307] miner ID [2]:Ilaria pays Giovanna 58 coins
[1779282307] miner ID [2]:WARNING: transaction pool full
[1779282307] miner ID [2]:Francesco pays Bob 58 coins
[1779282310] miner ID [2]:Confirmed block received from node
[1779282310] miner ID [2]:Confirmed block received from node
[1779282311] miner ID [2]:WARNING: transaction pool full
[1779282311] miner ID [2]:Bob pays Francesco 46 coins
[1779282311] miner ID [2]:WARNING: transaction pool full
[1779282311] miner ID [2]:Giacomo pays Ilaria 51 coins
[1779282311] miner ID [2]:WARNING: transaction pool full
[1779282311] miner ID [2]:Ilaria pays Bob 1 coins
[1779282311] miner ID [2]:WARNING: transaction pool full
[1779282311] miner ID [2]:Bob pays Giacomo 85 coins
[1779282311] miner ID [2]:WARNING: transaction pool full
[1779282311] miner ID [2]:Ilaria pays Francesco 63 coins
[1779282313] miner ID [2]:Confirmed block received from node
[1779282314] miner ID [2]:WARNING: transaction pool full
[1779282314] miner ID [2]:Bob pays Francesco 5 coins
[1779282314] miner ID [2]:WARNING: transaction pool full
[1779282314] miner ID [2]:Bob pays Francesco 41 coins
[1779282314] miner ID [2]:WARNING: transaction pool full
[1779282314] miner ID [2]:Alice pays Giovanna 57 coins
[1779282314] miner ID [2]:WARNING: transaction pool full
[1779282314] miner ID [2]:Ilaria pays Alice 89 coins
[1779282314] miner ID [2]:WARNING: transaction pool full
[1779282314] miner ID [2]:Ilaria pays Giacomo 17 coins
[1779282314] miner ID [2]:WARNING: transaction pool full
[1779282314] miner ID [2]:Ilaria pays Bob 84 coins
[1779282314] miner ID [2]:WARNING: transaction pool full
[1779282314] miner ID [2]:Giovanna pays Alice 69 coins
[1779282314] miner ID [2]:WARNING: transaction pool full
[1779282314] miner ID [2]:Giovanna pays Alice 56 coins
[1779282314] miner ID [2]:WARNING: transaction pool full
[1779282314] miner ID [2]:Ilaria pays Alice 68 coins
[1779282314] miner ID [2]:WARNING: transaction pool full
[1779282314] miner ID [2]:Francesco pays Ilaria 18 coins
[1779282314] miner ID [2]:WARNING: transaction pool full
[1779282314] miner ID [2]:Giacomo pays Ilaria 75 coins
[1779282314] miner ID [2]:WARNING: transaction pool full
[1779282314] miner ID [2]:Bob pays Giacomo 50 coins
[1779282316] miner ID [2]:Confirmed block received from node
[1779282316] miner ID [2]:Mining successful
[1779282316] miner ID [2]:Block sent to nodes
[1779282316] miner ID [2]:Confirmed block received from node
[1779282316] miner ID [2]:Confirmed block received from node
[1779282317] miner ID [2]:Confirmed block received from node
[1779282317] miner ID [2]:Confirmed block received from node
[1779282319] miner ID [2]:Confirmed block received from node
[1779282323] miner ID [2]:Giovanna pays Alice 69 coins
[1779282323] miner ID [2]:Giovanna pays Alice 41 coins
[1779282323] miner ID [2]:Giacomo pays Ilaria 90 coins
[1779282326] miner ID [2]:Confirmed block received from node
[1779282326] miner ID [2]:Mining successful
[1779282326] miner ID [2]:Block sent to nodes
[1779282326] miner ID [2]:Confirmed block received from node
[1779282326] miner ID [2]:Confirmed block received from node
[1779282326] miner ID [2]:Lottery won but no transactions to mine
[1779282327] miner ID [2]:Confirmed block received from node
[1779282329] miner ID [2]:Miner shutting down
