[1779280955] miner ID [2]:miner avviato correttamente
[1779280955] miner ID [2]:Miner started
[1779280960] miner ID [2]:Giacomo pays Ilaria 55 coins
[1779280960] miner ID [2]:Giovanna pays Ilaria 73 coins
[1779280960] miner ID [2]:Alice pays Giacomo 35 coins
[1779280966] miner ID [2]:Francesco pays Alice 97 coins
[1779280966] miner ID [2]:Giovanna pays Francesco 3 coins
[1779280966] miner ID [2]:Giacomo pays Giovanna 78 coins
[1779280966] miner ID [2]:Giacomo pays Ilaria 9 coins
[1779280971] miner ID [2]:Confirmed block received from node
[1779280971] miner ID [2]:Confirmed block received from node
[1779280973] miner ID [2]:Giacomo pays Ilaria 55 coins
[1779280973] miner ID [2]:WARNING: transaction pool full
[1779280973] miner ID [2]:Giacomo pays Bob 51 coins
[1779280973] miner ID [2]:WARNING: transaction pool full
[1779280973] miner ID [2]:Giacomo pays Giovanna 34 coins
[1779280973] miner ID [2]:WARNING: transaction pool full
[1779280973] miner ID [2]:Giovanna pays Ilaria 55 coins
[1779280975] miner ID [2]:Confirmed block received from node
[1779280979] miner ID [2]:WARNING: transaction pool full
[1779280979] miner ID [2]:Francesco pays Giovanna 49 coins
[1779280979] miner ID [2]:WARNING: transaction pool full
[1779280979] miner ID [2]:Alice pays Giacomo 75 coins
[1779280979] miner ID [2]:WARNING: transaction pool full
[1779280979] miner ID [2]:Alice pays Francesco 97 coins
[1779280979] miner ID [2]:WARNING: transaction pool full
[1779280979] miner ID [2]:Ilaria pays Alice 91 coins
[1779280993] miner ID [2]:WARNING: transaction pool full
[1779280993] miner ID [2]:Ilaria pays Giovanna 89 coins
[1779280993] miner ID [2]:WARNING: transaction pool full
[1779280993] miner ID [2]:Giacomo pays Bob 99 coins
[1779280995] miner ID [2]:Confirmed block received from node
[1779280997] miner ID [2]:WARNING: transaction pool full
[1779280997] miner ID [2]:Francesco pays Bob 11 coins
[1779280997] miner ID [2]:WARNING: transaction pool full
[1779280997] miner ID [2]:Bob pays Giovanna 31 coins
[1779280997] miner ID [2]:WARNING: transaction pool full
[1779280997] miner ID [2]:Bob pays Alice 72 coins
[1779280997] miner ID [2]:WARNING: transaction pool full
[1779280997] miner ID [2]:Ilaria pays Giovanna 61 coins
[1779281001] miner ID [2]:WARNING: transaction pool full
[1779281001] miner ID [2]:Francesco pays Ilaria 96 coins
[1779281001] miner ID [2]:WARNING: transaction pool full
[1779281001] miner ID [2]:Alice pays Giacomo 13 coins
[1779281003] miner ID [2]:WARNING: transaction pool full
[1779281003] miner ID [2]:Francesco pays Bob 3 coins
[1779281003] miner ID [2]:WARNING: transaction pool full
[1779281003] miner ID [2]:Giacomo pays Ilaria 70 coins
[1779281003] miner ID [2]:WARNING: transaction pool full
[1779281003] miner ID [2]:Bob pays Giacomo 19 coins
[1779281003] miner ID [2]:WARNING: transaction pool full
[1779281003] miner ID [2]:Ilaria pays Alice 10 coins
[1779281006] miner ID [2]:Confirmed block received from node
[1779281007] miner ID [2]:WARNING: transaction pool full
[1779281007] miner ID [2]:Bob pays Ilaria 26 coins
[1779281010] miner ID [2]:Confirmed block received from node
[1779281012] miner ID [2]:WARNING: transaction pool full
[1779281012] miner ID [2]:Giovanna pays Ilaria 52 coins
[1779281012] miner ID [2]:WARNING: transaction pool full
[1779281012] miner ID [2]:Bob pays Alice 36 coins
[1779281016] miner ID [2]:WARNING: transaction pool full
[1779281016] miner ID [2]:Giacomo pays Ilaria 3 coins
[1779281016] miner ID [2]:WARNING: transaction pool full
[1779281016] miner ID [2]:Alice pays Giacomo 73 coins
[1779281020] miner ID [2]:WARNING: transaction pool full
[1779281020] miner ID [2]:Alice pays Giovanna 64 coins
[1779281020] miner ID [2]:WARNING: transaction pool full
[1779281020] miner ID [2]:Giovanna pays Francesco 33 coins
[1779281022] miner ID [2]:WARNING: transaction pool full
[1779281022] miner ID [2]:Alice pays Giovanna 59 coins
[1779281022] miner ID [2]:WARNING: transaction pool full
[1779281022] miner ID [2]:Ilaria pays Bob 47 coins
[1779281022] miner ID [2]:WARNING: transaction pool full
[1779281022] miner ID [2]:Francesco pays Ilaria 58 coins
[1779281022] miner ID [2]:WARNING: transaction pool full
[1779281022] miner ID [2]:Ilaria pays Alice 8 coins
[1779281038] miner ID [2]:WARNING: transaction pool full
[1779281038] miner ID [2]:Giovanna pays Bob 54 coins
[1779281038] miner ID [2]:WARNING: transaction pool full
[1779281038] miner ID [2]:Francesco pays Ilaria 46 coins
[1779281038] miner ID [2]:WARNING: transaction pool full
[1779281038] miner ID [2]:Giacomo pays Francesco 22 coins
[1779281038] miner ID [2]:WARNING: transaction pool full
[1779281038] miner ID [2]:Ilaria pays Alice 68 coins
[1779281039] miner ID [2]:Confirmed block received from node
[1779281042] miner ID [2]:WARNING: transaction pool full
[1779281042] miner ID [2]:Francesco pays Giacomo 51 coins
[1779281046] miner ID [2]:WARNING: transaction pool full
[1779281046] miner ID [2]:Bob pays Ilaria 26 coins
[1779281046] miner ID [2]:WARNING: transaction pool full
[1779281046] miner ID [2]:Bob pays Ilaria 65 coins
[1779281048] miner ID [2]:Confirmed block received from node
[1779281050] miner ID [2]:Confirmed block received from node
[1779281066] miner ID [2]:WARNING: transaction pool full
[1779281066] miner ID [2]:Bob pays Ilaria 17 coins
[1779281066] miner ID [2]:WARNING: transaction pool full
[1779281066] miner ID [2]:Bob pays Giovanna 83 coins
[1779281066] miner ID [2]:WARNING: transaction pool full
[1779281066] miner ID [2]:Bob pays Giacomo 78 coins
[1779281066] miner ID [2]:WARNING: transaction pool full
[1779281066] miner ID [2]:Giacomo pays Ilaria 43 coins
[1779281066] miner ID [2]:Confirmed block received from node
[1779281066] miner ID [2]:Mining successful
[1779281066] miner ID [2]:Block sent to nodes
[1779281066] miner ID [2]:Confirmed block received from node
[1779281072] miner ID [2]:Bob pays Francesco 14 coins
[1779281076] miner ID [2]:Alice pays Francesco 31 coins
[1779281079] miner ID [2]:Confirmed block received from node
[1779281079] miner ID [2]:Confirmed block received from node
[1779281081] miner ID [2]:Giovanna pays Bob 64 coins
[1779281081] miner ID [2]:Bob pays Ilaria 84 coins
[1779281081] miner ID [2]:Alice pays Bob 20 coins
[1779281081] miner ID [2]:Giacomo pays Ilaria 26 coins
[1779281094] miner ID [2]:Confirmed block received from node
[1779281098] miner ID [2]:Alice pays Bob 83 coins
[1779281098] miner ID [2]:Ilaria pays Giovanna 38 coins
[1779281098] miner ID [2]:Francesco pays Alice 68 coins
[1779281098] miner ID [2]:WARNING: transaction pool full
[1779281098] miner ID [2]:Francesco pays Giovanna 62 coins
[1779281105] miner ID [2]:Mining successful
[1779281105] miner ID [2]:Block sent to nodes
[1779281105] miner ID [2]:Confirmed block received from node
[1779281110] miner ID [2]:Francesco pays Bob 90 coins
[1779281110] miner ID [2]:Alice pays Francesco 31 coins
[1779281115] miner ID [2]:Mining successful
[1779281115] miner ID [2]:Block sent to nodes
[1779281115] miner ID [2]:Confirmed block received from node
[1779281115] miner ID [2]:Lottery won but no transactions to mine
[1779281116] miner ID [2]:Alice pays Ilaria 67 coins
[1779281116] miner ID [2]:Francesco pays Alice 72 coins
[1779281116] miner ID [2]:Giovanna pays Francesco 49 coins
[1779281116] miner ID [2]:Francesco pays Ilaria 40 coins
[1779281119] miner ID [2]:Giovanna pays Alice 32 coins
[1779281119] miner ID [2]:Mining successful
[1779281119] miner ID [2]:Block sent to nodes
[1779281119] miner ID [2]:Confirmed block received from node
[1779281119] miner ID [2]:Confirmed block received from node
[1779281121] miner ID [2]:Giovanna pays Giacomo 95 coins
[1779281121] miner ID [2]:Giacomo pays Francesco 12 coins
[1779281121] miner ID [2]:Giovanna pays Bob 66 coins
[1779281121] miner ID [2]:Bob pays Giacomo 14 coins
[1779281128] miner ID [2]:Confirmed block received from node
[1779281130] miner ID [2]:Francesco pays Ilaria 63 coins
[1779281130] miner ID [2]:Ilaria pays Alice 49 coins
[1779281130] miner ID [2]:Bob pays Francesco 27 coins
[1779281130] miner ID [2]:Francesco pays Giovanna 75 coins
[1779281133] miner ID [2]:Confirmed block received from node
[1779281133] miner ID [2]:Confirmed block received from node
[1779281136] miner ID [2]:WARNING: transaction pool full
[1779281136] miner ID [2]:Giovanna pays Francesco 45 coins
[1779281140] miner ID [2]:WARNING: transaction pool full
[1779281140] miner ID [2]:Bob pays Ilaria 64 coins
[1779281140] miner ID [2]:WARNING: transaction pool full
[1779281140] miner ID [2]:Ilaria pays Giacomo 33 coins
[1779281140] miner ID [2]:WARNING: transaction pool full
[1779281140] miner ID [2]:Alice pays Giacomo 70 coins
[1779281140] miner ID [2]:WARNING: transaction pool full
[1779281140] miner ID [2]:Ilaria pays Giovanna 5 coins
[1779281140] miner ID [2]:Confirmed block received from node
[1779281145] miner ID [2]:WARNING: transaction pool full
[1779281145] miner ID [2]:Ilaria pays Giovanna 80 coins
[1779281145] miner ID [2]:WARNING: transaction pool full
[1779281145] miner ID [2]:Alice pays Ilaria 73 coins
[1779281146] miner ID [2]:Confirmed block received from node
[1779281147] miner ID [2]:Confirmed block received from node
[1779281147] miner ID [2]:Confirmed block received from node
[1779281152] miner ID [2]:WARNING: transaction pool full
[1779281152] miner ID [2]:Francesco pays Giacomo 51 coins
[1779281152] miner ID [2]:WARNING: transaction pool full
[1779281152] miner ID [2]:Bob pays Ilaria 59 coins
[1779281160] miner ID [2]:Confirmed block received from node
[1779281160] miner ID [2]:Mining successful
[1779281160] miner ID [2]:Block sent to nodes
[1779281160] miner ID [2]:Confirmed block received from node
[1779281167] miner ID [2]:Bob pays Giacomo 86 coins
[1779281167] miner ID [2]:Alice pays Francesco 35 coins
[1779281167] miner ID [2]:Giacomo pays Francesco 89 coins
[1779281167] miner ID [2]:Giacomo pays Bob 48 coins
[1779281170] miner ID [2]:Confirmed block received from node
[1779281172] miner ID [2]:Confirmed block received from node
[1779281174] miner ID [2]:Alice pays Giacomo 82 coins
[1779281177] miner ID [2]:Confirmed block received from node
[1779281177] miner ID [2]:Mining successful
[1779281177] miner ID [2]:Block sent to nodes
[1779281177] miner ID [2]:Confirmed block received from node
[1779281180] miner ID [2]:Ilaria pays Francesco 31 coins
[1779281180] miner ID [2]:Ilaria pays Giovanna 11 coins
[1779281180] miner ID [2]:Giovanna pays Alice 35 coins
[1779281180] miner ID [2]:Francesco pays Alice 11 coins
[1779281181] miner ID [2]:Mining successful
[1779281181] miner ID [2]:Block sent to nodes
[1779281181] miner ID [2]:Confirmed block received from node
[1779281182] miner ID [2]:Giovanna pays Alice 35 coins
[1779281185] miner ID [2]:Confirmed block received from node
[1779281190] miner ID [2]:Giacomo pays Giovanna 53 coins
[1779281190] miner ID [2]:Confirmed block received from node
[1779281190] miner ID [2]:Confirmed block received from node
[1779281190] miner ID [2]:Confirmed block received from node
[1779281191] miner ID [2]:Alice pays Giacomo 70 coins
[1779281191] miner ID [2]:Giacomo pays Ilaria 47 coins
[1779281202] miner ID [2]:Confirmed block received from node
[1779281203] miner ID [2]:Confirmed block received from node
[1779281204] miner ID [2]:Confirmed block received from node
[1779281205] miner ID [2]:Ilaria pays Bob 40 coins
[1779281205] miner ID [2]:Giacomo pays Bob 5 coins
[1779281206] miner ID [2]:Mining successful
[1779281206] miner ID [2]:Block sent to nodes
[1779281206] miner ID [2]:Confirmed block received from node
[1779281206] miner ID [2]:Confirmed block received from node
[1779281207] miner ID [2]:Confirmed block received from node
[1779281212] miner ID [2]:Confirmed block received from node
[1779281217] miner ID [2]:Alice pays Giovanna 76 coins
[1779281225] miner ID [2]:Confirmed block received from node
[1779281231] miner ID [2]:Confirmed block received from node
[1779281231] miner ID [2]:Mining successful
[1779281231] miner ID [2]:Block sent to nodes
[1779281231] miner ID [2]:Confirmed block received from node
[1779281234] miner ID [2]:Giovanna pays Ilaria 46 coins
[1779281234] miner ID [2]:Giacomo pays Giovanna 91 coins
[1779281234] miner ID [2]:Giovanna pays Giacomo 89 coins
[1779281234] miner ID [2]:Giovanna pays Francesco 99 coins
[1779281242] miner ID [2]:Confirmed block received from node
[1779281248] miner ID [2]:Confirmed block received from node
[1779281248] miner ID [2]:Confirmed block received from node
[1779281252] miner ID [2]:Confirmed block received from node
[1779281255] miner ID [2]:Giovanna pays Ilaria 98 coins
[1779281255] miner ID [2]:Alice pays Ilaria 41 coins
[1779281258] miner ID [2]:Confirmed block received from node
[1779281259] miner ID [2]:Confirmed block received from node
[1779281262] miner ID [2]:Bob pays Alice 52 coins
[1779281262] miner ID [2]:Francesco pays Giovanna 16 coins
[1779281266] miner ID [2]:WARNING: transaction pool full
[1779281266] miner ID [2]:Ilaria pays Francesco 60 coins
[1779281269] miner ID [2]:Confirmed block received from node
[1779281270] miner ID [2]:WARNING: transaction pool full
[1779281270] miner ID [2]:Alice pays Ilaria 85 coins
[1779281270] miner ID [2]:WARNING: transaction pool full
[1779281270] miner ID [2]:Ilaria pays Alice 78 coins
[1779281270] miner ID [2]:WARNING: transaction pool full
[1779281270] miner ID [2]:Giovanna pays Bob 45 coins
[1779281270] miner ID [2]:WARNING: transaction pool full
[1779281270] miner ID [2]:Francesco pays Bob 80 coins
[1779281281] miner ID [2]:Confirmed block received from node
[1779281284] miner ID [2]:WARNING: transaction pool full
[1779281284] miner ID [2]:Francesco pays Bob 97 coins
[1779281284] miner ID [2]:WARNING: transaction pool full
[1779281284] miner ID [2]:Giovanna pays Bob 10 coins
[1779281290] miner ID [2]:Confirmed block received from node
[1779281290] miner ID [2]:Confirmed block received from node
[1779281292] miner ID [2]:WARNING: transaction pool full
[1779281292] miner ID [2]:Francesco pays Ilaria 42 coins
[1779281292] miner ID [2]:WARNING: transaction pool full
[1779281292] miner ID [2]:Alice pays Giovanna 64 coins
[1779281297] miner ID [2]:Confirmed block received from node
[1779281300] miner ID [2]:WARNING: transaction pool full
[1779281300] miner ID [2]:Giovanna pays Bob 84 coins
[1779281302] miner ID [2]:Confirmed block received from node
[1779281303] miner ID [2]:Confirmed block received from node
[1779281306] miner ID [2]:WARNING: transaction pool full
[1779281306] miner ID [2]:Bob pays Francesco 96 coins
[1779281306] miner ID [2]:WARNING: transaction pool full
[1779281306] miner ID [2]:Bob pays Giacomo 35 coins
[1779281306] miner ID [2]:WARNING: transaction pool full
[1779281306] miner ID [2]:Ilaria pays Alice 65 coins
[1779281306] miner ID [2]:WARNING: transaction pool full
[1779281306] miner ID [2]:Francesco pays Ilaria 56 coins
[1779281311] miner ID [2]:Confirmed block received from node
[1779281311] miner ID [2]:Confirmed block received from node
[1779281312] miner ID [2]:WARNING: transaction pool full
[1779281312] miner ID [2]:Francesco pays Giovanna 47 coins
[1779281312] miner ID [2]:WARNING: transaction pool full
[1779281312] miner ID [2]:Ilaria pays Bob 70 coins
[1779281312] miner ID [2]:WARNING: transaction pool full
[1779281312] miner ID [2]:Francesco pays Alice 60 coins
[1779281312] miner ID [2]:WARNING: transaction pool full
[1779281312] miner ID [2]:Giovanna pays Bob 94 coins
[1779281314] miner ID [2]:Confirmed block received from node
[1779281316] miner ID [2]:WARNING: transaction pool full
[1779281316] miner ID [2]:Giacomo pays Francesco 85 coins
[1779281316] miner ID [2]:WARNING: transaction pool full
[1779281316] miner ID [2]:Francesco pays Giovanna 43 coins
[1779281324] miner ID [2]:Confirmed block received from node
[1779281326] miner ID [2]:WARNING: transaction pool full
[1779281326] miner ID [2]:Alice pays Bob 14 coins
[1779281326] miner ID [2]:WARNING: transaction pool full
[1779281326] miner ID [2]:Bob pays Giovanna 17 coins
[1779281326] miner ID [2]:WARNING: transaction pool full
[1779281326] miner ID [2]:Giacomo pays Giovanna 10 coins
[1779281326] miner ID [2]:WARNING: transaction pool full
[1779281326] miner ID [2]:Giovanna pays Giacomo 77 coins
[1779281328] miner ID [2]:Confirmed block received from node
[1779281328] miner ID [2]:Mining successful
[1779281328] miner ID [2]:Block sent to nodes
[1779281328] miner ID [2]:Confirmed block received from node
[1779281328] miner ID [2]:Lottery won but no transactions to mine
[1779281332] miner ID [2]:Ilaria pays Alice 13 coins
[1779281332] miner ID [2]:Ilaria pays Alice 84 coins
[1779281332] miner ID [2]:Francesco pays Bob 57 coins
[1779281332] miner ID [2]:Francesco pays Bob 94 coins
[1779281332] miner ID [2]:Mining successful
[1779281332] miner ID [2]:Block sent to nodes
[1779281332] miner ID [2]:Confirmed block received from node
[1779281340] miner ID [2]:Giacomo pays Francesco 64 coins
[1779281340] miner ID [2]:Ilaria pays Giacomo 96 coins
[1779281340] miner ID [2]:Bob pays Ilaria 68 coins
[1779281340] miner ID [2]:Bob pays Giovanna 65 coins
[1779281341] miner ID [2]:Confirmed block received from node
[1779281342] miner ID [2]:Giovanna pays Bob 67 coins
[1779281345] miner ID [2]:Confirmed block received from node
[1779281345] miner ID [2]:Confirmed block received from node
[1779281353] miner ID [2]:Confirmed block received from node
[1779281354] miner ID [2]:Alice pays Ilaria 99 coins
[1779281354] miner ID [2]:Bob pays Alice 88 coins
[1779281354] miner ID [2]:Bob pays Ilaria 99 coins
[1779281354] miner ID [2]:Ilaria pays Giacomo 80 coins
[1779281356] miner ID [2]:WARNING: transaction pool full
[1779281356] miner ID [2]:Ilaria pays Bob 71 coins
[1779281356] miner ID [2]:WARNING: transaction pool full
[1779281356] miner ID [2]:Ilaria pays Giovanna 68 coins
[1779281356] miner ID [2]:WARNING: transaction pool full
[1779281356] miner ID [2]:Ilaria pays Giovanna 86 coins
[1779281356] miner ID [2]:WARNING: transaction pool full
[1779281356] miner ID [2]:Bob pays Giovanna 28 coins
[1779281358] miner ID [2]:Confirmed block received from node
[1779281364] miner ID [2]:WARNING: transaction pool full
[1779281364] miner ID [2]:Giovanna pays Ilaria 68 coins
[1779281364] miner ID [2]:WARNING: transaction pool full
[1779281364] miner ID [2]:Alice pays Giovanna 94 coins
[1779281368] miner ID [2]:Confirmed block received from node
[1779281371] miner ID [2]:Confirmed block received from node
[1779281372] miner ID [2]:WARNING: transaction pool full
[1779281372] miner ID [2]:Francesco pays Alice 29 coins
[1779281372] miner ID [2]:WARNING: transaction pool full
[1779281372] miner ID [2]:Giovanna pays Giacomo 60 coins
[1779281372] miner ID [2]:WARNING: transaction pool full
[1779281372] miner ID [2]:Ilaria pays Alice 26 coins
[1779281372] miner ID [2]:WARNING: transaction pool full
[1779281372] miner ID [2]:Francesco pays Giacomo 69 coins
[1779281375] miner ID [2]:Confirmed block received from node
[1779281375] miner ID [2]:Confirmed block received from node
[1779281384] miner ID [2]:WARNING: transaction pool full
[1779281384] miner ID [2]:Giacomo pays Alice 10 coins
[1779281384] miner ID [2]:WARNING: transaction pool full
[1779281384] miner ID [2]:Ilaria pays Giacomo 3 coins
[1779281391] miner ID [2]:Confirmed block received from node
[1779281392] miner ID [2]:WARNING: transaction pool full
[1779281392] miner ID [2]:Alice pays Giovanna 78 coins
[1779281392] miner ID [2]:WARNING: transaction pool full
[1779281392] miner ID [2]:Ilaria pays Giovanna 99 coins
[1779281394] miner ID [2]:Confirmed block received from node
[1779281396] miner ID [2]:Confirmed block received from node
[1779281398] miner ID [2]:WARNING: transaction pool full
[1779281398] miner ID [2]:Giovanna pays Francesco 60 coins
[1779281398] miner ID [2]:WARNING: transaction pool full
[1779281398] miner ID [2]:Giovanna pays Ilaria 82 coins
[1779281402] miner ID [2]:WARNING: transaction pool full
[1779281402] miner ID [2]:Giovanna pays Ilaria 17 coins
[1779281402] miner ID [2]:WARNING: transaction pool full
[1779281402] miner ID [2]:Bob pays Giovanna 57 coins
[1779281402] miner ID [2]:WARNING: transaction pool full
[1779281402] miner ID [2]:Alice pays Giacomo 66 coins
[1779281402] miner ID [2]:WARNING: transaction pool full
[1779281402] miner ID [2]:Francesco pays Giacomo 9 coins
[1779281413] miner ID [2]:Confirmed block received from node
[1779281423] miner ID [2]:WARNING: transaction pool full
[1779281423] miner ID [2]:Francesco pays Giovanna 23 coins
[1779281429] miner ID [2]:WARNING: transaction pool full
[1779281429] miner ID [2]:Bob pays Francesco 49 coins
[1779281429] miner ID [2]:WARNING: transaction pool full
[1779281429] miner ID [2]:Bob pays Giovanna 39 coins
[1779281436] miner ID [2]:Mining successful
[1779281436] miner ID [2]:Block sent to nodes
[1779281436] miner ID [2]:Confirmed block received from node
[1779281436] miner ID [2]:Confirmed block received from node
[1779281439] miner ID [2]:Confirmed block received from node
[1779281442] miner ID [2]:Confirmed block received from node
[1779281442] miner ID [2]:Lottery won but no transactions to mine
[1779281443] miner ID [2]:Confirmed block received from node
[1779281448] miner ID [2]:Ilaria pays Giovanna 14 coins
[1779281448] miner ID [2]:Francesco pays Alice 51 coins
[1779281448] miner ID [2]:Giacomo pays Ilaria 34 coins
[1779281448] miner ID [2]:Ilaria pays Bob 26 coins
[1779281456] miner ID [2]:Alice pays Giovanna 3 coins
[1779281456] miner ID [2]:Alice pays Giovanna 42 coins
[1779281456] miner ID [2]:Francesco pays Giacomo 3 coins
[1779281456] miner ID [2]:Giacomo pays Alice 7 coins
[1779281456] miner ID [2]:Mining successful
[1779281456] miner ID [2]:Block sent to nodes
[1779281456] miner ID [2]:Confirmed block received from node
[1779281456] miner ID [2]:Lottery won but no transactions to mine
[1779281456] miner ID [2]:Confirmed block received from node
[1779281457] miner ID [2]:Confirmed block received from node
[1779281457] miner ID [2]:Lottery won but no transactions to mine
[1779281466] miner ID [2]:Confirmed block received from node
[1779281484] miner ID [2]:Giacomo pays Giovanna 94 coins
[1779281484] miner ID [2]:Giovanna pays Francesco 90 coins
[1779281484] miner ID [2]:Bob pays Giovanna 6 coins
[1779281484] miner ID [2]:Ilaria pays Bob 94 coins
[1779281493] miner ID [2]:Confirmed block received from node
[1779281493] miner ID [2]:Confirmed block received from node
[1779281497] miner ID [2]:Ilaria pays Bob 65 coins
[1779281497] miner ID [2]:Bob pays Giacomo 46 coins
[1779281497] miner ID [2]:Mining successful
[1779281497] miner ID [2]:Block sent to nodes
[1779281497] miner ID [2]:Confirmed block received from node
[1779281501] miner ID [2]:Confirmed block received from node
[1779281504] miner ID [2]:Confirmed block received from node
[1779281504] miner ID [2]:Confirmed block received from node
[1779281506] miner ID [2]:Confirmed block received from node
[1779281511] miner ID [2]:Confirmed block received from node
[1779281515] miner ID [2]:Bob pays Francesco 20 coins
[1779281515] miner ID [2]:Giovanna pays Alice 20 coins
[1779281515] miner ID [2]:Confirmed block received from node
[1779281515] miner ID [2]:Confirmed block received from node
[1779281515] miner ID [2]:Confirmed block received from node
[1779281516] miner ID [2]:Confirmed block received from node
[1779281516] miner ID [2]:Mining successful
[1779281516] miner ID [2]:Block sent to nodes
[1779281516] miner ID [2]:Confirmed block received from node
[1779281516] miner ID [2]:Confirmed block received from node
[1779281518] miner ID [2]:Lottery won but no transactions to mine
[1779281530] miner ID [2]:Confirmed block received from node
[1779281532] miner ID [2]:Francesco pays Alice 65 coins
[1779281532] miner ID [2]:Ilaria pays Alice 99 coins
[1779281535] miner ID [2]:Confirmed block received from node
[1779281535] miner ID [2]:Confirmed block received from node
[1779281544] miner ID [2]:Giovanna pays Bob 91 coins
[1779281544] miner ID [2]:Confirmed block received from node
[1779281546] miner ID [2]:Bob pays Alice 73 coins
[1779281546] miner ID [2]:Giovanna pays Ilaria 59 coins
[1779281548] miner ID [2]:Giovanna pays Giacomo 97 coins
[1779281553] miner ID [2]:Confirmed block received from node
[1779281553] miner ID [2]:Confirmed block received from node
[1779281553] miner ID [2]:Confirmed block received from node
[1779281556] miner ID [2]:Bob pays Francesco 21 coins
[1779281556] miner ID [2]:Giovanna pays Alice 79 coins
[1779281562] miner ID [2]:Confirmed block received from node
[1779281562] miner ID [2]:Confirmed block received from node
[1779281563] miner ID [2]:Confirmed block received from node
[1779281566] miner ID [2]:Confirmed block received from node
[1779281570] miner ID [2]:WARNING: transaction pool full
[1779281570] miner ID [2]:Francesco pays Alice 98 coins
[1779281575] miner ID [2]:WARNING: transaction pool full
[1779281575] miner ID [2]:Giovanna pays Ilaria 5 coins
[1779281575] miner ID [2]:WARNING: transaction pool full
[1779281575] miner ID [2]:Francesco pays Giovanna 26 coins
[1779281580] miner ID [2]:WARNING: transaction pool full
[1779281580] miner ID [2]:Giovanna pays Ilaria 30 coins
[1779281580] miner ID [2]:WARNING: transaction pool full
[1779281580] miner ID [2]:Giovanna pays Giacomo 53 coins
[1779281580] miner ID [2]:WARNING: transaction pool full
[1779281580] miner ID [2]:Francesco pays Giovanna 95 coins
[1779281580] miner ID [2]:Confirmed block received from node
[1779281582] miner ID [2]:WARNING: transaction pool full
[1779281582] miner ID [2]:Ilaria pays Giacomo 95 coins
[1779281582] miner ID [2]:WARNING: transaction pool full
[1779281582] miner ID [2]:Francesco pays Giacomo 59 coins
[1779281582] miner ID [2]:WARNING: transaction pool full
[1779281582] miner ID [2]:Giacomo pays Giovanna 34 coins
[1779281582] miner ID [2]:WARNING: transaction pool full
[1779281582] miner ID [2]:Giacomo pays Bob 80 coins
[1779281585] miner ID [2]:Mining successful
[1779281585] miner ID [2]:Block sent to nodes
[1779281585] miner ID [2]:Confirmed block received from node
[1779281587] miner ID [2]:Giacomo pays Ilaria 5 coins
[1779281587] miner ID [2]:Mining successful
[1779281587] miner ID [2]:Block sent to nodes
[1779281587] miner ID [2]:Confirmed block received from node
[1779281587] miner ID [2]:Lottery won but no transactions to mine
[1779281589] miner ID [2]:Giovanna pays Alice 4 coins
[1779281589] miner ID [2]:Bob pays Francesco 68 coins
[1779281589] miner ID [2]:Alice pays Giacomo 53 coins
[1779281589] miner ID [2]:Ilaria pays Giovanna 57 coins
[1779281590] miner ID [2]:Confirmed block received from node
[1779281594] miner ID [2]:Alice pays Bob 71 coins
[1779281595] miner ID [2]:Confirmed block received from node
[1779281596] miner ID [2]:Giovanna pays Francesco 49 coins
[1779281596] miner ID [2]:Giacomo pays Giovanna 28 coins
[1779281597] miner ID [2]:Mining successful
[1779281597] miner ID [2]:Block sent to nodes
[1779281597] miner ID [2]:Confirmed block received from node
[1779281600] miner ID [2]:Ilaria pays Giacomo 66 coins
[1779281600] miner ID [2]:Bob pays Alice 15 coins
[1779281604] miner ID [2]:Giovanna pays Francesco 80 coins
[1779281604] miner ID [2]:Alice pays Francesco 17 coins
[1779281604] miner ID [2]:Confirmed block received from node
[1779281622] miner ID [2]:Giovanna pays Bob 80 coins
[1779281622] miner ID [2]:Alice pays Ilaria 39 coins
[1779281622] miner ID [2]:Giacomo pays Francesco 5 coins
[1779281622] miner ID [2]:Francesco pays Giacomo 39 coins
[1779281624] miner ID [2]:WARNING: transaction pool full
[1779281624] miner ID [2]:Bob pays Giacomo 11 coins
[1779281624] miner ID [2]:WARNING: transaction pool full
[1779281624] miner ID [2]:Bob pays Alice 10 coins
[1779281624] miner ID [2]:WARNING: transaction pool full
[1779281624] miner ID [2]:Giovanna pays Bob 42 coins
[1779281624] miner ID [2]:WARNING: transaction pool full
[1779281624] miner ID [2]:Giacomo pays Ilaria 98 coins
[1779281624] miner ID [2]:Confirmed block received from node
[1779281628] miner ID [2]:WARNING: transaction pool full
[1779281628] miner ID [2]:Giovanna pays Bob 52 coins
[1779281628] miner ID [2]:WARNING: transaction pool full
[1779281628] miner ID [2]:Ilaria pays Francesco 32 coins
[1779281632] miner ID [2]:Confirmed block received from node
[1779281632] miner ID [2]:Confirmed block received from node
[1779281641] miner ID [2]:Confirmed block received from node
[1779281647] miner ID [2]:Confirmed block received from node
[1779281650] miner ID [2]:WARNING: transaction pool full
[1779281650] miner ID [2]:Bob pays Francesco 77 coins
[1779281650] miner ID [2]:WARNING: transaction pool full
[1779281650] miner ID [2]:Bob pays Giovanna 83 coins
[1779281650] miner ID [2]:WARNING: transaction pool full
[1779281650] miner ID [2]:Giovanna pays Giacomo 69 coins
[1779281650] miner ID [2]:WARNING: transaction pool full
[1779281650] miner ID [2]:Giacomo pays Alice 31 coins
[1779281651] miner ID [2]:Confirmed block received from node
[1779281651] miner ID [2]:Confirmed block received from node
[1779281652] miner ID [2]:WARNING: transaction pool full
[1779281652] miner ID [2]:Alice pays Ilaria 51 coins
[1779281652] miner ID [2]:WARNING: transaction pool full
[1779281652] miner ID [2]:Giovanna pays Bob 54 coins
[1779281652] miner ID [2]:WARNING: transaction pool full
[1779281652] miner ID [2]:Giovanna pays Bob 24 coins
[1779281652] miner ID [2]:WARNING: transaction pool full
[1779281652] miner ID [2]:Ilaria pays Giovanna 9 coins
[1779281659] miner ID [2]:Confirmed block received from node
[1779281660] miner ID [2]:Confirmed block received from node
[1779281662] miner ID [2]:WARNING: transaction pool full
[1779281662] miner ID [2]:Ilaria pays Bob 24 coins
[1779281662] miner ID [2]:WARNING: transaction pool full
[1779281662] miner ID [2]:Alice pays Francesco 41 coins
[1779281662] miner ID [2]:WARNING: transaction pool full
[1779281662] miner ID [2]:Francesco pays Bob 79 coins
[1779281662] miner ID [2]:WARNING: transaction pool full
[1779281662] miner ID [2]:Alice pays Giovanna 25 coins
[1779281662] miner ID [2]:Mining successful
[1779281662] miner ID [2]:Block sent to nodes
[1779281662] miner ID [2]:Confirmed block received from node
[1779281666] miner ID [2]:Bob pays Ilaria 69 coins
[1779281666] miner ID [2]:Francesco pays Alice 95 coins
[1779281666] miner ID [2]:Ilaria pays Giacomo 88 coins
[1779281667] miner ID [2]:Confirmed block received from node
[1779281670] miner ID [2]:Confirmed block received from node
[1779281670] miner ID [2]:Confirmed block received from node
[1779281680] miner ID [2]:Giacomo pays Francesco 16 coins
[1779281683] miner ID [2]:Confirmed block received from node
[1779281683] miner ID [2]:Mining successful
[1779281683] miner ID [2]:Block sent to nodes
[1779281683] miner ID [2]:Confirmed block received from node
[1779281685] miner ID [2]:Confirmed block received from node
[1779281688] miner ID [2]:Bob pays Francesco 80 coins
[1779281688] miner ID [2]:Ilaria pays Alice 5 coins
[1779281688] miner ID [2]:Giacomo pays Ilaria 13 coins
[1779281688] miner ID [2]:Giacomo pays Francesco 85 coins
[1779281692] miner ID [2]:Ilaria pays Bob 75 coins
[1779281692] miner ID [2]:Ilaria pays Bob 13 coins
[1779281692] miner ID [2]:Bob pays Ilaria 18 coins
[1779281692] miner ID [2]:Bob pays Ilaria 12 coins
[1779281694] miner ID [2]:Confirmed block received from node
[1779281694] miner ID [2]:Confirmed block received from node
[1779281694] miner ID [2]:Confirmed block received from node
[1779281699] miner ID [2]:Mining successful
[1779281699] miner ID [2]:Block sent to nodes
[1779281699] miner ID [2]:Confirmed block received from node
[1779281702] miner ID [2]:Alice pays Bob 15 coins
[1779281702] miner ID [2]:Ilaria pays Francesco 68 coins
[1779281702] miner ID [2]:Bob pays Giacomo 86 coins
[1779281702] miner ID [2]:Giacomo pays Francesco 28 coins
[1779281704] miner ID [2]:Confirmed block received from node
[1779281708] miner ID [2]:Ilaria pays Giovanna 2 coins
[1779281708] miner ID [2]:Alice pays Francesco 36 coins
[1779281708] miner ID [2]:Alice pays Giovanna 57 coins
[1779281708] miner ID [2]:Alice pays Giacomo 28 coins
[1779281712] miner ID [2]:WARNING: transaction pool full
[1779281712] miner ID [2]:Giovanna pays Francesco 15 coins
[1779281712] miner ID [2]:WARNING: transaction pool full
[1779281712] miner ID [2]:Francesco pays Ilaria 28 coins
[1779281712] miner ID [2]:WARNING: transaction pool full
[1779281712] miner ID [2]:Alice pays Giovanna 85 coins
[1779281713] miner ID [2]:Confirmed block received from node
[1779281713] miner ID [2]:Mining successful
[1779281713] miner ID [2]:Block sent to nodes
[1779281713] miner ID [2]:Confirmed block received from node
[1779281721] miner ID [2]:Confirmed block received from node
[1779281722] miner ID [2]:Ilaria pays Alice 48 coins
[1779281723] miner ID [2]:Mining successful
[1779281723] miner ID [2]:Block sent to nodes
[1779281723] miner ID [2]:Confirmed block received from node
[1779281723] miner ID [2]:Confirmed block received from node
[1779281723] miner ID [2]:Confirmed block received from node
[1779281724] miner ID [2]:Giovanna pays Alice 10 coins
[1779281724] miner ID [2]:Giovanna pays Ilaria 14 coins
[1779281726] miner ID [2]:Ilaria pays Alice 65 coins
[1779281726] miner ID [2]:Ilaria pays Francesco 92 coins
[1779281726] miner ID [2]:Francesco pays Giacomo 39 coins
[1779281726] miner ID [2]:Francesco pays Giovanna 42 coins
[1779281729] miner ID [2]:Confirmed block received from node
[1779281729] miner ID [2]:Bob pays Alice 73 coins
[1779281737] miner ID [2]:Ilaria pays Giacomo 8 coins
[1779281737] miner ID [2]:WARNING: transaction pool full
[1779281737] miner ID [2]:Francesco pays Giacomo 82 coins
[1779281737] miner ID [2]:WARNING: transaction pool full
[1779281737] miner ID [2]:Giacomo pays Ilaria 49 coins
[1779281737] miner ID [2]:WARNING: transaction pool full
[1779281737] miner ID [2]:Francesco pays Giacomo 89 coins
[1779281739] miner ID [2]:WARNING: transaction pool full
[1779281739] miner ID [2]:Giovanna pays Alice 96 coins
[1779281739] miner ID [2]:WARNING: transaction pool full
[1779281739] miner ID [2]:Francesco pays Giacomo 28 coins
[1779281739] miner ID [2]:WARNING: transaction pool full
[1779281739] miner ID [2]:Bob pays Ilaria 54 coins
[1779281739] miner ID [2]:WARNING: transaction pool full
[1779281739] miner ID [2]:Giacomo pays Giovanna 90 coins
[1779281743] miner ID [2]:Confirmed block received from node
[1779281743] miner ID [2]:Confirmed block received from node
[1779281745] miner ID [2]:Confirmed block received from node
[1779281745] miner ID [2]:Mining successful
[1779281745] miner ID [2]:Block sent to nodes
[1779281746] miner ID [2]:Confirmed block received from node
[1779281755] miner ID [2]:Lottery won but no transactions to mine
[1779281756] miner ID [2]:Confirmed block received from node
[1779281756] miner ID [2]:Lottery won but no transactions to mine
[1779281759] miner ID [2]:Lottery won but no transactions to mine
[1779281759] miner ID [2]:Confirmed block received from node
[1779281768] miner ID [2]:Giacomo pays Giovanna 8 coins
[1779281768] miner ID [2]:Francesco pays Ilaria 80 coins
[1779281768] miner ID [2]:Giovanna pays Bob 18 coins
[1779281768] miner ID [2]:Bob pays Francesco 20 coins
[1779281768] miner ID [2]:Confirmed block received from node
[1779281768] miner ID [2]:Confirmed block received from node
[1779281768] miner ID [2]:Confirmed block received from node
[1779281768] miner ID [2]:Confirmed block received from node
[1779281774] miner ID [2]:Bob pays Giovanna 25 coins
[1779281777] miner ID [2]:Confirmed block received from node
[1779281784] miner ID [2]:Ilaria pays Francesco 62 coins
[1779281784] miner ID [2]:Bob pays Alice 92 coins
[1779281785] miner ID [2]:Confirmed block received from node
[1779281789] miner ID [2]:Confirmed block received from node
[1779281789] miner ID [2]:Confirmed block received from node
[1779281792] miner ID [2]:Alice pays Francesco 62 coins
[1779281792] miner ID [2]:WARNING: transaction pool full
[1779281792] miner ID [2]:Giacomo pays Bob 41 coins
[1779281796] miner ID [2]:WARNING: transaction pool full
[1779281796] miner ID [2]:Ilaria pays Bob 47 coins
[1779281798] miner ID [2]:WARNING: transaction pool full
[1779281798] miner ID [2]:Bob pays Alice 42 coins
[1779281800] miner ID [2]:Confirmed block received from node
[1779281800] miner ID [2]:Confirmed block received from node
[1779281800] miner ID [2]:Mining successful
[1779281800] miner ID [2]:Block sent to nodes
[1779281800] miner ID [2]:Confirmed block received from node
[1779281805] miner ID [2]:Confirmed block received from node
[1779281808] miner ID [2]:Giacomo pays Giovanna 29 coins
[1779281808] miner ID [2]:Bob pays Alice 2 coins
[1779281812] miner ID [2]:Confirmed block received from node
[1779281812] miner ID [2]:Confirmed block received from node
[1779281814] miner ID [2]:Giovanna pays Ilaria 56 coins
[1779281814] miner ID [2]:Giovanna pays Bob 52 coins
[1779281814] miner ID [2]:Francesco pays Giacomo 48 coins
[1779281814] miner ID [2]:Giacomo pays Ilaria 91 coins
[1779281816] miner ID [2]:Mining successful
[1779281816] miner ID [2]:Block sent to nodes
[1779281816] miner ID [2]:Confirmed block received from node
[1779281821] miner ID [2]:Lottery won but no transactions to mine
[1779281822] miner ID [2]:Confirmed block received from node
[1779281822] miner ID [2]:Confirmed block received from node
[1779281822] miner ID [2]:Lottery won but no transactions to mine
[1779281832] miner ID [2]:Ilaria pays Bob 23 coins
[1779281832] miner ID [2]:Giovanna pays Bob 17 coins
[1779281832] miner ID [2]:Bob pays Ilaria 97 coins
[1779281832] miner ID [2]:Giovanna pays Ilaria 26 coins
[1779281834] miner ID [2]:Bob pays Francesco 5 coins
[1779281834] miner ID [2]:Giacomo pays Alice 25 coins
[1779281834] miner ID [2]:Giacomo pays Alice 86 coins
[1779281834] miner ID [2]:Ilaria pays Francesco 8 coins
[1779281834] miner ID [2]:Confirmed block received from node
[1779281836] miner ID [2]:Confirmed block received from node
[1779281840] miner ID [2]:Alice pays Ilaria 71 coins
[1779281840] miner ID [2]:WARNING: transaction pool full
[1779281840] miner ID [2]:Giacomo pays Giovanna 2 coins
[1779281840] miner ID [2]:WARNING: transaction pool full
[1779281840] miner ID [2]:Alice pays Ilaria 59 coins
[1779281840] miner ID [2]:WARNING: transaction pool full
[1779281840] miner ID [2]:Francesco pays Giacomo 98 coins
[1779281842] miner ID [2]:WARNING: transaction pool full
[1779281842] miner ID [2]:Ilaria pays Bob 41 coins
[1779281845] miner ID [2]:Confirmed block received from node
[1779281847] miner ID [2]:WARNING: transaction pool full
[1779281847] miner ID [2]:Giovanna pays Alice 85 coins
[1779281847] miner ID [2]:WARNING: transaction pool full
[1779281847] miner ID [2]:Giovanna pays Bob 17 coins
[1779281847] miner ID [2]:WARNING: transaction pool full
[1779281847] miner ID [2]:Ilaria pays Francesco 43 coins
[1779281847] miner ID [2]:WARNING: transaction pool full
[1779281847] miner ID [2]:Bob pays Alice 89 coins
[1779281856] miner ID [2]:WARNING: transaction pool full
[1779281856] miner ID [2]:Alice pays Francesco 89 coins
[1779281856] miner ID [2]:WARNING: transaction pool full
[1779281856] miner ID [2]:Bob pays Giovanna 20 coins
[1779281862] miner ID [2]:Confirmed block received from node
[1779281870] miner ID [2]:Confirmed block received from node
[1779281872] miner ID [2]:WARNING: transaction pool full
[1779281872] miner ID [2]:Giacomo pays Francesco 71 coins
[1779281872] miner ID [2]:Giacomo pays Giovanna 42 coins
[1779281872] miner ID [2]:WARNING: transaction pool full
[1779281872] miner ID [2]:Ilaria pays Giacomo 15 coins
[1779281872] miner ID [2]:WARNING: transaction pool full
[1779281872] miner ID [2]:Giovanna pays Giacomo 24 coins
[1779281874] miner ID [2]:Mining successful
[1779281874] miner ID [2]:Block sent to nodes
[1779281874] miner ID [2]:Confirmed block received from node
[1779281877] miner ID [2]:Alice pays Bob 13 coins
[1779281879] miner ID [2]:Mining successful
[1779281879] miner ID [2]:Block sent to nodes
[1779281879] miner ID [2]:Confirmed block received from node
[1779281880] miner ID [2]:Alice pays Giacomo 97 coins
[1779281880] miner ID [2]:Francesco pays Bob 39 coins
[1779281880] miner ID [2]:Bob pays Francesco 8 coins
[1779281880] miner ID [2]:Bob pays Ilaria 87 coins
[1779281882] miner ID [2]:Confirmed block received from node
[1779281884] miner ID [2]:Confirmed block received from node
[1779281884] miner ID [2]:Confirmed block received from node
[1779281894] miner ID [2]:Giacomo pays Giovanna 58 coins
[1779281894] miner ID [2]:Francesco pays Bob 75 coins
[1779281894] miner ID [2]:Giovanna pays Alice 23 coins
[1779281894] miner ID [2]:Ilaria pays Bob 81 coins
[1779281897] miner ID [2]:Confirmed block received from node
[1779281904] miner ID [2]:Ilaria pays Bob 30 coins
[1779281904] miner ID [2]:WARNING: transaction pool full
[1779281904] miner ID [2]:Giovanna pays Alice 81 coins
[1779281909] miner ID [2]:Confirmed block received from node
[1779281914] miner ID [2]:WARNING: transaction pool full
[1779281914] miner ID [2]:Ilaria pays Giovanna 81 coins
[1779281914] miner ID [2]:WARNING: transaction pool full
[1779281914] miner ID [2]:Alice pays Ilaria 13 coins
[1779281916] miner ID [2]:WARNING: transaction pool full
[1779281916] miner ID [2]:Giacomo pays Alice 37 coins
[1779281916] miner ID [2]:WARNING: transaction pool full
[1779281916] miner ID [2]:Giovanna pays Francesco 21 coins
[1779281916] miner ID [2]:WARNING: transaction pool full
[1779281916] miner ID [2]:Giovanna pays Francesco 37 coins
[1779281916] miner ID [2]:WARNING: transaction pool full
[1779281916] miner ID [2]:Ilaria pays Giacomo 66 coins
[1779281918] miner ID [2]:WARNING: transaction pool full
[1779281918] miner ID [2]:Alice pays Ilaria 2 coins
[1779281922] miner ID [2]:WARNING: transaction pool full
[1779281922] miner ID [2]:Bob pays Alice 7 coins
[1779281922] miner ID [2]:WARNING: transaction pool full
[1779281922] miner ID [2]:Giacomo pays Bob 1 coins
[1779281922] miner ID [2]:WARNING: transaction pool full
[1779281922] miner ID [2]:Giovanna pays Alice 84 coins
[1779281922] miner ID [2]:WARNING: transaction pool full
[1779281922] miner ID [2]:Giacomo pays Bob 8 coins
[1779281936] miner ID [2]:WARNING: transaction pool full
[1779281936] miner ID [2]:Alice pays Giacomo 25 coins
[1779281936] miner ID [2]:Confirmed block received from node
[1779281942] miner ID [2]:WARNING: transaction pool full
[1779281942] miner ID [2]:Giovanna pays Bob 90 coins
[1779281942] miner ID [2]:WARNING: transaction pool full
[1779281942] miner ID [2]:Francesco pays Ilaria 76 coins
[1779281950] miner ID [2]:Confirmed block received from node
[1779281964] miner ID [2]:Confirmed block received from node
[1779281966] miner ID [2]:WARNING: transaction pool full
[1779281966] miner ID [2]:Bob pays Giovanna 22 coins
[1779281970] miner ID [2]:WARNING: transaction pool full
[1779281970] miner ID [2]:Giovanna pays Francesco 65 coins
[1779281970] miner ID [2]:WARNING: transaction pool full
[1779281970] miner ID [2]:Francesco pays Giovanna 4 coins
[1779281970] miner ID [2]:WARNING: transaction pool full
[1779281970] miner ID [2]:Giacomo pays Bob 32 coins
[1779281970] miner ID [2]:WARNING: transaction pool full
[1779281970] miner ID [2]:Francesco pays Giovanna 14 coins
[1779281970] miner ID [2]:Mining successful
[1779281970] miner ID [2]:Block sent to nodes
[1779281970] miner ID [2]:Confirmed block received from node
[1779281970] miner ID [2]:Confirmed block received from node
[1779281972] miner ID [2]:Confirmed block received from node
[1779281977] miner ID [2]:Confirmed block received from node
[1779281977] miner ID [2]:Confirmed block received from node
[1779281977] miner ID [2]:Confirmed block received from node
[1779281981] miner ID [2]:Lottery won but no transactions to mine
[1779281988] miner ID [2]:Confirmed block received from node
[1779281995] miner ID [2]:Confirmed block received from node
[1779281996] miner ID [2]:Giovanna pays Alice 59 coins
[1779281997] miner ID [2]:Confirmed block received from node
[1779281997] miner ID [2]:Mining successful
[1779281997] miner ID [2]:Block sent to nodes
[1779281997] miner ID [2]:Confirmed block received from node
[1779281998] miner ID [2]:Confirmed block received from node
[1779281998] miner ID [2]:Lottery won but no transactions to mine
[1779282002] miner ID [2]:Giacomo pays Ilaria 10 coins
[1779282006] miner ID [2]:Bob pays Alice 9 coins
[1779282007] miner ID [2]:Miner shutting down
