[1779282101] miner ID [4]:miner avviato correttamente
[1779282101] miner ID [4]:Miner started
[1779282106] miner ID [4]:Bob pays Francesco 93 coins
[1779282106] miner ID [4]:Ilaria pays Alice 94 coins
[1779282106] miner ID [4]:Alice pays Bob 19 coins
[1779282106] miner ID [4]:Giovanna pays Giacomo 68 coins
[1779282106] miner ID [4]:Giovanna pays Francesco 5 coins
[1779282106] miner ID [4]:Giacomo pays Ilaria 97 coins
[1779282106] miner ID [4]:Ilaria pays Alice 86 coins
[1779282106] miner ID [4]:Giovanna pays Alice 57 coins
[1779282106] miner ID [4]:Mining successful
[1779282106] miner ID [4]:Block sent to nodes
[1779282106] miner ID [4]:Confirmed block received from node
[1779282106] miner ID [4]:Giacomo pays Giovanna 5 coins
[1779282106] miner ID [4]:Giacomo pays Ilaria 62 coins
[1779282106] miner ID [4]:Confirmed block received from node
[1779282111] miner ID [4]:Giacomo pays Francesco 62 coins
[1779282111] miner ID [4]:Alice pays Giovanna 71 coins
[1779282111] miner ID [4]:Giovanna pays Bob 28 coins
[1779282111] miner ID [4]:Ilaria pays Giacomo 98 coins
[1779282111] miner ID [4]:Alice pays Francesco 70 coins
[1779282111] miner ID [4]:Bob pays Francesco 63 coins
[1779282111] miner ID [4]:WARNING: transaction pool full
[1779282111] miner ID [4]:Bob pays Giovanna 49 coins
[1779282111] miner ID [4]:WARNING: transaction pool full
[1779282111] miner ID [4]:Giacomo pays Alice 65 coins
[1779282112] miner ID [4]:WARNING: transaction pool full
[1779282112] miner ID [4]:Alice pays Ilaria 88 coins
[1779282112] miner ID [4]:WARNING: transaction pool full
[1779282112] miner ID [4]:Giacomo pays Bob 63 coins
[1779282112] miner ID [4]:WARNING: transaction pool full
[1779282112] miner ID [4]:Giacomo pays Giovanna 30 coins
[1779282112] miner ID [4]:WARNING: transaction pool full
[1779282112] miner ID [4]:Francesco pays Giovanna 32 coins
[1779282112] miner ID [4]:WARNING: transaction pool full
[1779282112] miner ID [4]:Francesco pays Alice 89 coins
[1779282112] miner ID [4]:WARNING: transaction pool full
[1779282112] miner ID [4]:Francesco pays Ilaria 22 coins
[1779282112] miner ID [4]:WARNING: transaction pool full
[1779282112] miner ID [4]:Giovanna pays Francesco 68 coins
[1779282112] miner ID [4]:WARNING: transaction pool full
[1779282112] miner ID [4]:Ilaria pays Alice 80 coins
[1779282117] miner ID [4]:WARNING: transaction pool full
[1779282117] miner ID [4]:Bob pays Giacomo 47 coins
[1779282117] miner ID [4]:WARNING: transaction pool full
[1779282117] miner ID [4]:Bob pays Alice 13 coins
[1779282117] miner ID [4]:WARNING: transaction pool full
[1779282117] miner ID [4]:Giovanna pays Bob 74 coins
[1779282117] miner ID [4]:WARNING: transaction pool full
[1779282117] miner ID [4]:Francesco pays Giacomo 59 coins
[1779282117] miner ID [4]:WARNING: transaction pool full
[1779282117] miner ID [4]:Ilaria pays Francesco 25 coins
[1779282117] miner ID [4]:WARNING: transaction pool full
[1779282117] miner ID [4]:Giovanna pays Giacomo 60 coins
[1779282117] miner ID [4]:WARNING: transaction pool full
[1779282117] miner ID [4]:Ilaria pays Alice 79 coins
[1779282117] miner ID [4]:WARNING: transaction pool full
[1779282117] miner ID [4]:Ilaria pays Bob 82 coins
[1779282121] miner ID [4]:Confirmed block received from node
[1779282121] miner ID [4]:Mining successful
[1779282121] miner ID [4]:Block sent to nodes
[1779282122] miner ID [4]:Confirmed block received from node
[1779282122] miner ID [4]:Confirmed block received from node
[1779282124] miner ID [4]:Ilaria pays Bob 98 coins
[1779282124] miner ID [4]:Mining successful
[1779282124] miner ID [4]:Block sent to nodes
[1779282124] miner ID [4]:Confirmed block received from node
[1779282127] miner ID [4]:Alice pays Giacomo 59 coins
[1779282127] miner ID [4]:Giacomo pays Ilaria 43 coins
[1779282127] miner ID [4]:Alice pays Bob 21 coins
[1779282127] miner ID [4]:Giacomo pays Giovanna 26 coins
[1779282127] miner ID [4]:Alice pays Ilaria 2 coins
[1779282127] miner ID [4]:Giovanna pays Alice 61 coins
[1779282127] miner ID [4]:Ilaria pays Giovanna 56 coins
[1779282127] miner ID [4]:Alice pays Ilaria 72 coins
[1779282127] miner ID [4]:WARNING: transaction pool full
[1779282127] miner ID [4]:Francesco pays Bob 40 coins
[1779282127] miner ID [4]:WARNING: transaction pool full
[1779282127] miner ID [4]:Giacomo pays Francesco 30 coins
[1779282128] miner ID [4]:Confirmed block received from node
[1779282128] miner ID [4]:Confirmed block received from node
[1779282128] miner ID [4]:Mining successful
[1779282128] miner ID [4]:Block sent to nodes
[1779282128] miner ID [4]:Confirmed block received from node
[1779282128] miner ID [4]:Confirmed block received from node
[1779282128] miner ID [4]:Lottery won but no transactions to mine
[1779282129] miner ID [4]:Confirmed block received from node
[1779282133] miner ID [4]:Giacomo pays Alice 53 coins
[1779282133] miner ID [4]:Francesco pays Giacomo 27 coins
[1779282133] miner ID [4]:Alice pays Bob 2 coins
[1779282133] miner ID [4]:Alice pays Francesco 57 coins
[1779282133] miner ID [4]:Giovanna pays Ilaria 72 coins
[1779282133] miner ID [4]:Bob pays Alice 96 coins
[1779282133] miner ID [4]:Giacomo pays Francesco 3 coins
[1779282133] miner ID [4]:Francesco pays Giovanna 71 coins
[1779282133] miner ID [4]:Confirmed block received from node
[1779282133] miner ID [4]:Mining successful
[1779282133] miner ID [4]:Block sent to nodes
[1779282133] miner ID [4]:Confirmed block received from node
[1779282133] miner ID [4]:Confirmed block received from node
[1779282134] miner ID [4]:Bob pays Francesco 23 coins
[1779282134] miner ID [4]:Giacomo pays Alice 11 coins
[1779282134] miner ID [4]:Francesco pays Giacomo 21 coins
[1779282134] miner ID [4]:Confirmed block received from node
[1779282136] miner ID [4]:Giovanna pays Ilaria 57 coins
[1779282136] miner ID [4]:Alice pays Bob 48 coins
[1779282136] miner ID [4]:Francesco pays Bob 30 coins
[1779282136] miner ID [4]:Giovanna pays Francesco 99 coins
[1779282136] miner ID [4]:Giovanna pays Alice 67 coins
[1779282136] miner ID [4]:WARNING: transaction pool full
[1779282136] miner ID [4]:Giacomo pays Bob 7 coins
[1779282136] miner ID [4]:WARNING: transaction pool full
[1779282136] miner ID [4]:Ilaria pays Giovanna 4 coins
[1779282136] miner ID [4]:WARNING: transaction pool full
[1779282136] miner ID [4]:Alice pays Francesco 90 coins
[1779282140] miner ID [4]:WARNING: transaction pool full
[1779282140] miner ID [4]:Ilaria pays Giacomo 94 coins
[1779282140] miner ID [4]:Confirmed block received from node
[1779282140] miner ID [4]:Confirmed block received from node
[1779282141] miner ID [4]:WARNING: transaction pool full
[1779282141] miner ID [4]:Francesco pays Giacomo 2 coins
[1779282141] miner ID [4]:WARNING: transaction pool full
[1779282141] miner ID [4]:Francesco pays Giovanna 53 coins
[1779282141] miner ID [4]:Mining successful
[1779282141] miner ID [4]:Block sent to nodes
[1779282141] miner ID [4]:Confirmed block received from node
[1779282141] miner ID [4]:Confirmed block received from node
[1779282143] miner ID [4]:Alice pays Giovanna 16 coins
[1779282143] miner ID [4]:Ilaria pays Bob 85 coins
[1779282143] miner ID [4]:Francesco pays Giovanna 6 coins
[1779282143] miner ID [4]:Alice pays Bob 81 coins
[1779282143] miner ID [4]:Alice pays Giacomo 49 coins
[1779282143] miner ID [4]:Alice pays Giovanna 97 coins
[1779282143] miner ID [4]:Alice pays Francesco 96 coins
[1779282144] miner ID [4]:Mining successful
[1779282144] miner ID [4]:Block sent to nodes
[1779282144] miner ID [4]:Confirmed block received from node
[1779282144] miner ID [4]:Lottery won but no transactions to mine
[1779282144] miner ID [4]:Confirmed block received from node
[1779282144] miner ID [4]:Confirmed block received from node
[1779282144] miner ID [4]:Confirmed block received from node
[1779282144] miner ID [4]:Lottery won but no transactions to mine
[1779282144] miner ID [4]:Confirmed block received from node
[1779282148] miner ID [4]:Ilaria pays Giovanna 40 coins
[1779282148] miner ID [4]:Alice pays Ilaria 9 coins
[1779282148] miner ID [4]:Francesco pays Bob 91 coins
[1779282148] miner ID [4]:Alice pays Ilaria 46 coins
[1779282150] miner ID [4]:Confirmed block received from node
[1779282152] miner ID [4]:Confirmed block received from node
[1779282152] miner ID [4]:Mining successful
[1779282152] miner ID [4]:Block sent to nodes
[1779282152] miner ID [4]:Confirmed block received from node
[1779282153] miner ID [4]:Ilaria pays Giacomo 61 coins
[1779282153] miner ID [4]:Giacomo pays Bob 1 coins
[1779282153] miner ID [4]:Francesco pays Ilaria 81 coins
[1779282153] miner ID [4]:Giacomo pays Alice 58 coins
[1779282153] miner ID [4]:Ilaria pays Giovanna 11 coins
[1779282153] miner ID [4]:Francesco pays Giovanna 7 coins
[1779282153] miner ID [4]:Ilaria pays Giovanna 68 coins
[1779282153] miner ID [4]:Francesco pays Alice 30 coins
[1779282156] miner ID [4]:Confirmed block received from node
[1779282156] miner ID [4]:Confirmed block received from node
[1779282156] miner ID [4]:WARNING: transaction pool full
[1779282156] miner ID [4]:Bob pays Giovanna 70 coins
[1779282156] miner ID [4]:WARNING: transaction pool full
[1779282156] miner ID [4]:Alice pays Ilaria 14 coins
[1779282156] miner ID [4]:WARNING: transaction pool full
[1779282156] miner ID [4]:Francesco pays Bob 54 coins
[1779282158] miner ID [4]:WARNING: transaction pool full
[1779282158] miner ID [4]:Ilaria pays Bob 12 coins
[1779282158] miner ID [4]:WARNING: transaction pool full
[1779282158] miner ID [4]:Ilaria pays Giovanna 53 coins
[1779282158] miner ID [4]:WARNING: transaction pool full
[1779282158] miner ID [4]:Francesco pays Ilaria 65 coins
[1779282158] miner ID [4]:WARNING: transaction pool full
[1779282158] miner ID [4]:Ilaria pays Giacomo 64 coins
[1779282158] miner ID [4]:WARNING: transaction pool full
[1779282158] miner ID [4]:Giovanna pays Francesco 47 coins
[1779282158] miner ID [4]:WARNING: transaction pool full
[1779282158] miner ID [4]:Francesco pays Bob 38 coins
[1779282158] miner ID [4]:WARNING: transaction pool full
[1779282158] miner ID [4]:Bob pays Ilaria 11 coins
[1779282159] miner ID [4]:Confirmed block received from node
[1779282161] miner ID [4]:Confirmed block received from node
[1779282165] miner ID [4]:WARNING: transaction pool full
[1779282165] miner ID [4]:Giacomo pays Francesco 66 coins
[1779282165] miner ID [4]:WARNING: transaction pool full
[1779282165] miner ID [4]:Francesco pays Giovanna 27 coins
[1779282165] miner ID [4]:WARNING: transaction pool full
[1779282165] miner ID [4]:Alice pays Bob 95 coins
[1779282165] miner ID [4]:WARNING: transaction pool full
[1779282165] miner ID [4]:Giacomo pays Francesco 85 coins
[1779282165] miner ID [4]:WARNING: transaction pool full
[1779282165] miner ID [4]:Alice pays Ilaria 81 coins
[1779282165] miner ID [4]:WARNING: transaction pool full
[1779282165] miner ID [4]:Giacomo pays Alice 48 coins
[1779282165] miner ID [4]:WARNING: transaction pool full
[1779282165] miner ID [4]:Alice pays Giacomo 50 coins
[1779282165] miner ID [4]:WARNING: transaction pool full
[1779282165] miner ID [4]:Giacomo pays Alice 19 coins
[1779282165] miner ID [4]:WARNING: transaction pool full
[1779282165] miner ID [4]:Ilaria pays Francesco 23 coins
[1779282165] miner ID [4]:WARNING: transaction pool full
[1779282165] miner ID [4]:Alice pays Giovanna 80 coins
[1779282165] miner ID [4]:WARNING: transaction pool full
[1779282165] miner ID [4]:Giovanna pays Alice 79 coins
[1779282165] miner ID [4]:WARNING: transaction pool full
[1779282165] miner ID [4]:Alice pays Francesco 23 coins
[1779282165] miner ID [4]:WARNING: transaction pool full
[1779282165] miner ID [4]:Francesco pays Giacomo 52 coins
[1779282165] miner ID [4]:WARNING: transaction pool full
[1779282165] miner ID [4]:Francesco pays Giovanna 88 coins
[1779282165] miner ID [4]:WARNING: transaction pool full
[1779282165] miner ID [4]:Alice pays Giovanna 46 coins
[1779282165] miner ID [4]:WARNING: transaction pool full
[1779282165] miner ID [4]:Giacomo pays Bob 94 coins
[1779282166] miner ID [4]:Confirmed block received from node
[1779282169] miner ID [4]:WARNING: transaction pool full
[1779282169] miner ID [4]:Ilaria pays Alice 89 coins
[1779282169] miner ID [4]:WARNING: transaction pool full
[1779282169] miner ID [4]:Ilaria pays Giacomo 16 coins
[1779282169] miner ID [4]:WARNING: transaction pool full
[1779282169] miner ID [4]:Francesco pays Bob 16 coins
[1779282169] miner ID [4]:WARNING: transaction pool full
[1779282169] miner ID [4]:Giacomo pays Giovanna 89 coins
[1779282169] miner ID [4]:WARNING: transaction pool full
[1779282169] miner ID [4]:Giovanna pays Bob 15 coins
[1779282169] miner ID [4]:WARNING: transaction pool full
[1779282169] miner ID [4]:Ilaria pays Bob 86 coins
[1779282171] miner ID [4]:WARNING: transaction pool full
[1779282171] miner ID [4]:Alice pays Ilaria 19 coins
[1779282171] miner ID [4]:WARNING: transaction pool full
[1779282171] miner ID [4]:Giovanna pays Giacomo 11 coins
[1779282171] miner ID [4]:WARNING: transaction pool full
[1779282171] miner ID [4]:Francesco pays Giacomo 25 coins
[1779282171] miner ID [4]:WARNING: transaction pool full
[1779282171] miner ID [4]:Giovanna pays Francesco 6 coins
[1779282171] miner ID [4]:WARNING: transaction pool full
[1779282171] miner ID [4]:Giacomo pays Ilaria 36 coins
[1779282171] miner ID [4]:WARNING: transaction pool full
[1779282171] miner ID [4]:Alice pays Bob 60 coins
[1779282172] miner ID [4]:Confirmed block received from node
[1779282173] miner ID [4]:WARNING: transaction pool full
[1779282173] miner ID [4]:Alice pays Bob 52 coins
[1779282173] miner ID [4]:WARNING: transaction pool full
[1779282173] miner ID [4]:Giacomo pays Bob 92 coins
[1779282173] miner ID [4]:WARNING: transaction pool full
[1779282173] miner ID [4]:Alice pays Francesco 10 coins
[1779282177] miner ID [4]:WARNING: transaction pool full
[1779282177] miner ID [4]:Alice pays Bob 18 coins
[1779282177] miner ID [4]:WARNING: transaction pool full
[1779282177] miner ID [4]:Francesco pays Giovanna 71 coins
[1779282177] miner ID [4]:WARNING: transaction pool full
[1779282177] miner ID [4]:Giacomo pays Giovanna 99 coins
[1779282177] miner ID [4]:WARNING: transaction pool full
[1779282177] miner ID [4]:Ilaria pays Bob 90 coins
[1779282177] miner ID [4]:WARNING: transaction pool full
[1779282177] miner ID [4]:Bob pays Giovanna 82 coins
[1779282177] miner ID [4]:WARNING: transaction pool full
[1779282177] miner ID [4]:Giacomo pays Francesco 55 coins
[1779282177] miner ID [4]:WARNING: transaction pool full
[1779282177] miner ID [4]:Bob pays Alice 57 coins
[1779282177] miner ID [4]:Mining successful
[1779282177] miner ID [4]:Block sent to nodes
[1779282177] miner ID [4]:Confirmed block received from node
[1779282177] miner ID [4]:Lottery won but no transactions to mine
[1779282178] miner ID [4]:Confirmed block received from node
[1779282178] miner ID [4]:Confirmed block received from node
[1779282178] miner ID [4]:Lottery won but no transactions to mine
[1779282179] miner ID [4]:Confirmed block received from node
[1779282181] miner ID [4]:Giacomo pays Francesco 66 coins
[1779282181] miner ID [4]:Francesco pays Bob 76 coins
[1779282181] miner ID [4]:Alice pays Francesco 42 coins
[1779282181] miner ID [4]:Alice pays Bob 72 coins
[1779282181] miner ID [4]:Francesco pays Ilaria 44 coins
[1779282181] miner ID [4]:Giacomo pays Alice 56 coins
[1779282181] miner ID [4]:Giovanna pays Francesco 75 coins
[1779282181] miner ID [4]:Bob pays Giacomo 18 coins
[1779282181] miner ID [4]:Mining successful
[1779282181] miner ID [4]:Block sent to nodes
[1779282181] miner ID [4]:Confirmed block received from node
[1779282182] miner ID [4]:Confirmed block received from node
[1779282182] miner ID [4]:Confirmed block received from node
[1779282184] miner ID [4]:Confirmed block received from node
[1779282184] miner ID [4]:Confirmed block received from node
[1779282187] miner ID [4]:Giacomo pays Ilaria 49 coins
[1779282187] miner ID [4]:Bob pays Giovanna 87 coins
[1779282187] miner ID [4]:Ilaria pays Giovanna 65 coins
[1779282187] miner ID [4]:Giovanna pays Bob 56 coins
[1779282187] miner ID [4]:Giovanna pays Bob 20 coins
[1779282187] miner ID [4]:Ilaria pays Giacomo 72 coins
[1779282187] miner ID [4]:Giovanna pays Francesco 39 coins
[1779282187] miner ID [4]:Giovanna pays Alice 62 coins
[1779282187] miner ID [4]:WARNING: transaction pool full
[1779282187] miner ID [4]:Ilaria pays Giacomo 3 coins
[1779282187] miner ID [4]:WARNING: transaction pool full
[1779282187] miner ID [4]:Ilaria pays Giovanna 33 coins
[1779282187] miner ID [4]:WARNING: transaction pool full
[1779282187] miner ID [4]:Francesco pays Bob 52 coins
[1779282187] miner ID [4]:WARNING: transaction pool full
[1779282187] miner ID [4]:Bob pays Giacomo 1 coins
[1779282187] miner ID [4]:WARNING: transaction pool full
[1779282187] miner ID [4]:Francesco pays Ilaria 27 coins
[1779282187] miner ID [4]:WARNING: transaction pool full
[1779282187] miner ID [4]:Ilaria pays Francesco 6 coins
[1779282187] miner ID [4]:WARNING: transaction pool full
[1779282187] miner ID [4]:Giovanna pays Francesco 80 coins
[1779282187] miner ID [4]:WARNING: transaction pool full
[1779282187] miner ID [4]:Francesco pays Giovanna 84 coins
[1779282187] miner ID [4]:WARNING: transaction pool full
[1779282187] miner ID [4]:Bob pays Francesco 20 coins
[1779282187] miner ID [4]:WARNING: transaction pool full
[1779282187] miner ID [4]:Alice pays Bob 71 coins
[1779282187] miner ID [4]:WARNING: transaction pool full
[1779282187] miner ID [4]:Ilaria pays Giacomo 76 coins
[1779282187] miner ID [4]:WARNING: transaction pool full
[1779282187] miner ID [4]:Francesco pays Bob 3 coins
[1779282187] miner ID [4]:WARNING: transaction pool full
[1779282187] miner ID [4]:Alice pays Francesco 94 coins
[1779282187] miner ID [4]:WARNING: transaction pool full
[1779282187] miner ID [4]:Giovanna pays Giacomo 58 coins
[1779282187] miner ID [4]:WARNING: transaction pool full
[1779282187] miner ID [4]:Ilaria pays Giovanna 81 coins
[1779282187] miner ID [4]:WARNING: transaction pool full
[1779282187] miner ID [4]:Francesco pays Ilaria 74 coins
[1779282190] miner ID [4]:Confirmed block received from node
[1779282191] miner ID [4]:WARNING: transaction pool full
[1779282191] miner ID [4]:Giovanna pays Bob 82 coins
[1779282196] miner ID [4]:WARNING: transaction pool full
[1779282196] miner ID [4]:Francesco pays Giacomo 53 coins
[1779282196] miner ID [4]:WARNING: transaction pool full
[1779282196] miner ID [4]:Bob pays Alice 69 coins
[1779282196] miner ID [4]:WARNING: transaction pool full
[1779282196] miner ID [4]:Alice pays Francesco 59 coins
[1779282198] miner ID [4]:Confirmed block received from node
[1779282198] miner ID [4]:Confirmed block received from node
[1779282200] miner ID [4]:Confirmed block received from node
[1779282201] miner ID [4]:WARNING: transaction pool full
[1779282201] miner ID [4]:Giovanna pays Giacomo 47 coins
[1779282201] miner ID [4]:WARNING: transaction pool full
[1779282201] miner ID [4]:Giacomo pays Francesco 66 coins
[1779282201] miner ID [4]:WARNING: transaction pool full
[1779282201] miner ID [4]:Ilaria pays Giacomo 65 coins
[1779282201] miner ID [4]:WARNING: transaction pool full
[1779282201] miner ID [4]:Ilaria pays Alice 67 coins
[1779282201] miner ID [4]:Miner shutting down
