[1779267340] miner ID [0]:miner avviato correttamente
[1779267340] miner ID [0]:Miner started
[1779267340] miner ID [0]:Giovanna pays Francesco 78 coins
[1779267340] miner ID [0]:Giacomo pays Francesco 79 coins
[1779267340] miner ID [0]:Francesco pays Bob 40 coins
[1779267340] miner ID [0]:Francesco pays Giacomo 90 coins
[1779267343] miner ID [0]:Bob pays Giovanna 63 coins
[1779267343] miner ID [0]:Mining successful
[1779267343] miner ID [0]:WARNING: cannot open node fifo
[1779267343] miner ID [0]:WARNING: cannot open node fifo
[1779267343] miner ID [0]:Block sent to nodes
[1779267345] miner ID [0]:Ilaria pays Francesco 84 coins
[1779267345] miner ID [0]:Giovanna pays Alice 40 coins
[1779267345] miner ID [0]:Francesco pays Giovanna 75 coins
[1779267345] miner ID [0]:Bob pays Ilaria 66 coins
[1779267353] miner ID [0]:Bob pays Alice 14 coins
[1779267353] miner ID [0]:Giovanna pays Alice 45 coins
[1779267353] miner ID [0]:Giacomo pays Ilaria 8 coins
[1779267358] miner ID [0]:Alice pays Francesco 17 coins
[1779267358] miner ID [0]:Alice pays Ilaria 16 coins
[1779267358] miner ID [0]:Alice pays Bob 15 coins
[1779267358] miner ID [0]:Alice pays Ilaria 55 coins
[1779267361] miner ID [0]:Giacomo pays Francesco 93 coins
[1779267361] miner ID [0]:Alice pays Ilaria 58 coins
[1779267361] miner ID [0]:Francesco pays Ilaria 23 coins
[1779267361] miner ID [0]:Francesco pays Bob 19 coins
[1779267362] miner ID [0]:Giacomo pays Francesco 97 coins
[1779267362] miner ID [0]:Francesco pays Giacomo 50 coins
[1779267362] miner ID [0]:Giacomo pays Giovanna 64 coins
[1779267367] miner ID [0]:Bob pays Alice 62 coins
[1779267367] miner ID [0]:Alice pays Francesco 27 coins
[1779267367] miner ID [0]:Alice pays Francesco 35 coins
[1779267367] miner ID [0]:Giacomo pays Ilaria 21 coins
[1779267368] miner ID [0]:Alice pays Bob 47 coins
[1779267368] miner ID [0]:Giovanna pays Francesco 70 coins
[1779267368] miner ID [0]:Giovanna pays Francesco 73 coins
[1779267371] miner ID [0]:Bob pays Francesco 18 coins
[1779267371] miner ID [0]:Giacomo pays Francesco 72 coins
[1779267371] miner ID [0]:Alice pays Francesco 81 coins
[1779267371] miner ID [0]:Francesco pays Giacomo 28 coins
[1779267372] miner ID [0]:Bob pays Francesco 88 coins
[1779267372] miner ID [0]:Ilaria pays Giacomo 83 coins
[1779267372] miner ID [0]:Bob pays Giovanna 59 coins
[1779267376] miner ID [0]:Giovanna pays Francesco 85 coins
[1779267376] miner ID [0]:Francesco pays Ilaria 56 coins
[1779267376] miner ID [0]:Francesco pays Ilaria 81 coins
[1779267376] miner ID [0]:Giovanna pays Giacomo 6 coins
[1779267379] miner ID [0]:Alice pays Bob 30 coins
[1779267379] miner ID [0]:Bob pays Ilaria 83 coins
[1779267379] miner ID [0]:Bob pays Alice 19 coins
[1779267379] miner ID [0]:Giacomo pays Bob 80 coins
[1779267380] miner ID [0]:Bob pays Francesco 2 coins
[1779267380] miner ID [0]:Giovanna pays Giacomo 50 coins
[1779267380] miner ID [0]:Giacomo pays Ilaria 26 coins
[1779267384] miner ID [0]:Giacomo pays Bob 39 coins
[1779267384] miner ID [0]:Bob pays Alice 70 coins
[1779267384] miner ID [0]:Francesco pays Giovanna 73 coins
[1779267384] miner ID [0]:Giacomo pays Giovanna 4 coins
[1779267387] miner ID [0]:Giacomo pays Alice 58 coins
[1779267387] miner ID [0]:Bob pays Giacomo 7 coins
[1779267387] miner ID [0]:Giovanna pays Ilaria 21 coins
[1779267392] miner ID [0]:Ilaria pays Alice 5 coins
[1779267392] miner ID [0]:Giovanna pays Alice 2 coins
[1779267392] miner ID [0]:Giovanna pays Giacomo 13 coins
[1779267393] miner ID [0]:Giovanna pays Bob 39 coins
[1779267393] miner ID [0]:Alice pays Ilaria 52 coins
[1779267393] miner ID [0]:Giovanna pays Ilaria 84 coins
[1779267398] miner ID [0]:Alice pays Giovanna 80 coins
[1779267398] miner ID [0]:Alice pays Francesco 30 coins
[1779267398] miner ID [0]:Giovanna pays Francesco 75 coins
[1779267398] miner ID [0]:Giovanna pays Giacomo 72 coins
[1779267402] miner ID [0]:Francesco pays Giacomo 32 coins
[1779267402] miner ID [0]:Francesco pays Alice 89 coins
[1779267402] miner ID [0]:Francesco pays Ilaria 70 coins
[1779267405] miner ID [0]:Francesco pays Bob 36 coins
[1779267405] miner ID [0]:Giacomo pays Alice 65 coins
[1779267405] miner ID [0]:Bob pays Alice 93 coins
[1779267409] miner ID [0]:Bob pays Ilaria 90 coins
[1779267409] miner ID [0]:Alice pays Giacomo 58 coins
[1779267409] miner ID [0]:Alice pays Giovanna 86 coins
[1779267409] miner ID [0]:Bob pays Giovanna 81 coins
[1779267410] miner ID [0]:Ilaria pays Giacomo 86 coins
[1779267410] miner ID [0]:Francesco pays Ilaria 25 coins
[1779267410] miner ID [0]:Alice pays Ilaria 78 coins
[1779267412] miner ID [0]:Alice pays Giacomo 99 coins
[1779267412] miner ID [0]:Ilaria pays Bob 32 coins
[1779267412] miner ID [0]:Ilaria pays Francesco 27 coins
[1779267413] miner ID [0]:Giovanna pays Ilaria 10 coins
[1779267413] miner ID [0]:Giovanna pays Bob 35 coins
[1779267413] miner ID [0]:Bob pays Ilaria 46 coins
[1779267415] miner ID [0]:Francesco pays Ilaria 43 coins
[1779267415] miner ID [0]:Francesco pays Bob 38 coins
[1779267415] miner ID [0]:Giovanna pays Bob 64 coins
[1779267415] miner ID [0]:Francesco pays Bob 56 coins
[1779267419] miner ID [0]:Francesco pays Alice 48 coins
[1779267419] miner ID [0]:Giacomo pays Alice 32 coins
[1779267419] miner ID [0]:Alice pays Ilaria 64 coins
[1779267424] miner ID [0]:Giovanna pays Ilaria 48 coins
[1779267424] miner ID [0]:Alice pays Bob 55 coins
[1779267424] miner ID [0]:Giovanna pays Giacomo 13 coins
[1779267424] miner ID [0]:Ilaria pays Francesco 7 coins
[1779267424] miner ID [0]:Miner shutting down
[1779267424] miner ID [0]:miner chiuso
