[1779282249] miner ID [1]:miner avviato correttamente
[1779282249] miner ID [1]:Miner started
[1779282253] miner ID [1]:Confirmed block received from node
[1779282253] miner ID [1]:Ilaria pays Bob 78 coins
[1779282253] miner ID [1]:Alice pays Giacomo 45 coins
[1779282253] miner ID [1]:Bob pays Giovanna 22 coins
[1779282256] miner ID [1]:Alice pays Francesco 28 coins
[1779282256] miner ID [1]:Francesco pays Alice 81 coins
[1779282256] miner ID [1]:Ilaria pays Alice 61 coins
[1779282256] miner ID [1]:Bob pays Giovanna 26 coins
[1779282256] miner ID [1]:Ilaria pays Giovanna 90 coins
[1779282256] miner ID [1]:WARNING: transaction pool full
[1779282256] miner ID [1]:Alice pays Giacomo 64 coins
[1779282256] miner ID [1]:WARNING: transaction pool full
[1779282256] miner ID [1]:Ilaria pays Giacomo 27 coins
[1779282256] miner ID [1]:WARNING: transaction pool full
[1779282256] miner ID [1]:Giovanna pays Giacomo 6 coins
[1779282256] miner ID [1]:WARNING: transaction pool full
[1779282256] miner ID [1]:Giovanna pays Ilaria 91 coins
[1779282256] miner ID [1]:WARNING: transaction pool full
[1779282256] miner ID [1]:Ilaria pays Giovanna 22 coins
[1779282256] miner ID [1]:WARNING: transaction pool full
[1779282256] miner ID [1]:Francesco pays Bob 84 coins
[1779282256] miner ID [1]:WARNING: transaction pool full
[1779282256] miner ID [1]:Bob pays Francesco 45 coins
[1779282257] miner ID [1]:Confirmed block received from node
[1779282257] miner ID [1]:Confirmed block received from node
[1779282257] miner ID [1]:Mining successful
[1779282257] miner ID [1]:Block sent to nodes
[1779282257] miner ID [1]:Confirmed block received from node
[1779282257] miner ID [1]:Confirmed block received from node
[1779282257] miner ID [1]:Confirmed block received from node
[1779282258] miner ID [1]:Confirmed block received from node
[1779282260] miner ID [1]:Confirmed block received from node
[1779282260] miner ID [1]:Confirmed block received from node
[1779282261] miner ID [1]:Confirmed block received from node
[1779282261] miner ID [1]:Confirmed block received from node
[1779282261] miner ID [1]:Confirmed block received from node
[1779282261] miner ID [1]:Lottery won but no transactions to mine
[1779282262] miner ID [1]:Confirmed block received from node
[1779282266] miner ID [1]:Ilaria pays Francesco 74 coins
[1779282266] miner ID [1]:Giovanna pays Giacomo 5 coins
[1779282266] miner ID [1]:Ilaria pays Bob 77 coins
[1779282267] miner ID [1]:Confirmed block received from node
[1779282267] miner ID [1]:Mining successful
[1779282267] miner ID [1]:Block sent to nodes
[1779282267] miner ID [1]:Confirmed block received from node
[1779282267] miner ID [1]:Confirmed block received from node
[1779282268] miner ID [1]:Confirmed block received from node
[1779282269] miner ID [1]:Confirmed block received from node
[1779282269] miner ID [1]:Confirmed block received from node
[1779282269] miner ID [1]:Confirmed block received from node
[1779282269] miner ID [1]:Francesco pays Giovanna 72 coins
[1779282271] miner ID [1]:Giacomo pays Ilaria 4 coins
[1779282271] miner ID [1]:Ilaria pays Alice 71 coins
[1779282271] miner ID [1]:Ilaria pays Alice 30 coins
[1779282271] miner ID [1]:Ilaria pays Francesco 45 coins
[1779282271] miner ID [1]:Francesco pays Ilaria 88 coins
[1779282271] miner ID [1]:Alice pays Bob 19 coins
[1779282271] miner ID [1]:Francesco pays Ilaria 4 coins
[1779282271] miner ID [1]:WARNING: transaction pool full
[1779282271] miner ID [1]:Francesco pays Giovanna 93 coins
[1779282271] miner ID [1]:WARNING: transaction pool full
[1779282271] miner ID [1]:Giovanna pays Ilaria 94 coins
[1779282271] miner ID [1]:WARNING: transaction pool full
[1779282271] miner ID [1]:Giacomo pays Francesco 29 coins
[1779282271] miner ID [1]:WARNING: transaction pool full
[1779282271] miner ID [1]:Alice pays Giovanna 68 coins
[1779282271] miner ID [1]:WARNING: transaction pool full
[1779282271] miner ID [1]:Alice pays Francesco 18 coins
[1779282274] miner ID [1]:Confirmed block received from node
[1779282274] miner ID [1]:Mining successful
[1779282274] miner ID [1]:Block sent to nodes
[1779282274] miner ID [1]:Confirmed block received from node
[1779282274] miner ID [1]:Confirmed block received from node
[1779282275] miner ID [1]:Giovanna pays Alice 92 coins
[1779282275] miner ID [1]:Alice pays Giacomo 79 coins
[1779282275] miner ID [1]:Francesco pays Bob 9 coins
[1779282275] miner ID [1]:Alice pays Ilaria 49 coins
[1779282275] miner ID [1]:Alice pays Giacomo 74 coins
[1779282275] miner ID [1]:Alice pays Giacomo 97 coins
[1779282275] miner ID [1]:Francesco pays Giovanna 71 coins
[1779282275] miner ID [1]:Mining successful
[1779282275] miner ID [1]:Block sent to nodes
[1779282275] miner ID [1]:Confirmed block received from node
[1779282275] miner ID [1]:Confirmed block received from node
[1779282276] miner ID [1]:Confirmed block received from node
[1779282276] miner ID [1]:Lottery won but no transactions to mine
[1779282276] miner ID [1]:Confirmed block received from node
[1779282278] miner ID [1]:Confirmed block received from node
[1779282278] miner ID [1]:Confirmed block received from node
[1779282278] miner ID [1]:Lottery won but no transactions to mine
[1779282281] miner ID [1]:Francesco pays Giovanna 11 coins
[1779282281] miner ID [1]:Giacomo pays Ilaria 33 coins
[1779282281] miner ID [1]:Bob pays Ilaria 72 coins
[1779282281] miner ID [1]:Giacomo pays Giovanna 51 coins
[1779282281] miner ID [1]:Francesco pays Alice 88 coins
[1779282281] miner ID [1]:Alice pays Francesco 77 coins
[1779282281] miner ID [1]:Confirmed block received from node
[1779282281] miner ID [1]:Confirmed block received from node
[1779282284] miner ID [1]:Confirmed block received from node
[1779282285] miner ID [1]:Confirmed block received from node
[1779282285] miner ID [1]:Confirmed block received from node
[1779282285] miner ID [1]:Mining successful
[1779282285] miner ID [1]:Block sent to nodes
[1779282285] miner ID [1]:Confirmed block received from node
[1779282289] miner ID [1]:Giovanna pays Giacomo 19 coins
[1779282289] miner ID [1]:Giovanna pays Ilaria 75 coins
[1779282289] miner ID [1]:Giovanna pays Giacomo 17 coins
[1779282289] miner ID [1]:Confirmed block received from node
[1779282289] miner ID [1]:Confirmed block received from node
[1779282289] miner ID [1]:Mining successful
[1779282289] miner ID [1]:Block sent to nodes
[1779282289] miner ID [1]:Confirmed block received from node
[1779282290] miner ID [1]:Confirmed block received from node
[1779282290] miner ID [1]:Confirmed block received from node
[1779282290] miner ID [1]:Giovanna pays Ilaria 7 coins
[1779282290] miner ID [1]:Alice pays Giovanna 58 coins
[1779282290] miner ID [1]:Confirmed block received from node
[1779282293] miner ID [1]:Alice pays Ilaria 93 coins
[1779282293] miner ID [1]:Alice pays Giacomo 79 coins
[1779282293] miner ID [1]:Giacomo pays Alice 43 coins
[1779282293] miner ID [1]:Giacomo pays Bob 36 coins
[1779282293] miner ID [1]:Bob pays Ilaria 45 coins
[1779282293] miner ID [1]:Ilaria pays Francesco 57 coins
[1779282295] miner ID [1]:Confirmed block received from node
[1779282295] miner ID [1]:Mining successful
[1779282295] miner ID [1]:Block sent to nodes
[1779282295] miner ID [1]:Confirmed block received from node
[1779282295] miner ID [1]:Confirmed block received from node
[1779282296] miner ID [1]:Confirmed block received from node
[1779282296] miner ID [1]:Confirmed block received from node
[1779282296] miner ID [1]:Confirmed block received from node
[1779282296] miner ID [1]:Confirmed block received from node
[1779282296] miner ID [1]:Confirmed block received from node
[1779282296] miner ID [1]:Lottery won but no transactions to mine
[1779282297] miner ID [1]:Confirmed block received from node
[1779282297] miner ID [1]:Confirmed block received from node
[1779282300] miner ID [1]:Confirmed block received from node
[1779282300] miner ID [1]:Confirmed block received from node
[1779282300] miner ID [1]:Confirmed block received from node
[1779282300] miner ID [1]:Confirmed block received from node
[1779282302] miner ID [1]:Giovanna pays Ilaria 72 coins
[1779282302] miner ID [1]:Giovanna pays Ilaria 46 coins
[1779282302] miner ID [1]:Giacomo pays Francesco 91 coins
[1779282302] miner ID [1]:Alice pays Francesco 18 coins
[1779282302] miner ID [1]:Confirmed block received from node
[1779282303] miner ID [1]:Confirmed block received from node
[1779282303] miner ID [1]:Confirmed block received from node
[1779282303] miner ID [1]:Mining successful
[1779282303] miner ID [1]:Block sent to nodes
[1779282303] miner ID [1]:Confirmed block received from node
[1779282303] miner ID [1]:Confirmed block received from node
[1779282303] miner ID [1]:Alice pays Ilaria 9 coins
[1779282303] miner ID [1]:Confirmed block received from node
[1779282303] miner ID [1]:Confirmed block received from node
[1779282306] miner ID [1]:Confirmed block received from node
[1779282306] miner ID [1]:Confirmed block received from node
[1779282308] miner ID [1]:Bob pays Francesco 5 coins
[1779282308] miner ID [1]:Bob pays Ilaria 23 coins
[1779282308] miner ID [1]:Bob pays Giovanna 98 coins
[1779282308] miner ID [1]:Bob pays Giovanna 46 coins
[1779282308] miner ID [1]:Ilaria pays Alice 57 coins
[1779282308] miner ID [1]:Francesco pays Alice 29 coins
[1779282308] miner ID [1]:Alice pays Giacomo 6 coins
[1779282308] miner ID [1]:Giovanna pays Alice 34 coins
[1779282308] miner ID [1]:WARNING: transaction pool full
[1779282308] miner ID [1]:Francesco pays Bob 10 coins
[1779282308] miner ID [1]:WARNING: transaction pool full
[1779282308] miner ID [1]:Alice pays Francesco 83 coins
[1779282308] miner ID [1]:WARNING: transaction pool full
[1779282308] miner ID [1]:Bob pays Giacomo 76 coins
[1779282308] miner ID [1]:WARNING: transaction pool full
[1779282308] miner ID [1]:Giovanna pays Ilaria 68 coins
[1779282310] miner ID [1]:Confirmed block received from node
[1779282310] miner ID [1]:Confirmed block received from node
[1779282313] miner ID [1]:Confirmed block received from node
[1779282316] miner ID [1]:WARNING: transaction pool full
[1779282316] miner ID [1]:Giovanna pays Giacomo 10 coins
[1779282316] miner ID [1]:WARNING: transaction pool full
[1779282316] miner ID [1]:Giacomo pays Alice 11 coins
[1779282316] miner ID [1]:WARNING: transaction pool full
[1779282316] miner ID [1]:Francesco pays Ilaria 7 coins
[1779282316] miner ID [1]:WARNING: transaction pool full
[1779282316] miner ID [1]:Giacomo pays Ilaria 44 coins
[1779282316] miner ID [1]:WARNING: transaction pool full
[1779282316] miner ID [1]:Giovanna pays Bob 59 coins
[1779282316] miner ID [1]:WARNING: transaction pool full
[1779282316] miner ID [1]:Giovanna pays Bob 55 coins
[1779282316] miner ID [1]:WARNING: transaction pool full
[1779282316] miner ID [1]:Alice pays Francesco 55 coins
[1779282316] miner ID [1]:WARNING: transaction pool full
[1779282316] miner ID [1]:Francesco pays Ilaria 63 coins
[1779282316] miner ID [1]:Mining successful
[1779282316] miner ID [1]:Block sent to nodes
[1779282316] miner ID [1]:Confirmed block received from node
[1779282316] miner ID [1]:Confirmed block received from node
[1779282316] miner ID [1]:Lottery won but no transactions to mine
[1779282316] miner ID [1]:Confirmed block received from node
[1779282317] miner ID [1]:Giacomo pays Bob 13 coins
[1779282317] miner ID [1]:Francesco pays Ilaria 67 coins
[1779282317] miner ID [1]:Giovanna pays Francesco 64 coins
[1779282317] miner ID [1]:Giacomo pays Giovanna 23 coins
[1779282317] miner ID [1]:Francesco pays Giovanna 67 coins
[1779282317] miner ID [1]:Bob pays Ilaria 93 coins
[1779282317] miner ID [1]:Bob pays Giacomo 54 coins
[1779282317] miner ID [1]:Alice pays Giacomo 71 coins
[1779282317] miner ID [1]:WARNING: transaction pool full
[1779282317] miner ID [1]:Bob pays Alice 57 coins
[1779282317] miner ID [1]:WARNING: transaction pool full
[1779282317] miner ID [1]:Giovanna pays Giacomo 83 coins
[1779282317] miner ID [1]:WARNING: transaction pool full
[1779282317] miner ID [1]:Ilaria pays Bob 86 coins
[1779282317] miner ID [1]:WARNING: transaction pool full
[1779282317] miner ID [1]:Giacomo pays Ilaria 46 coins
[1779282317] miner ID [1]:Mining successful
[1779282317] miner ID [1]:Block sent to nodes
[1779282317] miner ID [1]:Confirmed block received from node
[1779282317] miner ID [1]:Confirmed block received from node
[1779282318] miner ID [1]:Ilaria pays Giacomo 37 coins
[1779282318] miner ID [1]:Giacomo pays Alice 76 coins
[1779282318] miner ID [1]:Giacomo pays Alice 63 coins
[1779282318] miner ID [1]:Alice pays Bob 60 coins
[1779282318] miner ID [1]:Giacomo pays Bob 68 coins
[1779282318] miner ID [1]:Giacomo pays Ilaria 78 coins
[1779282318] miner ID [1]:Francesco pays Giacomo 99 coins
[1779282318] miner ID [1]:Bob pays Ilaria 58 coins
[1779282319] miner ID [1]:Confirmed block received from node
[1779282324] miner ID [1]:Bob pays Alice 89 coins
[1779282324] miner ID [1]:WARNING: transaction pool full
[1779282324] miner ID [1]:Bob pays Giovanna 4 coins
[1779282324] miner ID [1]:WARNING: transaction pool full
[1779282324] miner ID [1]:Francesco pays Giovanna 31 coins
[1779282324] miner ID [1]:WARNING: transaction pool full
[1779282324] miner ID [1]:Giacomo pays Giovanna 23 coins
[1779282324] miner ID [1]:WARNING: transaction pool full
[1779282324] miner ID [1]:Bob pays Giovanna 68 coins
[1779282324] miner ID [1]:WARNING: transaction pool full
[1779282324] miner ID [1]:Ilaria pays Bob 10 coins
[1779282324] miner ID [1]:WARNING: transaction pool full
[1779282324] miner ID [1]:Giacomo pays Alice 39 coins
[1779282324] miner ID [1]:WARNING: transaction pool full
[1779282324] miner ID [1]:Francesco pays Giacomo 12 coins
[1779282324] miner ID [1]:WARNING: transaction pool full
[1779282324] miner ID [1]:Alice pays Giacomo 1 coins
[1779282324] miner ID [1]:WARNING: transaction pool full
[1779282324] miner ID [1]:Ilaria pays Bob 8 coins
[1779282324] miner ID [1]:WARNING: transaction pool full
[1779282324] miner ID [1]:Francesco pays Bob 4 coins
[1779282324] miner ID [1]:WARNING: transaction pool full
[1779282324] miner ID [1]:Ilaria pays Alice 6 coins
[1779282326] miner ID [1]:Confirmed block received from node
[1779282326] miner ID [1]:Mining successful
[1779282326] miner ID [1]:Block sent to nodes
[1779282326] miner ID [1]:Confirmed block received from node
[1779282326] miner ID [1]:Lottery won but no transactions to mine
[1779282326] miner ID [1]:Confirmed block received from node
[1779282326] miner ID [1]:Lottery won but no transactions to mine
[1779282327] miner ID [1]:Confirmed block received from node
[1779282329] miner ID [1]:Miner shutting down
