[1779286750] miner ID [1]:miner avviato correttamente
[1779286750] miner ID [1]:Miner started
[1779286753] miner ID [1]:Confirmed block received from node
[1779286756] miner ID [1]:Lottery won but no transactions to mine
[1779286756] miner ID [1]:Confirmed block received from node
[1779286757] miner ID [1]:Confirmed block received from node
[1779286759] miner ID [1]:Ilaria pays Giovanna 99 coins
[1779286759] miner ID [1]:Ilaria pays Alice 33 coins
[1779286759] miner ID [1]:Giacomo pays Giovanna 30 coins
[1779286759] miner ID [1]:Bob pays Giacomo 7 coins
[1779286759] miner ID [1]:Giacomo pays Bob 39 coins
[1779286759] miner ID [1]:Francesco pays Bob 34 coins
[1779286759] miner ID [1]:Alice pays Giacomo 20 coins
[1779286759] miner ID [1]:Francesco pays Ilaria 26 coins
[1779286759] miner ID [1]:Ilaria pays Giovanna 34 coins
[1779286759] miner ID [1]:Giacomo pays Francesco 23 coins
[1779286759] miner ID [1]:Francesco pays Bob 73 coins
[1779286759] miner ID [1]:Alice pays Bob 88 coins
[1779286759] miner ID [1]:Mining successful
[1779286759] miner ID [1]:Block sent to nodes
[1779286759] miner ID [1]:Confirmed block received from node
[1779286759] miner ID [1]:Lottery won but no transactions to mine
[1779286760] miner ID [1]:Confirmed block received from node
[1779286762] miner ID [1]:Confirmed block received from node
[1779286762] miner ID [1]:Lottery won but no transactions to mine
[1779286762] miner ID [1]:Confirmed block received from node
[1779286762] miner ID [1]:Lottery won but no transactions to mine
[1779286764] miner ID [1]:Confirmed block received from node
[1779286764] miner ID [1]:Lottery won but no transactions to mine
[1779286766] miner ID [1]:Francesco pays Ilaria 18 coins
[1779286766] miner ID [1]:Bob pays Giovanna 73 coins
[1779286766] miner ID [1]:Bob pays Francesco 44 coins
[1779286766] miner ID [1]:Bob pays Francesco 8 coins
[1779286766] miner ID [1]:Mining successful
[1779286766] miner ID [1]:Block sent to nodes
[1779286766] miner ID [1]:Confirmed block received from node
[1779286766] miner ID [1]:Confirmed block received from node
[1779286766] miner ID [1]:Lottery won but no transactions to mine
[1779286766] miner ID [1]:Confirmed block received from node
[1779286767] miner ID [1]:Bob pays Giacomo 29 coins
[1779286767] miner ID [1]:Francesco pays Giacomo 48 coins
[1779286767] miner ID [1]:Alice pays Bob 13 coins
[1779286767] miner ID [1]:Alice pays Giacomo 8 coins
[1779286767] miner ID [1]:Francesco pays Giacomo 54 coins
[1779286767] miner ID [1]:Francesco pays Alice 98 coins
[1779286767] miner ID [1]:Alice pays Bob 58 coins
[1779286767] miner ID [1]:Alice pays Giovanna 52 coins
[1779286768] miner ID [1]:Confirmed block received from node
[1779286769] miner ID [1]:Confirmed block received from node
[1779286770] miner ID [1]:Confirmed block received from node
[1779286770] miner ID [1]:Mining successful
[1779286770] miner ID [1]:Block sent to nodes
[1779286770] miner ID [1]:Confirmed block received from node
[1779286771] miner ID [1]:Bob pays Francesco 70 coins
[1779286771] miner ID [1]:Alice pays Giacomo 85 coins
[1779286771] miner ID [1]:Alice pays Ilaria 25 coins
[1779286771] miner ID [1]:Mining successful
[1779286771] miner ID [1]:Block sent to nodes
[1779286771] miner ID [1]:Confirmed block received from node
[1779286771] miner ID [1]:Lottery won but no transactions to mine
[1779286771] miner ID [1]:Confirmed block received from node
[1779286771] miner ID [1]:Lottery won but no transactions to mine
[1779286771] miner ID [1]:Confirmed block received from node
[1779286773] miner ID [1]:Confirmed block received from node
[1779286773] miner ID [1]:Confirmed block received from node
[1779286773] miner ID [1]:Lottery won but no transactions to mine
[1779286774] miner ID [1]:Bob pays Ilaria 18 coins
[1779286774] miner ID [1]:Bob pays Giovanna 79 coins
[1779286774] miner ID [1]:Giacomo pays Bob 73 coins
[1779286774] miner ID [1]:Alice pays Ilaria 23 coins
[1779286774] miner ID [1]:Francesco pays Giovanna 97 coins
[1779286774] miner ID [1]:Giacomo pays Giovanna 66 coins
[1779286774] miner ID [1]:Francesco pays Giovanna 63 coins
[1779286774] miner ID [1]:Alice pays Giovanna 45 coins
[1779286774] miner ID [1]:Mining successful
[1779286774] miner ID [1]:Block sent to nodes
[1779286774] miner ID [1]:Confirmed block received from node
[1779286777] miner ID [1]:Confirmed block received from node
[1779286777] miner ID [1]:Lottery won but no transactions to mine
[1779286777] miner ID [1]:Confirmed block received from node
[1779286777] miner ID [1]:Lottery won but no transactions to mine
[1779286781] miner ID [1]:Confirmed block received from node
[1779286781] miner ID [1]:Confirmed block received from node
[1779286781] miner ID [1]:Lottery won but no transactions to mine
[1779286781] miner ID [1]:Confirmed block received from node
[1779286785] miner ID [1]:Francesco pays Bob 17 coins
[1779286785] miner ID [1]:Giacomo pays Ilaria 1 coins
[1779286785] miner ID [1]:Bob pays Giovanna 94 coins
[1779286785] miner ID [1]:Alice pays Bob 91 coins
[1779286785] miner ID [1]:Francesco pays Ilaria 14 coins
[1779286785] miner ID [1]:Giovanna pays Alice 90 coins
[1779286785] miner ID [1]:Giacomo pays Alice 11 coins
[1779286785] miner ID [1]:Francesco pays Alice 93 coins
[1779286785] miner ID [1]:Mining successful
[1779286785] miner ID [1]:Block sent to nodes
[1779286785] miner ID [1]:Confirmed block received from node
[1779286785] miner ID [1]:Confirmed block received from node
[1779286786] miner ID [1]:Confirmed block received from node
[1779286789] miner ID [1]:Giovanna pays Ilaria 81 coins
[1779286789] miner ID [1]:Giacomo pays Ilaria 5 coins
[1779286789] miner ID [1]:Giacomo pays Giovanna 62 coins
[1779286789] miner ID [1]:Giovanna pays Bob 51 coins
[1779286789] miner ID [1]:Ilaria pays Bob 44 coins
[1779286789] miner ID [1]:Giovanna pays Giacomo 50 coins
[1779286789] miner ID [1]:Francesco pays Ilaria 53 coins
[1779286789] miner ID [1]:Giovanna pays Alice 86 coins
[1779286789] miner ID [1]:Francesco pays Alice 65 coins
[1779286789] miner ID [1]:Mining successful
[1779286789] miner ID [1]:Block sent to nodes
[1779286789] miner ID [1]:Confirmed block received from node
[1779286789] miner ID [1]:Lottery won but no transactions to mine
[1779286790] miner ID [1]:Confirmed block received from node
[1779286791] miner ID [1]:Alice pays Ilaria 25 coins
[1779286791] miner ID [1]:Francesco pays Giovanna 81 coins
[1779286791] miner ID [1]:Giacomo pays Francesco 15 coins
[1779286791] miner ID [1]:Mining successful
[1779286791] miner ID [1]:Block sent to nodes
[1779286791] miner ID [1]:Confirmed block received from node
[1779286791] miner ID [1]:Lottery won but no transactions to mine
[1779286795] miner ID [1]:Confirmed block received from node
[1779286795] miner ID [1]:Lottery won but no transactions to mine
[1779286795] miner ID [1]:Confirmed block received from node
[1779286795] miner ID [1]:Lottery won but no transactions to mine
[1779286797] miner ID [1]:Confirmed block received from node
[1779286797] miner ID [1]:Confirmed block received from node
[1779286797] miner ID [1]:Confirmed block received from node
[1779286799] miner ID [1]:Ilaria pays Giovanna 62 coins
[1779286799] miner ID [1]:Bob pays Alice 67 coins
[1779286799] miner ID [1]:Giacomo pays Giovanna 54 coins
[1779286799] miner ID [1]:Mining successful
[1779286799] miner ID [1]:Block sent to nodes
[1779286799] miner ID [1]:Confirmed block received from node
[1779286801] miner ID [1]:Confirmed block received from node
[1779286801] miner ID [1]:Lottery won but no transactions to mine
[1779286802] miner ID [1]:Confirmed block received from node
[1779286802] miner ID [1]:Lottery won but no transactions to mine
[1779286802] miner ID [1]:Confirmed block received from node
[1779286803] miner ID [1]:Confirmed block received from node
[1779286805] miner ID [1]:Giacomo pays Francesco 98 coins
[1779286805] miner ID [1]:Ilaria pays Francesco 99 coins
[1779286805] miner ID [1]:Francesco pays Ilaria 23 coins
[1779286805] miner ID [1]:Giacomo pays Bob 17 coins
[1779286805] miner ID [1]:Alice pays Bob 71 coins
[1779286805] miner ID [1]:Bob pays Francesco 58 coins
[1779286805] miner ID [1]:Giovanna pays Francesco 51 coins
[1779286805] miner ID [1]:Bob pays Giovanna 50 coins
[1779286806] miner ID [1]:Confirmed block received from node
[1779286806] miner ID [1]:Confirmed block received from node
[1779286806] miner ID [1]:Giacomo pays Giovanna 94 coins
[1779286806] miner ID [1]:Bob pays Ilaria 67 coins
[1779286806] miner ID [1]:Bob pays Ilaria 31 coins
[1779286806] miner ID [1]:Giacomo pays Ilaria 77 coins
[1779286806] miner ID [1]:Giacomo pays Ilaria 32 coins
[1779286806] miner ID [1]:Giacomo pays Giovanna 91 coins
[1779286806] miner ID [1]:Giovanna pays Alice 49 coins
[1779286806] miner ID [1]:Giacomo pays Giovanna 46 coins
[1779286807] miner ID [1]:Confirmed block received from node
[1779286807] miner ID [1]:Mining successful
[1779286807] miner ID [1]:Block sent to nodes
[1779286807] miner ID [1]:Confirmed block received from node
[1779286807] miner ID [1]:Lottery won but no transactions to mine
[1779286808] miner ID [1]:Confirmed block received from node
[1779286808] miner ID [1]:Lottery won but no transactions to mine
[1779286808] miner ID [1]:Confirmed block received from node
[1779286808] miner ID [1]:Confirmed block received from node
[1779286808] miner ID [1]:Lottery won but no transactions to mine
[1779286809] miner ID [1]:Confirmed block received from node
[1779286809] miner ID [1]:Lottery won but no transactions to mine
[1779286811] miner ID [1]:Confirmed block received from node
[1779286812] miner ID [1]:Alice pays Ilaria 84 coins
[1779286812] miner ID [1]:Alice pays Francesco 6 coins
[1779286812] miner ID [1]:Francesco pays Giacomo 98 coins
[1779286812] miner ID [1]:Alice pays Ilaria 69 coins
[1779286812] miner ID [1]:Mining successful
[1779286812] miner ID [1]:Block sent to nodes
[1779286812] miner ID [1]:Confirmed block received from node
[1779286812] miner ID [1]:Lottery won but no transactions to mine
[1779286812] miner ID [1]:Confirmed block received from node
[1779286812] miner ID [1]:Lottery won but no transactions to mine
[1779286812] miner ID [1]:Confirmed block received from node
[1779286813] miner ID [1]:Giacomo pays Alice 24 coins
[1779286813] miner ID [1]:Ilaria pays Giacomo 62 coins
[1779286813] miner ID [1]:Alice pays Bob 99 coins
[1779286813] miner ID [1]:Giacomo pays Bob 4 coins
[1779286813] miner ID [1]:Giacomo pays Giovanna 75 coins
[1779286814] miner ID [1]:Confirmed block received from node
[1779286814] miner ID [1]:Confirmed block received from node
[1779286815] miner ID [1]:Alice pays Francesco 3 coins
[1779286815] miner ID [1]:Giovanna pays Ilaria 9 coins
[1779286815] miner ID [1]:Giacomo pays Francesco 23 coins
[1779286815] miner ID [1]:Giovanna pays Francesco 5 coins
[1779286815] miner ID [1]:Mining successful
[1779286815] miner ID [1]:Block sent to nodes
[1779286815] miner ID [1]:Confirmed block received from node
[1779286815] miner ID [1]:Lottery won but no transactions to mine
[1779286816] miner ID [1]:Confirmed block received from node
[1779286817] miner ID [1]:Confirmed block received from node
[1779286817] miner ID [1]:Lottery won but no transactions to mine
[1779286817] miner ID [1]:Confirmed block received from node
[1779286818] miner ID [1]:Giacomo pays Giovanna 59 coins
[1779286818] miner ID [1]:Alice pays Ilaria 22 coins
[1779286818] miner ID [1]:Bob pays Francesco 26 coins
[1779286818] miner ID [1]:Giovanna pays Francesco 39 coins
[1779286818] miner ID [1]:Confirmed block received from node
[1779286821] miner ID [1]:Confirmed block received from node
[1779286821] miner ID [1]:Mining successful
[1779286821] miner ID [1]:Block sent to nodes
[1779286821] miner ID [1]:Confirmed block received from node
[1779286821] miner ID [1]:Lottery won but no transactions to mine
[1779286822] miner ID [1]:Confirmed block received from node
[1779286822] miner ID [1]:Confirmed block received from node
[1779286822] miner ID [1]:Lottery won but no transactions to mine
[1779286823] miner ID [1]:Ilaria pays Giacomo 75 coins
[1779286823] miner ID [1]:Bob pays Giacomo 87 coins
[1779286823] miner ID [1]:Mining successful
[1779286823] miner ID [1]:Block sent to nodes
[1779286823] miner ID [1]:Confirmed block received from node
[1779286823] miner ID [1]:Lottery won but no transactions to mine
[1779286823] miner ID [1]:Confirmed block received from node
[1779286823] miner ID [1]:Lottery won but no transactions to mine
[1779286824] miner ID [1]:Confirmed block received from node
[1779286824] miner ID [1]:Lottery won but no transactions to mine
[1779286824] miner ID [1]:Confirmed block received from node
[1779286825] miner ID [1]:Confirmed block received from node
[1779286826] miner ID [1]:Confirmed block received from node
[1779286826] miner ID [1]:Lottery won but no transactions to mine
[1779286827] miner ID [1]:Confirmed block received from node
[1779286827] miner ID [1]:Confirmed block received from node
[1779286827] miner ID [1]:Lottery won but no transactions to mine
[1779286828] miner ID [1]:Giacomo pays Giovanna 26 coins
[1779286828] miner ID [1]:Giovanna pays Giacomo 53 coins
[1779286828] miner ID [1]:Giacomo pays Giovanna 26 coins
[1779286828] miner ID [1]:Bob pays Alice 28 coins
[1779286828] miner ID [1]:Bob pays Alice 98 coins
[1779286828] miner ID [1]:Alice pays Ilaria 11 coins
[1779286828] miner ID [1]:Alice pays Ilaria 31 coins
[1779286828] miner ID [1]:Alice pays Giacomo 40 coins
[1779286829] miner ID [1]:Alice pays Giacomo 96 coins
[1779286829] miner ID [1]:Ilaria pays Giacomo 9 coins
[1779286830] miner ID [1]:Confirmed block received from node
[1779286830] miner ID [1]:Confirmed block received from node
[1779286830] miner ID [1]:Mining successful
[1779286830] miner ID [1]:Block sent to nodes
[1779286830] miner ID [1]:Confirmed block received from node
[1779286830] miner ID [1]:Lottery won but no transactions to mine
[1779286831] miner ID [1]:Confirmed block received from node
[1779286831] miner ID [1]:Lottery won but no transactions to mine
[1779286834] miner ID [1]:Confirmed block received from node
[1779286836] miner ID [1]:Confirmed block received from node
[1779286836] miner ID [1]:Lottery won but no transactions to mine
[1779286836] miner ID [1]:Confirmed block received from node
[1779286836] miner ID [1]:Lottery won but no transactions to mine
[1779286836] miner ID [1]:Confirmed block received from node
[1779286839] miner ID [1]:Confirmed block received from node
[1779286839] miner ID [1]:Lottery won but no transactions to mine
[1779286839] miner ID [1]:Confirmed block received from node
[1779286841] miner ID [1]:Confirmed block received from node
[1779286842] miner ID [1]:Ilaria pays Francesco 37 coins
[1779286842] miner ID [1]:Mining successful
[1779286842] miner ID [1]:Block sent to nodes
[1779286842] miner ID [1]:Confirmed block received from node
[1779286843] miner ID [1]:Confirmed block received from node
[1779286843] miner ID [1]:Lottery won but no transactions to mine
[1779286844] miner ID [1]:Confirmed block received from node
[1779286844] miner ID [1]:Lottery won but no transactions to mine
[1779286844] miner ID [1]:Confirmed block received from node
[1779286844] miner ID [1]:Lottery won but no transactions to mine
[1779286845] miner ID [1]:Confirmed block received from node
[1779286845] miner ID [1]:Lottery won but no transactions to mine
[1779286846] miner ID [1]:Francesco pays Alice 60 coins
[1779286846] miner ID [1]:Alice pays Giovanna 45 coins
[1779286846] miner ID [1]:Giovanna pays Ilaria 52 coins
[1779286846] miner ID [1]:Giacomo pays Giovanna 85 coins
[1779286846] miner ID [1]:Confirmed block received from node
[1779286846] miner ID [1]:Confirmed block received from node
[1779286847] miner ID [1]:Confirmed block received from node
[1779286847] miner ID [1]:Mining successful
[1779286847] miner ID [1]:Block sent to nodes
[1779286847] miner ID [1]:Confirmed block received from node
[1779286847] miner ID [1]:Giovanna pays Giacomo 44 coins
[1779286847] miner ID [1]:Ilaria pays Alice 16 coins
[1779286847] miner ID [1]:Ilaria pays Francesco 92 coins
[1779286847] miner ID [1]:Ilaria pays Giacomo 2 coins
[1779286847] miner ID [1]:Bob pays Giovanna 13 coins
[1779286847] miner ID [1]:Giacomo pays Alice 62 coins
[1779286847] miner ID [1]:Bob pays Giacomo 65 coins
[1779286847] miner ID [1]:Mining successful
[1779286847] miner ID [1]:Block sent to nodes
[1779286848] miner ID [1]:Confirmed block received from node
[1779286848] miner ID [1]:Lottery won but no transactions to mine
[1779286848] miner ID [1]:Confirmed block received from node
[1779286848] miner ID [1]:Lottery won but no transactions to mine
[1779286849] miner ID [1]:Confirmed block received from node
[1779286851] miner ID [1]:Alice pays Giovanna 77 coins
[1779286851] miner ID [1]:Alice pays Bob 94 coins
[1779286851] miner ID [1]:Alice pays Bob 13 coins
[1779286853] miner ID [1]:Confirmed block received from node
[1779286853] miner ID [1]:Mining successful
[1779286853] miner ID [1]:Block sent to nodes
[1779286853] miner ID [1]:Confirmed block received from node
[1779286853] miner ID [1]:Confirmed block received from node
[1779286854] miner ID [1]:Alice pays Giovanna 6 coins
[1779286854] miner ID [1]:Ilaria pays Alice 6 coins
[1779286854] miner ID [1]:Bob pays Francesco 70 coins
[1779286854] miner ID [1]:Giovanna pays Giacomo 44 coins
[1779286854] miner ID [1]:Confirmed block received from node
[1779286855] miner ID [1]:Confirmed block received from node
[1779286856] miner ID [1]:Confirmed block received from node
[1779286856] miner ID [1]:Mining successful
[1779286856] miner ID [1]:Block sent to nodes
[1779286856] miner ID [1]:Confirmed block received from node
[1779286857] miner ID [1]:Confirmed block received from node
[1779286857] miner ID [1]:Lottery won but no transactions to mine
[1779286857] miner ID [1]:Confirmed block received from node
[1779286858] miner ID [1]:Confirmed block received from node
[1779286858] miner ID [1]:Confirmed block received from node
[1779286859] miner ID [1]:Confirmed block received from node
[1779286860] miner ID [1]:Confirmed block received from node
[1779286860] miner ID [1]:Lottery won but no transactions to mine
[1779286860] miner ID [1]:Confirmed block received from node
[1779286860] miner ID [1]:Lottery won but no transactions to mine
[1779286861] miner ID [1]:Giacomo pays Ilaria 88 coins
[1779286861] miner ID [1]:Giovanna pays Giacomo 85 coins
[1779286861] miner ID [1]:Giovanna pays Alice 89 coins
[1779286861] miner ID [1]:Giovanna pays Francesco 2 coins
[1779286861] miner ID [1]:Giovanna pays Alice 39 coins
[1779286861] miner ID [1]:Ilaria pays Alice 46 coins
[1779286861] miner ID [1]:Confirmed block received from node
[1779286861] miner ID [1]:Mining successful
[1779286861] miner ID [1]:Block sent to nodes
[1779286861] miner ID [1]:Confirmed block received from node
[1779286861] miner ID [1]:Lottery won but no transactions to mine
[1779286862] miner ID [1]:Confirmed block received from node
[1779286863] miner ID [1]:Confirmed block received from node
[1779286863] miner ID [1]:Lottery won but no transactions to mine
[1779286864] miner ID [1]:Giacomo pays Francesco 69 coins
[1779286864] miner ID [1]:Giovanna pays Bob 94 coins
[1779286864] miner ID [1]:Giacomo pays Bob 5 coins
[1779286864] miner ID [1]:Francesco pays Alice 51 coins
[1779286864] miner ID [1]:Francesco pays Alice 98 coins
[1779286864] miner ID [1]:Giovanna pays Ilaria 58 coins
[1779286864] miner ID [1]:Bob pays Alice 48 coins
[1779286864] miner ID [1]:Francesco pays Ilaria 60 coins
[1779286864] miner ID [1]:Mining successful
[1779286864] miner ID [1]:Block sent to nodes
[1779286864] miner ID [1]:Confirmed block received from node
[1779286864] miner ID [1]:Lottery won but no transactions to mine
[1779286865] miner ID [1]:Confirmed block received from node
[1779286867] miner ID [1]:Confirmed block received from node
[1779286867] miner ID [1]:Confirmed block received from node
[1779286867] miner ID [1]:Ilaria pays Giovanna 78 coins
[1779286867] miner ID [1]:Bob pays Francesco 54 coins
[1779286867] miner ID [1]:Mining successful
[1779286867] miner ID [1]:Block sent to nodes
[1779286868] miner ID [1]:Confirmed block received from node
[1779286868] miner ID [1]:Lottery won but no transactions to mine
[1779286868] miner ID [1]:Confirmed block received from node
[1779286869] miner ID [1]:Confirmed block received from node
[1779286871] miner ID [1]:Confirmed block received from node
[1779286871] miner ID [1]:Lottery won but no transactions to mine
[1779286871] miner ID [1]:Confirmed block received from node
[1779286871] miner ID [1]:Lottery won but no transactions to mine
[1779286873] miner ID [1]:Confirmed block received from node
[1779286875] miner ID [1]:Ilaria pays Francesco 61 coins
[1779286875] miner ID [1]:Ilaria pays Francesco 80 coins
[1779286875] miner ID [1]:Giacomo pays Bob 40 coins
[1779286875] miner ID [1]:Alice pays Ilaria 85 coins
[1779286876] miner ID [1]:Confirmed block received from node
[1779286876] miner ID [1]:Confirmed block received from node
[1779286876] miner ID [1]:Mining successful
[1779286876] miner ID [1]:Block sent to nodes
[1779286876] miner ID [1]:Confirmed block received from node
[1779286878] miner ID [1]:Confirmed block received from node
[1779286878] miner ID [1]:Lottery won but no transactions to mine
[1779286879] miner ID [1]:Confirmed block received from node
[1779286879] miner ID [1]:Lottery won but no transactions to mine
[1779286879] miner ID [1]:Confirmed block received from node
[1779286879] miner ID [1]:Lottery won but no transactions to mine
[1779286880] miner ID [1]:Confirmed block received from node
[1779286880] miner ID [1]:Lottery won but no transactions to mine
[1779286880] miner ID [1]:Confirmed block received from node
[1779286882] miner ID [1]:Giacomo pays Francesco 29 coins
[1779286882] miner ID [1]:Giacomo pays Francesco 84 coins
[1779286882] miner ID [1]:Ilaria pays Giacomo 91 coins
[1779286882] miner ID [1]:Giacomo pays Bob 49 coins
[1779286882] miner ID [1]:Giacomo pays Francesco 18 coins
[1779286882] miner ID [1]:Giovanna pays Ilaria 32 coins
[1779286882] miner ID [1]:Bob pays Giovanna 69 coins
[1779286882] miner ID [1]:Alice pays Francesco 84 coins
[1779286882] miner ID [1]:Mining successful
[1779286882] miner ID [1]:Block sent to nodes
[1779286882] miner ID [1]:Confirmed block received from node
[1779286882] miner ID [1]:Lottery won but no transactions to mine
[1779286882] miner ID [1]:Confirmed block received from node
[1779286884] miner ID [1]:Confirmed block received from node
[1779286884] miner ID [1]:Lottery won but no transactions to mine
[1779286885] miner ID [1]:Confirmed block received from node
[1779286885] miner ID [1]:Giacomo pays Giovanna 27 coins
[1779286885] miner ID [1]:Confirmed block received from node
[1779286887] miner ID [1]:Bob pays Giovanna 31 coins
[1779286887] miner ID [1]:Alice pays Francesco 98 coins
[1779286887] miner ID [1]:Francesco pays Giovanna 55 coins
[1779286887] miner ID [1]:Mining successful
[1779286887] miner ID [1]:Block sent to nodes
[1779286887] miner ID [1]:Confirmed block received from node
[1779286887] miner ID [1]:Lottery won but no transactions to mine
[1779286887] miner ID [1]:Confirmed block received from node
[1779286888] miner ID [1]:Confirmed block received from node
[1779286888] miner ID [1]:Lottery won but no transactions to mine
[1779286890] miner ID [1]:Giacomo pays Bob 51 coins
[1779286890] miner ID [1]:Francesco pays Giacomo 74 coins
[1779286890] miner ID [1]:Giacomo pays Bob 18 coins
[1779286890] miner ID [1]:Bob pays Giovanna 53 coins
[1779286890] miner ID [1]:Mining successful
[1779286890] miner ID [1]:Block sent to nodes
[1779286890] miner ID [1]:Confirmed block received from node
[1779286892] miner ID [1]:Confirmed block received from node
[1779286892] miner ID [1]:Confirmed block received from node
[1779286894] miner ID [1]:Confirmed block received from node
[1779286894] miner ID [1]:Lottery won but no transactions to mine
[1779286894] miner ID [1]:Confirmed block received from node
[1779286894] miner ID [1]:Lottery won but no transactions to mine
[1779286894] miner ID [1]:Confirmed block received from node
[1779286894] miner ID [1]:Lottery won but no transactions to mine
[1779286896] miner ID [1]:Confirmed block received from node
[1779286896] miner ID [1]:Lottery won but no transactions to mine
[1779286896] miner ID [1]:Confirmed block received from node
[1779286897] miner ID [1]:Confirmed block received from node
[1779286897] miner ID [1]:Lottery won but no transactions to mine
[1779286898] miner ID [1]:Confirmed block received from node
[1779286898] miner ID [1]:Lottery won but no transactions to mine
[1779286898] miner ID [1]:Confirmed block received from node
[1779286899] miner ID [1]:Confirmed block received from node
[1779286899] miner ID [1]:Lottery won but no transactions to mine
[1779286900] miner ID [1]:Confirmed block received from node
[1779286902] miner ID [1]:Francesco pays Ilaria 74 coins
[1779286902] miner ID [1]:Francesco pays Ilaria 39 coins
[1779286902] miner ID [1]:Giovanna pays Ilaria 97 coins
[1779286902] miner ID [1]:Alice pays Bob 53 coins
[1779286902] miner ID [1]:Ilaria pays Giacomo 86 coins
[1779286902] miner ID [1]:Alice pays Ilaria 70 coins
[1779286902] miner ID [1]:Bob pays Ilaria 47 coins
[1779286902] miner ID [1]:Alice pays Ilaria 60 coins
[1779286903] miner ID [1]:Mining successful
[1779286903] miner ID [1]:Block sent to nodes
[1779286903] miner ID [1]:Confirmed block received from node
[1779286904] miner ID [1]:Confirmed block received from node
[1779286905] miner ID [1]:Confirmed block received from node
[1779286905] miner ID [1]:Lottery won but no transactions to mine
[1779286905] miner ID [1]:Confirmed block received from node
[1779286906] miner ID [1]:Francesco pays Bob 10 coins
[1779286906] miner ID [1]:Ilaria pays Giovanna 7 coins
[1779286906] miner ID [1]:Mining successful
[1779286906] miner ID [1]:Block sent to nodes
[1779286906] miner ID [1]:Confirmed block received from node
[1779286906] miner ID [1]:Lottery won but no transactions to mine
[1779286907] miner ID [1]:Confirmed block received from node
[1779286909] miner ID [1]:Alice pays Francesco 80 coins
[1779286909] miner ID [1]:Ilaria pays Giacomo 69 coins
[1779286909] miner ID [1]:Giacomo pays Alice 48 coins
[1779286909] miner ID [1]:Giovanna pays Ilaria 10 coins
[1779286909] miner ID [1]:Ilaria pays Giacomo 33 coins
[1779286909] miner ID [1]:Giacomo pays Ilaria 78 coins
[1779286909] miner ID [1]:Confirmed block received from node
[1779286909] miner ID [1]:Confirmed block received from node
[1779286909] miner ID [1]:Mining successful
[1779286909] miner ID [1]:Block sent to nodes
[1779286909] miner ID [1]:Confirmed block received from node
[1779286910] miner ID [1]:Giacomo pays Alice 58 coins
[1779286910] miner ID [1]:Giovanna pays Alice 53 coins
[1779286910] miner ID [1]:Giacomo pays Ilaria 12 coins
[1779286910] miner ID [1]:Bob pays Giacomo 83 coins
[1779286910] miner ID [1]:Bob pays Giovanna 92 coins
[1779286910] miner ID [1]:Ilaria pays Giovanna 37 coins
[1779286910] miner ID [1]:Alice pays Ilaria 66 coins
[1779286910] miner ID [1]:Francesco pays Alice 63 coins
[1779286911] miner ID [1]:Confirmed block received from node
[1779286911] miner ID [1]:Mining successful
[1779286911] miner ID [1]:Block sent to nodes
[1779286911] miner ID [1]:Confirmed block received from node
[1779286912] miner ID [1]:Confirmed block received from node
[1779286913] miner ID [1]:Confirmed block received from node
[1779286913] miner ID [1]:Giovanna pays Ilaria 21 coins
[1779286913] miner ID [1]:Mining successful
[1779286913] miner ID [1]:Block sent to nodes
[1779286913] miner ID [1]:Confirmed block received from node
[1779286913] miner ID [1]:Confirmed block received from node
[1779286913] miner ID [1]:Lottery won but no transactions to mine
[1779286914] miner ID [1]:Giovanna pays Bob 26 coins
[1779286914] miner ID [1]:Francesco pays Alice 43 coins
[1779286914] miner ID [1]:Giacomo pays Alice 5 coins
[1779286914] miner ID [1]:Giovanna pays Ilaria 16 coins
[1779286914] miner ID [1]:Alice pays Ilaria 95 coins
[1779286914] miner ID [1]:Giovanna pays Alice 39 coins
[1779286914] miner ID [1]:Ilaria pays Giacomo 55 coins
[1779286914] miner ID [1]:Giovanna pays Giacomo 85 coins
[1779286915] miner ID [1]:Giacomo pays Francesco 46 coins
[1779286915] miner ID [1]:Bob pays Alice 93 coins
[1779286915] miner ID [1]:Giovanna pays Giacomo 35 coins
[1779286915] miner ID [1]:Alice pays Francesco 8 coins
[1779286915] miner ID [1]:Mining successful
[1779286915] miner ID [1]:Block sent to nodes
[1779286915] miner ID [1]:Confirmed block received from node
[1779286915] miner ID [1]:Lottery won but no transactions to mine
[1779286915] miner ID [1]:Confirmed block received from node
[1779286915] miner ID [1]:Lottery won but no transactions to mine
[1779286915] miner ID [1]:Confirmed block received from node
[1779286916] miner ID [1]:Confirmed block received from node
[1779286919] miner ID [1]:Confirmed block received from node
[1779286919] miner ID [1]:Confirmed block received from node
[1779286919] miner ID [1]:Lottery won but no transactions to mine
[1779286920] miner ID [1]:Confirmed block received from node
[1779286920] miner ID [1]:Confirmed block received from node
[1779286920] miner ID [1]:Lottery won but no transactions to mine
[1779286922] miner ID [1]:Confirmed block received from node
[1779286922] miner ID [1]:Lottery won but no transactions to mine
[1779286922] miner ID [1]:Confirmed block received from node
[1779286922] miner ID [1]:Lottery won but no transactions to mine
[1779286923] miner ID [1]:Confirmed block received from node
[1779286924] miner ID [1]:Confirmed block received from node
[1779286924] miner ID [1]:Lottery won but no transactions to mine
[1779286926] miner ID [1]:Confirmed block received from node
[1779286927] miner ID [1]:Confirmed block received from node
[1779286927] miner ID [1]:Confirmed block received from node
[1779286927] miner ID [1]:Lottery won but no transactions to mine
[1779286928] miner ID [1]:Confirmed block received from node
[1779286928] miner ID [1]:Lottery won but no transactions to mine
[1779286929] miner ID [1]:Confirmed block received from node
[1779286929] miner ID [1]:Lottery won but no transactions to mine
[1779286929] miner ID [1]:Confirmed block received from node
[1779286930] miner ID [1]:Giovanna pays Alice 67 coins
[1779286930] miner ID [1]:Francesco pays Ilaria 27 coins
[1779286930] miner ID [1]:Alice pays Bob 79 coins
[1779286930] miner ID [1]:Giovanna pays Ilaria 20 coins
[1779286932] miner ID [1]:Giacomo pays Francesco 22 coins
[1779286932] miner ID [1]:Mining successful
[1779286932] miner ID [1]:Block sent to nodes
[1779286932] miner ID [1]:Confirmed block received from node
[1779286932] miner ID [1]:Lottery won but no transactions to mine
[1779286933] miner ID [1]:Confirmed block received from node
[1779286933] miner ID [1]:Lottery won but no transactions to mine
[1779286933] miner ID [1]:Confirmed block received from node
[1779286934] miner ID [1]:Francesco pays Alice 99 coins
[1779286934] miner ID [1]:Alice pays Ilaria 68 coins
[1779286934] miner ID [1]:Giovanna pays Francesco 78 coins
[1779286934] miner ID [1]:Giacomo pays Francesco 83 coins
[1779286934] miner ID [1]:Confirmed block received from node
[1779286934] miner ID [1]:Mining successful
[1779286934] miner ID [1]:Block sent to nodes
[1779286934] miner ID [1]:Confirmed block received from node
[1779286935] miner ID [1]:Confirmed block received from node
[1779286935] miner ID [1]:Lottery won but no transactions to mine
[1779286936] miner ID [1]:Giovanna pays Ilaria 28 coins
[1779286936] miner ID [1]:Ilaria pays Giovanna 50 coins
[1779286936] miner ID [1]:Giovanna pays Ilaria 1 coins
[1779286936] miner ID [1]:Ilaria pays Bob 24 coins
[1779286936] miner ID [1]:Giacomo pays Giovanna 84 coins
[1779286936] miner ID [1]:Alice pays Ilaria 30 coins
[1779286936] miner ID [1]:Alice pays Ilaria 74 coins
[1779286936] miner ID [1]:Alice pays Ilaria 8 coins
[1779286938] miner ID [1]:Confirmed block received from node
[1779286938] miner ID [1]:Confirmed block received from node
[1779286938] miner ID [1]:Mining successful
[1779286938] miner ID [1]:Block sent to nodes
[1779286938] miner ID [1]:Confirmed block received from node
[1779286938] miner ID [1]:Lottery won but no transactions to mine
[1779286940] miner ID [1]:Confirmed block received from node
[1779286940] miner ID [1]:Lottery won but no transactions to mine
[1779286942] miner ID [1]:Confirmed block received from node
[1779286942] miner ID [1]:Lottery won but no transactions to mine
[1779286943] miner ID [1]:Bob pays Giacomo 67 coins
[1779286943] miner ID [1]:Mining successful
[1779286943] miner ID [1]:Block sent to nodes
[1779286943] miner ID [1]:Confirmed block received from node
[1779286943] miner ID [1]:Lottery won but no transactions to mine
[1779286943] miner ID [1]:Confirmed block received from node
[1779286943] miner ID [1]:Lottery won but no transactions to mine
[1779286944] miner ID [1]:Giovanna pays Ilaria 40 coins
[1779286944] miner ID [1]:Ilaria pays Giacomo 41 coins
[1779286944] miner ID [1]:Francesco pays Bob 79 coins
[1779286944] miner ID [1]:Mining successful
[1779286944] miner ID [1]:Block sent to nodes
[1779286944] miner ID [1]:Confirmed block received from node
[1779286944] miner ID [1]:Lottery won but no transactions to mine
[1779286944] miner ID [1]:Confirmed block received from node
[1779286944] miner ID [1]:Confirmed block received from node
[1779286945] miner ID [1]:Ilaria pays Alice 6 coins
[1779286945] miner ID [1]:Ilaria pays Alice 26 coins
[1779286945] miner ID [1]:Alice pays Bob 37 coins
[1779286945] miner ID [1]:Francesco pays Bob 17 coins
[1779286945] miner ID [1]:Giovanna pays Alice 91 coins
[1779286945] miner ID [1]:Giacomo pays Francesco 83 coins
[1779286945] miner ID [1]:Mining successful
[1779286945] miner ID [1]:Block sent to nodes
[1779286945] miner ID [1]:Confirmed block received from node
[1779286945] miner ID [1]:Lottery won but no transactions to mine
[1779286948] miner ID [1]:Confirmed block received from node
[1779286948] miner ID [1]:Confirmed block received from node
[1779286948] miner ID [1]:Lottery won but no transactions to mine
[1779286949] miner ID [1]:Confirmed block received from node
[1779286952] miner ID [1]:Confirmed block received from node
[1779286952] miner ID [1]:Confirmed block received from node
[1779286952] miner ID [1]:Lottery won but no transactions to mine
[1779286955] miner ID [1]:Confirmed block received from node
[1779286955] miner ID [1]:Confirmed block received from node
[1779286956] miner ID [1]:Confirmed block received from node
[1779286956] miner ID [1]:Giovanna pays Alice 56 coins
[1779286956] miner ID [1]:Confirmed block received from node
[1779286956] miner ID [1]:Mining successful
[1779286956] miner ID [1]:Block sent to nodes
[1779286956] miner ID [1]:Confirmed block received from node
[1779286956] miner ID [1]:Lottery won but no transactions to mine
[1779286957] miner ID [1]:Confirmed block received from node
[1779286957] miner ID [1]:Lottery won but no transactions to mine
[1779286958] miner ID [1]:Giacomo pays Ilaria 90 coins
[1779286958] miner ID [1]:Alice pays Francesco 15 coins
[1779286958] miner ID [1]:Giacomo pays Bob 30 coins
[1779286958] miner ID [1]:Alice pays Bob 68 coins
[1779286958] miner ID [1]:Mining successful
[1779286958] miner ID [1]:Block sent to nodes
[1779286958] miner ID [1]:Confirmed block received from node
[1779286959] miner ID [1]:Confirmed block received from node
[1779286959] miner ID [1]:Lottery won but no transactions to mine
[1779286960] miner ID [1]:Confirmed block received from node
[1779286960] miner ID [1]:Lottery won but no transactions to mine
[1779286960] miner ID [1]:Confirmed block received from node
[1779286960] miner ID [1]:Lottery won but no transactions to mine
[1779286962] miner ID [1]:Confirmed block received from node
[1779286965] miner ID [1]:Alice pays Giacomo 7 coins
[1779286965] miner ID [1]:Alice pays Giacomo 4 coins
[1779286965] miner ID [1]:Alice pays Giacomo 78 coins
[1779286965] miner ID [1]:Bob pays Giacomo 22 coins
[1779286965] miner ID [1]:Alice pays Giovanna 39 coins
[1779286965] miner ID [1]:Ilaria pays Giacomo 10 coins
[1779286965] miner ID [1]:Francesco pays Ilaria 87 coins
[1779286965] miner ID [1]:Giacomo pays Alice 91 coins
[1779286965] miner ID [1]:Bob pays Giovanna 91 coins
[1779286965] miner ID [1]:Ilaria pays Giovanna 33 coins
[1779286965] miner ID [1]:Bob pays Ilaria 13 coins
[1779286965] miner ID [1]:Bob pays Alice 31 coins
[1779286965] miner ID [1]:Giacomo pays Giovanna 67 coins
[1779286965] miner ID [1]:Bob pays Giacomo 71 coins
[1779286965] miner ID [1]:Francesco pays Alice 40 coins
[1779286965] miner ID [1]:Alice pays Giacomo 18 coins
[1779286966] miner ID [1]:Confirmed block received from node
[1779286966] miner ID [1]:Mining successful
[1779286966] miner ID [1]:Block sent to nodes
[1779286966] miner ID [1]:Confirmed block received from node
[1779286966] miner ID [1]:Confirmed block received from node
[1779286967] miner ID [1]:Confirmed block received from node
[1779286967] miner ID [1]:Lottery won but no transactions to mine
[1779286968] miner ID [1]:Ilaria pays Bob 15 coins
[1779286968] miner ID [1]:Giacomo pays Francesco 43 coins
[1779286968] miner ID [1]:Giovanna pays Francesco 23 coins
[1779286968] miner ID [1]:Ilaria pays Francesco 44 coins
[1779286970] miner ID [1]:Ilaria pays Giovanna 83 coins
[1779286970] miner ID [1]:Confirmed block received from node
[1779286970] miner ID [1]:Mining successful
[1779286970] miner ID [1]:Block sent to nodes
[1779286970] miner ID [1]:Confirmed block received from node
[1779286970] miner ID [1]:Lottery won but no transactions to mine
[1779286973] miner ID [1]:Francesco pays Alice 19 coins
[1779286973] miner ID [1]:Ilaria pays Francesco 16 coins
[1779286973] miner ID [1]:Ilaria pays Alice 25 coins
[1779286973] miner ID [1]:Ilaria pays Bob 24 coins
[1779286973] miner ID [1]:Bob pays Alice 58 coins
[1779286973] miner ID [1]:Ilaria pays Bob 46 coins
[1779286973] miner ID [1]:Bob pays Francesco 93 coins
[1779286973] miner ID [1]:Ilaria pays Bob 88 coins
[1779286973] miner ID [1]:Mining successful
[1779286973] miner ID [1]:Block sent to nodes
[1779286973] miner ID [1]:Confirmed block received from node
[1779286973] miner ID [1]:Lottery won but no transactions to mine
[1779286976] miner ID [1]:Giacomo pays Alice 18 coins
[1779286976] miner ID [1]:Ilaria pays Bob 11 coins
[1779286976] miner ID [1]:Francesco pays Alice 2 coins
[1779286976] miner ID [1]:Ilaria pays Giovanna 63 coins
[1779286976] miner ID [1]:Bob pays Ilaria 93 coins
[1779286976] miner ID [1]:Mining successful
[1779286976] miner ID [1]:Block sent to nodes
[1779286976] miner ID [1]:Confirmed block received from node
[1779286976] miner ID [1]:Confirmed block received from node
[1779286978] miner ID [1]:Confirmed block received from node
[1779286978] miner ID [1]:Confirmed block received from node
[1779286978] miner ID [1]:Ilaria pays Alice 67 coins
[1779286978] miner ID [1]:Mining successful
[1779286978] miner ID [1]:Block sent to nodes
[1779286979] miner ID [1]:Confirmed block received from node
[1779286979] miner ID [1]:Giovanna pays Alice 82 coins
[1779286979] miner ID [1]:Giacomo pays Bob 91 coins
[1779286979] miner ID [1]:Confirmed block received from node
[1779286979] miner ID [1]:Mining successful
[1779286979] miner ID [1]:Block sent to nodes
[1779286979] miner ID [1]:Confirmed block received from node
[1779286980] miner ID [1]:Bob pays Francesco 44 coins
[1779286980] miner ID [1]:Francesco pays Giovanna 3 coins
[1779286980] miner ID [1]:Giacomo pays Alice 66 coins
[1779286980] miner ID [1]:Francesco pays Giovanna 25 coins
[1779286980] miner ID [1]:Mining successful
[1779286980] miner ID [1]:Block sent to nodes
[1779286980] miner ID [1]:Confirmed block received from node
[1779286980] miner ID [1]:Lottery won but no transactions to mine
[1779286981] miner ID [1]:Confirmed block received from node
[1779286981] miner ID [1]:Lottery won but no transactions to mine
[1779286984] miner ID [1]:Francesco pays Ilaria 95 coins
[1779286984] miner ID [1]:Bob pays Francesco 38 coins
[1779286984] miner ID [1]:Francesco pays Giovanna 68 coins
[1779286984] miner ID [1]:Francesco pays Giovanna 40 coins
[1779286984] miner ID [1]:Giovanna pays Alice 79 coins
[1779286984] miner ID [1]:Alice pays Giacomo 15 coins
[1779286984] miner ID [1]:Francesco pays Bob 92 coins
[1779286984] miner ID [1]:Confirmed block received from node
[1779286984] miner ID [1]:Confirmed block received from node
[1779286984] miner ID [1]:Mining successful
[1779286984] miner ID [1]:Block sent to nodes
[1779286984] miner ID [1]:Confirmed block received from node
[1779286984] miner ID [1]:Lottery won but no transactions to mine
[1779286985] miner ID [1]:Confirmed block received from node
[1779286985] miner ID [1]:Lottery won but no transactions to mine
[1779286986] miner ID [1]:Confirmed block received from node
[1779286988] miner ID [1]:Confirmed block received from node
[1779286988] miner ID [1]:Confirmed block received from node
[1779286988] miner ID [1]:Lottery won but no transactions to mine
[1779286988] miner ID [1]:Confirmed block received from node
[1779286988] miner ID [1]:Lottery won but no transactions to mine
[1779286989] miner ID [1]:Confirmed block received from node
[1779286989] miner ID [1]:Lottery won but no transactions to mine
[1779286991] miner ID [1]:Confirmed block received from node
[1779286992] miner ID [1]:Giovanna pays Giacomo 70 coins
[1779286992] miner ID [1]:Giacomo pays Francesco 58 coins
[1779286992] miner ID [1]:Alice pays Ilaria 55 coins
[1779286992] miner ID [1]:Mining successful
[1779286992] miner ID [1]:Block sent to nodes
[1779286992] miner ID [1]:Confirmed block received from node
[1779286992] miner ID [1]:Lottery won but no transactions to mine
[1779286992] miner ID [1]:Confirmed block received from node
[1779286993] miner ID [1]:Confirmed block received from node
[1779286993] miner ID [1]:Alice pays Bob 40 coins
[1779286993] miner ID [1]:Alice pays Giovanna 33 coins
[1779286993] miner ID [1]:Bob pays Giovanna 38 coins
[1779286993] miner ID [1]:Bob pays Alice 54 coins
[1779286993] miner ID [1]:Bob pays Ilaria 5 coins
[1779286993] miner ID [1]:Confirmed block received from node
[1779286993] miner ID [1]:Mining successful
[1779286993] miner ID [1]:Block sent to nodes
[1779286993] miner ID [1]:Confirmed block received from node
[1779286994] miner ID [1]:Francesco pays Alice 87 coins
[1779286994] miner ID [1]:Francesco pays Bob 46 coins
[1779286994] miner ID [1]:Giovanna pays Francesco 33 coins
[1779286994] miner ID [1]:Giovanna pays Alice 29 coins
[1779286994] miner ID [1]:Alice pays Bob 93 coins
[1779286994] miner ID [1]:Giacomo pays Alice 19 coins
[1779286994] miner ID [1]:Mining successful
[1779286994] miner ID [1]:Block sent to nodes
[1779286994] miner ID [1]:Confirmed block received from node
[1779286994] miner ID [1]:Lottery won but no transactions to mine
[1779286995] miner ID [1]:Confirmed block received from node
[1779286995] miner ID [1]:Lottery won but no transactions to mine
[1779286996] miner ID [1]:Confirmed block received from node
[1779286996] miner ID [1]:Lottery won but no transactions to mine
[1779286999] miner ID [1]:Francesco pays Bob 13 coins
[1779286999] miner ID [1]:Francesco pays Giacomo 17 coins
[1779286999] miner ID [1]:Giovanna pays Ilaria 76 coins
[1779286999] miner ID [1]:Giovanna pays Bob 69 coins
[1779286999] miner ID [1]:Alice pays Giovanna 6 coins
[1779286999] miner ID [1]:Giovanna pays Alice 41 coins
[1779286999] miner ID [1]:Ilaria pays Bob 76 coins
[1779286999] miner ID [1]:Francesco pays Ilaria 98 coins
[1779286999] miner ID [1]:Giacomo pays Ilaria 68 coins
[1779286999] miner ID [1]:Giovanna pays Giacomo 82 coins
[1779286999] miner ID [1]:Giovanna pays Alice 92 coins
[1779286999] miner ID [1]:Giacomo pays Francesco 39 coins
[1779286999] miner ID [1]:Mining successful
[1779286999] miner ID [1]:Block sent to nodes
[1779286999] miner ID [1]:Confirmed block received from node
[1779286999] miner ID [1]:Confirmed block received from node
[1779286999] miner ID [1]:Lottery won but no transactions to mine
[1779286999] miner ID [1]:Confirmed block received from node
[1779287001] miner ID [1]:Confirmed block received from node
[1779287002] miner ID [1]:Alice pays Giacomo 37 coins
[1779287002] miner ID [1]:Alice pays Francesco 75 coins
[1779287002] miner ID [1]:Giovanna pays Ilaria 15 coins
[1779287002] miner ID [1]:Giacomo pays Francesco 46 coins
[1779287002] miner ID [1]:Bob pays Giacomo 67 coins
[1779287002] miner ID [1]:Ilaria pays Francesco 71 coins
[1779287002] miner ID [1]:Giacomo pays Giovanna 83 coins
[1779287002] miner ID [1]:Francesco pays Giovanna 16 coins
[1779287002] miner ID [1]:Confirmed block received from node
[1779287005] miner ID [1]:Confirmed block received from node
[1779287005] miner ID [1]:Confirmed block received from node
[1779287005] miner ID [1]:Mining successful
[1779287005] miner ID [1]:Block sent to nodes
[1779287005] miner ID [1]:Confirmed block received from node
[1779287006] miner ID [1]:Confirmed block received from node
[1779287006] miner ID [1]:Lottery won but no transactions to mine
[1779287008] miner ID [1]:Confirmed block received from node
[1779287008] miner ID [1]:Confirmed block received from node
[1779287008] miner ID [1]:Lottery won but no transactions to mine
[1779287009] miner ID [1]:Confirmed block received from node
[1779287009] miner ID [1]:Lottery won but no transactions to mine
[1779287011] miner ID [1]:Confirmed block received from node
[1779287014] miner ID [1]:Ilaria pays Francesco 82 coins
[1779287014] miner ID [1]:Giacomo pays Bob 54 coins
[1779287014] miner ID [1]:Francesco pays Giovanna 74 coins
[1779287014] miner ID [1]:Alice pays Ilaria 52 coins
[1779287014] miner ID [1]:Alice pays Ilaria 2 coins
[1779287014] miner ID [1]:Bob pays Giovanna 32 coins
[1779287014] miner ID [1]:Bob pays Ilaria 61 coins
[1779287014] miner ID [1]:Confirmed block received from node
[1779287014] miner ID [1]:Confirmed block received from node
[1779287014] miner ID [1]:Mining successful
[1779287014] miner ID [1]:Block sent to nodes
[1779287014] miner ID [1]:Confirmed block received from node
[1779287015] miner ID [1]:Confirmed block received from node
[1779287015] miner ID [1]:Lottery won but no transactions to mine
[1779287016] miner ID [1]:Giovanna pays Alice 26 coins
[1779287016] miner ID [1]:Francesco pays Giovanna 36 coins
[1779287016] miner ID [1]:Ilaria pays Giacomo 53 coins
[1779287016] miner ID [1]:Mining successful
[1779287016] miner ID [1]:Block sent to nodes
[1779287016] miner ID [1]:Confirmed block received from node
[1779287016] miner ID [1]:Confirmed block received from node
[1779287017] miner ID [1]:Confirmed block received from node
[1779287017] miner ID [1]:Lottery won but no transactions to mine
[1779287017] miner ID [1]:Confirmed block received from node
[1779287017] miner ID [1]:Lottery won but no transactions to mine
[1779287017] miner ID [1]:Confirmed block received from node
[1779287018] miner ID [1]:Confirmed block received from node
[1779287018] miner ID [1]:Lottery won but no transactions to mine
[1779287021] miner ID [1]:Confirmed block received from node
[1779287021] miner ID [1]:Confirmed block received from node
[1779287022] miner ID [1]:Confirmed block received from node
[1779287022] miner ID [1]:Lottery won but no transactions to mine
[1779287023] miner ID [1]:Confirmed block received from node
[1779287023] miner ID [1]:Lottery won but no transactions to mine
[1779287023] miner ID [1]:Confirmed block received from node
[1779287023] miner ID [1]:Confirmed block received from node
[1779287027] miner ID [1]:Confirmed block received from node
[1779287027] miner ID [1]:Confirmed block received from node
[1779287027] miner ID [1]:Confirmed block received from node
[1779287029] miner ID [1]:Bob pays Giacomo 35 coins
[1779287029] miner ID [1]:Ilaria pays Francesco 97 coins
[1779287029] miner ID [1]:Francesco pays Ilaria 73 coins
[1779287029] miner ID [1]:Giacomo pays Giovanna 64 coins
[1779287029] miner ID [1]:Bob pays Ilaria 55 coins
[1779287029] miner ID [1]:Alice pays Ilaria 81 coins
[1779287029] miner ID [1]:Ilaria pays Bob 6 coins
[1779287029] miner ID [1]:Francesco pays Giacomo 93 coins
[1779287030] miner ID [1]:Giovanna pays Giacomo 84 coins
[1779287030] miner ID [1]:Mining successful
[1779287030] miner ID [1]:Block sent to nodes
[1779287030] miner ID [1]:Confirmed block received from node
[1779287030] miner ID [1]:Lottery won but no transactions to mine
[1779287030] miner ID [1]:Confirmed block received from node
[1779287030] miner ID [1]:Lottery won but no transactions to mine
[1779287031] miner ID [1]:Confirmed block received from node
[1779287031] miner ID [1]:Lottery won but no transactions to mine
[1779287033] miner ID [1]:Confirmed block received from node
[1779287034] miner ID [1]:Confirmed block received from node
[1779287034] miner ID [1]:Lottery won but no transactions to mine
[1779287034] miner ID [1]:Confirmed block received from node
[1779287034] miner ID [1]:Lottery won but no transactions to mine
[1779287037] miner ID [1]:Confirmed block received from node
[1779287037] miner ID [1]:Confirmed block received from node
[1779287039] miner ID [1]:Giovanna pays Giacomo 64 coins
[1779287039] miner ID [1]:Bob pays Giovanna 35 coins
[1779287039] miner ID [1]:Bob pays Ilaria 88 coins
[1779287040] miner ID [1]:Confirmed block received from node
[1779287041] miner ID [1]:Bob pays Francesco 38 coins
[1779287041] miner ID [1]:Giovanna pays Bob 82 coins
[1779287041] miner ID [1]:Francesco pays Alice 80 coins
[1779287041] miner ID [1]:Alice pays Giovanna 25 coins
[1779287041] miner ID [1]:Giovanna pays Giacomo 84 coins
[1779287041] miner ID [1]:Confirmed block received from node
[1779287041] miner ID [1]:Mining successful
[1779287041] miner ID [1]:Block sent to nodes
[1779287041] miner ID [1]:Confirmed block received from node
[1779287041] miner ID [1]:Lottery won but no transactions to mine
[1779287044] miner ID [1]:Ilaria pays Giacomo 56 coins
[1779287044] miner ID [1]:Giacomo pays Alice 69 coins
[1779287044] miner ID [1]:Ilaria pays Alice 67 coins
[1779287045] miner ID [1]:Bob pays Giacomo 88 coins
[1779287045] miner ID [1]:Mining successful
[1779287045] miner ID [1]:Block sent to nodes
[1779287045] miner ID [1]:Confirmed block received from node
[1779287045] miner ID [1]:Lottery won but no transactions to mine
[1779287046] miner ID [1]:Confirmed block received from node
[1779287046] miner ID [1]:Giacomo pays Ilaria 48 coins
[1779287046] miner ID [1]:Alice pays Ilaria 14 coins
[1779287046] miner ID [1]:Alice pays Ilaria 76 coins
[1779287046] miner ID [1]:Mining successful
[1779287046] miner ID [1]:Block sent to nodes
[1779287046] miner ID [1]:Confirmed block received from node
[1779287046] miner ID [1]:Confirmed block received from node
[1779287049] miner ID [1]:Confirmed block received from node
[1779287049] miner ID [1]:Lottery won but no transactions to mine
[1779287052] miner ID [1]:Alice pays Giacomo 22 coins
[1779287052] miner ID [1]:Francesco pays Giovanna 49 coins
[1779287052] miner ID [1]:Giovanna pays Ilaria 83 coins
[1779287052] miner ID [1]:Francesco pays Alice 80 coins
[1779287052] miner ID [1]:Mining successful
[1779287052] miner ID [1]:Block sent to nodes
[1779287052] miner ID [1]:Confirmed block received from node
[1779287052] miner ID [1]:Confirmed block received from node
[1779287052] miner ID [1]:Lottery won but no transactions to mine
[1779287053] miner ID [1]:Confirmed block received from node
[1779287053] miner ID [1]:Lottery won but no transactions to mine
[1779287055] miner ID [1]:Confirmed block received from node
[1779287055] miner ID [1]:Lottery won but no transactions to mine
[1779287056] miner ID [1]:Confirmed block received from node
[1779287057] miner ID [1]:Confirmed block received from node
[1779287057] miner ID [1]:Lottery won but no transactions to mine
[1779287057] miner ID [1]:Confirmed block received from node
[1779287057] miner ID [1]:Lottery won but no transactions to mine
[1779287058] miner ID [1]:Confirmed block received from node
[1779287058] miner ID [1]:Lottery won but no transactions to mine
[1779287059] miner ID [1]:Giacomo pays Giovanna 64 coins
[1779287059] miner ID [1]:Alice pays Francesco 42 coins
[1779287059] miner ID [1]:Confirmed block received from node
[1779287059] miner ID [1]:Mining successful
[1779287059] miner ID [1]:Block sent to nodes
[1779287059] miner ID [1]:Confirmed block received from node
[1779287060] miner ID [1]:Giovanna pays Giacomo 64 coins
[1779287060] miner ID [1]:Giovanna pays Francesco 10 coins
[1779287060] miner ID [1]:Ilaria pays Giovanna 5 coins
[1779287060] miner ID [1]:Alice pays Ilaria 54 coins
[1779287060] miner ID [1]:Giovanna pays Alice 90 coins
[1779287060] miner ID [1]:Alice pays Giovanna 42 coins
[1779287060] miner ID [1]:Giacomo pays Alice 85 coins
[1779287060] miner ID [1]:Ilaria pays Bob 30 coins
[1779287063] miner ID [1]:Confirmed block received from node
[1779287063] miner ID [1]:Confirmed block received from node
[1779287063] miner ID [1]:Confirmed block received from node
[1779287064] miner ID [1]:Confirmed block received from node
[1779287064] miner ID [1]:Mining successful
[1779287064] miner ID [1]:Block sent to nodes
[1779287064] miner ID [1]:Confirmed block received from node
[1779287064] miner ID [1]:Lottery won but no transactions to mine
[1779287065] miner ID [1]:Alice pays Giacomo 36 coins
[1779287065] miner ID [1]:Ilaria pays Giovanna 97 coins
[1779287065] miner ID [1]:Bob pays Alice 83 coins
[1779287065] miner ID [1]:Confirmed block received from node
[1779287065] miner ID [1]:Mining successful
[1779287065] miner ID [1]:Block sent to nodes
[1779287066] miner ID [1]:Confirmed block received from node
[1779287066] miner ID [1]:Giovanna pays Giacomo 14 coins
[1779287066] miner ID [1]:Confirmed block received from node
[1779287066] miner ID [1]:Mining successful
[1779287066] miner ID [1]:Block sent to nodes
[1779287066] miner ID [1]:Confirmed block received from node
[1779287069] miner ID [1]:Confirmed block received from node
[1779287069] miner ID [1]:Confirmed block received from node
[1779287069] miner ID [1]:Lottery won but no transactions to mine
[1779287069] miner ID [1]:Confirmed block received from node
[1779287069] miner ID [1]:Lottery won but no transactions to mine
[1779287070] miner ID [1]:Francesco pays Ilaria 86 coins
[1779287070] miner ID [1]:Giovanna pays Francesco 32 coins
[1779287070] miner ID [1]:Bob pays Giovanna 70 coins
[1779287070] miner ID [1]:Francesco pays Alice 77 coins
[1779287070] miner ID [1]:Francesco pays Bob 5 coins
[1779287070] miner ID [1]:Bob pays Giacomo 90 coins
[1779287070] miner ID [1]:Bob pays Giacomo 95 coins
[1779287070] miner ID [1]:Giacomo pays Giovanna 75 coins
[1779287072] miner ID [1]:Confirmed block received from node
[1779287072] miner ID [1]:Confirmed block received from node
[1779287072] miner ID [1]:Mining successful
[1779287072] miner ID [1]:Block sent to nodes
[1779287072] miner ID [1]:Confirmed block received from node
[1779287072] miner ID [1]:Lottery won but no transactions to mine
[1779287073] miner ID [1]:Confirmed block received from node
[1779287074] miner ID [1]:Confirmed block received from node
[1779287074] miner ID [1]:Lottery won but no transactions to mine
[1779287076] miner ID [1]:Confirmed block received from node
[1779287076] miner ID [1]:Lottery won but no transactions to mine
[1779287076] miner ID [1]:Confirmed block received from node
[1779287076] miner ID [1]:Lottery won but no transactions to mine
[1779287078] miner ID [1]:Confirmed block received from node
[1779287078] miner ID [1]:Lottery won but no transactions to mine
[1779287078] miner ID [1]:Confirmed block received from node
[1779287078] miner ID [1]:Lottery won but no transactions to mine
[1779287078] miner ID [1]:Confirmed block received from node
[1779287080] miner ID [1]:Confirmed block received from node
[1779287081] miner ID [1]:Confirmed block received from node
[1779287081] miner ID [1]:Alice pays Giacomo 17 coins
[1779287081] miner ID [1]:Mining successful
[1779287081] miner ID [1]:Block sent to nodes
[1779287081] miner ID [1]:Confirmed block received from node
[1779287081] miner ID [1]:Lottery won but no transactions to mine
[1779287081] miner ID [1]:Confirmed block received from node
[1779287082] miner ID [1]:Confirmed block received from node
[1779287082] miner ID [1]:Confirmed block received from node
[1779287082] miner ID [1]:Lottery won but no transactions to mine
[1779287083] miner ID [1]:Confirmed block received from node
[1779287083] miner ID [1]:Lottery won but no transactions to mine
[1779287084] miner ID [1]:Confirmed block received from node
[1779287084] miner ID [1]:Lottery won but no transactions to mine
[1779287086] miner ID [1]:Alice pays Giovanna 2 coins
[1779287086] miner ID [1]:Giovanna pays Bob 2 coins
[1779287086] miner ID [1]:Ilaria pays Francesco 5 coins
[1779287086] miner ID [1]:Alice pays Ilaria 15 coins
[1779287086] miner ID [1]:Giovanna pays Bob 35 coins
[1779287086] miner ID [1]:Mining successful
[1779287086] miner ID [1]:Block sent to nodes
[1779287086] miner ID [1]:Confirmed block received from node
[1779287086] miner ID [1]:Lottery won but no transactions to mine
[1779287086] miner ID [1]:Confirmed block received from node
[1779287087] miner ID [1]:Confirmed block received from node
[1779287087] miner ID [1]:Lottery won but no transactions to mine
[1779287089] miner ID [1]:Giacomo pays Bob 59 coins
[1779287089] miner ID [1]:Francesco pays Bob 6 coins
[1779287089] miner ID [1]:Giovanna pays Ilaria 83 coins
[1779287089] miner ID [1]:Alice pays Ilaria 99 coins
[1779287089] miner ID [1]:Ilaria pays Giovanna 89 coins
[1779287089] miner ID [1]:Giovanna pays Bob 53 coins
[1779287089] miner ID [1]:Francesco pays Bob 28 coins
[1779287089] miner ID [1]:Francesco pays Ilaria 63 coins
[1779287089] miner ID [1]:Bob pays Francesco 84 coins
[1779287089] miner ID [1]:Alice pays Giovanna 61 coins
[1779287089] miner ID [1]:Giacomo pays Alice 32 coins
[1779287089] miner ID [1]:Alice pays Bob 79 coins
[1779287089] miner ID [1]:Alice pays Francesco 83 coins
[1779287089] miner ID [1]:Bob pays Ilaria 7 coins
[1779287089] miner ID [1]:Alice pays Ilaria 73 coins
[1779287089] miner ID [1]:Giovanna pays Giacomo 96 coins
[1779287089] miner ID [1]:Mining successful
[1779287089] miner ID [1]:Block sent to nodes
[1779287089] miner ID [1]:Confirmed block received from node
[1779287089] miner ID [1]:Confirmed block received from node
[1779287089] miner ID [1]:Lottery won but no transactions to mine
[1779287091] miner ID [1]:Confirmed block received from node
[1779287091] miner ID [1]:Lottery won but no transactions to mine
[1779287091] miner ID [1]:Confirmed block received from node
[1779287091] miner ID [1]:Lottery won but no transactions to mine
[1779287093] miner ID [1]:Giovanna pays Francesco 84 coins
[1779287093] miner ID [1]:Alice pays Ilaria 8 coins
[1779287093] miner ID [1]:Giovanna pays Giacomo 97 coins
[1779287093] miner ID [1]:Giacomo pays Alice 14 coins
[1779287093] miner ID [1]:Ilaria pays Alice 93 coins
[1779287093] miner ID [1]:Francesco pays Giacomo 87 coins
[1779287093] miner ID [1]:Bob pays Ilaria 54 coins
[1779287093] miner ID [1]:Bob pays Giacomo 6 coins
[1779287093] miner ID [1]:Confirmed block received from node
[1779287093] miner ID [1]:Mining successful
[1779287093] miner ID [1]:Block sent to nodes
[1779287093] miner ID [1]:Confirmed block received from node
[1779287094] miner ID [1]:Francesco pays Alice 17 coins
[1779287094] miner ID [1]:Giovanna pays Alice 15 coins
[1779287094] miner ID [1]:Francesco pays Bob 53 coins
[1779287094] miner ID [1]:Bob pays Alice 57 coins
[1779287094] miner ID [1]:Alice pays Giovanna 65 coins
[1779287095] miner ID [1]:Confirmed block received from node
[1779287095] miner ID [1]:Mining successful
[1779287095] miner ID [1]:Block sent to nodes
[1779287095] miner ID [1]:Confirmed block received from node
[1779287097] miner ID [1]:Ilaria pays Francesco 94 coins
[1779287097] miner ID [1]:Francesco pays Ilaria 99 coins
[1779287097] miner ID [1]:Giacomo pays Francesco 2 coins
[1779287097] miner ID [1]:Francesco pays Giovanna 48 coins
[1779287097] miner ID [1]:Alice pays Francesco 71 coins
[1779287097] miner ID [1]:Alice pays Bob 82 coins
[1779287097] miner ID [1]:Bob pays Ilaria 47 coins
[1779287097] miner ID [1]:Bob pays Ilaria 44 coins
[1779287097] miner ID [1]:Ilaria pays Francesco 16 coins
[1779287097] miner ID [1]:Mining successful
[1779287097] miner ID [1]:Block sent to nodes
[1779287097] miner ID [1]:Confirmed block received from node
[1779287097] miner ID [1]:Lottery won but no transactions to mine
[1779287098] miner ID [1]:Confirmed block received from node
[1779287098] miner ID [1]:Lottery won but no transactions to mine
[1779287098] miner ID [1]:Confirmed block received from node
[1779287100] miner ID [1]:Confirmed block received from node
[1779287100] miner ID [1]:Bob pays Ilaria 85 coins
[1779287100] miner ID [1]:Confirmed block received from node
[1779287100] miner ID [1]:Giacomo pays Bob 59 coins
[1779287100] miner ID [1]:Mining successful
[1779287100] miner ID [1]:Block sent to nodes
[1779287100] miner ID [1]:Confirmed block received from node
[1779287100] miner ID [1]:Lottery won but no transactions to mine
[1779287100] miner ID [1]:Confirmed block received from node
[1779287100] miner ID [1]:Lottery won but no transactions to mine
[1779287101] miner ID [1]:Francesco pays Giovanna 70 coins
[1779287101] miner ID [1]:Bob pays Giacomo 61 coins
[1779287101] miner ID [1]:Alice pays Giovanna 19 coins
[1779287101] miner ID [1]:Confirmed block received from node
[1779287101] miner ID [1]:Mining successful
[1779287101] miner ID [1]:Block sent to nodes
[1779287101] miner ID [1]:Confirmed block received from node
[1779287101] miner ID [1]:Confirmed block received from node
[1779287102] miner ID [1]:Francesco pays Bob 89 coins
[1779287102] miner ID [1]:Giovanna pays Alice 59 coins
[1779287102] miner ID [1]:Giovanna pays Ilaria 65 coins
[1779287102] miner ID [1]:Mining successful
[1779287102] miner ID [1]:Block sent to nodes
[1779287102] miner ID [1]:Confirmed block received from node
[1779287102] miner ID [1]:Lottery won but no transactions to mine
[1779287102] miner ID [1]:Confirmed block received from node
[1779287103] miner ID [1]:Ilaria pays Giacomo 57 coins
[1779287103] miner ID [1]:Alice pays Ilaria 76 coins
[1779287103] miner ID [1]:Giovanna pays Alice 84 coins
[1779287103] miner ID [1]:Giacomo pays Bob 29 coins
[1779287103] miner ID [1]:Giacomo pays Ilaria 7 coins
[1779287103] miner ID [1]:Bob pays Ilaria 95 coins
[1779287103] miner ID [1]:Giovanna pays Bob 25 coins
[1779287103] miner ID [1]:Bob pays Ilaria 46 coins
[1779287103] miner ID [1]:Mining successful
[1779287103] miner ID [1]:Block sent to nodes
[1779287103] miner ID [1]:Confirmed block received from node
[1779287104] miner ID [1]:Confirmed block received from node
[1779287104] miner ID [1]:Lottery won but no transactions to mine
[1779287107] miner ID [1]:Confirmed block received from node
[1779287107] miner ID [1]:Confirmed block received from node
[1779287107] miner ID [1]:Lottery won but no transactions to mine
[1779287107] miner ID [1]:Confirmed block received from node
[1779287107] miner ID [1]:Lottery won but no transactions to mine
[1779287108] miner ID [1]:Francesco pays Alice 35 coins
[1779287108] miner ID [1]:Giovanna pays Alice 52 coins
[1779287108] miner ID [1]:Ilaria pays Francesco 26 coins
[1779287108] miner ID [1]:Ilaria pays Francesco 48 coins
[1779287108] miner ID [1]:Alice pays Francesco 95 coins
[1779287108] miner ID [1]:Mining successful
[1779287108] miner ID [1]:Block sent to nodes
[1779287108] miner ID [1]:Confirmed block received from node
[1779287108] miner ID [1]:Lottery won but no transactions to mine
[1779287110] miner ID [1]:Confirmed block received from node
[1779287110] miner ID [1]:Lottery won but no transactions to mine
[1779287110] miner ID [1]:Confirmed block received from node
[1779287110] miner ID [1]:Confirmed block received from node
[1779287111] miner ID [1]:Confirmed block received from node
[1779287111] miner ID [1]:Bob pays Giovanna 22 coins
[1779287111] miner ID [1]:Ilaria pays Francesco 74 coins
[1779287111] miner ID [1]:Mining successful
[1779287111] miner ID [1]:Block sent to nodes
[1779287111] miner ID [1]:Confirmed block received from node
[1779287111] miner ID [1]:Bob pays Giacomo 59 coins
[1779287111] miner ID [1]:Ilaria pays Giovanna 5 coins
[1779287111] miner ID [1]:Giacomo pays Francesco 32 coins
[1779287111] miner ID [1]:Mining successful
[1779287111] miner ID [1]:Block sent to nodes
[1779287111] miner ID [1]:Confirmed block received from node
[1779287111] miner ID [1]:Confirmed block received from node
[1779287112] miner ID [1]:Confirmed block received from node
[1779287112] miner ID [1]:Lottery won but no transactions to mine
[1779287116] miner ID [1]:Giovanna pays Alice 46 coins
[1779287116] miner ID [1]:Alice pays Ilaria 53 coins
[1779287116] miner ID [1]:Alice pays Ilaria 80 coins
[1779287116] miner ID [1]:Alice pays Giacomo 34 coins
[1779287117] miner ID [1]:Confirmed block received from node
[1779287117] miner ID [1]:Confirmed block received from node
[1779287117] miner ID [1]:Mining successful
[1779287117] miner ID [1]:Block sent to nodes
[1779287117] miner ID [1]:Confirmed block received from node
[1779287117] miner ID [1]:Lottery won but no transactions to mine
[1779287119] miner ID [1]:Francesco pays Giacomo 74 coins
[1779287119] miner ID [1]:Giovanna pays Francesco 43 coins
[1779287119] miner ID [1]:Francesco pays Giacomo 40 coins
[1779287119] miner ID [1]:Alice pays Francesco 30 coins
[1779287119] miner ID [1]:Giacomo pays Alice 73 coins
[1779287119] miner ID [1]:Bob pays Ilaria 86 coins
[1779287119] miner ID [1]:Ilaria pays Francesco 98 coins
[1779287119] miner ID [1]:Bob pays Alice 59 coins
[1779287119] miner ID [1]:Ilaria pays Giacomo 98 coins
[1779287119] miner ID [1]:Alice pays Bob 80 coins
[1779287119] miner ID [1]:Mining successful
[1779287119] miner ID [1]:Block sent to nodes
[1779287119] miner ID [1]:Confirmed block received from node
[1779287119] miner ID [1]:Lottery won but no transactions to mine
[1779287119] miner ID [1]:Confirmed block received from node
[1779287120] miner ID [1]:Confirmed block received from node
[1779287124] miner ID [1]:Giacomo pays Ilaria 99 coins
[1779287124] miner ID [1]:Giacomo pays Francesco 35 coins
[1779287124] miner ID [1]:Bob pays Ilaria 45 coins
[1779287124] miner ID [1]:Giovanna pays Giacomo 10 coins
[1779287124] miner ID [1]:Giovanna pays Francesco 77 coins
[1779287124] miner ID [1]:Mining successful
[1779287124] miner ID [1]:Block sent to nodes
[1779287124] miner ID [1]:Confirmed block received from node
[1779287124] miner ID [1]:Confirmed block received from node
[1779287124] miner ID [1]:Lottery won but no transactions to mine
[1779287124] miner ID [1]:Confirmed block received from node
[1779287124] miner ID [1]:Lottery won but no transactions to mine
[1779287125] miner ID [1]:Giovanna pays Bob 42 coins
[1779287125] miner ID [1]:Giacomo pays Giovanna 77 coins
[1779287125] miner ID [1]:Giovanna pays Ilaria 83 coins
[1779287125] miner ID [1]:Alice pays Giovanna 56 coins
[1779287125] miner ID [1]:Bob pays Giovanna 78 coins
[1779287125] miner ID [1]:Bob pays Giacomo 74 coins
[1779287125] miner ID [1]:Bob pays Ilaria 18 coins
[1779287125] miner ID [1]:Ilaria pays Giovanna 46 coins
[1779287125] miner ID [1]:Mining successful
[1779287125] miner ID [1]:Block sent to nodes
[1779287125] miner ID [1]:Confirmed block received from node
[1779287125] miner ID [1]:Lottery won but no transactions to mine
[1779287127] miner ID [1]:Confirmed block received from node
[1779287127] miner ID [1]:Confirmed block received from node
[1779287127] miner ID [1]:Lottery won but no transactions to mine
[1779287127] miner ID [1]:Confirmed block received from node
[1779287127] miner ID [1]:Confirmed block received from node
[1779287128] miner ID [1]:Bob pays Ilaria 74 coins
[1779287128] miner ID [1]:Ilaria pays Francesco 81 coins
[1779287128] miner ID [1]:Giacomo pays Bob 21 coins
[1779287128] miner ID [1]:Bob pays Giovanna 82 coins
[1779287128] miner ID [1]:Confirmed block received from node
[1779287130] miner ID [1]:Giacomo pays Bob 42 coins
[1779287130] miner ID [1]:Bob pays Giovanna 43 coins
[1779287130] miner ID [1]:Giovanna pays Francesco 58 coins
[1779287130] miner ID [1]:Mining successful
[1779287130] miner ID [1]:Block sent to nodes
[1779287130] miner ID [1]:Confirmed block received from node
[1779287132] miner ID [1]:Confirmed block received from node
[1779287132] miner ID [1]:Confirmed block received from node
[1779287132] miner ID [1]:Giacomo pays Francesco 84 coins
[1779287132] miner ID [1]:Francesco pays Giacomo 67 coins
[1779287132] miner ID [1]:Mining successful
[1779287132] miner ID [1]:Block sent to nodes
[1779287132] miner ID [1]:Confirmed block received from node
[1779287132] miner ID [1]:Lottery won but no transactions to mine
[1779287132] miner ID [1]:Confirmed block received from node
[1779287133] miner ID [1]:Confirmed block received from node
[1779287133] miner ID [1]:Lottery won but no transactions to mine
[1779287134] miner ID [1]:Confirmed block received from node
[1779287134] miner ID [1]:Lottery won but no transactions to mine
[1779287136] miner ID [1]:Confirmed block received from node
[1779287137] miner ID [1]:Ilaria pays Giovanna 25 coins
[1779287137] miner ID [1]:Alice pays Bob 10 coins
[1779287137] miner ID [1]:Bob pays Francesco 38 coins
[1779287137] miner ID [1]:Giacomo pays Giovanna 23 coins
[1779287137] miner ID [1]:Alice pays Bob 26 coins
[1779287137] miner ID [1]:Alice pays Ilaria 1 coins
[1779287137] miner ID [1]:Francesco pays Giovanna 94 coins
[1779287137] miner ID [1]:Ilaria pays Giacomo 42 coins
[1779287137] miner ID [1]:Confirmed block received from node
[1779287137] miner ID [1]:Mining successful
[1779287137] miner ID [1]:Block sent to nodes
[1779287137] miner ID [1]:Confirmed block received from node
[1779287137] miner ID [1]:Confirmed block received from node
[1779287137] miner ID [1]:Lottery won but no transactions to mine
[1779287138] miner ID [1]:Confirmed block received from node
[1779287139] miner ID [1]:Alice pays Francesco 65 coins
[1779287139] miner ID [1]:Francesco pays Giacomo 98 coins
[1779287139] miner ID [1]:Alice pays Giovanna 82 coins
[1779287139] miner ID [1]:Mining successful
[1779287139] miner ID [1]:Block sent to nodes
[1779287139] miner ID [1]:Confirmed block received from node
[1779287139] miner ID [1]:Lottery won but no transactions to mine
[1779287140] miner ID [1]:Confirmed block received from node
[1779287141] miner ID [1]:Ilaria pays Alice 16 coins
[1779287141] miner ID [1]:Ilaria pays Bob 63 coins
[1779287141] miner ID [1]:Francesco pays Giovanna 15 coins
[1779287141] miner ID [1]:Ilaria pays Bob 77 coins
[1779287141] miner ID [1]:Alice pays Francesco 20 coins
[1779287141] miner ID [1]:Giovanna pays Giacomo 25 coins
[1779287141] miner ID [1]:Bob pays Giovanna 11 coins
[1779287141] miner ID [1]:Ilaria pays Francesco 33 coins
[1779287143] miner ID [1]:Confirmed block received from node
[1779287145] miner ID [1]:Ilaria pays Francesco 41 coins
[1779287145] miner ID [1]:Alice pays Ilaria 61 coins
[1779287145] miner ID [1]:Bob pays Giovanna 57 coins
[1779287145] miner ID [1]:Giovanna pays Giacomo 43 coins
[1779287145] miner ID [1]:Giacomo pays Bob 98 coins
[1779287145] miner ID [1]:Confirmed block received from node
[1779287146] miner ID [1]:Mining successful
[1779287146] miner ID [1]:Block sent to nodes
[1779287146] miner ID [1]:Confirmed block received from node
[1779287146] miner ID [1]:Confirmed block received from node
[1779287146] miner ID [1]:Miner shutting down
[1779287146] miner ID [1]:miner chiuso
