[1779286455] miner ID [3]:miner avviato correttamente
[1779286455] miner ID [3]:Miner started
[1779286455] miner ID [3]:Francesco pays Alice 89 coins
[1779286457] miner ID [3]:Confirmed block received from node
[1779286462] miner ID [3]:Confirmed block received from node
[1779286462] miner ID [3]:Confirmed block received from node
[1779286464] miner ID [3]:Confirmed block received from node
[1779286468] miner ID [3]:Giovanna pays Bob 35 coins
[1779286468] miner ID [3]:Confirmed block received from node
[1779286468] miner ID [3]:Mining successful
[1779286468] miner ID [3]:Block sent to nodes
[1779286468] miner ID [3]:Confirmed block received from node
[1779286468] miner ID [3]:Lottery won but no transactions to mine
[1779286468] miner ID [3]:Confirmed block received from node
[1779286468] miner ID [3]:Lottery won but no transactions to mine
[1779286470] miner ID [3]:Francesco pays Bob 40 coins
[1779286470] miner ID [3]:Giovanna pays Giacomo 90 coins
[1779286470] miner ID [3]:Bob pays Francesco 20 coins
[1779286470] miner ID [3]:Alice pays Francesco 69 coins
[1779286470] miner ID [3]:Francesco pays Alice 92 coins
[1779286470] miner ID [3]:Giacomo pays Alice 73 coins
[1779286472] miner ID [3]:Confirmed block received from node
[1779286473] miner ID [3]:Confirmed block received from node
[1779286473] miner ID [3]:Mining successful
[1779286473] miner ID [3]:Block sent to nodes
[1779286473] miner ID [3]:Confirmed block received from node
[1779286473] miner ID [3]:Lottery won but no transactions to mine
[1779286474] miner ID [3]:Confirmed block received from node
[1779286474] miner ID [3]:Confirmed block received from node
[1779286474] miner ID [3]:Confirmed block received from node
[1779286478] miner ID [3]:Francesco pays Alice 38 coins
[1779286478] miner ID [3]:Ilaria pays Giacomo 4 coins
[1779286478] miner ID [3]:Giovanna pays Alice 23 coins
[1779286478] miner ID [3]:Bob pays Giacomo 40 coins
[1779286478] miner ID [3]:Francesco pays Bob 80 coins
[1779286478] miner ID [3]:Giacomo pays Francesco 69 coins
[1779286478] miner ID [3]:Mining successful
[1779286478] miner ID [3]:Block sent to nodes
[1779286478] miner ID [3]:Confirmed block received from node
[1779286478] miner ID [3]:Lottery won but no transactions to mine
[1779286478] miner ID [3]:Confirmed block received from node
[1779286479] miner ID [3]:Giacomo pays Ilaria 52 coins
[1779286479] miner ID [3]:Confirmed block received from node
[1779286479] miner ID [3]:Confirmed block received from node
