[1779286680] miner ID [4]:miner avviato correttamente
[1779286680] miner ID [4]:Miner started
[1779286681] miner ID [4]:Confirmed block received from node
[1779286681] miner ID [4]:Confirmed block received from node
[1779286683] miner ID [4]:Ilaria pays Bob 12 coins
[1779286683] miner ID [4]:Confirmed block received from node
[1779286684] miner ID [4]:Francesco pays Alice 10 coins
[1779286684] miner ID [4]:Alice pays Francesco 6 coins
[1779286684] miner ID [4]:Alice pays Ilaria 65 coins
[1779286684] miner ID [4]:Giacomo pays Francesco 93 coins
[1779286684] miner ID [4]:Ilaria pays Alice 94 coins
[1779286684] miner ID [4]:Alice pays Francesco 68 coins
[1779286684] miner ID [4]:Mining successful
[1779286684] miner ID [4]:Block sent to nodes
[1779286684] miner ID [4]:Confirmed block received from node
[1779286684] miner ID [4]:Confirmed block received from node
[1779286686] miner ID [4]:Ilaria pays Bob 37 coins
[1779286686] miner ID [4]:Giovanna pays Francesco 79 coins
[1779286686] miner ID [4]:Giacomo pays Ilaria 80 coins
[1779286686] miner ID [4]:Francesco pays Giacomo 10 coins
[1779286686] miner ID [4]:Giovanna pays Giacomo 74 coins
[1779286686] miner ID [4]:Giacomo pays Ilaria 94 coins
[1779286686] miner ID [4]:Mining successful
[1779286686] miner ID [4]:Block sent to nodes
[1779286686] miner ID [4]:Confirmed block received from node
[1779286687] miner ID [4]:Giovanna pays Bob 56 coins
[1779286687] miner ID [4]:Alice pays Giacomo 61 coins
[1779286687] miner ID [4]:Francesco pays Alice 77 coins
[1779286687] miner ID [4]:Bob pays Ilaria 98 coins
[1779286687] miner ID [4]:Ilaria pays Giacomo 64 coins
[1779286687] miner ID [4]:Confirmed block received from node
[1779286687] miner ID [4]:Confirmed block received from node
[1779286691] miner ID [4]:Alice pays Francesco 55 coins
[1779286691] miner ID [4]:Giovanna pays Giacomo 86 coins
[1779286692] miner ID [4]:Confirmed block received from node
[1779286692] miner ID [4]:Confirmed block received from node
[1779286693] miner ID [4]:Confirmed block received from node
[1779286693] miner ID [4]:Mining successful
[1779286693] miner ID [4]:Block sent to nodes
[1779286693] miner ID [4]:Confirmed block received from node
[1779286693] miner ID [4]:Lottery won but no transactions to mine
[1779286695] miner ID [4]:Ilaria pays Francesco 13 coins
[1779286695] miner ID [4]:Giacomo pays Alice 9 coins
[1779286695] miner ID [4]:Bob pays Alice 17 coins
[1779286695] miner ID [4]:Francesco pays Bob 23 coins
[1779286695] miner ID [4]:Francesco pays Bob 72 coins
[1779286695] miner ID [4]:Francesco pays Ilaria 24 coins
[1779286695] miner ID [4]:Bob pays Giovanna 16 coins
[1779286695] miner ID [4]:Giacomo pays Francesco 68 coins
[1779286695] miner ID [4]:Giovanna pays Francesco 2 coins
[1779286695] miner ID [4]:Francesco pays Alice 96 coins
[1779286695] miner ID [4]:Giovanna pays Bob 91 coins
[1779286695] miner ID [4]:Confirmed block received from node
[1779286695] miner ID [4]:Mining successful
[1779286695] miner ID [4]:Block sent to nodes
[1779286695] miner ID [4]:Confirmed block received from node
[1779286698] miner ID [4]:Francesco pays Ilaria 21 coins
[1779286698] miner ID [4]:Francesco pays Giovanna 80 coins
[1779286698] miner ID [4]:Bob pays Giovanna 56 coins
[1779286698] miner ID [4]:Francesco pays Ilaria 82 coins
[1779286698] miner ID [4]:Giovanna pays Francesco 18 coins
[1779286698] miner ID [4]:Alice pays Giacomo 4 coins
[1779286698] miner ID [4]:Giacomo pays Ilaria 3 coins
[1779286698] miner ID [4]:Alice pays Giovanna 57 coins
[1779286698] miner ID [4]:Bob pays Alice 17 coins
[1779286698] miner ID [4]:Ilaria pays Giovanna 80 coins
[1779286698] miner ID [4]:Bob pays Giacomo 9 coins
[1779286698] miner ID [4]:Confirmed block received from node
[1779286698] miner ID [4]:Mining successful
[1779286698] miner ID [4]:Block sent to nodes
[1779286698] miner ID [4]:Confirmed block received from node
[1779286699] miner ID [4]:Ilaria pays Alice 32 coins
[1779286699] miner ID [4]:Giovanna pays Francesco 19 coins
[1779286699] miner ID [4]:Ilaria pays Giovanna 68 coins
[1779286699] miner ID [4]:Ilaria pays Giacomo 28 coins
[1779286699] miner ID [4]:Ilaria pays Bob 64 coins
[1779286699] miner ID [4]:Francesco pays Giovanna 88 coins
[1779286699] miner ID [4]:Mining successful
[1779286699] miner ID [4]:Block sent to nodes
[1779286699] miner ID [4]:Confirmed block received from node
[1779286699] miner ID [4]:Lottery won but no transactions to mine
[1779286699] miner ID [4]:Confirmed block received from node
[1779286701] miner ID [4]:Giovanna pays Giacomo 3 coins
[1779286701] miner ID [4]:Giovanna pays Ilaria 40 coins
[1779286701] miner ID [4]:Ilaria pays Bob 59 coins
[1779286701] miner ID [4]:Mining successful
[1779286701] miner ID [4]:Block sent to nodes
[1779286701] miner ID [4]:Confirmed block received from node
[1779286701] miner ID [4]:Confirmed block received from node
[1779286704] miner ID [4]:Confirmed block received from node
[1779286704] miner ID [4]:Lottery won but no transactions to mine
[1779286704] miner ID [4]:Confirmed block received from node
[1779286704] miner ID [4]:Confirmed block received from node
[1779286704] miner ID [4]:Confirmed block received from node
[1779286705] miner ID [4]:Bob pays Giovanna 2 coins
[1779286705] miner ID [4]:Bob pays Alice 92 coins
[1779286705] miner ID [4]:Giacomo pays Alice 94 coins
[1779286705] miner ID [4]:Alice pays Bob 14 coins
[1779286705] miner ID [4]:Giacomo pays Francesco 26 coins
[1779286705] miner ID [4]:Giovanna pays Giacomo 89 coins
[1779286705] miner ID [4]:Mining successful
[1779286705] miner ID [4]:Block sent to nodes
[1779286705] miner ID [4]:Confirmed block received from node
[1779286705] miner ID [4]:Lottery won but no transactions to mine
[1779286708] miner ID [4]:Confirmed block received from node
[1779286716] miner ID [4]:Confirmed block received from node
[1779286716] miner ID [4]:Confirmed block received from node
[1779286716] miner ID [4]:Confirmed block received from node
[1779286716] miner ID [4]:Lottery won but no transactions to mine
[1779286718] miner ID [4]:Alice pays Francesco 60 coins
[1779286718] miner ID [4]:Mining successful
[1779286718] miner ID [4]:Block sent to nodes
[1779286718] miner ID [4]:Confirmed block received from node
[1779286718] miner ID [4]:Lottery won but no transactions to mine
[1779286718] miner ID [4]:Confirmed block received from node
[1779286718] miner ID [4]:Lottery won but no transactions to mine
[1779286721] miner ID [4]:Confirmed block received from node
[1779286721] miner ID [4]:Lottery won but no transactions to mine
[1779286724] miner ID [4]:Ilaria pays Giacomo 20 coins
[1779286725] miner ID [4]:Giacomo pays Ilaria 72 coins
[1779286725] miner ID [4]:Giacomo pays Ilaria 6 coins
[1779286726] miner ID [4]:Giovanna pays Bob 74 coins
[1779286726] miner ID [4]:Alice pays Ilaria 26 coins
[1779286726] miner ID [4]:Giovanna pays Francesco 14 coins
[1779286726] miner ID [4]:Giovanna pays Alice 3 coins
[1779286726] miner ID [4]:Mining successful
[1779286726] miner ID [4]:Block sent to nodes
[1779286726] miner ID [4]:Confirmed block received from node
[1779286726] miner ID [4]:Lottery won but no transactions to mine
[1779286726] miner ID [4]:Confirmed block received from node
[1779286726] miner ID [4]:Confirmed block received from node
[1779286728] miner ID [4]:Confirmed block received from node
[1779286728] miner ID [4]:Confirmed block received from node
[1779286728] miner ID [4]:Lottery won but no transactions to mine
[1779286729] miner ID [4]:Ilaria pays Francesco 61 coins
[1779286729] miner ID [4]:Bob pays Giovanna 77 coins
[1779286729] miner ID [4]:Bob pays Giacomo 37 coins
[1779286731] miner ID [4]:Confirmed block received from node
[1779286731] miner ID [4]:Mining successful
[1779286731] miner ID [4]:Block sent to nodes
[1779286731] miner ID [4]:Confirmed block received from node
[1779286731] miner ID [4]:Confirmed block received from node
[1779286733] miner ID [4]:Miner shutting down
[1779286733] miner ID [4]:miner chiuso
