[1779286542] miner ID [4]:miner avviato correttamente
[1779286542] miner ID [4]:Miner started
[1779286543] miner ID [4]:Bob pays Ilaria 60 coins
[1779286543] miner ID [4]:Bob pays Giacomo 81 coins
[1779286543] miner ID [4]:Bob pays Francesco 46 coins
[1779286543] miner ID [4]:Francesco pays Giovanna 90 coins
[1779286543] miner ID [4]:Alice pays Giovanna 15 coins
[1779286543] miner ID [4]:Mining successful
[1779286543] miner ID [4]:Block sent to nodes
[1779286543] miner ID [4]:Francesco pays Ilaria 24 coins
[1779286543] miner ID [4]:Alice pays Francesco 34 coins
[1779286543] miner ID [4]:Francesco pays Ilaria 42 coins
[1779286543] miner ID [4]:Giacomo pays Giovanna 58 coins
[1779286543] miner ID [4]:Giacomo pays Francesco 56 coins
[1779286543] miner ID [4]:Giovanna pays Francesco 45 coins
[1779286543] miner ID [4]:Confirmed block received from node
[1779286547] miner ID [4]:Confirmed block received from node
[1779286547] miner ID [4]:Confirmed block received from node
[1779286549] miner ID [4]:Confirmed block received from node
[1779286549] miner ID [4]:Confirmed block received from node
[1779286549] miner ID [4]:Mining successful
[1779286549] miner ID [4]:Block sent to nodes
[1779286549] miner ID [4]:Confirmed block received from node
[1779286549] miner ID [4]:Confirmed block received from node
[1779286551] miner ID [4]:Confirmed block received from node
[1779286551] miner ID [4]:Lottery won but no transactions to mine
[1779286553] miner ID [4]:Confirmed block received from node
[1779286557] miner ID [4]:Confirmed block received from node
[1779286557] miner ID [4]:Lottery won but no transactions to mine
[1779286558] miner ID [4]:Confirmed block received from node
[1779286558] miner ID [4]:Confirmed block received from node
[1779286558] miner ID [4]:Lottery won but no transactions to mine
[1779286558] miner ID [4]:Confirmed block received from node
[1779286559] miner ID [4]:Confirmed block received from node
[1779286562] miner ID [4]:Alice pays Ilaria 12 coins
[1779286562] miner ID [4]:Bob pays Giovanna 82 coins
[1779286562] miner ID [4]:Giacomo pays Bob 27 coins
[1779286562] miner ID [4]:Alice pays Giovanna 38 coins
[1779286562] miner ID [4]:Mining successful
[1779286562] miner ID [4]:Block sent to nodes
[1779286562] miner ID [4]:Confirmed block received from node
[1779286562] miner ID [4]:Confirmed block received from node
