[1779282101] miner ID [2]:miner avviato correttamente
[1779282101] miner ID [2]:Miner started
[1779282103] miner ID [2]:Giacomo pays Ilaria 30 coins
[1779282103] miner ID [2]:Giovanna pays Alice 17 coins
[1779282103] miner ID [2]:Ilaria pays Francesco 17 coins
[1779282103] miner ID [2]:Giovanna pays Bob 21 coins
[1779282103] miner ID [2]:Bob pays Francesco 75 coins
[1779282103] miner ID [2]:Alice pays Francesco 94 coins
[1779282103] miner ID [2]:Francesco pays Giovanna 97 coins
[1779282103] miner ID [2]:Bob pays Giovanna 21 coins
[1779282106] miner ID [2]:Confirmed block received from node
[1779282106] miner ID [2]:Confirmed block received from node
[1779282107] miner ID [2]:WARNING: transaction pool full
[1779282107] miner ID [2]:Ilaria pays Giacomo 79 coins
[1779282107] miner ID [2]:WARNING: transaction pool full
[1779282107] miner ID [2]:Giovanna pays Alice 57 coins
[1779282107] miner ID [2]:WARNING: transaction pool full
[1779282107] miner ID [2]:Francesco pays Bob 91 coins
[1779282107] miner ID [2]:WARNING: transaction pool full
[1779282107] miner ID [2]:Bob pays Giovanna 5 coins
[1779282110] miner ID [2]:WARNING: transaction pool full
[1779282110] miner ID [2]:Giacomo pays Alice 51 coins
[1779282110] miner ID [2]:WARNING: transaction pool full
[1779282110] miner ID [2]:Ilaria pays Giovanna 93 coins
[1779282110] miner ID [2]:WARNING: transaction pool full
[1779282110] miner ID [2]:Francesco pays Giacomo 35 coins
[1779282115] miner ID [2]:WARNING: transaction pool full
[1779282115] miner ID [2]:Bob pays Giacomo 72 coins
[1779282115] miner ID [2]:WARNING: transaction pool full
[1779282115] miner ID [2]:Giovanna pays Giacomo 41 coins
[1779282115] miner ID [2]:WARNING: transaction pool full
[1779282115] miner ID [2]:Francesco pays Giovanna 7 coins
[1779282120] miner ID [2]:WARNING: transaction pool full
[1779282120] miner ID [2]:Francesco pays Ilaria 4 coins
[1779282120] miner ID [2]:WARNING: transaction pool full
[1779282120] miner ID [2]:Giovanna pays Alice 71 coins
[1779282120] miner ID [2]:WARNING: transaction pool full
[1779282120] miner ID [2]:Giovanna pays Bob 47 coins
[1779282120] miner ID [2]:WARNING: transaction pool full
[1779282120] miner ID [2]:Giacomo pays Alice 97 coins
[1779282120] miner ID [2]:WARNING: transaction pool full
[1779282120] miner ID [2]:Giacomo pays Giovanna 39 coins
[1779282120] miner ID [2]:WARNING: transaction pool full
[1779282120] miner ID [2]:Giacomo pays Alice 30 coins
[1779282121] miner ID [2]:Confirmed block received from node
[1779282122] miner ID [2]:Confirmed block received from node
[1779282122] miner ID [2]:Confirmed block received from node
[1779282124] miner ID [2]:Confirmed block received from node
[1779282128] miner ID [2]:WARNING: transaction pool full
[1779282128] miner ID [2]:Alice pays Giacomo 21 coins
[1779282128] miner ID [2]:WARNING: transaction pool full
[1779282128] miner ID [2]:Giacomo pays Ilaria 91 coins
[1779282128] miner ID [2]:WARNING: transaction pool full
[1779282128] miner ID [2]:Ilaria pays Alice 87 coins
[1779282128] miner ID [2]:Confirmed block received from node
[1779282128] miner ID [2]:Mining successful
[1779282128] miner ID [2]:Block sent to nodes
[1779282128] miner ID [2]:Confirmed block received from node
[1779282128] miner ID [2]:Confirmed block received from node
[1779282128] miner ID [2]:Confirmed block received from node
[1779282129] miner ID [2]:Ilaria pays Bob 94 coins
[1779282129] miner ID [2]:Giovanna pays Bob 32 coins
[1779282129] miner ID [2]:Giovanna pays Alice 97 coins
[1779282129] miner ID [2]:Ilaria pays Alice 23 coins
[1779282129] miner ID [2]:Ilaria pays Bob 18 coins
[1779282129] miner ID [2]:Giacomo pays Ilaria 1 coins
[1779282129] miner ID [2]:Giovanna pays Giacomo 11 coins
[1779282129] miner ID [2]:Francesco pays Alice 27 coins
[1779282129] miner ID [2]:Mining successful
[1779282129] miner ID [2]:Block sent to nodes
[1779282129] miner ID [2]:Confirmed block received from node
[1779282133] miner ID [2]:Ilaria pays Giacomo 32 coins
[1779282133] miner ID [2]:Ilaria pays Francesco 22 coins
[1779282133] miner ID [2]:Alice pays Bob 38 coins
[1779282133] miner ID [2]:Giacomo pays Francesco 50 coins
[1779282133] miner ID [2]:Giovanna pays Ilaria 72 coins
[1779282133] miner ID [2]:Alice pays Bob 54 coins
[1779282133] miner ID [2]:Alice pays Bob 28 coins
[1779282133] miner ID [2]:Confirmed block received from node
[1779282133] miner ID [2]:Mining successful
[1779282133] miner ID [2]:Block sent to nodes
[1779282133] miner ID [2]:Confirmed block received from node
[1779282133] miner ID [2]:Lottery won but no transactions to mine
[1779282133] miner ID [2]:Confirmed block received from node
[1779282134] miner ID [2]:Confirmed block received from node
[1779282139] miner ID [2]:Bob pays Giacomo 35 coins
[1779282139] miner ID [2]:Alice pays Giacomo 34 coins
[1779282139] miner ID [2]:Alice pays Bob 77 coins
[1779282139] miner ID [2]:Bob pays Francesco 83 coins
[1779282140] miner ID [2]:Confirmed block received from node
[1779282140] miner ID [2]:Confirmed block received from node
[1779282141] miner ID [2]:Bob pays Francesco 6 coins
[1779282141] miner ID [2]:Bob pays Francesco 24 coins
[1779282141] miner ID [2]:Bob pays Giovanna 42 coins
[1779282141] miner ID [2]:Bob pays Ilaria 16 coins
[1779282141] miner ID [2]:Confirmed block received from node
[1779282141] miner ID [2]:Confirmed block received from node
[1779282143] miner ID [2]:Giacomo pays Bob 8 coins
[1779282143] miner ID [2]:WARNING: transaction pool full
[1779282143] miner ID [2]:Alice pays Bob 26 coins
[1779282143] miner ID [2]:WARNING: transaction pool full
[1779282143] miner ID [2]:Giacomo pays Giovanna 63 coins
[1779282143] miner ID [2]:WARNING: transaction pool full
[1779282143] miner ID [2]:Alice pays Francesco 8 coins
[1779282144] miner ID [2]:Confirmed block received from node
[1779282144] miner ID [2]:Mining successful
[1779282144] miner ID [2]:Block sent to nodes
[1779282144] miner ID [2]:Confirmed block received from node
[1779282144] miner ID [2]:Confirmed block received from node
[1779282144] miner ID [2]:Confirmed block received from node
[1779282144] miner ID [2]:Lottery won but no transactions to mine
[1779282144] miner ID [2]:Confirmed block received from node
[1779282145] miner ID [2]:Francesco pays Ilaria 52 coins
[1779282145] miner ID [2]:Alice pays Francesco 39 coins
[1779282145] miner ID [2]:Bob pays Giacomo 35 coins
[1779282145] miner ID [2]:Alice pays Ilaria 47 coins
[1779282145] miner ID [2]:Giacomo pays Giovanna 67 coins
[1779282145] miner ID [2]:Francesco pays Ilaria 63 coins
[1779282145] miner ID [2]:Ilaria pays Giacomo 52 coins
[1779282145] miner ID [2]:Giovanna pays Bob 39 coins
[1779282149] miner ID [2]:WARNING: transaction pool full
[1779282149] miner ID [2]:Bob pays Alice 94 coins
[1779282149] miner ID [2]:WARNING: transaction pool full
[1779282149] miner ID [2]:Giacomo pays Alice 59 coins
[1779282149] miner ID [2]:WARNING: transaction pool full
[1779282149] miner ID [2]:Ilaria pays Giacomo 27 coins
[1779282149] miner ID [2]:WARNING: transaction pool full
[1779282149] miner ID [2]:Giacomo pays Alice 42 coins
[1779282149] miner ID [2]:WARNING: transaction pool full
[1779282149] miner ID [2]:Francesco pays Giacomo 59 coins
[1779282149] miner ID [2]:WARNING: transaction pool full
[1779282149] miner ID [2]:Giovanna pays Alice 1 coins
[1779282149] miner ID [2]:WARNING: transaction pool full
[1779282149] miner ID [2]:Giovanna pays Ilaria 63 coins
[1779282149] miner ID [2]:WARNING: transaction pool full
[1779282149] miner ID [2]:Francesco pays Giovanna 13 coins
[1779282150] miner ID [2]:Confirmed block received from node
[1779282152] miner ID [2]:WARNING: transaction pool full
[1779282152] miner ID [2]:Bob pays Giacomo 30 coins
[1779282152] miner ID [2]:WARNING: transaction pool full
[1779282152] miner ID [2]:Francesco pays Ilaria 95 coins
[1779282152] miner ID [2]:WARNING: transaction pool full
[1779282152] miner ID [2]:Giovanna pays Ilaria 59 coins
[1779282152] miner ID [2]:WARNING: transaction pool full
[1779282152] miner ID [2]:Giacomo pays Ilaria 62 coins
[1779282152] miner ID [2]:WARNING: transaction pool full
[1779282152] miner ID [2]:Alice pays Ilaria 30 coins
[1779282152] miner ID [2]:WARNING: transaction pool full
[1779282152] miner ID [2]:Giovanna pays Alice 2 coins
[1779282152] miner ID [2]:WARNING: transaction pool full
[1779282152] miner ID [2]:Ilaria pays Giacomo 27 coins
[1779282152] miner ID [2]:WARNING: transaction pool full
[1779282152] miner ID [2]:Ilaria pays Bob 22 coins
[1779282152] miner ID [2]:WARNING: transaction pool full
[1779282152] miner ID [2]:Ilaria pays Giovanna 33 coins
[1779282152] miner ID [2]:WARNING: transaction pool full
[1779282152] miner ID [2]:Alice pays Francesco 32 coins
[1779282152] miner ID [2]:WARNING: transaction pool full
[1779282152] miner ID [2]:Ilaria pays Giovanna 76 coins
[1779282152] miner ID [2]:WARNING: transaction pool full
[1779282152] miner ID [2]:Ilaria pays Alice 57 coins
[1779282152] miner ID [2]:WARNING: transaction pool full
[1779282152] miner ID [2]:Giacomo pays Bob 59 coins
[1779282152] miner ID [2]:WARNING: transaction pool full
[1779282152] miner ID [2]:Francesco pays Alice 61 coins
[1779282152] miner ID [2]:WARNING: transaction pool full
[1779282152] miner ID [2]:Bob pays Giovanna 31 coins
[1779282152] miner ID [2]:WARNING: transaction pool full
[1779282152] miner ID [2]:Giovanna pays Alice 20 coins
[1779282152] miner ID [2]:Mining successful
[1779282152] miner ID [2]:Block sent to nodes
[1779282152] miner ID [2]:Confirmed block received from node
[1779282152] miner ID [2]:Confirmed block received from node
[1779282155] miner ID [2]:Francesco pays Bob 84 coins
[1779282155] miner ID [2]:Francesco pays Giacomo 57 coins
[1779282155] miner ID [2]:Ilaria pays Giacomo 81 coins
[1779282155] miner ID [2]:Alice pays Giovanna 83 coins
[1779282155] miner ID [2]:Francesco pays Ilaria 76 coins
[1779282155] miner ID [2]:Alice pays Francesco 50 coins
[1779282155] miner ID [2]:Bob pays Ilaria 5 coins
[1779282155] miner ID [2]:Francesco pays Alice 89 coins
[1779282155] miner ID [2]:WARNING: transaction pool full
[1779282155] miner ID [2]:Bob pays Alice 1 coins
[1779282155] miner ID [2]:WARNING: transaction pool full
[1779282155] miner ID [2]:Alice pays Francesco 75 coins
[1779282155] miner ID [2]:WARNING: transaction pool full
[1779282155] miner ID [2]:Giacomo pays Giovanna 49 coins
[1779282155] miner ID [2]:WARNING: transaction pool full
[1779282155] miner ID [2]:Giacomo pays Bob 26 coins
[1779282155] miner ID [2]:WARNING: transaction pool full
[1779282155] miner ID [2]:Giacomo pays Francesco 91 coins
[1779282155] miner ID [2]:WARNING: transaction pool full
[1779282155] miner ID [2]:Ilaria pays Francesco 2 coins
[1779282155] miner ID [2]:WARNING: transaction pool full
[1779282155] miner ID [2]:Giacomo pays Ilaria 23 coins
[1779282155] miner ID [2]:WARNING: transaction pool full
[1779282155] miner ID [2]:Alice pays Giovanna 52 coins
[1779282156] miner ID [2]:Confirmed block received from node
[1779282156] miner ID [2]:Mining successful
[1779282156] miner ID [2]:Block sent to nodes
[1779282156] miner ID [2]:Confirmed block received from node
[1779282156] miner ID [2]:Giacomo pays Giovanna 96 coins
[1779282158] miner ID [2]:Francesco pays Ilaria 29 coins
[1779282158] miner ID [2]:Bob pays Francesco 52 coins
[1779282158] miner ID [2]:Bob pays Ilaria 51 coins
[1779282158] miner ID [2]:Ilaria pays Bob 97 coins
[1779282158] miner ID [2]:Alice pays Giacomo 11 coins
[1779282158] miner ID [2]:Giovanna pays Bob 82 coins
[1779282158] miner ID [2]:Alice pays Francesco 44 coins
[1779282158] miner ID [2]:WARNING: transaction pool full
[1779282158] miner ID [2]:Alice pays Giovanna 85 coins
[1779282158] miner ID [2]:WARNING: transaction pool full
[1779282158] miner ID [2]:Ilaria pays Giacomo 18 coins
[1779282159] miner ID [2]:Mining successful
[1779282159] miner ID [2]:Block sent to nodes
[1779282159] miner ID [2]:Confirmed block received from node
[1779282161] miner ID [2]:Confirmed block received from node
[1779282161] miner ID [2]:Lottery won but no transactions to mine
[1779282162] miner ID [2]:Giacomo pays Ilaria 34 coins
[1779282162] miner ID [2]:Bob pays Alice 39 coins
[1779282162] miner ID [2]:Francesco pays Giacomo 82 coins
[1779282162] miner ID [2]:Alice pays Bob 78 coins
[1779282166] miner ID [2]:Confirmed block received from node
[1779282171] miner ID [2]:Ilaria pays Bob 86 coins
[1779282171] miner ID [2]:Ilaria pays Francesco 11 coins
[1779282171] miner ID [2]:Alice pays Giovanna 6 coins
[1779282171] miner ID [2]:Bob pays Giacomo 26 coins
[1779282171] miner ID [2]:WARNING: transaction pool full
[1779282171] miner ID [2]:Francesco pays Giovanna 73 coins
[1779282171] miner ID [2]:Bob pays Francesco 28 coins
[1779282172] miner ID [2]:Confirmed block received from node
[1779282173] miner ID [2]:WARNING: transaction pool full
[1779282173] miner ID [2]:Ilaria pays Giovanna 69 coins
[1779282173] miner ID [2]:WARNING: transaction pool full
[1779282173] miner ID [2]:Alice pays Ilaria 10 coins
[1779282173] miner ID [2]:WARNING: transaction pool full
[1779282173] miner ID [2]:Giacomo pays Bob 17 coins
[1779282175] miner ID [2]:WARNING: transaction pool full
[1779282175] miner ID [2]:Ilaria pays Giacomo 24 coins
[1779282175] miner ID [2]:WARNING: transaction pool full
[1779282175] miner ID [2]:Giovanna pays Ilaria 67 coins
[1779282175] miner ID [2]:WARNING: transaction pool full
[1779282175] miner ID [2]:Ilaria pays Francesco 45 coins
[1779282177] miner ID [2]:Confirmed block received from node
[1779282178] miner ID [2]:WARNING: transaction pool full
[1779282178] miner ID [2]:Ilaria pays Alice 65 coins
[1779282178] miner ID [2]:WARNING: transaction pool full
[1779282178] miner ID [2]:Bob pays Giacomo 35 coins
[1779282178] miner ID [2]:Confirmed block received from node
[1779282178] miner ID [2]:Confirmed block received from node
[1779282179] miner ID [2]:WARNING: transaction pool full
[1779282179] miner ID [2]:Ilaria pays Bob 4 coins
[1779282179] miner ID [2]:WARNING: transaction pool full
[1779282179] miner ID [2]:Francesco pays Bob 23 coins
[1779282179] miner ID [2]:WARNING: transaction pool full
[1779282179] miner ID [2]:Francesco pays Ilaria 94 coins
[1779282179] miner ID [2]:WARNING: transaction pool full
[1779282179] miner ID [2]:Alice pays Bob 26 coins
[1779282179] miner ID [2]:WARNING: transaction pool full
[1779282179] miner ID [2]:Alice pays Giovanna 55 coins
[1779282179] miner ID [2]:WARNING: transaction pool full
[1779282179] miner ID [2]:Ilaria pays Francesco 53 coins
[1779282179] miner ID [2]:WARNING: transaction pool full
[1779282179] miner ID [2]:Giovanna pays Ilaria 13 coins
[1779282179] miner ID [2]:WARNING: transaction pool full
[1779282179] miner ID [2]:Giacomo pays Giovanna 54 coins
[1779282179] miner ID [2]:Mining successful
[1779282179] miner ID [2]:Block sent to nodes
[1779282179] miner ID [2]:Confirmed block received from node
[1779282181] miner ID [2]:Confirmed block received from node
[1779282181] miner ID [2]:Lottery won but no transactions to mine
[1779282182] miner ID [2]:Confirmed block received from node
[1779282182] miner ID [2]:Confirmed block received from node
[1779282184] miner ID [2]:Confirmed block received from node
[1779282184] miner ID [2]:Lottery won but no transactions to mine
[1779282184] miner ID [2]:Confirmed block received from node
[1779282189] miner ID [2]:Giovanna pays Ilaria 45 coins
[1779282189] miner ID [2]:Giacomo pays Alice 49 coins
[1779282189] miner ID [2]:Alice pays Francesco 48 coins
[1779282190] miner ID [2]:Confirmed block received from node
[1779282195] miner ID [2]:Giovanna pays Alice 30 coins
[1779282195] miner ID [2]:Giacomo pays Ilaria 28 coins
[1779282195] miner ID [2]:Francesco pays Giacomo 38 coins
[1779282195] miner ID [2]:Alice pays Ilaria 83 coins
[1779282195] miner ID [2]:Ilaria pays Giacomo 89 coins
[1779282195] miner ID [2]:WARNING: transaction pool full
[1779282195] miner ID [2]:Bob pays Giacomo 11 coins
[1779282195] miner ID [2]:WARNING: transaction pool full
[1779282195] miner ID [2]:Giacomo pays Bob 65 coins
[1779282195] miner ID [2]:WARNING: transaction pool full
[1779282195] miner ID [2]:Giacomo pays Giovanna 76 coins
[1779282196] miner ID [2]:WARNING: transaction pool full
[1779282196] miner ID [2]:Giovanna pays Giacomo 10 coins
[1779282196] miner ID [2]:WARNING: transaction pool full
[1779282196] miner ID [2]:Giacomo pays Francesco 33 coins
[1779282196] miner ID [2]:WARNING: transaction pool full
[1779282196] miner ID [2]:Francesco pays Bob 65 coins
[1779282198] miner ID [2]:WARNING: transaction pool full
[1779282198] miner ID [2]:Bob pays Giovanna 96 coins
[1779282198] miner ID [2]:WARNING: transaction pool full
[1779282198] miner ID [2]:Bob pays Ilaria 72 coins
[1779282198] miner ID [2]:WARNING: transaction pool full
[1779282198] miner ID [2]:Bob pays Giacomo 14 coins
[1779282198] miner ID [2]:WARNING: transaction pool full
[1779282198] miner ID [2]:Giovanna pays Francesco 8 coins
[1779282198] miner ID [2]:WARNING: transaction pool full
[1779282198] miner ID [2]:Giovanna pays Francesco 24 coins
[1779282198] miner ID [2]:WARNING: transaction pool full
[1779282198] miner ID [2]:Giovanna pays Francesco 91 coins
[1779282198] miner ID [2]:Mining successful
[1779282198] miner ID [2]:Block sent to nodes
[1779282198] miner ID [2]:Confirmed block received from node
[1779282198] miner ID [2]:Confirmed block received from node
[1779282200] miner ID [2]:Confirmed block received from node
[1779282201] miner ID [2]:Miner shutting down
