[1779286580] miner ID [5]:miner avviato correttamente
[1779286580] miner ID [5]:Miner started
[1779286581] miner ID [5]:Confirmed block received from node
[1779286581] miner ID [5]:Lottery won but no transactions to mine
[1779286582] miner ID [5]:Confirmed block received from node
[1779286582] miner ID [5]:Confirmed block received from node
[1779286582] miner ID [5]:Lottery won but no transactions to mine
[1779286582] miner ID [5]:Confirmed block received from node
[1779286583] miner ID [5]:Giacomo pays Giovanna 49 coins
[1779286583] miner ID [5]:Francesco pays Ilaria 71 coins
[1779286583] miner ID [5]:Bob pays Ilaria 52 coins
[1779286583] miner ID [5]:Alice pays Ilaria 79 coins
[1779286583] miner ID [5]:Ilaria pays Giovanna 5 coins
[1779286583] miner ID [5]:Giacomo pays Ilaria 10 coins
[1779286583] miner ID [5]:Giovanna pays Bob 21 coins
[1779286583] miner ID [5]:Giacomo pays Francesco 31 coins
[1779286583] miner ID [5]:Giacomo pays Francesco 21 coins
[1779286583] miner ID [5]:Francesco pays Giacomo 87 coins
[1779286585] miner ID [5]:Confirmed block received from node
[1779286585] miner ID [5]:Confirmed block received from node
[1779286586] miner ID [5]:Confirmed block received from node
[1779286586] miner ID [5]:Mining successful
[1779286586] miner ID [5]:Block sent to nodes
[1779286586] miner ID [5]:Confirmed block received from node
[1779286586] miner ID [5]:Lottery won but no transactions to mine
[1779286586] miner ID [5]:Confirmed block received from node
[1779286587] miner ID [5]:Confirmed block received from node
[1779286587] miner ID [5]:Lottery won but no transactions to mine
[1779286590] miner ID [5]:Alice pays Ilaria 89 coins
[1779286590] miner ID [5]:Bob pays Ilaria 28 coins
[1779286590] miner ID [5]:Bob pays Giacomo 68 coins
[1779286590] miner ID [5]:Ilaria pays Alice 6 coins
[1779286590] miner ID [5]:Alice pays Bob 67 coins
[1779286590] miner ID [5]:Confirmed block received from node
[1779286590] miner ID [5]:Confirmed block received from node
[1779286590] miner ID [5]:Confirmed block received from node
[1779286590] miner ID [5]:Confirmed block received from node
[1779286590] miner ID [5]:Mining successful
[1779286590] miner ID [5]:Block sent to nodes
[1779286590] miner ID [5]:Confirmed block received from node
[1779286590] miner ID [5]:Lottery won but no transactions to mine
[1779286591] miner ID [5]:Miner shutting down
[1779286591] miner ID [5]:miner chiuso
