[1779282101] miner ID [3]:miner avviato correttamente
[1779282101] miner ID [3]:Miner started
[1779282106] miner ID [3]:Confirmed block received from node
[1779282106] miner ID [3]:Giovanna pays Francesco 89 coins
[1779282106] miner ID [3]:Giovanna pays Bob 83 coins
[1779282106] miner ID [3]:Confirmed block received from node
[1779282109] miner ID [3]:Bob pays Giacomo 3 coins
[1779282109] miner ID [3]:Alice pays Bob 51 coins
[1779282109] miner ID [3]:Ilaria pays Giacomo 38 coins
[1779282109] miner ID [3]:Ilaria pays Alice 34 coins
[1779282109] miner ID [3]:Bob pays Alice 72 coins
[1779282109] miner ID [3]:Ilaria pays Alice 34 coins
[1779282109] miner ID [3]:Ilaria pays Bob 50 coins
[1779282109] miner ID [3]:WARNING: transaction pool full
[1779282109] miner ID [3]:Giacomo pays Alice 35 coins
[1779282109] miner ID [3]:WARNING: transaction pool full
[1779282109] miner ID [3]:Giovanna pays Ilaria 24 coins
[1779282113] miner ID [3]:WARNING: transaction pool full
[1779282113] miner ID [3]:Alice pays Ilaria 96 coins
[1779282113] miner ID [3]:WARNING: transaction pool full
[1779282113] miner ID [3]:Bob pays Giovanna 21 coins
[1779282113] miner ID [3]:WARNING: transaction pool full
[1779282113] miner ID [3]:Ilaria pays Giacomo 88 coins
[1779282113] miner ID [3]:WARNING: transaction pool full
[1779282113] miner ID [3]:Alice pays Ilaria 21 coins
[1779282115] miner ID [3]:WARNING: transaction pool full
[1779282115] miner ID [3]:Giovanna pays Francesco 18 coins
[1779282115] miner ID [3]:WARNING: transaction pool full
[1779282115] miner ID [3]:Ilaria pays Giacomo 19 coins
[1779282115] miner ID [3]:WARNING: transaction pool full
[1779282115] miner ID [3]:Giacomo pays Bob 23 coins
[1779282115] miner ID [3]:WARNING: transaction pool full
[1779282115] miner ID [3]:Ilaria pays Francesco 59 coins
[1779282115] miner ID [3]:WARNING: transaction pool full
[1779282115] miner ID [3]:Ilaria pays Alice 33 coins
[1779282120] miner ID [3]:WARNING: transaction pool full
[1779282120] miner ID [3]:Alice pays Ilaria 37 coins
[1779282120] miner ID [3]:WARNING: transaction pool full
[1779282120] miner ID [3]:Ilaria pays Bob 24 coins
[1779282120] miner ID [3]:WARNING: transaction pool full
[1779282120] miner ID [3]:Giovanna pays Alice 88 coins
[1779282120] miner ID [3]:WARNING: transaction pool full
[1779282120] miner ID [3]:Francesco pays Alice 98 coins
[1779282120] miner ID [3]:WARNING: transaction pool full
[1779282120] miner ID [3]:Ilaria pays Giovanna 67 coins
[1779282120] miner ID [3]:WARNING: transaction pool full
[1779282120] miner ID [3]:Bob pays Giacomo 38 coins
[1779282120] miner ID [3]:WARNING: transaction pool full
[1779282120] miner ID [3]:Francesco pays Bob 74 coins
[1779282120] miner ID [3]:WARNING: transaction pool full
[1779282120] miner ID [3]:Francesco pays Giovanna 5 coins
[1779282120] miner ID [3]:WARNING: transaction pool full
[1779282120] miner ID [3]:Alice pays Giovanna 87 coins
[1779282120] miner ID [3]:WARNING: transaction pool full
[1779282120] miner ID [3]:Giacomo pays Ilaria 40 coins
[1779282121] miner ID [3]:WARNING: transaction pool full
[1779282121] miner ID [3]:Ilaria pays Francesco 18 coins
[1779282121] miner ID [3]:WARNING: transaction pool full
[1779282121] miner ID [3]:Francesco pays Alice 55 coins
[1779282121] miner ID [3]:Mining successful
[1779282121] miner ID [3]:Block sent to nodes
[1779282121] miner ID [3]:Confirmed block received from node
[1779282122] miner ID [3]:Confirmed block received from node
[1779282122] miner ID [3]:Confirmed block received from node
[1779282124] miner ID [3]:Francesco pays Bob 79 coins
[1779282124] miner ID [3]:Francesco pays Ilaria 70 coins
[1779282124] miner ID [3]:Giacomo pays Alice 52 coins
[1779282124] miner ID [3]:Confirmed block received from node
[1779282125] miner ID [3]:Giovanna pays Francesco 34 coins
[1779282125] miner ID [3]:Giacomo pays Ilaria 4 coins
[1779282125] miner ID [3]:Bob pays Giacomo 90 coins
[1779282125] miner ID [3]:Ilaria pays Alice 70 coins
[1779282125] miner ID [3]:Francesco pays Ilaria 3 coins
[1779282125] miner ID [3]:WARNING: transaction pool full
[1779282125] miner ID [3]:Francesco pays Giovanna 4 coins
[1779282125] miner ID [3]:WARNING: transaction pool full
[1779282125] miner ID [3]:Giovanna pays Giacomo 98 coins
[1779282125] miner ID [3]:WARNING: transaction pool full
[1779282125] miner ID [3]:Alice pays Francesco 82 coins
[1779282128] miner ID [3]:Mining successful
[1779282128] miner ID [3]:Block sent to nodes
[1779282128] miner ID [3]:Confirmed block received from node
[1779282128] miner ID [3]:Confirmed block received from node
[1779282128] miner ID [3]:Confirmed block received from node
[1779282128] miner ID [3]:Confirmed block received from node
[1779282129] miner ID [3]:Confirmed block received from node
[1779282131] miner ID [3]:Ilaria pays Francesco 93 coins
[1779282131] miner ID [3]:Giacomo pays Giovanna 50 coins
[1779282131] miner ID [3]:Ilaria pays Giovanna 83 coins
[1779282131] miner ID [3]:Bob pays Giovanna 95 coins
[1779282131] miner ID [3]:Giacomo pays Ilaria 58 coins
[1779282131] miner ID [3]:Francesco pays Ilaria 80 coins
[1779282131] miner ID [3]:Alice pays Giovanna 54 coins
[1779282131] miner ID [3]:Francesco pays Giacomo 20 coins
[1779282133] miner ID [3]:WARNING: transaction pool full
[1779282133] miner ID [3]:Francesco pays Giacomo 27 coins
[1779282133] miner ID [3]:Mining successful
[1779282133] miner ID [3]:Block sent to nodes
[1779282133] miner ID [3]:Confirmed block received from node
[1779282133] miner ID [3]:Confirmed block received from node
[1779282133] miner ID [3]:Confirmed block received from node
[1779282134] miner ID [3]:Bob pays Giovanna 93 coins
[1779282134] miner ID [3]:Francesco pays Alice 75 coins
[1779282134] miner ID [3]:Giovanna pays Bob 17 coins
[1779282134] miner ID [3]:Mining successful
[1779282134] miner ID [3]:Block sent to nodes
[1779282134] miner ID [3]:Confirmed block received from node
[1779282139] miner ID [3]:Alice pays Ilaria 80 coins
[1779282139] miner ID [3]:Ilaria pays Alice 88 coins
[1779282139] miner ID [3]:Giovanna pays Bob 53 coins
[1779282139] miner ID [3]:Francesco pays Alice 15 coins
[1779282140] miner ID [3]:Alice pays Giacomo 84 coins
[1779282140] miner ID [3]:Ilaria pays Alice 5 coins
[1779282140] miner ID [3]:Francesco pays Bob 33 coins
[1779282140] miner ID [3]:Alice pays Francesco 19 coins
[1779282140] miner ID [3]:WARNING: transaction pool full
[1779282140] miner ID [3]:Giacomo pays Ilaria 34 coins
[1779282140] miner ID [3]:WARNING: transaction pool full
[1779282140] miner ID [3]:Bob pays Giacomo 67 coins
[1779282140] miner ID [3]:WARNING: transaction pool full
[1779282140] miner ID [3]:Francesco pays Bob 68 coins
[1779282140] miner ID [3]:Mining successful
[1779282140] miner ID [3]:Block sent to nodes
[1779282140] miner ID [3]:Confirmed block received from node
[1779282140] miner ID [3]:Confirmed block received from node
[1779282140] miner ID [3]:Lottery won but no transactions to mine
[1779282141] miner ID [3]:Confirmed block received from node
[1779282141] miner ID [3]:Confirmed block received from node
[1779282143] miner ID [3]:Giacomo pays Francesco 67 coins
[1779282143] miner ID [3]:Giovanna pays Bob 47 coins
[1779282143] miner ID [3]:Alice pays Bob 5 coins
[1779282143] miner ID [3]:Francesco pays Alice 23 coins
[1779282143] miner ID [3]:Giacomo pays Giovanna 88 coins
[1779282144] miner ID [3]:Confirmed block received from node
[1779282144] miner ID [3]:Confirmed block received from node
[1779282144] miner ID [3]:Confirmed block received from node
[1779282144] miner ID [3]:Confirmed block received from node
[1779282144] miner ID [3]:Mining successful
[1779282144] miner ID [3]:Block sent to nodes
[1779282144] miner ID [3]:Confirmed block received from node
[1779282147] miner ID [3]:Francesco pays Giacomo 57 coins
[1779282147] miner ID [3]:Ilaria pays Bob 91 coins
[1779282147] miner ID [3]:Giovanna pays Ilaria 4 coins
[1779282147] miner ID [3]:Bob pays Alice 42 coins
[1779282147] miner ID [3]:Giacomo pays Francesco 45 coins
[1779282147] miner ID [3]:Bob pays Alice 99 coins
[1779282147] miner ID [3]:Bob pays Giovanna 56 coins
[1779282147] miner ID [3]:Francesco pays Bob 42 coins
[1779282147] miner ID [3]:Alice pays Bob 4 coins
[1779282150] miner ID [3]:WARNING: transaction pool full
[1779282150] miner ID [3]:Ilaria pays Alice 46 coins
[1779282150] miner ID [3]:WARNING: transaction pool full
[1779282150] miner ID [3]:Giacomo pays Alice 53 coins
[1779282150] miner ID [3]:WARNING: transaction pool full
[1779282150] miner ID [3]:Giovanna pays Francesco 78 coins
[1779282150] miner ID [3]:WARNING: transaction pool full
[1779282150] miner ID [3]:Francesco pays Giacomo 87 coins
[1779282150] miner ID [3]:Mining successful
[1779282150] miner ID [3]:Block sent to nodes
[1779282150] miner ID [3]:Confirmed block received from node
[1779282152] miner ID [3]:Confirmed block received from node
[1779282152] miner ID [3]:Confirmed block received from node
[1779282156] miner ID [3]:Francesco pays Bob 57 coins
[1779282156] miner ID [3]:Giovanna pays Francesco 19 coins
[1779282156] miner ID [3]:Francesco pays Giovanna 95 coins
[1779282156] miner ID [3]:Giovanna pays Giacomo 80 coins
[1779282156] miner ID [3]:Francesco pays Bob 81 coins
[1779282156] miner ID [3]:Giovanna pays Alice 69 coins
[1779282156] miner ID [3]:Giovanna pays Ilaria 46 coins
[1779282156] miner ID [3]:Giacomo pays Ilaria 24 coins
[1779282156] miner ID [3]:Mining successful
[1779282156] miner ID [3]:Block sent to nodes
[1779282156] miner ID [3]:Confirmed block received from node
[1779282156] miner ID [3]:Lottery won but no transactions to mine
[1779282156] miner ID [3]:Confirmed block received from node
[1779282156] miner ID [3]:Ilaria pays Bob 37 coins
[1779282159] miner ID [3]:Alice pays Bob 68 coins
[1779282159] miner ID [3]:Ilaria pays Giacomo 16 coins
[1779282159] miner ID [3]:Giovanna pays Francesco 9 coins
[1779282159] miner ID [3]:Alice pays Bob 46 coins
[1779282159] miner ID [3]:Alice pays Bob 86 coins
[1779282159] miner ID [3]:Confirmed block received from node
[1779282161] miner ID [3]:Confirmed block received from node
[1779282166] miner ID [3]:Giovanna pays Giacomo 57 coins
[1779282166] miner ID [3]:Giacomo pays Alice 32 coins
[1779282166] miner ID [3]:Ilaria pays Bob 46 coins
[1779282166] miner ID [3]:WARNING: transaction pool full
[1779282166] miner ID [3]:Giacomo pays Giovanna 76 coins
[1779282166] miner ID [3]:Mining successful
[1779282166] miner ID [3]:Block sent to nodes
[1779282166] miner ID [3]:Confirmed block received from node
[1779282167] miner ID [3]:Bob pays Giovanna 38 coins
[1779282167] miner ID [3]:Giacomo pays Giovanna 75 coins
[1779282167] miner ID [3]:Giovanna pays Giacomo 68 coins
[1779282167] miner ID [3]:Francesco pays Bob 4 coins
[1779282167] miner ID [3]:Giacomo pays Giovanna 73 coins
[1779282167] miner ID [3]:Ilaria pays Giacomo 63 coins
[1779282167] miner ID [3]:Giacomo pays Bob 70 coins
[1779282167] miner ID [3]:Ilaria pays Bob 61 coins
[1779282172] miner ID [3]:WARNING: transaction pool full
[1779282172] miner ID [3]:Francesco pays Giacomo 15 coins
[1779282172] miner ID [3]:WARNING: transaction pool full
[1779282172] miner ID [3]:Giovanna pays Bob 39 coins
[1779282172] miner ID [3]:WARNING: transaction pool full
[1779282172] miner ID [3]:Francesco pays Giacomo 67 coins
[1779282172] miner ID [3]:WARNING: transaction pool full
[1779282172] miner ID [3]:Alice pays Ilaria 44 coins
[1779282172] miner ID [3]:Confirmed block received from node
[1779282173] miner ID [3]:WARNING: transaction pool full
[1779282173] miner ID [3]:Ilaria pays Francesco 89 coins
[1779282173] miner ID [3]:WARNING: transaction pool full
[1779282173] miner ID [3]:Francesco pays Ilaria 5 coins
[1779282177] miner ID [3]:WARNING: transaction pool full
[1779282177] miner ID [3]:Ilaria pays Giacomo 89 coins
[1779282177] miner ID [3]:WARNING: transaction pool full
[1779282177] miner ID [3]:Bob pays Francesco 48 coins
[1779282177] miner ID [3]:WARNING: transaction pool full
[1779282177] miner ID [3]:Francesco pays Alice 96 coins
[1779282177] miner ID [3]:WARNING: transaction pool full
[1779282177] miner ID [3]:Giacomo pays Alice 37 coins
[1779282177] miner ID [3]:WARNING: transaction pool full
[1779282177] miner ID [3]:Bob pays Giacomo 7 coins
[1779282177] miner ID [3]:Confirmed block received from node
[1779282178] miner ID [3]:Confirmed block received from node
[1779282178] miner ID [3]:Confirmed block received from node
[1779282179] miner ID [3]:Confirmed block received from node
[1779282181] miner ID [3]:Confirmed block received from node
[1779282181] miner ID [3]:Mining successful
[1779282181] miner ID [3]:Block sent to nodes
[1779282182] miner ID [3]:Confirmed block received from node
[1779282182] miner ID [3]:Confirmed block received from node
[1779282184] miner ID [3]:Giovanna pays Alice 32 coins
[1779282184] miner ID [3]:Ilaria pays Bob 44 coins
[1779282184] miner ID [3]:Giacomo pays Giovanna 81 coins
[1779282184] miner ID [3]:Giacomo pays Giovanna 52 coins
[1779282184] miner ID [3]:Confirmed block received from node
[1779282184] miner ID [3]:Mining successful
[1779282184] miner ID [3]:Block sent to nodes
[1779282184] miner ID [3]:Confirmed block received from node
[1779282188] miner ID [3]:Bob pays Alice 18 coins
[1779282188] miner ID [3]:Francesco pays Ilaria 46 coins
[1779282188] miner ID [3]:Alice pays Ilaria 10 coins
[1779282188] miner ID [3]:Giovanna pays Giacomo 94 coins
[1779282188] miner ID [3]:Bob pays Giovanna 49 coins
[1779282188] miner ID [3]:Francesco pays Giacomo 11 coins
[1779282188] miner ID [3]:Francesco pays Bob 29 coins
[1779282188] miner ID [3]:Francesco pays Giovanna 86 coins
[1779282190] miner ID [3]:Mining successful
[1779282190] miner ID [3]:Block sent to nodes
[1779282190] miner ID [3]:Confirmed block received from node
[1779282190] miner ID [3]:Lottery won but no transactions to mine
[1779282194] miner ID [3]:Bob pays Ilaria 96 coins
[1779282194] miner ID [3]:Alice pays Francesco 16 coins
[1779282194] miner ID [3]:Giovanna pays Alice 13 coins
[1779282194] miner ID [3]:Ilaria pays Alice 46 coins
[1779282194] miner ID [3]:Francesco pays Bob 42 coins
[1779282194] miner ID [3]:Giacomo pays Ilaria 64 coins
[1779282194] miner ID [3]:Ilaria pays Giacomo 40 coins
[1779282194] miner ID [3]:Giovanna pays Alice 99 coins
[1779282198] miner ID [3]:Confirmed block received from node
[1779282198] miner ID [3]:Confirmed block received from node
[1779282199] miner ID [3]:WARNING: transaction pool full
[1779282199] miner ID [3]:Alice pays Giovanna 3 coins
[1779282199] miner ID [3]:WARNING: transaction pool full
[1779282199] miner ID [3]:Giacomo pays Giovanna 28 coins
[1779282199] miner ID [3]:WARNING: transaction pool full
[1779282199] miner ID [3]:Alice pays Ilaria 31 coins
[1779282199] miner ID [3]:WARNING: transaction pool full
[1779282199] miner ID [3]:Ilaria pays Bob 22 coins
[1779282199] miner ID [3]:WARNING: transaction pool full
[1779282199] miner ID [3]:Ilaria pays Giacomo 98 coins
[1779282199] miner ID [3]:WARNING: transaction pool full
[1779282199] miner ID [3]:Ilaria pays Giacomo 53 coins
[1779282199] miner ID [3]:WARNING: transaction pool full
[1779282199] miner ID [3]:Giovanna pays Bob 42 coins
[1779282199] miner ID [3]:WARNING: transaction pool full
[1779282199] miner ID [3]:Francesco pays Giovanna 45 coins
[1779282200] miner ID [3]:Confirmed block received from node
[1779282201] miner ID [3]:WARNING: transaction pool full
[1779282201] miner ID [3]:Giacomo pays Giovanna 71 coins
[1779282201] miner ID [3]:WARNING: transaction pool full
[1779282201] miner ID [3]:Giacomo pays Bob 77 coins
[1779282201] miner ID [3]:WARNING: transaction pool full
[1779282201] miner ID [3]:Francesco pays Giovanna 73 coins
[1779282201] miner ID [3]:WARNING: transaction pool full
[1779282201] miner ID [3]:Ilaria pays Giovanna 41 coins
[1779282201] miner ID [3]:Miner shutting down
