[1779282249] miner ID [8]:miner avviato correttamente
[1779282249] miner ID [8]:Miner started
[1779282249] miner ID [8]:Ilaria pays Bob 31 coins
[1779282251] miner ID [8]:Alice pays Giacomo 96 coins
[1779282251] miner ID [8]:Ilaria pays Francesco 58 coins
[1779282251] miner ID [8]:Alice pays Ilaria 82 coins
[1779282251] miner ID [8]:Giovanna pays Giacomo 56 coins
[1779282251] miner ID [8]:Francesco pays Giacomo 41 coins
[1779282251] miner ID [8]:Alice pays Giacomo 75 coins
[1779282251] miner ID [8]:Ilaria pays Bob 4 coins
[1779282251] miner ID [8]:WARNING: transaction pool full
[1779282251] miner ID [8]:Ilaria pays Giacomo 26 coins
[1779282251] miner ID [8]:WARNING: transaction pool full
[1779282251] miner ID [8]:Ilaria pays Alice 17 coins
[1779282251] miner ID [8]:WARNING: transaction pool full
[1779282251] miner ID [8]:Ilaria pays Bob 64 coins
[1779282251] miner ID [8]:WARNING: transaction pool full
[1779282251] miner ID [8]:Bob pays Giovanna 67 coins
[1779282251] miner ID [8]:WARNING: transaction pool full
[1779282251] miner ID [8]:Giovanna pays Bob 59 coins
[1779282251] miner ID [8]:WARNING: transaction pool full
[1779282251] miner ID [8]:Alice pays Ilaria 29 coins
[1779282251] miner ID [8]:WARNING: transaction pool full
[1779282251] miner ID [8]:Bob pays Giovanna 95 coins
[1779282253] miner ID [8]:Confirmed block received from node
[1779282257] miner ID [8]:Confirmed block received from node
[1779282257] miner ID [8]:Mining successful
[1779282257] miner ID [8]:Block sent to nodes
[1779282257] miner ID [8]:Confirmed block received from node
[1779282257] miner ID [8]:Confirmed block received from node
[1779282257] miner ID [8]:Lottery won but no transactions to mine
[1779282257] miner ID [8]:Confirmed block received from node
[1779282257] miner ID [8]:Lottery won but no transactions to mine
[1779282257] miner ID [8]:Confirmed block received from node
[1779282257] miner ID [8]:Lottery won but no transactions to mine
[1779282258] miner ID [8]:Confirmed block received from node
[1779282258] miner ID [8]:Lottery won but no transactions to mine
[1779282260] miner ID [8]:Giovanna pays Giacomo 68 coins
[1779282260] miner ID [8]:Giacomo pays Ilaria 57 coins
[1779282260] miner ID [8]:Giacomo pays Alice 77 coins
[1779282260] miner ID [8]:Alice pays Giacomo 26 coins
[1779282260] miner ID [8]:Alice pays Bob 97 coins
[1779282260] miner ID [8]:Ilaria pays Bob 10 coins
[1779282260] miner ID [8]:Confirmed block received from node
[1779282260] miner ID [8]:Confirmed block received from node
[1779282261] miner ID [8]:Alice pays Giacomo 82 coins
[1779282261] miner ID [8]:Bob pays Alice 54 coins
[1779282261] miner ID [8]:Giovanna pays Alice 27 coins
[1779282261] miner ID [8]:WARNING: transaction pool full
[1779282261] miner ID [8]:Bob pays Ilaria 87 coins
[1779282261] miner ID [8]:WARNING: transaction pool full
[1779282261] miner ID [8]:Giovanna pays Bob 89 coins
[1779282261] miner ID [8]:Mining successful
[1779282261] miner ID [8]:Block sent to nodes
[1779282261] miner ID [8]:Confirmed block received from node
[1779282261] miner ID [8]:Confirmed block received from node
[1779282261] miner ID [8]:Confirmed block received from node
[1779282262] miner ID [8]:Confirmed block received from node
[1779282265] miner ID [8]:Bob pays Ilaria 83 coins
[1779282265] miner ID [8]:Giovanna pays Ilaria 32 coins
[1779282265] miner ID [8]:Bob pays Giovanna 20 coins
[1779282265] miner ID [8]:Giacomo pays Alice 97 coins
[1779282267] miner ID [8]:Giacomo pays Giovanna 66 coins
[1779282267] miner ID [8]:Ilaria pays Alice 8 coins
[1779282267] miner ID [8]:Ilaria pays Francesco 46 coins
[1779282267] miner ID [8]:Confirmed block received from node
[1779282267] miner ID [8]:Confirmed block received from node
[1779282267] miner ID [8]:Confirmed block received from node
[1779282267] miner ID [8]:Mining successful
[1779282267] miner ID [8]:Block sent to nodes
[1779282268] miner ID [8]:Confirmed block received from node
[1779282269] miner ID [8]:Giovanna pays Alice 20 coins
[1779282269] miner ID [8]:Mining successful
[1779282269] miner ID [8]:Block sent to nodes
[1779282269] miner ID [8]:Confirmed block received from node
[1779282269] miner ID [8]:Confirmed block received from node
[1779282269] miner ID [8]:Confirmed block received from node
[1779282273] miner ID [8]:Francesco pays Bob 26 coins
[1779282273] miner ID [8]:Ilaria pays Alice 10 coins
[1779282273] miner ID [8]:Francesco pays Alice 89 coins
[1779282273] miner ID [8]:Giovanna pays Giacomo 98 coins
[1779282273] miner ID [8]:Giacomo pays Francesco 15 coins
[1779282273] miner ID [8]:Giacomo pays Giovanna 44 coins
[1779282274] miner ID [8]:Confirmed block received from node
[1779282274] miner ID [8]:Confirmed block received from node
[1779282274] miner ID [8]:Confirmed block received from node
[1779282275] miner ID [8]:Confirmed block received from node
[1779282275] miner ID [8]:Confirmed block received from node
[1779282276] miner ID [8]:Confirmed block received from node
[1779282276] miner ID [8]:Confirmed block received from node
[1779282278] miner ID [8]:Bob pays Giovanna 96 coins
[1779282278] miner ID [8]:Giovanna pays Giacomo 93 coins
[1779282278] miner ID [8]:WARNING: transaction pool full
[1779282278] miner ID [8]:Giovanna pays Francesco 65 coins
[1779282278] miner ID [8]:Confirmed block received from node
[1779282278] miner ID [8]:Confirmed block received from node
[1779282281] miner ID [8]:Mining successful
[1779282281] miner ID [8]:Block sent to nodes
[1779282281] miner ID [8]:Confirmed block received from node
[1779282281] miner ID [8]:Lottery won but no transactions to mine
[1779282281] miner ID [8]:Confirmed block received from node
[1779282282] miner ID [8]:Lottery won but no transactions to mine
[1779282284] miner ID [8]:Confirmed block received from node
[1779282284] miner ID [8]:Lottery won but no transactions to mine
[1779282285] miner ID [8]:Alice pays Giacomo 61 coins
[1779282285] miner ID [8]:Giovanna pays Ilaria 57 coins
[1779282285] miner ID [8]:Alice pays Bob 85 coins
[1779282285] miner ID [8]:Bob pays Giovanna 18 coins
[1779282285] miner ID [8]:Confirmed block received from node
[1779282285] miner ID [8]:Confirmed block received from node
[1779282285] miner ID [8]:Mining successful
[1779282285] miner ID [8]:Block sent to nodes
[1779282285] miner ID [8]:Confirmed block received from node
[1779282285] miner ID [8]:Lottery won but no transactions to mine
[1779282289] miner ID [8]:Francesco pays Giovanna 34 coins
[1779282289] miner ID [8]:Confirmed block received from node
[1779282289] miner ID [8]:Confirmed block received from node
[1779282289] miner ID [8]:Confirmed block received from node
[1779282289] miner ID [8]:Mining successful
[1779282289] miner ID [8]:Block sent to nodes
[1779282290] miner ID [8]:Confirmed block received from node
[1779282290] miner ID [8]:Confirmed block received from node
[1779282290] miner ID [8]:Confirmed block received from node
[1779282295] miner ID [8]:Alice pays Bob 34 coins
[1779282295] miner ID [8]:Ilaria pays Alice 72 coins
[1779282295] miner ID [8]:Francesco pays Bob 41 coins
[1779282295] miner ID [8]:Alice pays Ilaria 39 coins
[1779282295] miner ID [8]:Confirmed block received from node
[1779282295] miner ID [8]:Mining successful
[1779282295] miner ID [8]:Block sent to nodes
[1779282295] miner ID [8]:Confirmed block received from node
[1779282295] miner ID [8]:Confirmed block received from node
[1779282296] miner ID [8]:Giovanna pays Ilaria 18 coins
[1779282296] miner ID [8]:Giovanna pays Giacomo 70 coins
[1779282296] miner ID [8]:Alice pays Giacomo 48 coins
[1779282296] miner ID [8]:Ilaria pays Francesco 44 coins
[1779282296] miner ID [8]:Francesco pays Ilaria 10 coins
[1779282296] miner ID [8]:Giacomo pays Giovanna 77 coins
[1779282296] miner ID [8]:Confirmed block received from node
[1779282296] miner ID [8]:Confirmed block received from node
[1779282296] miner ID [8]:Mining successful
[1779282296] miner ID [8]:Block sent to nodes
[1779282296] miner ID [8]:Confirmed block received from node
[1779282296] miner ID [8]:Confirmed block received from node
[1779282296] miner ID [8]:Confirmed block received from node
[1779282297] miner ID [8]:Giovanna pays Francesco 10 coins
[1779282297] miner ID [8]:Giacomo pays Francesco 32 coins
[1779282297] miner ID [8]:Giovanna pays Giacomo 9 coins
[1779282297] miner ID [8]:Confirmed block received from node
[1779282297] miner ID [8]:Mining successful
[1779282297] miner ID [8]:Block sent to nodes
[1779282297] miner ID [8]:Confirmed block received from node
[1779282297] miner ID [8]:Lottery won but no transactions to mine
[1779282300] miner ID [8]:Confirmed block received from node
[1779282300] miner ID [8]:Confirmed block received from node
[1779282300] miner ID [8]:Lottery won but no transactions to mine
[1779282300] miner ID [8]:Confirmed block received from node
[1779282300] miner ID [8]:Confirmed block received from node
[1779282302] miner ID [8]:Confirmed block received from node
[1779282303] miner ID [8]:Confirmed block received from node
[1779282303] miner ID [8]:Confirmed block received from node
[1779282303] miner ID [8]:Confirmed block received from node
[1779282303] miner ID [8]:Confirmed block received from node
[1779282303] miner ID [8]:Confirmed block received from node
[1779282303] miner ID [8]:Confirmed block received from node
[1779282303] miner ID [8]:Lottery won but no transactions to mine
[1779282306] miner ID [8]:Confirmed block received from node
[1779282306] miner ID [8]:Confirmed block received from node
[1779282310] miner ID [8]:Bob pays Alice 25 coins
[1779282310] miner ID [8]:Ilaria pays Giacomo 43 coins
[1779282310] miner ID [8]:Mining successful
[1779282310] miner ID [8]:Block sent to nodes
[1779282310] miner ID [8]:Confirmed block received from node
[1779282310] miner ID [8]:Confirmed block received from node
[1779282310] miner ID [8]:Lottery won but no transactions to mine
[1779282311] miner ID [8]:Giovanna pays Bob 96 coins
[1779282311] miner ID [8]:Alice pays Bob 50 coins
[1779282311] miner ID [8]:Ilaria pays Alice 55 coins
[1779282311] miner ID [8]:Giacomo pays Alice 54 coins
[1779282311] miner ID [8]:Bob pays Ilaria 10 coins
[1779282311] miner ID [8]:Bob pays Ilaria 53 coins
[1779282311] miner ID [8]:Giovanna pays Bob 34 coins
[1779282313] miner ID [8]:Confirmed block received from node
[1779282316] miner ID [8]:Confirmed block received from node
[1779282316] miner ID [8]:Confirmed block received from node
[1779282316] miner ID [8]:Mining successful
[1779282316] miner ID [8]:Block sent to nodes
[1779282316] miner ID [8]:Confirmed block received from node
[1779282317] miner ID [8]:Confirmed block received from node
[1779282317] miner ID [8]:Confirmed block received from node
[1779282319] miner ID [8]:Confirmed block received from node
[1779282322] miner ID [8]:Alice pays Ilaria 55 coins
[1779282322] miner ID [8]:Ilaria pays Francesco 85 coins
[1779282322] miner ID [8]:Ilaria pays Francesco 24 coins
[1779282322] miner ID [8]:Ilaria pays Francesco 48 coins
[1779282322] miner ID [8]:Bob pays Francesco 57 coins
[1779282322] miner ID [8]:Giacomo pays Francesco 45 coins
[1779282325] miner ID [8]:Giovanna pays Giacomo 19 coins
[1779282325] miner ID [8]:Bob pays Francesco 42 coins
[1779282325] miner ID [8]:WARNING: transaction pool full
[1779282325] miner ID [8]:Bob pays Francesco 94 coins
[1779282325] miner ID [8]:WARNING: transaction pool full
[1779282325] miner ID [8]:Bob pays Giovanna 40 coins
[1779282325] miner ID [8]:WARNING: transaction pool full
[1779282325] miner ID [8]:Giacomo pays Giovanna 19 coins
[1779282325] miner ID [8]:WARNING: transaction pool full
[1779282325] miner ID [8]:Ilaria pays Francesco 40 coins
[1779282326] miner ID [8]:Confirmed block received from node
[1779282326] miner ID [8]:Confirmed block received from node
[1779282326] miner ID [8]:Confirmed block received from node
[1779282327] miner ID [8]:Confirmed block received from node
[1779282328] miner ID [8]:WARNING: transaction pool full
[1779282328] miner ID [8]:Ilaria pays Giovanna 30 coins
[1779282328] miner ID [8]:WARNING: transaction pool full
[1779282328] miner ID [8]:Bob pays Francesco 15 coins
[1779282328] miner ID [8]:WARNING: transaction pool full
[1779282328] miner ID [8]:Ilaria pays Alice 6 coins
[1779282329] miner ID [8]:Miner shutting down
