[1779286680] miner ID [5]:miner avviato correttamente
[1779286680] miner ID [5]:Miner started
[1779286680] miner ID [5]:Giovanna pays Ilaria 45 coins
[1779286680] miner ID [5]:Bob pays Ilaria 58 coins
[1779286680] miner ID [5]:Giovanna pays Giacomo 61 coins
[1779286681] miner ID [5]:Giovanna pays Giacomo 68 coins
[1779286681] miner ID [5]:Bob pays Giovanna 92 coins
[1779286681] miner ID [5]:Ilaria pays Giacomo 17 coins
[1779286681] miner ID [5]:Mining successful
[1779286681] miner ID [5]:Block sent to nodes
[1779286681] miner ID [5]:Confirmed block received from node
[1779286681] miner ID [5]:Confirmed block received from node
[1779286681] miner ID [5]:Lottery won but no transactions to mine
[1779286683] miner ID [5]:Giovanna pays Alice 4 coins
[1779286683] miner ID [5]:Ilaria pays Alice 14 coins
[1779286683] miner ID [5]:Giovanna pays Ilaria 67 coins
[1779286683] miner ID [5]:Alice pays Giacomo 84 coins
[1779286683] miner ID [5]:Ilaria pays Giovanna 90 coins
[1779286683] miner ID [5]:Mining successful
[1779286683] miner ID [5]:Block sent to nodes
[1779286683] miner ID [5]:Confirmed block received from node
[1779286684] miner ID [5]:Confirmed block received from node
[1779286684] miner ID [5]:Lottery won but no transactions to mine
[1779286684] miner ID [5]:Confirmed block received from node
[1779286686] miner ID [5]:Confirmed block received from node
[1779286686] miner ID [5]:Lottery won but no transactions to mine
[1779286687] miner ID [5]:Confirmed block received from node
[1779286687] miner ID [5]:Confirmed block received from node
[1779286689] miner ID [5]:Giacomo pays Bob 84 coins
[1779286689] miner ID [5]:Bob pays Giovanna 51 coins
[1779286689] miner ID [5]:Alice pays Giacomo 35 coins
[1779286689] miner ID [5]:Alice pays Giacomo 56 coins
[1779286689] miner ID [5]:Giacomo pays Francesco 74 coins
[1779286689] miner ID [5]:Ilaria pays Francesco 60 coins
[1779286692] miner ID [5]:Confirmed block received from node
[1779286692] miner ID [5]:Confirmed block received from node
[1779286692] miner ID [5]:Mining successful
[1779286692] miner ID [5]:Block sent to nodes
[1779286693] miner ID [5]:Confirmed block received from node
[1779286693] miner ID [5]:Lottery won but no transactions to mine
[1779286693] miner ID [5]:Confirmed block received from node
[1779286695] miner ID [5]:Confirmed block received from node
[1779286695] miner ID [5]:Confirmed block received from node
[1779286695] miner ID [5]:Lottery won but no transactions to mine
[1779286698] miner ID [5]:Giovanna pays Bob 66 coins
[1779286698] miner ID [5]:Mining successful
[1779286698] miner ID [5]:Block sent to nodes
[1779286698] miner ID [5]:Confirmed block received from node
[1779286698] miner ID [5]:Confirmed block received from node
[1779286699] miner ID [5]:Confirmed block received from node
[1779286699] miner ID [5]:Confirmed block received from node
[1779286699] miner ID [5]:Lottery won but no transactions to mine
[1779286701] miner ID [5]:Giovanna pays Bob 3 coins
[1779286701] miner ID [5]:Giovanna pays Francesco 19 coins
[1779286701] miner ID [5]:Giacomo pays Alice 31 coins
[1779286701] miner ID [5]:Confirmed block received from node
[1779286701] miner ID [5]:Confirmed block received from node
[1779286703] miner ID [5]:Ilaria pays Giacomo 14 coins
[1779286703] miner ID [5]:Alice pays Ilaria 63 coins
[1779286703] miner ID [5]:Giacomo pays Ilaria 36 coins
[1779286704] miner ID [5]:Confirmed block received from node
[1779286704] miner ID [5]:Confirmed block received from node
[1779286704] miner ID [5]:Confirmed block received from node
[1779286704] miner ID [5]:Mining successful
[1779286704] miner ID [5]:Block sent to nodes
[1779286704] miner ID [5]:Confirmed block received from node
[1779286704] miner ID [5]:Lottery won but no transactions to mine
[1779286705] miner ID [5]:Confirmed block received from node
[1779286708] miner ID [5]:Bob pays Giovanna 48 coins
[1779286708] miner ID [5]:Francesco pays Alice 14 coins
[1779286708] miner ID [5]:Francesco pays Ilaria 30 coins
[1779286708] miner ID [5]:Bob pays Giacomo 72 coins
[1779286708] miner ID [5]:Giacomo pays Giovanna 99 coins
[1779286708] miner ID [5]:Alice pays Ilaria 71 coins
[1779286708] miner ID [5]:Confirmed block received from node
[1779286716] miner ID [5]:Confirmed block received from node
[1779286716] miner ID [5]:Confirmed block received from node
[1779286716] miner ID [5]:Mining successful
[1779286716] miner ID [5]:Block sent to nodes
[1779286716] miner ID [5]:Confirmed block received from node
[1779286716] miner ID [5]:Lottery won but no transactions to mine
[1779286718] miner ID [5]:Confirmed block received from node
[1779286718] miner ID [5]:Confirmed block received from node
[1779286718] miner ID [5]:Lottery won but no transactions to mine
[1779286721] miner ID [5]:Ilaria pays Bob 22 coins
[1779286721] miner ID [5]:Mining successful
[1779286721] miner ID [5]:Block sent to nodes
[1779286721] miner ID [5]:Confirmed block received from node
[1779286722] miner ID [5]:Alice pays Giovanna 25 coins
[1779286723] miner ID [5]:Giovanna pays Alice 58 coins
[1779286723] miner ID [5]:Bob pays Ilaria 85 coins
[1779286723] miner ID [5]:Alice pays Francesco 85 coins
[1779286726] miner ID [5]:Confirmed block received from node
[1779286726] miner ID [5]:Mining successful
[1779286726] miner ID [5]:Block sent to nodes
[1779286726] miner ID [5]:Confirmed block received from node
[1779286726] miner ID [5]:Confirmed block received from node
[1779286726] miner ID [5]:Lottery won but no transactions to mine
[1779286727] miner ID [5]:Alice pays Giacomo 33 coins
[1779286727] miner ID [5]:Giacomo pays Bob 28 coins
[1779286727] miner ID [5]:Alice pays Francesco 20 coins
[1779286727] miner ID [5]:Giovanna pays Francesco 21 coins
[1779286727] miner ID [5]:Giacomo pays Ilaria 67 coins
[1779286727] miner ID [5]:Bob pays Francesco 39 coins
[1779286728] miner ID [5]:Confirmed block received from node
[1779286728] miner ID [5]:Mining successful
[1779286728] miner ID [5]:Block sent to nodes
[1779286728] miner ID [5]:Confirmed block received from node
[1779286731] miner ID [5]:Ilaria pays Giovanna 75 coins
[1779286731] miner ID [5]:Mining successful
[1779286731] miner ID [5]:Block sent to nodes
[1779286731] miner ID [5]:Confirmed block received from node
[1779286731] miner ID [5]:Lottery won but no transactions to mine
[1779286731] miner ID [5]:Confirmed block received from node
[1779286731] miner ID [5]:Confirmed block received from node
[1779286731] miner ID [5]:Lottery won but no transactions to mine
[1779286733] miner ID [5]:Miner shutting down
[1779286733] miner ID [5]:miner chiuso
