[1779269595] miner ID [0]:miner avviato correttamente
[1779269595] miner ID [0]:Miner started
[1779269600] miner ID [0]:Lottery won but no transactions to mine
[1779269604] miner ID [0]:Confirmed block received from node
[1779269604] miner ID [0]:Lottery won but no transactions to mine
[1779269607] miner ID [0]:Alice pays Giacomo 26 coins
[1779269607] miner ID [0]:Mining successful
[1779269607] miner ID [0]:Block sent to nodes
[1779269607] miner ID [0]:Confirmed block received from node
[1779269607] miner ID [0]:Lottery won but no transactions to mine
[1779269611] miner ID [0]:Francesco pays Giacomo 17 coins
[1779269611] miner ID [0]:Mining successful
[1779269611] miner ID [0]:Block sent to nodes
[1779269611] miner ID [0]:Confirmed block received from node
[1779269611] miner ID [0]:Lottery won but no transactions to mine
[1779269612] miner ID [0]:Lottery won but no transactions to mine
[1779269615] miner ID [0]:Confirmed block received from node
[1779269615] miner ID [0]:Lottery won but no transactions to mine
[1779269619] miner ID [0]:Bob pays Giacomo 7 coins
[1779269619] miner ID [0]:Mining successful
[1779269619] miner ID [0]:Block sent to nodes
[1779269619] miner ID [0]:Confirmed block received from node
[1779269619] miner ID [0]:Lottery won but no transactions to mine
[1779269620] miner ID [0]:Lottery won but no transactions to mine
[1779269621] miner ID [0]:Lottery won but no transactions to mine
[1779269623] miner ID [0]:Ilaria pays Bob 6 coins
[1779269623] miner ID [0]:Mining successful
[1779269623] miner ID [0]:Block sent to nodes
[1779269623] miner ID [0]:Confirmed block received from node
[1779269623] miner ID [0]:Lottery won but no transactions to mine
[1779269626] miner ID [0]:Lottery won but no transactions to mine
[1779269627] miner ID [0]:Bob pays Giacomo 82 coins
[1779269627] miner ID [0]:alice pays bob 20 coins::
[1779269627] miner ID [0]:Mining successful
[1779269627] miner ID [0]:Block sent to nodes
[1779269627] miner ID [0]:Confirmed block received from node
[1779269627] miner ID [0]:Lottery won but no transactions to mine
[1779269630] miner ID [0]:Lottery won but no transactions to mine
[1779269632] miner ID [0]:Alice pays Ilaria 85 coins
[1779269632] miner ID [0]:Mining successful
[1779269632] miner ID [0]:Block sent to nodes
[1779269632] miner ID [0]:Confirmed block received from node
[1779269632] miner ID [0]:Lottery won but no transactions to mine
[1779269635] miner ID [0]:Confirmed block received from node
[1779269635] miner ID [0]:Lottery won but no transactions to mine
[1779269639] miner ID [0]:Confirmed block received from node
[1779269639] miner ID [0]:Lottery won but no transactions to mine
[1779269643] miner ID [0]:Bob pays Alice 86 coins
[1779269643] miner ID [0]:Mining successful
[1779269643] miner ID [0]:Block sent to nodes
[1779269643] miner ID [0]:Confirmed block received from node
[1779269643] miner ID [0]:Lottery won but no transactions to mine
[1779269646] miner ID [0]:Lottery won but no transactions to mine
[1779269648] miner ID [0]:Giacomo pays Ilaria 10 coins
[1779269648] miner ID [0]:Mining successful
[1779269648] miner ID [0]:Block sent to nodes
[1779269648] miner ID [0]:Confirmed block received from node
[1779269648] miner ID [0]:Lottery won but no transactions to mine
[1779269650] miner ID [0]:Lottery won but no transactions to mine
[1779269651] miner ID [0]:Confirmed block received from node
[1779269651] miner ID [0]:Lottery won but no transactions to mine
[1779269656] miner ID [0]:Lottery won but no transactions to mine
[1779269658] miner ID [0]:Lottery won but no transactions to mine
[1779269663] miner ID [0]:Giacomo pays Ilaria 85 coins
[1779269663] miner ID [0]:Mining successful
[1779269663] miner ID [0]:Block sent to nodes
[1779269663] miner ID [0]:Confirmed block received from node
[1779269663] miner ID [0]:Lottery won but no transactions to mine
[1779269666] miner ID [0]:Lottery won but no transactions to mine
[1779269668] miner ID [0]:Lottery won but no transactions to mine
[1779269669] miner ID [0]:Lottery won but no transactions to mine
[1779269676] miner ID [0]:Lottery won but no transactions to mine
[1779269678] miner ID [0]:Lottery won but no transactions to mine
[1779269679] miner ID [0]:Lottery won but no transactions to mine
[1779269680] miner ID [0]:Confirmed block received from node
[1779269680] miner ID [0]:Lottery won but no transactions to mine
[1779269680] miner ID [0]:Confirmed block received from node
[1779269680] miner ID [0]:Lottery won but no transactions to mine
[1779269681] miner ID [0]:Miner shutting down
