[1779286750] miner ID [6]:miner avviato correttamente
[1779286750] miner ID [6]:Miner started
[1779286753] miner ID [6]:Confirmed block received from node
[1779286754] miner ID [6]:Bob pays Giovanna 28 coins
[1779286754] miner ID [6]:Giacomo pays Ilaria 86 coins
[1779286754] miner ID [6]:Giovanna pays Ilaria 69 coins
[1779286754] miner ID [6]:Bob pays Giacomo 88 coins
[1779286754] miner ID [6]:Giacomo pays Francesco 38 coins
[1779286754] miner ID [6]:Ilaria pays Francesco 25 coins
[1779286754] miner ID [6]:Giovanna pays Francesco 58 coins
[1779286754] miner ID [6]:Alice pays Giovanna 80 coins
[1779286756] miner ID [6]:Confirmed block received from node
[1779286757] miner ID [6]:Mining successful
[1779286757] miner ID [6]:Block sent to nodes
[1779286757] miner ID [6]:Confirmed block received from node
[1779286757] miner ID [6]:Lottery won but no transactions to mine
[1779286759] miner ID [6]:Confirmed block received from node
[1779286760] miner ID [6]:Confirmed block received from node
[1779286762] miner ID [6]:Confirmed block received from node
[1779286762] miner ID [6]:Confirmed block received from node
[1779286762] miner ID [6]:Lottery won but no transactions to mine
[1779286764] miner ID [6]:Confirmed block received from node
[1779286764] miner ID [6]:Lottery won but no transactions to mine
[1779286766] miner ID [6]:Confirmed block received from node
[1779286766] miner ID [6]:Confirmed block received from node
[1779286766] miner ID [6]:Confirmed block received from node
[1779286766] miner ID [6]:Lottery won but no transactions to mine
[1779286768] miner ID [6]:Confirmed block received from node
[1779286769] miner ID [6]:Lottery won but no transactions to mine
[1779286769] miner ID [6]:Confirmed block received from node
[1779286769] miner ID [6]:Lottery won but no transactions to mine
[1779286770] miner ID [6]:Confirmed block received from node
[1779286770] miner ID [6]:Confirmed block received from node
[1779286770] miner ID [6]:Lottery won but no transactions to mine
[1779286771] miner ID [6]:Confirmed block received from node
[1779286771] miner ID [6]:Lottery won but no transactions to mine
[1779286771] miner ID [6]:Confirmed block received from node
[1779286771] miner ID [6]:Lottery won but no transactions to mine
[1779286771] miner ID [6]:Confirmed block received from node
[1779286771] miner ID [6]:Lottery won but no transactions to mine
[1779286773] miner ID [6]:Bob pays Giacomo 64 coins
[1779286773] miner ID [6]:Francesco pays Giovanna 91 coins
[1779286773] miner ID [6]:Confirmed block received from node
[1779286773] miner ID [6]:Mining successful
[1779286773] miner ID [6]:Block sent to nodes
[1779286773] miner ID [6]:Confirmed block received from node
[1779286774] miner ID [6]:Confirmed block received from node
[1779286777] miner ID [6]:Confirmed block received from node
[1779286777] miner ID [6]:Lottery won but no transactions to mine
[1779286777] miner ID [6]:Confirmed block received from node
[1779286777] miner ID [6]:Lottery won but no transactions to mine
[1779286781] miner ID [6]:Alice pays Giovanna 27 coins
[1779286781] miner ID [6]:Giacomo pays Alice 96 coins
[1779286781] miner ID [6]:Ilaria pays Alice 95 coins
[1779286781] miner ID [6]:Giovanna pays Alice 16 coins
[1779286781] miner ID [6]:Mining successful
[1779286781] miner ID [6]:Block sent to nodes
[1779286781] miner ID [6]:Confirmed block received from node
[1779286781] miner ID [6]:Lottery won but no transactions to mine
[1779286781] miner ID [6]:Confirmed block received from node
[1779286781] miner ID [6]:Lottery won but no transactions to mine
[1779286781] miner ID [6]:Confirmed block received from node
[1779286781] miner ID [6]:Lottery won but no transactions to mine
[1779286785] miner ID [6]:Confirmed block received from node
[1779286785] miner ID [6]:Lottery won but no transactions to mine
[1779286785] miner ID [6]:Confirmed block received from node
[1779286786] miner ID [6]:Confirmed block received from node
[1779286786] miner ID [6]:Lottery won but no transactions to mine
[1779286789] miner ID [6]:Confirmed block received from node
[1779286790] miner ID [6]:Confirmed block received from node
[1779286791] miner ID [6]:Confirmed block received from node
[1779286791] miner ID [6]:Lottery won but no transactions to mine
[1779286795] miner ID [6]:Confirmed block received from node
[1779286795] miner ID [6]:Confirmed block received from node
[1779286795] miner ID [6]:Lottery won but no transactions to mine
[1779286796] miner ID [6]:Giacomo pays Alice 86 coins
[1779286796] miner ID [6]:Bob pays Alice 94 coins
[1779286796] miner ID [6]:Giacomo pays Giovanna 89 coins
[1779286797] miner ID [6]:Confirmed block received from node
[1779286797] miner ID [6]:Mining successful
[1779286797] miner ID [6]:Block sent to nodes
[1779286797] miner ID [6]:Confirmed block received from node
[1779286797] miner ID [6]:Lottery won but no transactions to mine
[1779286797] miner ID [6]:Confirmed block received from node
[1779286797] miner ID [6]:Lottery won but no transactions to mine
[1779286799] miner ID [6]:Confirmed block received from node
[1779286801] miner ID [6]:Giacomo pays Alice 9 coins
[1779286801] miner ID [6]:Bob pays Ilaria 48 coins
[1779286801] miner ID [6]:Francesco pays Giovanna 58 coins
[1779286801] miner ID [6]:Francesco pays Giovanna 94 coins
[1779286801] miner ID [6]:Giovanna pays Bob 96 coins
[1779286801] miner ID [6]:Giovanna pays Bob 91 coins
[1779286801] miner ID [6]:Giacomo pays Giovanna 49 coins
[1779286801] miner ID [6]:Francesco pays Ilaria 56 coins
[1779286801] miner ID [6]:Mining successful
[1779286801] miner ID [6]:Block sent to nodes
[1779286801] miner ID [6]:Confirmed block received from node
[1779286802] miner ID [6]:Alice pays Giovanna 26 coins
[1779286802] miner ID [6]:Alice pays Bob 36 coins
[1779286802] miner ID [6]:Bob pays Giacomo 23 coins
[1779286802] miner ID [6]:Mining successful
[1779286802] miner ID [6]:Block sent to nodes
[1779286802] miner ID [6]:Confirmed block received from node
[1779286802] miner ID [6]:Confirmed block received from node
[1779286802] miner ID [6]:Lottery won but no transactions to mine
[1779286803] miner ID [6]:Confirmed block received from node
[1779286806] miner ID [6]:Francesco pays Bob 93 coins
[1779286806] miner ID [6]:Mining successful
[1779286806] miner ID [6]:Block sent to nodes
[1779286806] miner ID [6]:Confirmed block received from node
[1779286806] miner ID [6]:Confirmed block received from node
[1779286807] miner ID [6]:Confirmed block received from node
[1779286807] miner ID [6]:Confirmed block received from node
[1779286808] miner ID [6]:Alice pays Bob 44 coins
[1779286808] miner ID [6]:Giovanna pays Giacomo 78 coins
[1779286808] miner ID [6]:Confirmed block received from node
[1779286808] miner ID [6]:Mining successful
[1779286808] miner ID [6]:Block sent to nodes
[1779286808] miner ID [6]:Confirmed block received from node
[1779286808] miner ID [6]:Confirmed block received from node
[1779286808] miner ID [6]:Lottery won but no transactions to mine
[1779286809] miner ID [6]:Giacomo pays Francesco 36 coins
[1779286809] miner ID [6]:Ilaria pays Giovanna 89 coins
[1779286809] miner ID [6]:Ilaria pays Giacomo 77 coins
[1779286809] miner ID [6]:Giacomo pays Bob 70 coins
[1779286809] miner ID [6]:Giovanna pays Giacomo 48 coins
[1779286809] miner ID [6]:Bob pays Ilaria 99 coins
[1779286809] miner ID [6]:Ilaria pays Francesco 35 coins
[1779286809] miner ID [6]:Francesco pays Giacomo 54 coins
[1779286809] miner ID [6]:Mining successful
[1779286809] miner ID [6]:Block sent to nodes
[1779286809] miner ID [6]:Confirmed block received from node
[1779286811] miner ID [6]:Confirmed block received from node
[1779286812] miner ID [6]:Confirmed block received from node
[1779286812] miner ID [6]:Confirmed block received from node
[1779286812] miner ID [6]:Lottery won but no transactions to mine
[1779286812] miner ID [6]:Confirmed block received from node
[1779286814] miner ID [6]:Confirmed block received from node
[1779286814] miner ID [6]:Confirmed block received from node
[1779286814] miner ID [6]:Lottery won but no transactions to mine
[1779286815] miner ID [6]:Confirmed block received from node
[1779286816] miner ID [6]:Confirmed block received from node
[1779286817] miner ID [6]:Alice pays Giacomo 92 coins
[1779286817] miner ID [6]:Giacomo pays Bob 75 coins
[1779286817] miner ID [6]:Francesco pays Alice 60 coins
[1779286817] miner ID [6]:Giacomo pays Ilaria 53 coins
[1779286817] miner ID [6]:Ilaria pays Giovanna 56 coins
[1779286817] miner ID [6]:Ilaria pays Giacomo 20 coins
[1779286817] miner ID [6]:Ilaria pays Giovanna 29 coins
[1779286817] miner ID [6]:Francesco pays Giacomo 29 coins
[1779286817] miner ID [6]:Mining successful
[1779286817] miner ID [6]:Block sent to nodes
[1779286817] miner ID [6]:Confirmed block received from node
[1779286817] miner ID [6]:Confirmed block received from node
[1779286818] miner ID [6]:Confirmed block received from node
[1779286820] miner ID [6]:Alice pays Ilaria 97 coins
[1779286820] miner ID [6]:Alice pays Giovanna 63 coins
[1779286820] miner ID [6]:Giovanna pays Giacomo 83 coins
[1779286820] miner ID [6]:Ilaria pays Bob 95 coins
[1779286820] miner ID [6]:Alice pays Francesco 60 coins
[1779286820] miner ID [6]:Alice pays Francesco 88 coins
[1779286820] miner ID [6]:Giacomo pays Francesco 80 coins
[1779286820] miner ID [6]:Alice pays Francesco 59 coins
[1779286820] miner ID [6]:Alice pays Francesco 63 coins
[1779286820] miner ID [6]:Giacomo pays Alice 11 coins
[1779286820] miner ID [6]:Giovanna pays Ilaria 6 coins
[1779286820] miner ID [6]:Ilaria pays Giacomo 93 coins
[1779286820] miner ID [6]:Alice pays Francesco 82 coins
[1779286820] miner ID [6]:Giacomo pays Francesco 78 coins
[1779286820] miner ID [6]:Alice pays Giacomo 16 coins
[1779286820] miner ID [6]:Giovanna pays Alice 88 coins
[1779286821] miner ID [6]:Confirmed block received from node
[1779286821] miner ID [6]:Confirmed block received from node
[1779286822] miner ID [6]:Confirmed block received from node
[1779286822] miner ID [6]:Confirmed block received from node
[1779286823] miner ID [6]:Confirmed block received from node
[1779286823] miner ID [6]:Mining successful
[1779286823] miner ID [6]:Block sent to nodes
[1779286823] miner ID [6]:Confirmed block received from node
[1779286824] miner ID [6]:Confirmed block received from node
[1779286824] miner ID [6]:Confirmed block received from node
[1779286824] miner ID [6]:Bob pays Alice 37 coins
[1779286825] miner ID [6]:Confirmed block received from node
[1779286826] miner ID [6]:Confirmed block received from node
[1779286827] miner ID [6]:Confirmed block received from node
[1779286827] miner ID [6]:Mining successful
[1779286827] miner ID [6]:Block sent to nodes
[1779286827] miner ID [6]:Confirmed block received from node
[1779286827] miner ID [6]:Lottery won but no transactions to mine
[1779286830] miner ID [6]:Giovanna pays Francesco 21 coins
[1779286830] miner ID [6]:Mining successful
[1779286830] miner ID [6]:Block sent to nodes
[1779286830] miner ID [6]:Confirmed block received from node
[1779286830] miner ID [6]:Lottery won but no transactions to mine
[1779286830] miner ID [6]:Confirmed block received from node
[1779286830] miner ID [6]:Confirmed block received from node
[1779286830] miner ID [6]:Lottery won but no transactions to mine
[1779286831] miner ID [6]:Confirmed block received from node
[1779286834] miner ID [6]:Confirmed block received from node
[1779286834] miner ID [6]:Lottery won but no transactions to mine
[1779286836] miner ID [6]:Giovanna pays Alice 46 coins
[1779286836] miner ID [6]:Mining successful
[1779286836] miner ID [6]:Block sent to nodes
[1779286836] miner ID [6]:Confirmed block received from node
[1779286836] miner ID [6]:Confirmed block received from node
[1779286836] miner ID [6]:Confirmed block received from node
[1779286836] miner ID [6]:Lottery won but no transactions to mine
[1779286839] miner ID [6]:Bob pays Alice 1 coins
[1779286839] miner ID [6]:Mining successful
[1779286839] miner ID [6]:Block sent to nodes
[1779286839] miner ID [6]:Confirmed block received from node
[1779286839] miner ID [6]:Lottery won but no transactions to mine
[1779286839] miner ID [6]:Confirmed block received from node
[1779286839] miner ID [6]:Lottery won but no transactions to mine
[1779286841] miner ID [6]:Confirmed block received from node
[1779286842] miner ID [6]:Francesco pays Giacomo 52 coins
[1779286842] miner ID [6]:Alice pays Bob 7 coins
[1779286842] miner ID [6]:Bob pays Ilaria 28 coins
[1779286842] miner ID [6]:Ilaria pays Giovanna 57 coins
[1779286842] miner ID [6]:Giovanna pays Alice 8 coins
[1779286842] miner ID [6]:Giacomo pays Bob 67 coins
[1779286842] miner ID [6]:Giacomo pays Francesco 58 coins
[1779286842] miner ID [6]:Mining successful
[1779286842] miner ID [6]:Block sent to nodes
[1779286842] miner ID [6]:Confirmed block received from node
[1779286843] miner ID [6]:Confirmed block received from node
[1779286843] miner ID [6]:Lottery won but no transactions to mine
[1779286844] miner ID [6]:Confirmed block received from node
[1779286844] miner ID [6]:Lottery won but no transactions to mine
[1779286844] miner ID [6]:Confirmed block received from node
[1779286845] miner ID [6]:Confirmed block received from node
[1779286845] miner ID [6]:Lottery won but no transactions to mine
[1779286846] miner ID [6]:Confirmed block received from node
[1779286846] miner ID [6]:Confirmed block received from node
[1779286847] miner ID [6]:Confirmed block received from node
[1779286847] miner ID [6]:Lottery won but no transactions to mine
[1779286847] miner ID [6]:Confirmed block received from node
[1779286848] miner ID [6]:Confirmed block received from node
[1779286848] miner ID [6]:Lottery won but no transactions to mine
[1779286848] miner ID [6]:Confirmed block received from node
[1779286849] miner ID [6]:Giovanna pays Bob 82 coins
[1779286849] miner ID [6]:Francesco pays Giovanna 84 coins
[1779286849] miner ID [6]:Ilaria pays Alice 64 coins
[1779286849] miner ID [6]:Mining successful
[1779286849] miner ID [6]:Block sent to nodes
[1779286849] miner ID [6]:Confirmed block received from node
[1779286849] miner ID [6]:Lottery won but no transactions to mine
[1779286853] miner ID [6]:Confirmed block received from node
[1779286853] miner ID [6]:Confirmed block received from node
[1779286853] miner ID [6]:Confirmed block received from node
[1779286853] miner ID [6]:Lottery won but no transactions to mine
[1779286854] miner ID [6]:Confirmed block received from node
[1779286855] miner ID [6]:Francesco pays Ilaria 71 coins
[1779286855] miner ID [6]:Bob pays Ilaria 64 coins
[1779286855] miner ID [6]:Ilaria pays Francesco 77 coins
[1779286855] miner ID [6]:Alice pays Francesco 90 coins
[1779286855] miner ID [6]:Francesco pays Bob 44 coins
[1779286855] miner ID [6]:Francesco pays Giacomo 65 coins
[1779286855] miner ID [6]:Confirmed block received from node
[1779286856] miner ID [6]:Confirmed block received from node
[1779286856] miner ID [6]:Mining successful
[1779286856] miner ID [6]:Block sent to nodes
[1779286856] miner ID [6]:Confirmed block received from node
[1779286857] miner ID [6]:Confirmed block received from node
[1779286857] miner ID [6]:Confirmed block received from node
[1779286858] miner ID [6]:Confirmed block received from node
[1779286858] miner ID [6]:Confirmed block received from node
[1779286858] miner ID [6]:Lottery won but no transactions to mine
[1779286859] miner ID [6]:Confirmed block received from node
[1779286859] miner ID [6]:Lottery won but no transactions to mine
[1779286860] miner ID [6]:Ilaria pays Giacomo 35 coins
[1779286860] miner ID [6]:Giacomo pays Francesco 55 coins
[1779286860] miner ID [6]:Bob pays Francesco 25 coins
[1779286860] miner ID [6]:Alice pays Francesco 45 coins
[1779286860] miner ID [6]:Giacomo pays Giovanna 34 coins
[1779286860] miner ID [6]:Francesco pays Giacomo 15 coins
[1779286860] miner ID [6]:Ilaria pays Giovanna 36 coins
[1779286860] miner ID [6]:Bob pays Giovanna 81 coins
[1779286860] miner ID [6]:Mining successful
[1779286860] miner ID [6]:Block sent to nodes
[1779286860] miner ID [6]:Confirmed block received from node
[1779286860] miner ID [6]:Lottery won but no transactions to mine
[1779286860] miner ID [6]:Confirmed block received from node
[1779286861] miner ID [6]:Confirmed block received from node
[1779286861] miner ID [6]:Lottery won but no transactions to mine
[1779286861] miner ID [6]:Confirmed block received from node
[1779286861] miner ID [6]:Lottery won but no transactions to mine
[1779286862] miner ID [6]:Confirmed block received from node
[1779286863] miner ID [6]:Confirmed block received from node
[1779286864] miner ID [6]:Confirmed block received from node
[1779286865] miner ID [6]:Ilaria pays Bob 38 coins
[1779286865] miner ID [6]:Alice pays Bob 17 coins
[1779286865] miner ID [6]:Ilaria pays Francesco 16 coins
[1779286865] miner ID [6]:Bob pays Ilaria 23 coins
[1779286865] miner ID [6]:Alice pays Bob 39 coins
[1779286865] miner ID [6]:Ilaria pays Francesco 53 coins
[1779286865] miner ID [6]:Giovanna pays Ilaria 48 coins
[1779286865] miner ID [6]:Mining successful
[1779286865] miner ID [6]:Block sent to nodes
[1779286865] miner ID [6]:Confirmed block received from node
[1779286865] miner ID [6]:Lottery won but no transactions to mine
[1779286866] miner ID [6]:Ilaria pays Francesco 49 coins
[1779286866] miner ID [6]:Francesco pays Ilaria 26 coins
[1779286866] miner ID [6]:Ilaria pays Giovanna 32 coins
[1779286866] miner ID [6]:Alice pays Bob 37 coins
[1779286866] miner ID [6]:Francesco pays Giacomo 32 coins
[1779286866] miner ID [6]:Giovanna pays Francesco 17 coins
[1779286866] miner ID [6]:Giacomo pays Giovanna 15 coins
[1779286866] miner ID [6]:Francesco pays Bob 91 coins
[1779286867] miner ID [6]:Confirmed block received from node
[1779286867] miner ID [6]:Confirmed block received from node
[1779286867] miner ID [6]:Mining successful
[1779286867] miner ID [6]:Block sent to nodes
[1779286868] miner ID [6]:Confirmed block received from node
[1779286868] miner ID [6]:Lottery won but no transactions to mine
[1779286868] miner ID [6]:Confirmed block received from node
[1779286869] miner ID [6]:Confirmed block received from node
[1779286871] miner ID [6]:Confirmed block received from node
[1779286871] miner ID [6]:Confirmed block received from node
[1779286871] miner ID [6]:Lottery won but no transactions to mine
[1779286873] miner ID [6]:Confirmed block received from node
[1779286876] miner ID [6]:Ilaria pays Francesco 2 coins
[1779286876] miner ID [6]:Giovanna pays Ilaria 7 coins
[1779286876] miner ID [6]:Mining successful
[1779286876] miner ID [6]:Block sent to nodes
[1779286876] miner ID [6]:Confirmed block received from node
[1779286876] miner ID [6]:Lottery won but no transactions to mine
[1779286876] miner ID [6]:Confirmed block received from node
[1779286876] miner ID [6]:Confirmed block received from node
[1779286876] miner ID [6]:Lottery won but no transactions to mine
[1779286878] miner ID [6]:Alice pays Francesco 76 coins
[1779286878] miner ID [6]:Bob pays Giacomo 53 coins
[1779286878] miner ID [6]:Ilaria pays Alice 37 coins
[1779286878] miner ID [6]:Mining successful
[1779286878] miner ID [6]:Block sent to nodes
[1779286878] miner ID [6]:Confirmed block received from node
[1779286879] miner ID [6]:Francesco pays Alice 58 coins
[1779286879] miner ID [6]:Alice pays Giacomo 31 coins
[1779286879] miner ID [6]:Giovanna pays Bob 48 coins
[1779286879] miner ID [6]:Ilaria pays Francesco 40 coins
[1779286879] miner ID [6]:Francesco pays Giovanna 7 coins
[1779286879] miner ID [6]:Alice pays Bob 53 coins
[1779286879] miner ID [6]:Bob pays Giacomo 33 coins
[1779286879] miner ID [6]:Mining successful
[1779286879] miner ID [6]:Block sent to nodes
[1779286879] miner ID [6]:Confirmed block received from node
[1779286879] miner ID [6]:Lottery won but no transactions to mine
[1779286879] miner ID [6]:Confirmed block received from node
[1779286879] miner ID [6]:Lottery won but no transactions to mine
[1779286880] miner ID [6]:Confirmed block received from node
[1779286880] miner ID [6]:Confirmed block received from node
[1779286882] miner ID [6]:Confirmed block received from node
[1779286882] miner ID [6]:Confirmed block received from node
[1779286882] miner ID [6]:Lottery won but no transactions to mine
[1779286884] miner ID [6]:Confirmed block received from node
[1779286884] miner ID [6]:Lottery won but no transactions to mine
[1779286885] miner ID [6]:Confirmed block received from node
[1779286885] miner ID [6]:Confirmed block received from node
[1779286885] miner ID [6]:Lottery won but no transactions to mine
[1779286886] miner ID [6]:Lottery won but no transactions to mine
[1779286887] miner ID [6]:Lottery won but no transactions to mine
[1779286887] miner ID [6]:Confirmed block received from node
[1779286887] miner ID [6]:Lottery won but no transactions to mine
[1779286887] miner ID [6]:Confirmed block received from node
[1779286888] miner ID [6]:Confirmed block received from node
[1779286890] miner ID [6]:Lottery won but no transactions to mine
[1779286890] miner ID [6]:Confirmed block received from node
[1779286892] miner ID [6]:Confirmed block received from node
[1779286892] miner ID [6]:Lottery won but no transactions to mine
[1779286892] miner ID [6]:Confirmed block received from node
[1779286894] miner ID [6]:Confirmed block received from node
[1779286894] miner ID [6]:Confirmed block received from node
[1779286894] miner ID [6]:Confirmed block received from node
[1779286896] miner ID [6]:Confirmed block received from node
[1779286896] miner ID [6]:Confirmed block received from node
[1779286896] miner ID [6]:Lottery won but no transactions to mine
[1779286897] miner ID [6]:Confirmed block received from node
[1779286898] miner ID [6]:Confirmed block received from node
[1779286898] miner ID [6]:Lottery won but no transactions to mine
[1779286898] miner ID [6]:Confirmed block received from node
[1779286899] miner ID [6]:Confirmed block received from node
[1779286900] miner ID [6]:Confirmed block received from node
[1779286900] miner ID [6]:Lottery won but no transactions to mine
[1779286903] miner ID [6]:Confirmed block received from node
[1779286903] miner ID [6]:Lottery won but no transactions to mine
[1779286904] miner ID [6]:Confirmed block received from node
[1779286904] miner ID [6]:Lottery won but no transactions to mine
[1779286905] miner ID [6]:Confirmed block received from node
[1779286905] miner ID [6]:Lottery won but no transactions to mine
[1779286905] miner ID [6]:Confirmed block received from node
[1779286905] miner ID [6]:Lottery won but no transactions to mine
[1779286906] miner ID [6]:Confirmed block received from node
[1779286907] miner ID [6]:Confirmed block received from node
[1779286909] miner ID [6]:Lottery won but no transactions to mine
[1779286909] miner ID [6]:Confirmed block received from node
[1779286909] miner ID [6]:Confirmed block received from node
[1779286909] miner ID [6]:Confirmed block received from node
[1779286909] miner ID [6]:Lottery won but no transactions to mine
[1779286911] miner ID [6]:Confirmed block received from node
[1779286911] miner ID [6]:Confirmed block received from node
[1779286911] miner ID [6]:Lottery won but no transactions to mine
[1779286912] miner ID [6]:Confirmed block received from node
[1779286912] miner ID [6]:Lottery won but no transactions to mine
[1779286913] miner ID [6]:Confirmed block received from node
[1779286913] miner ID [6]:Lottery won but no transactions to mine
[1779286913] miner ID [6]:Confirmed block received from node
[1779286913] miner ID [6]:Confirmed block received from node
[1779286913] miner ID [6]:Lottery won but no transactions to mine
[1779286915] miner ID [6]:Confirmed block received from node
[1779286915] miner ID [6]:Confirmed block received from node
[1779286915] miner ID [6]:Confirmed block received from node
[1779286915] miner ID [6]:Lottery won but no transactions to mine
[1779286916] miner ID [6]:Confirmed block received from node
[1779286916] miner ID [6]:Lottery won but no transactions to mine
[1779286919] miner ID [6]:Alice pays Ilaria 9 coins
[1779286919] miner ID [6]:Bob pays Giacomo 27 coins
[1779286919] miner ID [6]:Alice pays Giacomo 33 coins
[1779286919] miner ID [6]:Confirmed block received from node
[1779286919] miner ID [6]:Confirmed block received from node
[1779286920] miner ID [6]:Confirmed block received from node
[1779286920] miner ID [6]:Mining successful
[1779286920] miner ID [6]:Block sent to nodes
[1779286920] miner ID [6]:Confirmed block received from node
[1779286922] miner ID [6]:Confirmed block received from node
[1779286922] miner ID [6]:Confirmed block received from node
[1779286922] miner ID [6]:Lottery won but no transactions to mine
[1779286923] miner ID [6]:Confirmed block received from node
[1779286923] miner ID [6]:Lottery won but no transactions to mine
[1779286924] miner ID [6]:Alice pays Francesco 40 coins
[1779286924] miner ID [6]:Bob pays Giovanna 73 coins
[1779286924] miner ID [6]:Bob pays Ilaria 12 coins
[1779286924] miner ID [6]:Bob pays Giovanna 48 coins
[1779286924] miner ID [6]:Giovanna pays Ilaria 99 coins
[1779286924] miner ID [6]:Bob pays Giovanna 39 coins
[1779286924] miner ID [6]:Giovanna pays Giacomo 56 coins
[1779286924] miner ID [6]:Alice pays Francesco 10 coins
[1779286924] miner ID [6]:Mining successful
[1779286924] miner ID [6]:Block sent to nodes
[1779286924] miner ID [6]:Confirmed block received from node
[1779286924] miner ID [6]:Lottery won but no transactions to mine
[1779286926] miner ID [6]:Confirmed block received from node
[1779286926] miner ID [6]:Lottery won but no transactions to mine
[1779286927] miner ID [6]:Alice pays Ilaria 67 coins
[1779286927] miner ID [6]:Giacomo pays Giovanna 50 coins
[1779286927] miner ID [6]:Ilaria pays Alice 62 coins
[1779286927] miner ID [6]:Mining successful
[1779286927] miner ID [6]:Block sent to nodes
[1779286927] miner ID [6]:Confirmed block received from node
[1779286927] miner ID [6]:Lottery won but no transactions to mine
[1779286927] miner ID [6]:Confirmed block received from node
[1779286928] miner ID [6]:Confirmed block received from node
[1779286929] miner ID [6]:Bob pays Alice 28 coins
[1779286929] miner ID [6]:Ilaria pays Francesco 2 coins
[1779286929] miner ID [6]:Confirmed block received from node
[1779286929] miner ID [6]:Mining successful
[1779286929] miner ID [6]:Block sent to nodes
[1779286929] miner ID [6]:Confirmed block received from node
[1779286929] miner ID [6]:Ilaria pays Alice 49 coins
[1779286931] miner ID [6]:Giacomo pays Giovanna 31 coins
[1779286931] miner ID [6]:Giovanna pays Bob 22 coins
[1779286931] miner ID [6]:Giacomo pays Francesco 96 coins
[1779286931] miner ID [6]:Bob pays Giacomo 19 coins
[1779286931] miner ID [6]:Giacomo pays Bob 4 coins
[1779286931] miner ID [6]:Giacomo pays Bob 90 coins
[1779286931] miner ID [6]:Ilaria pays Alice 20 coins
[1779286931] miner ID [6]:Alice pays Giacomo 24 coins
[1779286932] miner ID [6]:Confirmed block received from node
[1779286933] miner ID [6]:Confirmed block received from node
[1779286933] miner ID [6]:Mining successful
[1779286933] miner ID [6]:Block sent to nodes
[1779286933] miner ID [6]:Confirmed block received from node
[1779286933] miner ID [6]:Lottery won but no transactions to mine
[1779286934] miner ID [6]:Confirmed block received from node
[1779286934] miner ID [6]:Lottery won but no transactions to mine
[1779286934] miner ID [6]:Confirmed block received from node
[1779286934] miner ID [6]:Lottery won but no transactions to mine
[1779286935] miner ID [6]:Confirmed block received from node
[1779286935] miner ID [6]:Lottery won but no transactions to mine
[1779286938] miner ID [6]:Giovanna pays Giacomo 33 coins
[1779286938] miner ID [6]:Giacomo pays Ilaria 15 coins
[1779286938] miner ID [6]:Alice pays Giacomo 83 coins
[1779286938] miner ID [6]:Giovanna pays Ilaria 36 coins
[1779286938] miner ID [6]:Bob pays Alice 78 coins
[1779286938] miner ID [6]:Ilaria pays Bob 72 coins
[1779286938] miner ID [6]:Bob pays Giovanna 44 coins
[1779286938] miner ID [6]:Ilaria pays Giacomo 83 coins
[1779286938] miner ID [6]:Mining successful
[1779286938] miner ID [6]:Block sent to nodes
[1779286938] miner ID [6]:Confirmed block received from node
[1779286938] miner ID [6]:Confirmed block received from node
[1779286938] miner ID [6]:Confirmed block received from node
[1779286938] miner ID [6]:Lottery won but no transactions to mine
[1779286940] miner ID [6]:Confirmed block received from node
[1779286940] miner ID [6]:Lottery won but no transactions to mine
[1779286942] miner ID [6]:Confirmed block received from node
[1779286942] miner ID [6]:Lottery won but no transactions to mine
[1779286943] miner ID [6]:Confirmed block received from node
[1779286943] miner ID [6]:Confirmed block received from node
[1779286943] miner ID [6]:Lottery won but no transactions to mine
[1779286944] miner ID [6]:Confirmed block received from node
[1779286944] miner ID [6]:Confirmed block received from node
[1779286944] miner ID [6]:Confirmed block received from node
[1779286945] miner ID [6]:Confirmed block received from node
[1779286947] miner ID [6]:Alice pays Bob 45 coins
[1779286947] miner ID [6]:Francesco pays Giovanna 73 coins
[1779286947] miner ID [6]:Giovanna pays Francesco 96 coins
[1779286947] miner ID [6]:Giovanna pays Bob 1 coins
[1779286947] miner ID [6]:Alice pays Bob 67 coins
[1779286947] miner ID [6]:Francesco pays Giacomo 94 coins
[1779286947] miner ID [6]:Ilaria pays Francesco 91 coins
[1779286947] miner ID [6]:Alice pays Ilaria 89 coins
[1779286947] miner ID [6]:Alice pays Francesco 63 coins
[1779286947] miner ID [6]:Giovanna pays Giacomo 52 coins
[1779286947] miner ID [6]:Giovanna pays Bob 45 coins
[1779286947] miner ID [6]:Francesco pays Ilaria 98 coins
[1779286947] miner ID [6]:Giovanna pays Giacomo 30 coins
[1779286947] miner ID [6]:Bob pays Ilaria 22 coins
[1779286947] miner ID [6]:Francesco pays Ilaria 65 coins
[1779286947] miner ID [6]:Bob pays Giacomo 40 coins
[1779286948] miner ID [6]:Mining successful
[1779286948] miner ID [6]:Block sent to nodes
[1779286948] miner ID [6]:Confirmed block received from node
[1779286948] miner ID [6]:Confirmed block received from node
[1779286949] miner ID [6]:Confirmed block received from node
[1779286951] miner ID [6]:Alice pays Giovanna 16 coins
[1779286951] miner ID [6]:Giovanna pays Francesco 95 coins
[1779286951] miner ID [6]:Giovanna pays Bob 38 coins
[1779286951] miner ID [6]:Ilaria pays Giovanna 51 coins
[1779286951] miner ID [6]:Bob pays Francesco 31 coins
[1779286951] miner ID [6]:Bob pays Giacomo 34 coins
[1779286951] miner ID [6]:Giovanna pays Ilaria 32 coins
[1779286951] miner ID [6]:Giacomo pays Giovanna 80 coins
[1779286951] miner ID [6]:Ilaria pays Bob 34 coins
[1779286952] miner ID [6]:Confirmed block received from node
[1779286952] miner ID [6]:Mining successful
[1779286952] miner ID [6]:Block sent to nodes
[1779286952] miner ID [6]:Confirmed block received from node
[1779286952] miner ID [6]:Lottery won but no transactions to mine
[1779286955] miner ID [6]:Confirmed block received from node
[1779286955] miner ID [6]:Confirmed block received from node
[1779286956] miner ID [6]:Confirmed block received from node
[1779286956] miner ID [6]:Confirmed block received from node
[1779286956] miner ID [6]:Lottery won but no transactions to mine
[1779286956] miner ID [6]:Confirmed block received from node
[1779286956] miner ID [6]:Lottery won but no transactions to mine
[1779286957] miner ID [6]:Confirmed block received from node
[1779286957] miner ID [6]:Lottery won but no transactions to mine
[1779286958] miner ID [6]:Confirmed block received from node
[1779286958] miner ID [6]:Lottery won but no transactions to mine
[1779286959] miner ID [6]:Confirmed block received from node
[1779286959] miner ID [6]:Lottery won but no transactions to mine
[1779286960] miner ID [6]:Confirmed block received from node
[1779286960] miner ID [6]:Confirmed block received from node
[1779286960] miner ID [6]:Lottery won but no transactions to mine
[1779286962] miner ID [6]:Confirmed block received from node
[1779286962] miner ID [6]:Lottery won but no transactions to mine
[1779286966] miner ID [6]:Confirmed block received from node
[1779286966] miner ID [6]:Confirmed block received from node
[1779286966] miner ID [6]:Confirmed block received from node
[1779286966] miner ID [6]:Lottery won but no transactions to mine
[1779286967] miner ID [6]:Confirmed block received from node
[1779286970] miner ID [6]:Giacomo pays Alice 92 coins
[1779286970] miner ID [6]:Ilaria pays Bob 95 coins
[1779286970] miner ID [6]:Giacomo pays Giovanna 12 coins
[1779286970] miner ID [6]:Ilaria pays Francesco 59 coins
[1779286970] miner ID [6]:Francesco pays Bob 12 coins
[1779286970] miner ID [6]:Giovanna pays Alice 32 coins
[1779286970] miner ID [6]:Giovanna pays Giacomo 41 coins
[1779286970] miner ID [6]:Giacomo pays Ilaria 99 coins
[1779286970] miner ID [6]:Ilaria pays Francesco 91 coins
[1779286970] miner ID [6]:Giovanna pays Alice 46 coins
[1779286970] miner ID [6]:Bob pays Francesco 20 coins
[1779286970] miner ID [6]:Ilaria pays Bob 18 coins
[1779286970] miner ID [6]:Bob pays Giovanna 46 coins
[1779286970] miner ID [6]:Francesco pays Giovanna 50 coins
[1779286970] miner ID [6]:Mining successful
[1779286970] miner ID [6]:Block sent to nodes
[1779286970] miner ID [6]:Confirmed block received from node
[1779286970] miner ID [6]:Lottery won but no transactions to mine
[1779286970] miner ID [6]:Confirmed block received from node
[1779286970] miner ID [6]:Lottery won but no transactions to mine
[1779286973] miner ID [6]:Confirmed block received from node
[1779286973] miner ID [6]:Lottery won but no transactions to mine
[1779286976] miner ID [6]:Confirmed block received from node
[1779286976] miner ID [6]:Confirmed block received from node
[1779286978] miner ID [6]:Ilaria pays Francesco 82 coins
[1779286978] miner ID [6]:Bob pays Francesco 32 coins
[1779286978] miner ID [6]:Giovanna pays Francesco 87 coins
[1779286978] miner ID [6]:Giacomo pays Ilaria 62 coins
[1779286978] miner ID [6]:Confirmed block received from node
[1779286978] miner ID [6]:Confirmed block received from node
[1779286978] miner ID [6]:Mining successful
[1779286978] miner ID [6]:Block sent to nodes
[1779286979] miner ID [6]:Confirmed block received from node
[1779286979] miner ID [6]:Lottery won but no transactions to mine
[1779286979] miner ID [6]:Confirmed block received from node
[1779286979] miner ID [6]:Confirmed block received from node
[1779286979] miner ID [6]:Lottery won but no transactions to mine
[1779286980] miner ID [6]:Ilaria pays Francesco 85 coins
[1779286980] miner ID [6]:Ilaria pays Alice 37 coins
[1779286980] miner ID [6]:Ilaria pays Bob 29 coins
[1779286980] miner ID [6]:Francesco pays Ilaria 39 coins
[1779286980] miner ID [6]:Confirmed block received from node
[1779286981] miner ID [6]:Confirmed block received from node
[1779286983] miner ID [6]:Bob pays Francesco 84 coins
[1779286983] miner ID [6]:Giacomo pays Ilaria 30 coins
[1779286983] miner ID [6]:Ilaria pays Francesco 60 coins
[1779286983] miner ID [6]:Francesco pays Giacomo 4 coins
[1779286983] miner ID [6]:Giacomo pays Francesco 13 coins
[1779286983] miner ID [6]:Bob pays Giovanna 82 coins
[1779286983] miner ID [6]:Francesco pays Ilaria 85 coins
[1779286983] miner ID [6]:Bob pays Giacomo 21 coins
[1779286984] miner ID [6]:Confirmed block received from node
[1779286984] miner ID [6]:Confirmed block received from node
[1779286984] miner ID [6]:Mining successful
[1779286984] miner ID [6]:Block sent to nodes
[1779286984] miner ID [6]:Confirmed block received from node
[1779286985] miner ID [6]:Confirmed block received from node
[1779286986] miner ID [6]:Confirmed block received from node
[1779286987] miner ID [6]:Ilaria pays Francesco 4 coins
[1779286987] miner ID [6]:Ilaria pays Giacomo 80 coins
[1779286988] miner ID [6]:Mining successful
[1779286988] miner ID [6]:Block sent to nodes
[1779286988] miner ID [6]:Confirmed block received from node
[1779286988] miner ID [6]:Confirmed block received from node
[1779286988] miner ID [6]:Lottery won but no transactions to mine
[1779286988] miner ID [6]:Confirmed block received from node
[1779286989] miner ID [6]:Confirmed block received from node
[1779286991] miner ID [6]:Confirmed block received from node
[1779286991] miner ID [6]:Lottery won but no transactions to mine
[1779286992] miner ID [6]:Confirmed block received from node
[1779286992] miner ID [6]:Confirmed block received from node
[1779286992] miner ID [6]:Lottery won but no transactions to mine
[1779286993] miner ID [6]:Confirmed block received from node
[1779286993] miner ID [6]:Lottery won but no transactions to mine
[1779286993] miner ID [6]:Confirmed block received from node
[1779286993] miner ID [6]:Lottery won but no transactions to mine
[1779286993] miner ID [6]:Confirmed block received from node
[1779286994] miner ID [6]:Confirmed block received from node
[1779286995] miner ID [6]:Confirmed block received from node
[1779286996] miner ID [6]:Giovanna pays Alice 83 coins
[1779286996] miner ID [6]:Francesco pays Alice 26 coins
[1779286996] miner ID [6]:Ilaria pays Giovanna 11 coins
[1779286996] miner ID [6]:Giacomo pays Giovanna 7 coins
[1779286996] miner ID [6]:Mining successful
[1779286996] miner ID [6]:Block sent to nodes
[1779286996] miner ID [6]:Confirmed block received from node
[1779286996] miner ID [6]:Lottery won but no transactions to mine
[1779286999] miner ID [6]:Confirmed block received from node
[1779286999] miner ID [6]:Confirmed block received from node
[1779286999] miner ID [6]:Lottery won but no transactions to mine
[1779286999] miner ID [6]:Confirmed block received from node
[1779287001] miner ID [6]:Bob pays Giovanna 43 coins
[1779287001] miner ID [6]:Bob pays Alice 34 coins
[1779287001] miner ID [6]:Giacomo pays Giovanna 56 coins
[1779287001] miner ID [6]:Francesco pays Giacomo 36 coins
[1779287001] miner ID [6]:Francesco pays Alice 49 coins
[1779287001] miner ID [6]:Bob pays Francesco 3 coins
[1779287001] miner ID [6]:Bob pays Francesco 78 coins
[1779287001] miner ID [6]:Giovanna pays Ilaria 14 coins
[1779287001] miner ID [6]:Mining successful
[1779287001] miner ID [6]:Block sent to nodes
[1779287001] miner ID [6]:Confirmed block received from node
[1779287002] miner ID [6]:Lottery won but no transactions to mine
[1779287002] miner ID [6]:Confirmed block received from node
[1779287002] miner ID [6]:Lottery won but no transactions to mine
[1779287005] miner ID [6]:Alice pays Giacomo 35 coins
[1779287005] miner ID [6]:Giacomo pays Bob 47 coins
[1779287005] miner ID [6]:Bob pays Francesco 65 coins
[1779287005] miner ID [6]:Giovanna pays Francesco 58 coins
[1779287005] miner ID [6]:Giovanna pays Ilaria 96 coins
[1779287005] miner ID [6]:Mining successful
[1779287005] miner ID [6]:Block sent to nodes
[1779287005] miner ID [6]:Confirmed block received from node
[1779287005] miner ID [6]:Lottery won but no transactions to mine
[1779287005] miner ID [6]:Confirmed block received from node
[1779287005] miner ID [6]:Lottery won but no transactions to mine
[1779287005] miner ID [6]:Confirmed block received from node
[1779287006] miner ID [6]:Confirmed block received from node
[1779287006] miner ID [6]:Lottery won but no transactions to mine
[1779287008] miner ID [6]:Confirmed block received from node
[1779287008] miner ID [6]:Confirmed block received from node
[1779287009] miner ID [6]:Confirmed block received from node
[1779287011] miner ID [6]:Confirmed block received from node
[1779287011] miner ID [6]:Lottery won but no transactions to mine
[1779287012] miner ID [6]:Ilaria pays Bob 63 coins
[1779287012] miner ID [6]:Francesco pays Alice 29 coins
[1779287012] miner ID [6]:Giovanna pays Ilaria 65 coins
[1779287012] miner ID [6]:Alice pays Ilaria 89 coins
[1779287012] miner ID [6]:Alice pays Ilaria 96 coins
[1779287012] miner ID [6]:Giacomo pays Alice 90 coins
[1779287012] miner ID [6]:Giacomo pays Bob 78 coins
[1779287012] miner ID [6]:Giovanna pays Alice 15 coins
[1779287013] miner ID [6]:Alice pays Ilaria 2 coins
[1779287013] miner ID [6]:Ilaria pays Giovanna 27 coins
[1779287014] miner ID [6]:Confirmed block received from node
[1779287014] miner ID [6]:Mining successful
[1779287014] miner ID [6]:Block sent to nodes
[1779287014] miner ID [6]:Confirmed block received from node
[1779287014] miner ID [6]:Confirmed block received from node
[1779287014] miner ID [6]:Lottery won but no transactions to mine
[1779287015] miner ID [6]:Confirmed block received from node
[1779287016] miner ID [6]:Confirmed block received from node
[1779287016] miner ID [6]:Lottery won but no transactions to mine
[1779287016] miner ID [6]:Confirmed block received from node
[1779287016] miner ID [6]:Lottery won but no transactions to mine
[1779287017] miner ID [6]:Confirmed block received from node
[1779287017] miner ID [6]:Lottery won but no transactions to mine
[1779287017] miner ID [6]:Confirmed block received from node
[1779287017] miner ID [6]:Lottery won but no transactions to mine
[1779287017] miner ID [6]:Confirmed block received from node
[1779287017] miner ID [6]:Lottery won but no transactions to mine
[1779287018] miner ID [6]:Confirmed block received from node
[1779287021] miner ID [6]:Confirmed block received from node
[1779287021] miner ID [6]:Giovanna pays Bob 19 coins
[1779287021] miner ID [6]:Bob pays Giovanna 31 coins
[1779287021] miner ID [6]:Bob pays Alice 39 coins
[1779287021] miner ID [6]:Confirmed block received from node
[1779287022] miner ID [6]:Confirmed block received from node
[1779287023] miner ID [6]:Confirmed block received from node
[1779287023] miner ID [6]:Confirmed block received from node
[1779287023] miner ID [6]:Mining successful
[1779287023] miner ID [6]:Block sent to nodes
[1779287023] miner ID [6]:Confirmed block received from node
[1779287026] miner ID [6]:Ilaria pays Giacomo 30 coins
[1779287026] miner ID [6]:Giovanna pays Ilaria 60 coins
[1779287026] miner ID [6]:Bob pays Giovanna 12 coins
[1779287026] miner ID [6]:Alice pays Bob 88 coins
[1779287027] miner ID [6]:Alice pays Francesco 37 coins
[1779287027] miner ID [6]:Confirmed block received from node
[1779287027] miner ID [6]:Mining successful
[1779287027] miner ID [6]:Block sent to nodes
[1779287027] miner ID [6]:Confirmed block received from node
[1779287027] miner ID [6]:Confirmed block received from node
[1779287030] miner ID [6]:Bob pays Giacomo 57 coins
[1779287030] miner ID [6]:Bob pays Alice 71 coins
[1779287030] miner ID [6]:Alice pays Giacomo 75 coins
[1779287030] miner ID [6]:Giovanna pays Alice 71 coins
[1779287030] miner ID [6]:Ilaria pays Alice 83 coins
[1779287030] miner ID [6]:Francesco pays Ilaria 66 coins
[1779287030] miner ID [6]:Giacomo pays Bob 29 coins
[1779287030] miner ID [6]:Mining successful
[1779287030] miner ID [6]:Block sent to nodes
[1779287030] miner ID [6]:Confirmed block received from node
[1779287030] miner ID [6]:Lottery won but no transactions to mine
[1779287030] miner ID [6]:Confirmed block received from node
[1779287030] miner ID [6]:Lottery won but no transactions to mine
[1779287031] miner ID [6]:Confirmed block received from node
[1779287031] miner ID [6]:Lottery won but no transactions to mine
[1779287033] miner ID [6]:Giacomo pays Alice 82 coins
[1779287033] miner ID [6]:Bob pays Francesco 74 coins
[1779287033] miner ID [6]:Giacomo pays Ilaria 40 coins
[1779287033] miner ID [6]:Giovanna pays Bob 8 coins
[1779287033] miner ID [6]:Mining successful
[1779287033] miner ID [6]:Block sent to nodes
[1779287033] miner ID [6]:Confirmed block received from node
[1779287034] miner ID [6]:Confirmed block received from node
[1779287034] miner ID [6]:Confirmed block received from node
[1779287036] miner ID [6]:Ilaria pays Giacomo 59 coins
[1779287036] miner ID [6]:Francesco pays Ilaria 93 coins
[1779287036] miner ID [6]:Francesco pays Alice 48 coins
[1779287036] miner ID [6]:Ilaria pays Alice 41 coins
[1779287036] miner ID [6]:Bob pays Francesco 14 coins
[1779287036] miner ID [6]:Alice pays Giovanna 1 coins
[1779287036] miner ID [6]:Bob pays Francesco 51 coins
[1779287036] miner ID [6]:Giacomo pays Ilaria 11 coins
[1779287036] miner ID [6]:Ilaria pays Giovanna 26 coins
[1779287036] miner ID [6]:Ilaria pays Bob 88 coins
[1779287036] miner ID [6]:Francesco pays Bob 8 coins
[1779287036] miner ID [6]:Giovanna pays Francesco 4 coins
[1779287036] miner ID [6]:Ilaria pays Bob 36 coins
[1779287036] miner ID [6]:Francesco pays Alice 43 coins
[1779287036] miner ID [6]:Francesco pays Ilaria 55 coins
[1779287036] miner ID [6]:Francesco pays Ilaria 23 coins
[1779287037] miner ID [6]:Confirmed block received from node
[1779287037] miner ID [6]:Mining successful
[1779287037] miner ID [6]:Block sent to nodes
[1779287037] miner ID [6]:Confirmed block received from node
[1779287039] miner ID [6]:Lottery won but no transactions to mine
[1779287040] miner ID [6]:Confirmed block received from node
[1779287041] miner ID [6]:Confirmed block received from node
[1779287041] miner ID [6]:Confirmed block received from node
[1779287041] miner ID [6]:Lottery won but no transactions to mine
[1779287045] miner ID [6]:Confirmed block received from node
[1779287045] miner ID [6]:Lottery won but no transactions to mine
[1779287046] miner ID [6]:Confirmed block received from node
[1779287046] miner ID [6]:Lottery won but no transactions to mine
[1779287046] miner ID [6]:Confirmed block received from node
[1779287046] miner ID [6]:Lottery won but no transactions to mine
[1779287046] miner ID [6]:Confirmed block received from node
[1779287046] miner ID [6]:Lottery won but no transactions to mine
[1779287049] miner ID [6]:Confirmed block received from node
[1779287049] miner ID [6]:Lottery won but no transactions to mine
[1779287052] miner ID [6]:Confirmed block received from node
[1779287052] miner ID [6]:Lottery won but no transactions to mine
[1779287052] miner ID [6]:Confirmed block received from node
[1779287053] miner ID [6]:Confirmed block received from node
[1779287053] miner ID [6]:Lottery won but no transactions to mine
[1779287055] miner ID [6]:Confirmed block received from node
[1779287055] miner ID [6]:Lottery won but no transactions to mine
[1779287056] miner ID [6]:Confirmed block received from node
[1779287057] miner ID [6]:Confirmed block received from node
[1779287057] miner ID [6]:Confirmed block received from node
[1779287058] miner ID [6]:Confirmed block received from node
[1779287059] miner ID [6]:Confirmed block received from node
[1779287059] miner ID [6]:Lottery won but no transactions to mine
[1779287059] miner ID [6]:Confirmed block received from node
[1779287063] miner ID [6]:Lottery won but no transactions to mine
[1779287063] miner ID [6]:Confirmed block received from node
[1779287063] miner ID [6]:Confirmed block received from node
[1779287063] miner ID [6]:Lottery won but no transactions to mine
[1779287063] miner ID [6]:Confirmed block received from node
[1779287064] miner ID [6]:Giacomo pays Francesco 53 coins
[1779287064] miner ID [6]:Ilaria pays Bob 73 coins
[1779287064] miner ID [6]:Alice pays Francesco 67 coins
[1779287064] miner ID [6]:Confirmed block received from node
[1779287064] miner ID [6]:Mining successful
[1779287064] miner ID [6]:Block sent to nodes
[1779287064] miner ID [6]:Confirmed block received from node
[1779287065] miner ID [6]:Confirmed block received from node
[1779287065] miner ID [6]:Lottery won but no transactions to mine
[1779287066] miner ID [6]:Confirmed block received from node
[1779287066] miner ID [6]:Giovanna pays Bob 61 coins
[1779287066] miner ID [6]:Confirmed block received from node
[1779287066] miner ID [6]:Confirmed block received from node
[1779287069] miner ID [6]:Confirmed block received from node
[1779287069] miner ID [6]:Mining successful
[1779287069] miner ID [6]:Block sent to nodes
[1779287069] miner ID [6]:Confirmed block received from node
[1779287069] miner ID [6]:Lottery won but no transactions to mine
[1779287069] miner ID [6]:Confirmed block received from node
[1779287069] miner ID [6]:Lottery won but no transactions to mine
[1779287072] miner ID [6]:Lottery won but no transactions to mine
[1779287072] miner ID [6]:Confirmed block received from node
[1779287072] miner ID [6]:Lottery won but no transactions to mine
[1779287072] miner ID [6]:Confirmed block received from node
[1779287072] miner ID [6]:Confirmed block received from node
[1779287073] miner ID [6]:Confirmed block received from node
[1779287074] miner ID [6]:Confirmed block received from node
[1779287074] miner ID [6]:Lottery won but no transactions to mine
[1779287076] miner ID [6]:Confirmed block received from node
[1779287076] miner ID [6]:Lottery won but no transactions to mine
[1779287076] miner ID [6]:Confirmed block received from node
[1779287078] miner ID [6]:Ilaria pays Giacomo 9 coins
[1779287078] miner ID [6]:Giovanna pays Giacomo 54 coins
[1779287078] miner ID [6]:Francesco pays Giovanna 71 coins
[1779287078] miner ID [6]:Bob pays Alice 92 coins
[1779287078] miner ID [6]:Ilaria pays Francesco 38 coins
[1779287078] miner ID [6]:Ilaria pays Alice 97 coins
[1779287078] miner ID [6]:Giovanna pays Francesco 53 coins
[1779287078] miner ID [6]:Ilaria pays Alice 30 coins
[1779287078] miner ID [6]:Confirmed block received from node
[1779287078] miner ID [6]:Mining successful
[1779287078] miner ID [6]:Block sent to nodes
[1779287078] miner ID [6]:Confirmed block received from node
[1779287078] miner ID [6]:Confirmed block received from node
[1779287080] miner ID [6]:Confirmed block received from node
[1779287081] miner ID [6]:Confirmed block received from node
[1779287081] miner ID [6]:Lottery won but no transactions to mine
[1779287081] miner ID [6]:Confirmed block received from node
[1779287081] miner ID [6]:Lottery won but no transactions to mine
[1779287081] miner ID [6]:Confirmed block received from node
[1779287082] miner ID [6]:Confirmed block received from node
[1779287082] miner ID [6]:Lottery won but no transactions to mine
[1779287082] miner ID [6]:Confirmed block received from node
[1779287083] miner ID [6]:Ilaria pays Francesco 10 coins
[1779287083] miner ID [6]:Francesco pays Giacomo 61 coins
[1779287083] miner ID [6]:Alice pays Giovanna 82 coins
[1779287083] miner ID [6]:Ilaria pays Bob 38 coins
[1779287083] miner ID [6]:Ilaria pays Giovanna 76 coins
[1779287083] miner ID [6]:Alice pays Ilaria 30 coins
[1779287083] miner ID [6]:Giacomo pays Francesco 87 coins
[1779287083] miner ID [6]:Alice pays Ilaria 14 coins
[1779287083] miner ID [6]:Mining successful
[1779287083] miner ID [6]:Block sent to nodes
[1779287083] miner ID [6]:Confirmed block received from node
[1779287084] miner ID [6]:Lottery won but no transactions to mine
[1779287084] miner ID [6]:Confirmed block received from node
[1779287084] miner ID [6]:Lottery won but no transactions to mine
[1779287086] miner ID [6]:Confirmed block received from node
[1779287086] miner ID [6]:Lottery won but no transactions to mine
[1779287086] miner ID [6]:Confirmed block received from node
[1779287086] miner ID [6]:Lottery won but no transactions to mine
[1779287087] miner ID [6]:Confirmed block received from node
[1779287089] miner ID [6]:Confirmed block received from node
[1779287089] miner ID [6]:Lottery won but no transactions to mine
[1779287089] miner ID [6]:Confirmed block received from node
[1779287089] miner ID [6]:Lottery won but no transactions to mine
[1779287091] miner ID [6]:Francesco pays Bob 16 coins
[1779287091] miner ID [6]:Ilaria pays Giovanna 81 coins
[1779287091] miner ID [6]:Ilaria pays Francesco 17 coins
[1779287091] miner ID [6]:Mining successful
[1779287091] miner ID [6]:Block sent to nodes
[1779287091] miner ID [6]:Confirmed block received from node
[1779287091] miner ID [6]:Lottery won but no transactions to mine
[1779287091] miner ID [6]:Confirmed block received from node
[1779287091] miner ID [6]:Lottery won but no transactions to mine
[1779287093] miner ID [6]:Confirmed block received from node
[1779287093] miner ID [6]:Confirmed block received from node
[1779287095] miner ID [6]:Confirmed block received from node
[1779287095] miner ID [6]:Confirmed block received from node
[1779287095] miner ID [6]:Lottery won but no transactions to mine
[1779287097] miner ID [6]:Confirmed block received from node
[1779287097] miner ID [6]:Lottery won but no transactions to mine
[1779287098] miner ID [6]:Confirmed block received from node
[1779287098] miner ID [6]:Confirmed block received from node
[1779287098] miner ID [6]:Lottery won but no transactions to mine
[1779287100] miner ID [6]:Confirmed block received from node
[1779287100] miner ID [6]:Lottery won but no transactions to mine
[1779287100] miner ID [6]:Confirmed block received from node
[1779287100] miner ID [6]:Francesco pays Giovanna 20 coins
[1779287100] miner ID [6]:Mining successful
[1779287100] miner ID [6]:Block sent to nodes
[1779287100] miner ID [6]:Confirmed block received from node
[1779287100] miner ID [6]:Lottery won but no transactions to mine
[1779287100] miner ID [6]:Confirmed block received from node
[1779287100] miner ID [6]:Lottery won but no transactions to mine
[1779287101] miner ID [6]:Bob pays Ilaria 11 coins
[1779287101] miner ID [6]:Giacomo pays Giovanna 16 coins
[1779287101] miner ID [6]:Confirmed block received from node
[1779287101] miner ID [6]:Confirmed block received from node
[1779287101] miner ID [6]:Mining successful
[1779287101] miner ID [6]:Block sent to nodes
[1779287101] miner ID [6]:Confirmed block received from node
[1779287101] miner ID [6]:Lottery won but no transactions to mine
[1779287102] miner ID [6]:Confirmed block received from node
[1779287102] miner ID [6]:Lottery won but no transactions to mine
[1779287102] miner ID [6]:Confirmed block received from node
[1779287102] miner ID [6]:Lottery won but no transactions to mine
[1779287103] miner ID [6]:Confirmed block received from node
[1779287103] miner ID [6]:Lottery won but no transactions to mine
[1779287104] miner ID [6]:Bob pays Ilaria 38 coins
[1779287104] miner ID [6]:Ilaria pays Giovanna 1 coins
[1779287104] miner ID [6]:Giovanna pays Giacomo 44 coins
[1779287104] miner ID [6]:Giacomo pays Francesco 44 coins
[1779287104] miner ID [6]:Confirmed block received from node
[1779287107] miner ID [6]:Alice pays Francesco 15 coins
[1779287107] miner ID [6]:Bob pays Giacomo 29 coins
[1779287107] miner ID [6]:Francesco pays Bob 75 coins
[1779287107] miner ID [6]:Bob pays Francesco 83 coins
[1779287107] miner ID [6]:Giacomo pays Ilaria 92 coins
[1779287107] miner ID [6]:Francesco pays Ilaria 22 coins
[1779287107] miner ID [6]:Mining successful
[1779287107] miner ID [6]:Block sent to nodes
[1779287107] miner ID [6]:Confirmed block received from node
[1779287107] miner ID [6]:Confirmed block received from node
[1779287107] miner ID [6]:Confirmed block received from node
[1779287108] miner ID [6]:Confirmed block received from node
[1779287108] miner ID [6]:Lottery won but no transactions to mine
[1779287110] miner ID [6]:Confirmed block received from node
[1779287110] miner ID [6]:Confirmed block received from node
[1779287110] miner ID [6]:Confirmed block received from node
[1779287111] miner ID [6]:Confirmed block received from node
[1779287111] miner ID [6]:Lottery won but no transactions to mine
[1779287111] miner ID [6]:Confirmed block received from node
[1779287111] miner ID [6]:Francesco pays Giovanna 67 coins
[1779287111] miner ID [6]:Confirmed block received from node
[1779287111] miner ID [6]:Mining successful
[1779287111] miner ID [6]:Block sent to nodes
[1779287111] miner ID [6]:Confirmed block received from node
[1779287112] miner ID [6]:Confirmed block received from node
[1779287112] miner ID [6]:Lottery won but no transactions to mine
[1779287113] miner ID [6]:Giacomo pays Francesco 91 coins
[1779287113] miner ID [6]:Ilaria pays Giacomo 11 coins
[1779287113] miner ID [6]:Bob pays Francesco 92 coins
[1779287113] miner ID [6]:Alice pays Ilaria 25 coins
[1779287113] miner ID [6]:Francesco pays Giovanna 50 coins
[1779287113] miner ID [6]:Alice pays Francesco 3 coins
[1779287113] miner ID [6]:Bob pays Francesco 42 coins
[1779287113] miner ID [6]:Ilaria pays Bob 78 coins
[1779287117] miner ID [6]:Confirmed block received from node
[1779287117] miner ID [6]:Mining successful
[1779287117] miner ID [6]:Block sent to nodes
[1779287117] miner ID [6]:Confirmed block received from node
[1779287117] miner ID [6]:Lottery won but no transactions to mine
[1779287117] miner ID [6]:Confirmed block received from node
[1779287117] miner ID [6]:Lottery won but no transactions to mine
[1779287119] miner ID [6]:Confirmed block received from node
[1779287119] miner ID [6]:Confirmed block received from node
[1779287120] miner ID [6]:Confirmed block received from node
[1779287120] miner ID [6]:Lottery won but no transactions to mine
[1779287124] miner ID [6]:Confirmed block received from node
[1779287124] miner ID [6]:Lottery won but no transactions to mine
[1779287124] miner ID [6]:Confirmed block received from node
[1779287124] miner ID [6]:Lottery won but no transactions to mine
[1779287124] miner ID [6]:Confirmed block received from node
[1779287125] miner ID [6]:Confirmed block received from node
[1779287125] miner ID [6]:Lottery won but no transactions to mine
[1779287127] miner ID [6]:Giacomo pays Bob 42 coins
[1779287127] miner ID [6]:Bob pays Giacomo 10 coins
[1779287127] miner ID [6]:Ilaria pays Bob 74 coins
[1779287127] miner ID [6]:Giacomo pays Alice 92 coins
[1779287127] miner ID [6]:Francesco pays Alice 59 coins
[1779287127] miner ID [6]:Francesco pays Alice 19 coins
[1779287127] miner ID [6]:Ilaria pays Giovanna 82 coins
[1779287127] miner ID [6]:Ilaria pays Giovanna 82 coins
[1779287127] miner ID [6]:Mining successful
[1779287127] miner ID [6]:Block sent to nodes
[1779287127] miner ID [6]:Confirmed block received from node
[1779287127] miner ID [6]:Lottery won but no transactions to mine
[1779287127] miner ID [6]:Confirmed block received from node
[1779287127] miner ID [6]:Lottery won but no transactions to mine
[1779287127] miner ID [6]:Confirmed block received from node
[1779287127] miner ID [6]:Lottery won but no transactions to mine
[1779287127] miner ID [6]:Confirmed block received from node
[1779287127] miner ID [6]:Lottery won but no transactions to mine
[1779287128] miner ID [6]:Confirmed block received from node
[1779287129] miner ID [6]:Lottery won but no transactions to mine
[1779287130] miner ID [6]:Confirmed block received from node
[1779287130] miner ID [6]:Lottery won but no transactions to mine
[1779287132] miner ID [6]:Confirmed block received from node
[1779287132] miner ID [6]:Lottery won but no transactions to mine
[1779287132] miner ID [6]:Confirmed block received from node
[1779287132] miner ID [6]:Francesco pays Alice 82 coins
[1779287132] miner ID [6]:Giacomo pays Francesco 30 coins
[1779287132] miner ID [6]:Mining successful
[1779287132] miner ID [6]:Block sent to nodes
[1779287132] miner ID [6]:Confirmed block received from node
[1779287132] miner ID [6]:Lottery won but no transactions to mine
[1779287132] miner ID [6]:Confirmed block received from node
[1779287133] miner ID [6]:Confirmed block received from node
[1779287134] miner ID [6]:Confirmed block received from node
[1779287134] miner ID [6]:Lottery won but no transactions to mine
[1779287136] miner ID [6]:Confirmed block received from node
[1779287136] miner ID [6]:Lottery won but no transactions to mine
[1779287137] miner ID [6]:Confirmed block received from node
[1779287137] miner ID [6]:Lottery won but no transactions to mine
[1779287137] miner ID [6]:Confirmed block received from node
[1779287137] miner ID [6]:Lottery won but no transactions to mine
[1779287137] miner ID [6]:Confirmed block received from node
[1779287138] miner ID [6]:Ilaria pays Giacomo 21 coins
[1779287138] miner ID [6]:Ilaria pays Francesco 75 coins
[1779287138] miner ID [6]:Francesco pays Alice 53 coins
[1779287138] miner ID [6]:Giovanna pays Alice 31 coins
[1779287138] miner ID [6]:Francesco pays Ilaria 44 coins
[1779287138] miner ID [6]:Alice pays Ilaria 53 coins
[1779287138] miner ID [6]:Ilaria pays Bob 68 coins
[1779287138] miner ID [6]:Ilaria pays Francesco 59 coins
[1779287138] miner ID [6]:Mining successful
[1779287138] miner ID [6]:Block sent to nodes
[1779287138] miner ID [6]:Confirmed block received from node
[1779287138] miner ID [6]:Lottery won but no transactions to mine
[1779287139] miner ID [6]:Francesco pays Ilaria 54 coins
[1779287139] miner ID [6]:Francesco pays Giacomo 18 coins
[1779287139] miner ID [6]:Confirmed block received from node
[1779287140] miner ID [6]:Confirmed block received from node
[1779287142] miner ID [6]:Bob pays Giovanna 26 coins
[1779287142] miner ID [6]:Bob pays Alice 7 coins
[1779287142] miner ID [6]:Giovanna pays Giacomo 11 coins
[1779287142] miner ID [6]:Alice pays Francesco 11 coins
[1779287142] miner ID [6]:Giovanna pays Alice 43 coins
[1779287142] miner ID [6]:Giovanna pays Ilaria 68 coins
[1779287142] miner ID [6]:Ilaria pays Giacomo 89 coins
[1779287142] miner ID [6]:Giacomo pays Bob 89 coins
[1779287143] miner ID [6]:Confirmed block received from node
[1779287145] miner ID [6]:Confirmed block received from node
[1779287146] miner ID [6]:Confirmed block received from node
[1779287146] miner ID [6]:Confirmed block received from node
[1779287146] miner ID [6]:Mining successful
[1779287146] miner ID [6]:Block sent to nodes
[1779287146] miner ID [6]:Miner shutting down
[1779287146] miner ID [6]:miner chiuso
