[1779269595] miner ID [1]:miner avviato correttamente
[1779269595] miner ID [1]:Miner started
[1779269600] miner ID [1]:Lottery won but no transactions to mine
[1779269602] miner ID [1]:Lottery won but no transactions to mine
[1779269604] miner ID [1]:Alice pays Giovanna 48 coins
[1779269604] miner ID [1]:Mining successful
[1779269604] miner ID [1]:Block sent to nodes
[1779269604] miner ID [1]:Confirmed block received from node
[1779269604] miner ID [1]:Lottery won but no transactions to mine
[1779269605] miner ID [1]:Lottery won but no transactions to mine
[1779269606] miner ID [1]:Lottery won but no transactions to mine
[1779269607] miner ID [1]:Confirmed block received from node
[1779269607] miner ID [1]:Lottery won but no transactions to mine
[1779269610] miner ID [1]:Lottery won but no transactions to mine
[1779269611] miner ID [1]:Confirmed block received from node
[1779269611] miner ID [1]:Lottery won but no transactions to mine
[1779269615] miner ID [1]:Bob pays Alice 13 coins
[1779269615] miner ID [1]:Mining successful
[1779269615] miner ID [1]:Block sent to nodes
[1779269615] miner ID [1]:Confirmed block received from node
[1779269615] miner ID [1]:Lottery won but no transactions to mine
[1779269616] miner ID [1]:Lottery won but no transactions to mine
[1779269619] miner ID [1]:Confirmed block received from node
[1779269619] miner ID [1]:Lottery won but no transactions to mine
[1779269621] miner ID [1]:Lottery won but no transactions to mine
[1779269623] miner ID [1]:Confirmed block received from node
[1779269623] miner ID [1]:Lottery won but no transactions to mine
[1779269625] miner ID [1]:Lottery won but no transactions to mine
[1779269627] miner ID [1]:Confirmed block received from node
[1779269627] miner ID [1]:Lottery won but no transactions to mine
[1779269630] miner ID [1]:Lottery won but no transactions to mine
[1779269632] miner ID [1]:Confirmed block received from node
[1779269632] miner ID [1]:Lottery won but no transactions to mine
[1779269635] miner ID [1]:Giovanna pays Ilaria 65 coins
[1779269635] miner ID [1]:Mining successful
[1779269635] miner ID [1]:Block sent to nodes
[1779269635] miner ID [1]:Confirmed block received from node
[1779269635] miner ID [1]:Lottery won but no transactions to mine
[1779269639] miner ID [1]:Giovanna pays Alice 80 coins
[1779269639] miner ID [1]:Mining successful
[1779269639] miner ID [1]:Block sent to nodes
[1779269639] miner ID [1]:Confirmed block received from node
[1779269639] miner ID [1]:Lottery won but no transactions to mine
[1779269643] miner ID [1]:Confirmed block received from node
[1779269643] miner ID [1]:Lottery won but no transactions to mine
[1779269645] miner ID [1]:Lottery won but no transactions to mine
[1779269648] miner ID [1]:Lottery won but no transactions to mine
[1779269648] miner ID [1]:Confirmed block received from node
[1779269648] miner ID [1]:Lottery won but no transactions to mine
[1779269651] miner ID [1]:Bob pays Giovanna 24 coins
[1779269651] miner ID [1]:Mining successful
[1779269651] miner ID [1]:Block sent to nodes
[1779269651] miner ID [1]:Confirmed block received from node
[1779269651] miner ID [1]:Lottery won but no transactions to mine
[1779269653] miner ID [1]:Lottery won but no transactions to mine
[1779269658] miner ID [1]:Lottery won but no transactions to mine
[1779269662] miner ID [1]:Lottery won but no transactions to mine
[1779269663] miner ID [1]:Confirmed block received from node
[1779269663] miner ID [1]:Lottery won but no transactions to mine
[1779269664] miner ID [1]:Lottery won but no transactions to mine
[1779269668] miner ID [1]:Lottery won but no transactions to mine
[1779269669] miner ID [1]:Lottery won but no transactions to mine
[1779269672] miner ID [1]:Lottery won but no transactions to mine
[1779269676] miner ID [1]:Lottery won but no transactions to mine
[1779269676] miner ID [1]:Ilaria pays Giovanna 11 coins
[1779269680] miner ID [1]:Mining successful
[1779269680] miner ID [1]:Block sent to nodes
[1779269680] miner ID [1]:Francesco pays Bob 51 coins
[1779269680] miner ID [1]:Confirmed block received from node
[1779269680] miner ID [1]:Mining successful
[1779269680] miner ID [1]:Block sent to nodes
[1779269680] miner ID [1]:Confirmed block received from node
[1779269680] miner ID [1]:Lottery won but no transactions to mine
[1779269681] miner ID [1]:Miner shutting down
