[1779286580] miner ID [6]:miner avviato correttamente
[1779286580] miner ID [6]:Miner started
[1779286581] miner ID [6]:Confirmed block received from node
[1779286581] miner ID [6]:Lottery won but no transactions to mine
[1779286582] miner ID [6]:Ilaria pays Giacomo 19 coins
[1779286582] miner ID [6]:Bob pays Ilaria 29 coins
[1779286582] miner ID [6]:Giovanna pays Bob 12 coins
[1779286582] miner ID [6]:Bob pays Giacomo 88 coins
[1779286582] miner ID [6]:Ilaria pays Alice 69 coins
[1779286582] miner ID [6]:Francesco pays Giacomo 96 coins
[1779286582] miner ID [6]:Alice pays Bob 82 coins
[1779286582] miner ID [6]:Francesco pays Bob 41 coins
[1779286582] miner ID [6]:Confirmed block received from node
[1779286582] miner ID [6]:Confirmed block received from node
[1779286582] miner ID [6]:Mining successful
[1779286582] miner ID [6]:Block sent to nodes
[1779286582] miner ID [6]:Confirmed block received from node
[1779286582] miner ID [6]:Lottery won but no transactions to mine
[1779286585] miner ID [6]:Francesco pays Giacomo 73 coins
[1779286585] miner ID [6]:Francesco pays Bob 26 coins
[1779286585] miner ID [6]:Ilaria pays Bob 30 coins
[1779286585] miner ID [6]:Mining successful
[1779286585] miner ID [6]:Block sent to nodes
[1779286585] miner ID [6]:Confirmed block received from node
[1779286585] miner ID [6]:Lottery won but no transactions to mine
[1779286585] miner ID [6]:Confirmed block received from node
[1779286586] miner ID [6]:Confirmed block received from node
[1779286586] miner ID [6]:Lottery won but no transactions to mine
[1779286586] miner ID [6]:Confirmed block received from node
[1779286586] miner ID [6]:Lottery won but no transactions to mine
[1779286586] miner ID [6]:Confirmed block received from node
[1779286586] miner ID [6]:Lottery won but no transactions to mine
[1779286587] miner ID [6]:Ilaria pays Giacomo 43 coins
[1779286587] miner ID [6]:Giovanna pays Ilaria 56 coins
[1779286587] miner ID [6]:Giovanna pays Alice 29 coins
[1779286587] miner ID [6]:Francesco pays Alice 52 coins
[1779286587] miner ID [6]:Bob pays Francesco 46 coins
[1779286587] miner ID [6]:Bob pays Giacomo 27 coins
[1779286587] miner ID [6]:Bob pays Francesco 23 coins
[1779286587] miner ID [6]:Bob pays Giovanna 64 coins
[1779286587] miner ID [6]:Ilaria pays Giacomo 35 coins
[1779286587] miner ID [6]:Ilaria pays Francesco 4 coins
[1779286587] miner ID [6]:Mining successful
[1779286587] miner ID [6]:Block sent to nodes
[1779286587] miner ID [6]:Confirmed block received from node
[1779286590] miner ID [6]:Giacomo pays Ilaria 6 coins
[1779286590] miner ID [6]:Giovanna pays Francesco 63 coins
[1779286590] miner ID [6]:Giovanna pays Alice 75 coins
[1779286590] miner ID [6]:Giacomo pays Giovanna 46 coins
[1779286590] miner ID [6]:Confirmed block received from node
[1779286590] miner ID [6]:Mining successful
[1779286590] miner ID [6]:Block sent to nodes
[1779286590] miner ID [6]:Confirmed block received from node
[1779286590] miner ID [6]:Lottery won but no transactions to mine
[1779286590] miner ID [6]:Confirmed block received from node
[1779286590] miner ID [6]:Lottery won but no transactions to mine
[1779286590] miner ID [6]:Confirmed block received from node
[1779286590] miner ID [6]:Confirmed block received from node
[1779286591] miner ID [6]:Miner shutting down
[1779286591] miner ID [6]:miner chiuso
