[1779266983] miner ID [1]:miner avviato correttamente
[1779266983] miner ID [1]:Miner started
[1779266987] miner ID [1]:Ilaria pays Bob 32 coins
[1779266987] miner ID [1]:Giacomo pays Alice 35 coins
[1779266987] miner ID [1]:Ilaria pays Francesco 27 coins
[1779266987] miner ID [1]:Giacomo pays Francesco 30 coins
[1779266990] miner ID [1]:Bob pays Giacomo 43 coins
[1779266990] miner ID [1]:Francesco pays Bob 59 coins
[1779266990] miner ID [1]:Ilaria pays Alice 13 coins
[1779266990] miner ID [1]:Alice pays Francesco 25 coins
[1779266990] miner ID [1]:Mining successful
[1779266990] miner ID [1]:WARNING: cannot open node fifo
[1779266990] miner ID [1]:WARNING: cannot open node fifo
[1779266990] miner ID [1]:Block sent to nodes
[1779266993] miner ID [1]:Alice pays Giacomo 6 coins
[1779266993] miner ID [1]:Giacomo pays Bob 76 coins
[1779266993] miner ID [1]:Giovanna pays Alice 29 coins
[1779267004] miner ID [1]:Giacomo pays Bob 88 coins
[1779267005] miner ID [1]:Francesco pays Giacomo 28 coins
[1779267005] miner ID [1]:Giovanna pays Francesco 40 coins
[1779267005] miner ID [1]:Francesco pays Bob 73 coins
[1779267008] miner ID [1]:Giacomo pays Alice 40 coins
[1779267008] miner ID [1]:Giovanna pays Bob 4 coins
[1779267008] miner ID [1]:Ilaria pays Alice 66 coins
[1779267008] miner ID [1]:Alice pays Francesco 16 coins
[1779267010] miner ID [1]:Ilaria pays Bob 13 coins
[1779267010] miner ID [1]:Giacomo pays Bob 48 coins
[1779267010] miner ID [1]:Bob pays Francesco 54 coins
[1779267015] miner ID [1]:Alice pays Francesco 53 coins
[1779267015] miner ID [1]:Giovanna pays Ilaria 46 coins
[1779267015] miner ID [1]:Bob pays Alice 97 coins
[1779267015] miner ID [1]:Giacomo pays Bob 43 coins
[1779267018] miner ID [1]:Giacomo pays Giovanna 28 coins
[1779267022] miner ID [1]:Francesco pays Giovanna 94 coins
[1779267022] miner ID [1]:Alice pays Giacomo 51 coins
[1779267022] miner ID [1]:Giacomo pays Ilaria 15 coins
[1779267026] miner ID [1]:Alice pays Francesco 54 coins
[1779267026] miner ID [1]:Francesco pays Alice 49 coins
[1779267026] miner ID [1]:Giacomo pays Giovanna 71 coins
[1779267028] miner ID [1]:Bob pays Ilaria 8 coins
[1779267028] miner ID [1]:Bob pays Giacomo 22 coins
[1779267028] miner ID [1]:Alice pays Giacomo 39 coins
[1779267028] miner ID [1]:Bob pays Giovanna 93 coins
[1779267031] miner ID [1]:Giovanna pays Francesco 43 coins
[1779267031] miner ID [1]:Francesco pays Bob 55 coins
[1779267031] miner ID [1]:Giacomo pays Ilaria 98 coins
[1779267031] miner ID [1]:Giovanna pays Francesco 75 coins
[1779267036] miner ID [1]:Bob pays Francesco 77 coins
[1779267036] miner ID [1]:Giovanna pays Ilaria 58 coins
[1779267036] miner ID [1]:Ilaria pays Bob 87 coins
[1779267036] miner ID [1]:Alice pays Giacomo 21 coins
[1779267040] miner ID [1]:Ilaria pays Francesco 23 coins
[1779267040] miner ID [1]:Giacomo pays Bob 93 coins
[1779267040] miner ID [1]:Francesco pays Bob 67 coins
[1779267040] miner ID [1]:Bob pays Ilaria 60 coins
[1779267043] miner ID [1]:Giovanna pays Ilaria 26 coins
[1779267043] miner ID [1]:Alice pays Ilaria 36 coins
[1779267043] miner ID [1]:Giovanna pays Giacomo 3 coins
[1779267043] miner ID [1]:Alice pays Francesco 12 coins
[1779267046] miner ID [1]:Francesco pays Bob 54 coins
[1779267046] miner ID [1]:Giovanna pays Bob 67 coins
[1779267046] miner ID [1]:Bob pays Giovanna 65 coins
[1779267046] miner ID [1]:Francesco pays Ilaria 42 coins
[1779267050] miner ID [1]:Ilaria pays Giacomo 29 coins
[1779267050] miner ID [1]:Alice pays Giovanna 53 coins
[1779267050] miner ID [1]:Francesco pays Giacomo 98 coins
[1779267050] miner ID [1]:Ilaria pays Alice 64 coins
[1779267051] miner ID [1]:Bob pays Francesco 32 coins
[1779267051] miner ID [1]:Alice pays Giacomo 11 coins
[1779267051] miner ID [1]:Ilaria pays Giovanna 12 coins
[1779267056] miner ID [1]:Giacomo pays Alice 46 coins
[1779267056] miner ID [1]:Ilaria pays Giovanna 10 coins
[1779267056] miner ID [1]:Francesco pays Bob 4 coins
[1779267057] miner ID [1]:Giovanna pays Francesco 45 coins
[1779267062] miner ID [1]:Francesco pays Bob 86 coins
[1779267062] miner ID [1]:Giacomo pays Alice 74 coins
[1779267062] miner ID [1]:Francesco pays Ilaria 30 coins
