[1779286455] node ID [4]:node avviato correttamente
[1779286455] node ID [4]:Nodo avviato
[1779286457] node ID [4]:Blocco ricevuto da peer
[1779286457] node ID [4]:Block is already in the blockchain, rejected
[1779286457] node ID [4]:Blocco ricevuto da peer
[1779286457] node ID [4]:Block is already in the blockchain, rejected
[1779286457] node ID [4]:Blocco ricevuto da peer
[1779286457] node ID [4]:Block is already in the blockchain, rejected
[1779286462] node ID [4]:Blocco ricevuto da peer
[1779286462] node ID [4]:Block is already in the blockchain, rejected
[1779286462] node ID [4]:Blocco ricevuto da peer
[1779286462] node ID [4]:Block is already in the blockchain, rejected
[1779286462] node ID [4]:Blocco ricevuto da peer
[1779286462] node ID [4]:Block is already in the blockchain, rejected
[1779286462] node ID [4]:Blocco ricevuto da peer
[1779286462] node ID [4]:Block is already in the blockchain, rejected
[1779286462] node ID [4]:Blocco ricevuto da peer
[1779286462] node ID [4]:Block is already in the blockchain, rejected
[1779286464] node ID [4]:Blocco ricevuto da peer
[1779286464] node ID [4]:Block is already in the blockchain, rejected
[1779286464] node ID [4]:Blocco ricevuto da peer
[1779286464] node ID [4]:Block is already in the blockchain, rejected
[1779286468] node ID [4]:Blocco ricevuto da peer
[1779286468] node ID [4]:Block is already in the blockchain, rejected
[1779286468] node ID [4]:Blocco ricevuto da peer
[1779286468] node ID [4]:Block is already in the blockchain, rejected
[1779286468] node ID [4]:Blocco ricevuto da peer
[1779286468] node ID [4]:Block is already in the blockchain, rejected
[1779286468] node ID [4]:Blocco ricevuto da peer
[1779286468] node ID [4]:Block is already in the blockchain, rejected
[1779286469] node ID [4]:Blocco ricevuto da peer
[1779286469] node ID [4]:Block is already in the blockchain, rejected
[1779286469] node ID [4]:Blocco ricevuto da peer
[1779286469] node ID [4]:Block is already in the blockchain, rejected
[1779286472] node ID [4]:Blocco ricevuto da peer
[1779286472] node ID [4]:Block add to blockchain
[1779286472] node ID [4]:signal: SIGUSR2 send to miner
[1779286472] node ID [4]:Block send to peer
[1779286472] node ID [4]:Block send to peer
[1779286472] node ID [4]:Block send to peer
[1779286472] node ID [4]:Block send to peer
[1779286472] node ID [4]:Block send to peer
[1779286473] node ID [4]:Blocco ricevuto da peer
[1779286473] node ID [4]:Block add to blockchain
[1779286473] node ID [4]:signal: SIGUSR2 send to miner
[1779286473] node ID [4]:Block send to peer
[1779286473] node ID [4]:Block send to peer
[1779286473] node ID [4]:Block send to peer
[1779286473] node ID [4]:Block send to peer
[1779286473] node ID [4]:Block send to peer
[1779286473] node ID [4]:Blocco ricevuto da peer
[1779286473] node ID [4]:Block add to blockchain
[1779286473] node ID [4]:signal: SIGUSR2 send to miner
[1779286473] node ID [4]:Block send to peer
[1779286473] node ID [4]:Block send to peer
[1779286473] node ID [4]:Block send to peer
[1779286473] node ID [4]:Block send to peer
[1779286473] node ID [4]:Block send to peer
[1779286474] node ID [4]:Blocco ricevuto da peer
[1779286474] node ID [4]:Block add to blockchain
[1779286474] node ID [4]:signal: SIGUSR2 send to miner
[1779286474] node ID [4]:Block send to peer
[1779286474] node ID [4]:Block send to peer
[1779286474] node ID [4]:Block send to peer
[1779286474] node ID [4]:Block send to peer
[1779286474] node ID [4]:Block send to peer
[1779286474] node ID [4]:Blocco ricevuto da peer
[1779286474] node ID [4]:Block add to blockchain
[1779286474] node ID [4]:signal: SIGUSR2 send to miner
[1779286474] node ID [4]:Block send to peer
[1779286474] node ID [4]:Block send to peer
[1779286474] node ID [4]:Block send to peer
[1779286474] node ID [4]:Block send to peer
[1779286474] node ID [4]:Block send to peer
[1779286474] node ID [4]:Blocco ricevuto da peer
[1779286474] node ID [4]:Block add to blockchain
[1779286474] node ID [4]:signal: SIGUSR2 send to miner
[1779286474] node ID [4]:Block send to peer
[1779286474] node ID [4]:Block send to peer
[1779286474] node ID [4]:Block send to peer
[1779286474] node ID [4]:Block send to peer
[1779286474] node ID [4]:Block send to peer
[1779286478] node ID [4]:Blocco ricevuto da peer
[1779286478] node ID [4]:Block add to blockchain
[1779286478] node ID [4]:signal: SIGUSR2 send to miner
[1779286478] node ID [4]:Block send to peer
[1779286478] node ID [4]:Block send to peer
[1779286478] node ID [4]:Block send to peer
[1779286478] node ID [4]:Block send to peer
[1779286478] node ID [4]:Block send to peer
[1779286478] node ID [4]:Blocco ricevuto da peer
[1779286478] node ID [4]:Block add to blockchain
[1779286478] node ID [4]:signal: SIGUSR2 send to miner
[1779286478] node ID [4]:Block send to peer
[1779286478] node ID [4]:Block send to peer
[1779286478] node ID [4]:Block send to peer
[1779286478] node ID [4]:Block send to peer
[1779286478] node ID [4]:Block send to peer
[1779286478] node ID [4]:Blocco ricevuto da peer
[1779286478] node ID [4]:Block is already in the blockchain, rejected
[1779286478] node ID [4]:Blocco ricevuto da peer
[1779286478] node ID [4]:Block is already in the blockchain, rejected
[1779286479] node ID [4]:Blocco ricevuto da peer
[1779286479] node ID [4]:Block add to blockchain
[1779286479] node ID [4]:signal: SIGUSR2 send to miner
[1779286479] node ID [4]:Block send to peer
[1779286479] node ID [4]:Block send to peer
[1779286479] node ID [4]:Block send to peer
[1779286479] node ID [4]:Block send to peer
[1779286479] node ID [4]:Block send to peer
[1779286479] node ID [4]:Blocco ricevuto da peer
[1779286479] node ID [4]:Block add to blockchain
[1779286479] node ID [4]:signal: SIGUSR2 send to miner
[1779286479] node ID [4]:Block send to peer
[1779286479] node ID [4]:Block send to peer
[1779286479] node ID [4]:Block send to peer
[1779286479] node ID [4]:Block send to peer
[1779286479] node ID [4]:Block send to peer
