[1779282249] node ID [4]:node avviato correttamente
[1779282249] node ID [4]:Nodo avviato
[1779282253] node ID [4]:Blocco ricevuto da peer
[1779282253] node ID [4]:Block is already in the blockchain, rejected
[1779282253] node ID [4]:Blocco ricevuto da peer
[1779282253] node ID [4]:Block is already in the blockchain, rejected
[1779282257] node ID [4]:Blocco ricevuto da peer
[1779282257] node ID [4]:Block is already in the blockchain, rejected
[1779282257] node ID [4]:Blocco ricevuto da peer
[1779282257] node ID [4]:Block is already in the blockchain, rejected
[1779282257] node ID [4]:Blocco ricevuto da peer
[1779282257] node ID [4]:Block is already in the blockchain, rejected
[1779282257] node ID [4]:Blocco ricevuto da peer
[1779282257] node ID [4]:Block is already in the blockchain, rejected
[1779282257] node ID [4]:Blocco ricevuto da peer
[1779282257] node ID [4]:Block is already in the blockchain, rejected
[1779282257] node ID [4]:Blocco ricevuto da peer
[1779282257] node ID [4]:Block is already in the blockchain, rejected
[1779282257] node ID [4]:Blocco ricevuto da peer
[1779282257] node ID [4]:Block is already in the blockchain, rejected
[1779282257] node ID [4]:Blocco ricevuto da peer
[1779282257] node ID [4]:Block is already in the blockchain, rejected
[1779282257] node ID [4]:Blocco ricevuto da peer
[1779282257] node ID [4]:Block is already in the blockchain, rejected
[1779282257] node ID [4]:Blocco ricevuto da peer
[1779282257] node ID [4]:Block is already in the blockchain, rejected
[1779282257] node ID [4]:Blocco ricevuto da peer
[1779282257] node ID [4]:Block is already in the blockchain, rejected
[1779282257] node ID [4]:Blocco ricevuto da peer
[1779282257] node ID [4]:Block is already in the blockchain, rejected
[1779282257] node ID [4]:Blocco ricevuto da peer
[1779282257] node ID [4]:Block is already in the blockchain, rejected
[1779282258] node ID [4]:Blocco ricevuto da peer
[1779282258] node ID [4]:Block is already in the blockchain, rejected
[1779282258] node ID [4]:Blocco ricevuto da peer
[1779282258] node ID [4]:Block is already in the blockchain, rejected
[1779282258] node ID [4]:Blocco ricevuto da peer
[1779282258] node ID [4]:Block is already in the blockchain, rejected
[1779282260] node ID [4]:Blocco ricevuto da peer
[1779282260] node ID [4]:Block add to blockchain
[1779282260] node ID [4]:signal: SIGUSR2 send to miner
[1779282260] node ID [4]:Block send to peer
[1779282260] node ID [4]:Block send to peer
[1779282260] node ID [4]:Block send to peer
[1779282260] node ID [4]:Block send to peer
[1779282260] node ID [4]:Block send to peer
[1779282260] node ID [4]:Block send to peer
[1779282260] node ID [4]:Block send to peer
[1779282260] node ID [4]:Block send to peer
[1779282260] node ID [4]:Block send to peer
[1779282260] node ID [4]:Blocco ricevuto da peer
[1779282260] node ID [4]:Block add to blockchain
[1779282260] node ID [4]:signal: SIGUSR2 send to miner
[1779282260] node ID [4]:Block send to peer
[1779282260] node ID [4]:Block send to peer
[1779282260] node ID [4]:Block send to peer
[1779282260] node ID [4]:Block send to peer
[1779282260] node ID [4]:Block send to peer
[1779282260] node ID [4]:Block send to peer
[1779282260] node ID [4]:Block send to peer
[1779282260] node ID [4]:Block send to peer
[1779282260] node ID [4]:Block send to peer
[1779282260] node ID [4]:Blocco ricevuto da peer
[1779282260] node ID [4]:Block is already in the blockchain, rejected
[1779282261] node ID [4]:Blocco ricevuto da peer
[1779282261] node ID [4]:Block is already in the blockchain, rejected
[1779282261] node ID [4]:Blocco ricevuto da peer
[1779282261] node ID [4]:Block is already in the blockchain, rejected
[1779282261] node ID [4]:Blocco ricevuto da peer
[1779282261] node ID [4]:Block is already in the blockchain, rejected
[1779282261] node ID [4]:Blocco ricevuto da peer
[1779282261] node ID [4]:Block is already in the blockchain, rejected
[1779282261] node ID [4]:Blocco ricevuto da peer
[1779282261] node ID [4]:Block is already in the blockchain, rejected
[1779282261] node ID [4]:Blocco ricevuto da peer
[1779282261] node ID [4]:Block is already in the blockchain, rejected
[1779282261] node ID [4]:Blocco ricevuto da peer
[1779282261] node ID [4]:Block is already in the blockchain, rejected
[1779282262] node ID [4]:Blocco ricevuto da peer
[1779282262] node ID [4]:Block is already in the blockchain, rejected
[1779282262] node ID [4]:Blocco ricevuto da peer
[1779282262] node ID [4]:Block is already in the blockchain, rejected
[1779282267] node ID [4]:Blocco ricevuto da peer
[1779282267] node ID [4]:Block is already in the blockchain, rejected
[1779282267] node ID [4]:Blocco ricevuto da peer
[1779282267] node ID [4]:Block is already in the blockchain, rejected
[1779282267] node ID [4]:Blocco ricevuto da peer
[1779282267] node ID [4]:Block is already in the blockchain, rejected
[1779282267] node ID [4]:Blocco ricevuto da peer
[1779282267] node ID [4]:Block is already in the blockchain, rejected
[1779282267] node ID [4]:Blocco ricevuto da peer
[1779282267] node ID [4]:Block is already in the blockchain, rejected
[1779282267] node ID [4]:Blocco ricevuto da peer
[1779282267] node ID [4]:Block is already in the blockchain, rejected
[1779282268] node ID [4]:Blocco ricevuto da peer
[1779282268] node ID [4]:Block is already in the blockchain, rejected
[1779282268] node ID [4]:Blocco ricevuto da peer
[1779282268] node ID [4]:Block is already in the blockchain, rejected
[1779282268] node ID [4]:Blocco ricevuto da peer
[1779282268] node ID [4]:Block is already in the blockchain, rejected
[1779282268] node ID [4]:Blocco ricevuto da peer
[1779282268] node ID [4]:Block is already in the blockchain, rejected
[1779282268] node ID [4]:Blocco ricevuto da peer
[1779282268] node ID [4]:Block is already in the blockchain, rejected
[1779282268] node ID [4]:Blocco ricevuto da peer
[1779282268] node ID [4]:Block is already in the blockchain, rejected
[1779282269] node ID [4]:Blocco ricevuto da peer
[1779282269] node ID [4]:Block is already in the blockchain, rejected
[1779282269] node ID [4]:Blocco ricevuto da peer
[1779282269] node ID [4]:Block is already in the blockchain, rejected
[1779282269] node ID [4]:Blocco ricevuto da peer
[1779282269] node ID [4]:Block is already in the blockchain, rejected
[1779282269] node ID [4]:Blocco ricevuto da peer
[1779282269] node ID [4]:Block is already in the blockchain, rejected
[1779282269] node ID [4]:Blocco ricevuto da peer
[1779282269] node ID [4]:Block is already in the blockchain, rejected
[1779282269] node ID [4]:Blocco ricevuto da peer
[1779282269] node ID [4]:Block is already in the blockchain, rejected
[1779282269] node ID [4]:Blocco ricevuto da peer
[1779282269] node ID [4]:Block is already in the blockchain, rejected
[1779282269] node ID [4]:Blocco ricevuto da peer
[1779282269] node ID [4]:Block is already in the blockchain, rejected
[1779282274] node ID [4]:Blocco ricevuto da peer
[1779282274] node ID [4]:Block add to blockchain
[1779282274] node ID [4]:signal: SIGUSR2 send to miner
[1779282274] node ID [4]:Block send to peer
[1779282274] node ID [4]:Block send to peer
[1779282274] node ID [4]:Block send to peer
[1779282274] node ID [4]:Block send to peer
[1779282274] node ID [4]:Block send to peer
[1779282274] node ID [4]:Block send to peer
[1779282274] node ID [4]:Block send to peer
[1779282274] node ID [4]:Block send to peer
[1779282274] node ID [4]:Block send to peer
[1779282274] node ID [4]:Blocco ricevuto da peer
[1779282274] node ID [4]:Block is already in the blockchain, rejected
[1779282274] node ID [4]:Blocco ricevuto da peer
[1779282274] node ID [4]:Block add to blockchain
[1779282274] node ID [4]:signal: SIGUSR2 send to miner
[1779282274] node ID [4]:Block send to peer
[1779282274] node ID [4]:Block send to peer
[1779282274] node ID [4]:Block send to peer
[1779282274] node ID [4]:Block send to peer
[1779282274] node ID [4]:Block send to peer
[1779282274] node ID [4]:Block send to peer
[1779282274] node ID [4]:Block send to peer
[1779282274] node ID [4]:Block send to peer
[1779282274] node ID [4]:Block send to peer
[1779282274] node ID [4]:Blocco ricevuto da peer
[1779282274] node ID [4]:Block is already in the blockchain, rejected
[1779282274] node ID [4]:Blocco ricevuto da peer
[1779282274] node ID [4]:Block add to blockchain
[1779282274] node ID [4]:signal: SIGUSR2 send to miner
[1779282274] node ID [4]:Block send to peer
[1779282274] node ID [4]:Block send to peer
[1779282274] node ID [4]:Block send to peer
[1779282274] node ID [4]:Block send to peer
[1779282274] node ID [4]:Block send to peer
[1779282274] node ID [4]:Block send to peer
[1779282274] node ID [4]:Block send to peer
[1779282274] node ID [4]:Block send to peer
[1779282274] node ID [4]:Block send to peer
[1779282275] node ID [4]:Blocco ricevuto da peer
[1779282275] node ID [4]:Block is already in the blockchain, rejected
[1779282275] node ID [4]:Blocco ricevuto da peer
[1779282275] node ID [4]:Block is already in the blockchain, rejected
[1779282275] node ID [4]:Blocco ricevuto da peer
[1779282275] node ID [4]:Block is already in the blockchain, rejected
[1779282275] node ID [4]:Blocco ricevuto da peer
[1779282275] node ID [4]:Block is already in the blockchain, rejected
[1779282275] node ID [4]:Blocco ricevuto da peer
[1779282275] node ID [4]:Block is already in the blockchain, rejected
[1779282276] node ID [4]:Blocco ricevuto da peer
[1779282276] node ID [4]:Block is already in the blockchain, rejected
[1779282276] node ID [4]:Blocco ricevuto da peer
[1779282276] node ID [4]:Block is already in the blockchain, rejected
[1779282276] node ID [4]:Blocco ricevuto da peer
[1779282276] node ID [4]:Block is already in the blockchain, rejected
[1779282276] node ID [4]:Blocco ricevuto da peer
[1779282276] node ID [4]:Block is already in the blockchain, rejected
[1779282278] node ID [4]:Blocco ricevuto da peer
[1779282278] node ID [4]:Block is already in the blockchain, rejected
[1779282278] node ID [4]:Blocco ricevuto da peer
[1779282278] node ID [4]:Block is already in the blockchain, rejected
[1779282278] node ID [4]:Blocco ricevuto da peer
[1779282278] node ID [4]:Block is already in the blockchain, rejected
[1779282278] node ID [4]:Blocco ricevuto da peer
[1779282278] node ID [4]:Block is already in the blockchain, rejected
[1779282281] node ID [4]:Blocco ricevuto da peer
[1779282281] node ID [4]:Block add to blockchain
[1779282281] node ID [4]:signal: SIGUSR2 send to miner
[1779282281] node ID [4]:Block send to peer
[1779282281] node ID [4]:Block send to peer
[1779282281] node ID [4]:Block send to peer
[1779282281] node ID [4]:Block send to peer
[1779282281] node ID [4]:Block send to peer
[1779282281] node ID [4]:Block send to peer
[1779282281] node ID [4]:Block send to peer
[1779282281] node ID [4]:Block send to peer
[1779282281] node ID [4]:Block send to peer
[1779282281] node ID [4]:Blocco ricevuto da peer
[1779282281] node ID [4]:Block add to blockchain
[1779282281] node ID [4]:signal: SIGUSR2 send to miner
[1779282281] node ID [4]:Block send to peer
[1779282281] node ID [4]:Block send to peer
[1779282281] node ID [4]:Block send to peer
[1779282281] node ID [4]:Block send to peer
[1779282281] node ID [4]:Block send to peer
[1779282281] node ID [4]:Block send to peer
[1779282281] node ID [4]:Block send to peer
[1779282281] node ID [4]:Block send to peer
[1779282281] node ID [4]:Block send to peer
[1779282281] node ID [4]:Blocco ricevuto da peer
[1779282281] node ID [4]:Block is already in the blockchain, rejected
[1779282281] node ID [4]:Blocco ricevuto da peer
[1779282281] node ID [4]:Block is already in the blockchain, rejected
[1779282281] node ID [4]:Blocco ricevuto da peer
[1779282281] node ID [4]:Block is already in the blockchain, rejected
[1779282284] node ID [4]:Blocco ricevuto da peer
[1779282284] node ID [4]:Block add to blockchain
[1779282284] node ID [4]:signal: SIGUSR2 send to miner
[1779282284] node ID [4]:Block send to peer
[1779282284] node ID [4]:Block send to peer
[1779282284] node ID [4]:Block send to peer
[1779282284] node ID [4]:Block send to peer
[1779282284] node ID [4]:Block send to peer
[1779282284] node ID [4]:Block send to peer
[1779282284] node ID [4]:Block send to peer
[1779282284] node ID [4]:Block send to peer
[1779282284] node ID [4]:Block send to peer
[1779282285] node ID [4]:Blocco ricevuto da peer
[1779282285] node ID [4]:Block is already in the blockchain, rejected
[1779282285] node ID [4]:Blocco ricevuto da peer
[1779282285] node ID [4]:Block is already in the blockchain, rejected
[1779282285] node ID [4]:Blocco ricevuto da peer
[1779282285] node ID [4]:Block is already in the blockchain, rejected
[1779282285] node ID [4]:Blocco ricevuto da peer
[1779282285] node ID [4]:Block is already in the blockchain, rejected
[1779282285] node ID [4]:Blocco ricevuto da peer
[1779282285] node ID [4]:Block is already in the blockchain, rejected
[1779282285] node ID [4]:Blocco ricevuto da peer
[1779282285] node ID [4]:Block is already in the blockchain, rejected
[1779282285] node ID [4]:Blocco ricevuto da peer
[1779282285] node ID [4]:Block is already in the blockchain, rejected
[1779282285] node ID [4]:Blocco ricevuto da peer
[1779282285] node ID [4]:Block is already in the blockchain, rejected
[1779282286] node ID [4]:Blocco ricevuto da peer
[1779282286] node ID [4]:Block is already in the blockchain, rejected
[1779282286] node ID [4]:Blocco ricevuto da peer
[1779282286] node ID [4]:Block is already in the blockchain, rejected
[1779282289] node ID [4]:Blocco ricevuto da peer
[1779282289] node ID [4]:Block is already in the blockchain, rejected
[1779282289] node ID [4]:Blocco ricevuto da peer
[1779282289] node ID [4]:Block is already in the blockchain, rejected
[1779282289] node ID [4]:Blocco ricevuto da peer
[1779282289] node ID [4]:Block is already in the blockchain, rejected
[1779282289] node ID [4]:Blocco ricevuto da peer
[1779282289] node ID [4]:Block is already in the blockchain, rejected
[1779282289] node ID [4]:Blocco ricevuto da peer
[1779282289] node ID [4]:Block is already in the blockchain, rejected
[1779282290] node ID [4]:Blocco ricevuto da peer
[1779282290] node ID [4]:Block is already in the blockchain, rejected
[1779282290] node ID [4]:Blocco ricevuto da peer
[1779282290] node ID [4]:Block is already in the blockchain, rejected
[1779282290] node ID [4]:Blocco ricevuto da peer
[1779282290] node ID [4]:Block is already in the blockchain, rejected
[1779282290] node ID [4]:Blocco ricevuto da peer
[1779282290] node ID [4]:Block is already in the blockchain, rejected
[1779282290] node ID [4]:Blocco ricevuto da peer
[1779282290] node ID [4]:Block is already in the blockchain, rejected
[1779282290] node ID [4]:Blocco ricevuto da peer
[1779282290] node ID [4]:Block is already in the blockchain, rejected
[1779282290] node ID [4]:Blocco ricevuto da peer
[1779282290] node ID [4]:Block is already in the blockchain, rejected
[1779282290] node ID [4]:Blocco ricevuto da peer
[1779282290] node ID [4]:Block is already in the blockchain, rejected
[1779282290] node ID [4]:Blocco ricevuto da peer
[1779282290] node ID [4]:Block is already in the blockchain, rejected
[1779282290] node ID [4]:Blocco ricevuto da peer
[1779282290] node ID [4]:Block is already in the blockchain, rejected
[1779282290] node ID [4]:Blocco ricevuto da peer
[1779282290] node ID [4]:Block is already in the blockchain, rejected
[1779282290] node ID [4]:Blocco ricevuto da peer
[1779282290] node ID [4]:Block is already in the blockchain, rejected
[1779282290] node ID [4]:Blocco ricevuto da peer
[1779282290] node ID [4]:Block is already in the blockchain, rejected
[1779282295] node ID [4]:Blocco ricevuto da peer
[1779282295] node ID [4]:Block is already in the blockchain, rejected
[1779282295] node ID [4]:Blocco ricevuto da peer
[1779282295] node ID [4]:Block is already in the blockchain, rejected
[1779282295] node ID [4]:Blocco ricevuto da peer
[1779282295] node ID [4]:Block is already in the blockchain, rejected
[1779282295] node ID [4]:Blocco ricevuto da peer
[1779282295] node ID [4]:Block is already in the blockchain, rejected
[1779282295] node ID [4]:Blocco ricevuto da peer
[1779282295] node ID [4]:Block is already in the blockchain, rejected
[1779282295] node ID [4]:Blocco ricevuto da peer
[1779282295] node ID [4]:Block is already in the blockchain, rejected
[1779282295] node ID [4]:Blocco ricevuto da peer
[1779282295] node ID [4]:Block is already in the blockchain, rejected
[1779282295] node ID [4]:Blocco ricevuto da peer
[1779282295] node ID [4]:Block is already in the blockchain, rejected
[1779282295] node ID [4]:Blocco ricevuto da peer
[1779282295] node ID [4]:Block is already in the blockchain, rejected
[1779282296] node ID [4]:Blocco ricevuto da peer
[1779282296] node ID [4]:Block is already in the blockchain, rejected
[1779282296] node ID [4]:Blocco ricevuto da peer
[1779282296] node ID [4]:Block is already in the blockchain, rejected
[1779282296] node ID [4]:Blocco ricevuto da peer
[1779282296] node ID [4]:Block is already in the blockchain, rejected
[1779282296] node ID [4]:Blocco ricevuto da peer
[1779282296] node ID [4]:Block is already in the blockchain, rejected
[1779282296] node ID [4]:Blocco ricevuto da peer
[1779282296] node ID [4]:Block is already in the blockchain, rejected
[1779282296] node ID [4]:Blocco ricevuto da peer
[1779282296] node ID [4]:Block is already in the blockchain, rejected
[1779282296] node ID [4]:Blocco ricevuto da peer
[1779282296] node ID [4]:Block is already in the blockchain, rejected
[1779282296] node ID [4]:Blocco ricevuto da peer
[1779282296] node ID [4]:Block is already in the blockchain, rejected
[1779282296] node ID [4]:Blocco ricevuto da peer
[1779282296] node ID [4]:Block is already in the blockchain, rejected
[1779282296] node ID [4]:Blocco ricevuto da peer
[1779282296] node ID [4]:Block is already in the blockchain, rejected
[1779282296] node ID [4]:Blocco ricevuto da peer
[1779282296] node ID [4]:Block is already in the blockchain, rejected
[1779282296] node ID [4]:Blocco ricevuto da peer
[1779282296] node ID [4]:Block is already in the blockchain, rejected
[1779282297] node ID [4]:Blocco ricevuto da peer
[1779282297] node ID [4]:Block add to blockchain
[1779282297] node ID [4]:signal: SIGUSR2 send to miner
[1779282297] node ID [4]:Block send to peer
[1779282297] node ID [4]:Block send to peer
[1779282297] node ID [4]:Block send to peer
[1779282297] node ID [4]:Block send to peer
[1779282297] node ID [4]:Block send to peer
[1779282297] node ID [4]:Block send to peer
[1779282297] node ID [4]:Block send to peer
[1779282297] node ID [4]:Block send to peer
[1779282297] node ID [4]:Block send to peer
[1779282297] node ID [4]:Blocco ricevuto da peer
[1779282297] node ID [4]:Block add to blockchain
[1779282297] node ID [4]:signal: SIGUSR2 send to miner
[1779282297] node ID [4]:Block send to peer
[1779282297] node ID [4]:Block send to peer
[1779282297] node ID [4]:Block send to peer
[1779282297] node ID [4]:Block send to peer
[1779282297] node ID [4]:Block send to peer
[1779282297] node ID [4]:Block send to peer
[1779282297] node ID [4]:Block send to peer
[1779282297] node ID [4]:Block send to peer
[1779282297] node ID [4]:Block send to peer
[1779282297] node ID [4]:Blocco ricevuto da peer
[1779282297] node ID [4]:Block is already in the blockchain, rejected
[1779282300] node ID [4]:Blocco ricevuto da peer
[1779282300] node ID [4]:Block is already in the blockchain, rejected
[1779282300] node ID [4]:Blocco ricevuto da peer
[1779282300] node ID [4]:Block is already in the blockchain, rejected
[1779282300] node ID [4]:Blocco ricevuto da peer
[1779282300] node ID [4]:Block is already in the blockchain, rejected
[1779282300] node ID [4]:Blocco ricevuto da peer
[1779282300] node ID [4]:Block is already in the blockchain, rejected
[1779282300] node ID [4]:Blocco ricevuto da peer
[1779282300] node ID [4]:Block is already in the blockchain, rejected
[1779282301] node ID [4]:Blocco ricevuto da peer
[1779282301] node ID [4]:Block is already in the blockchain, rejected
[1779282301] node ID [4]:Blocco ricevuto da peer
[1779282301] node ID [4]:Block is already in the blockchain, rejected
[1779282301] node ID [4]:Blocco ricevuto da peer
[1779282301] node ID [4]:Block is already in the blockchain, rejected
[1779282301] node ID [4]:Blocco ricevuto da peer
[1779282301] node ID [4]:Block is already in the blockchain, rejected
[1779282302] node ID [4]:Blocco ricevuto da peer
[1779282302] node ID [4]:Block is already in the blockchain, rejected
[1779282303] node ID [4]:Blocco ricevuto da peer
[1779282303] node ID [4]:Block is already in the blockchain, rejected
[1779282303] node ID [4]:Blocco ricevuto da peer
[1779282303] node ID [4]:Block is already in the blockchain, rejected
[1779282303] node ID [4]:Blocco ricevuto da peer
[1779282303] node ID [4]:Block is already in the blockchain, rejected
[1779282303] node ID [4]:Blocco ricevuto da peer
[1779282303] node ID [4]:Block is already in the blockchain, rejected
[1779282303] node ID [4]:Blocco ricevuto da peer
[1779282303] node ID [4]:Block is already in the blockchain, rejected
[1779282303] node ID [4]:Blocco ricevuto da peer
[1779282303] node ID [4]:Block is already in the blockchain, rejected
[1779282303] node ID [4]:Blocco ricevuto da peer
[1779282303] node ID [4]:Block is already in the blockchain, rejected
[1779282303] node ID [4]:Blocco ricevuto da peer
[1779282303] node ID [4]:Block is already in the blockchain, rejected
[1779282303] node ID [4]:Blocco ricevuto da peer
[1779282303] node ID [4]:Block is already in the blockchain, rejected
[1779282303] node ID [4]:Blocco ricevuto da peer
[1779282303] node ID [4]:Block is already in the blockchain, rejected
[1779282303] node ID [4]:Blocco ricevuto da peer
[1779282303] node ID [4]:Block is already in the blockchain, rejected
[1779282303] node ID [4]:Blocco ricevuto da peer
[1779282303] node ID [4]:Block is already in the blockchain, rejected
[1779282303] node ID [4]:Blocco ricevuto da peer
[1779282303] node ID [4]:Block is already in the blockchain, rejected
[1779282306] node ID [4]:Blocco ricevuto da peer
[1779282306] node ID [4]:Block is already in the blockchain, rejected
[1779282306] node ID [4]:Blocco ricevuto da peer
[1779282306] node ID [4]:Block is already in the blockchain, rejected
[1779282306] node ID [4]:Blocco ricevuto da peer
[1779282306] node ID [4]:Block is already in the blockchain, rejected
[1779282306] node ID [4]:Blocco ricevuto da peer
[1779282306] node ID [4]:Block is already in the blockchain, rejected
[1779282306] node ID [4]:Blocco ricevuto da peer
[1779282306] node ID [4]:Block is already in the blockchain, rejected
[1779282306] node ID [4]:Blocco ricevuto da peer
[1779282306] node ID [4]:Block is already in the blockchain, rejected
[1779282310] node ID [4]:Blocco ricevuto da peer
[1779282310] node ID [4]:Block is already in the blockchain, rejected
[1779282310] node ID [4]:Blocco ricevuto da peer
[1779282310] node ID [4]:Block is already in the blockchain, rejected
[1779282310] node ID [4]:Blocco ricevuto da peer
[1779282310] node ID [4]:Block is already in the blockchain, rejected
[1779282310] node ID [4]:Blocco ricevuto da peer
[1779282310] node ID [4]:Block is already in the blockchain, rejected
[1779282310] node ID [4]:Blocco ricevuto da peer
[1779282310] node ID [4]:Block is already in the blockchain, rejected
[1779282313] node ID [4]:Blocco ricevuto da peer
[1779282313] node ID [4]:Block is already in the blockchain, rejected
[1779282313] node ID [4]:Blocco ricevuto da peer
[1779282313] node ID [4]:Block is already in the blockchain, rejected
[1779282316] node ID [4]:Blocco ricevuto da peer
[1779282316] node ID [4]:Block is already in the blockchain, rejected
[1779282316] node ID [4]:Blocco ricevuto da peer
[1779282316] node ID [4]:Block is already in the blockchain, rejected
[1779282316] node ID [4]:Blocco ricevuto da peer
[1779282316] node ID [4]:Block is already in the blockchain, rejected
[1779282316] node ID [4]:Blocco ricevuto da peer
[1779282316] node ID [4]:Block is already in the blockchain, rejected
[1779282316] node ID [4]:Blocco ricevuto da peer
[1779282316] node ID [4]:Block is already in the blockchain, rejected
[1779282316] node ID [4]:Blocco ricevuto da peer
[1779282316] node ID [4]:Block is already in the blockchain, rejected
[1779282316] node ID [4]:Blocco ricevuto da peer
[1779282316] node ID [4]:Block is already in the blockchain, rejected
[1779282317] node ID [4]:Blocco ricevuto da peer
[1779282317] node ID [4]:Block add to blockchain
[1779282317] node ID [4]:signal: SIGUSR2 send to miner
[1779282317] node ID [4]:Block send to peer
[1779282317] node ID [4]:Block send to peer
[1779282317] node ID [4]:Block send to peer
[1779282317] node ID [4]:Block send to peer
[1779282317] node ID [4]:Block send to peer
[1779282317] node ID [4]:Block send to peer
[1779282317] node ID [4]:Block send to peer
[1779282317] node ID [4]:Block send to peer
[1779282317] node ID [4]:Block send to peer
[1779282317] node ID [4]:Blocco ricevuto da peer
[1779282317] node ID [4]:Block add to blockchain
[1779282317] node ID [4]:signal: SIGUSR2 send to miner
[1779282317] node ID [4]:Block send to peer
[1779282317] node ID [4]:Block send to peer
[1779282317] node ID [4]:Block send to peer
[1779282317] node ID [4]:Block send to peer
[1779282317] node ID [4]:Block send to peer
[1779282317] node ID [4]:Block send to peer
[1779282317] node ID [4]:Block send to peer
[1779282317] node ID [4]:Block send to peer
[1779282317] node ID [4]:Block send to peer
[1779282319] node ID [4]:Blocco ricevuto da peer
[1779282319] node ID [4]:Block is already in the blockchain, rejected
[1779282319] node ID [4]:Blocco ricevuto da peer
[1779282319] node ID [4]:Block is already in the blockchain, rejected
[1779282326] node ID [4]:Blocco ricevuto da peer
[1779282326] node ID [4]:Block is already in the blockchain, rejected
[1779282326] node ID [4]:Blocco ricevuto da peer
[1779282326] node ID [4]:Block is already in the blockchain, rejected
[1779282326] node ID [4]:Blocco ricevuto da peer
[1779282326] node ID [4]:Block is already in the blockchain, rejected
[1779282326] node ID [4]:Blocco ricevuto da peer
[1779282326] node ID [4]:Block is already in the blockchain, rejected
[1779282326] node ID [4]:Blocco ricevuto da peer
[1779282326] node ID [4]:Block is already in the blockchain, rejected
[1779282326] node ID [4]:Blocco ricevuto da peer
[1779282326] node ID [4]:Block is already in the blockchain, rejected
[1779282327] node ID [4]:Blocco ricevuto da peer
[1779282327] node ID [4]:Block is already in the blockchain, rejected
[1779282327] node ID [4]:Blocco ricevuto da peer
[1779282327] node ID [4]:Block is already in the blockchain, rejected
[1779282327] node ID [4]:Blocco ricevuto da peer
[1779282327] node ID [4]:Block is already in the blockchain, rejected
[1779282327] node ID [4]:Blocco ricevuto da peer
[1779282327] node ID [4]:Block is already in the blockchain, rejected
[1779282327] node ID [4]:Blocco ricevuto da peer
[1779282327] node ID [4]:Block is already in the blockchain, rejected
[1779282329] node ID [4]:Nodo in chiusura
[1779282329] node ID [4]:node chiuso
