[1779286680] node ID [5]:node avviato correttamente
[1779286680] node ID [5]:Nodo avviato
[1779286681] node ID [5]:Blocco ricevuto da peer
[1779286681] node ID [5]:Block is already in the blockchain, rejected
[1779286681] node ID [5]:Blocco ricevuto da peer
[1779286681] node ID [5]:Block is already in the blockchain, rejected
[1779286681] node ID [5]:Blocco ricevuto da peer
[1779286681] node ID [5]:Block is already in the blockchain, rejected
[1779286681] node ID [5]:Blocco ricevuto da peer
[1779286681] node ID [5]:Block is already in the blockchain, rejected
[1779286681] node ID [5]:Blocco ricevuto da peer
[1779286681] node ID [5]:Block is already in the blockchain, rejected
[1779286681] node ID [5]:Blocco ricevuto da peer
[1779286681] node ID [5]:Block is already in the blockchain, rejected
[1779286683] node ID [5]:Blocco ricevuto da peer
[1779286683] node ID [5]:Block is already in the blockchain, rejected
[1779286683] node ID [5]:Blocco ricevuto da peer
[1779286683] node ID [5]:Block is already in the blockchain, rejected
[1779286684] node ID [5]:Blocco ricevuto da peer
[1779286684] node ID [5]:Block is already in the blockchain, rejected
[1779286684] node ID [5]:Blocco ricevuto da peer
[1779286684] node ID [5]:Block is already in the blockchain, rejected
[1779286684] node ID [5]:Blocco ricevuto da peer
[1779286684] node ID [5]:Block is already in the blockchain, rejected
[1779286684] node ID [5]:Blocco ricevuto da peer
[1779286684] node ID [5]:Block is already in the blockchain, rejected
[1779286686] node ID [5]:Blocco ricevuto da peer
[1779286686] node ID [5]:Block add to blockchain
[1779286686] node ID [5]:signal: SIGUSR2 send to miner
[1779286686] node ID [5]:Block send to peer
[1779286686] node ID [5]:Block send to peer
[1779286686] node ID [5]:Block send to peer
[1779286686] node ID [5]:Block send to peer
[1779286686] node ID [5]:Block send to peer
[1779286686] node ID [5]:Blocco ricevuto da peer
[1779286686] node ID [5]:Block is already in the blockchain, rejected
[1779286687] node ID [5]:Blocco ricevuto da peer
[1779286687] node ID [5]:Block add to blockchain
[1779286687] node ID [5]:signal: SIGUSR2 send to miner
[1779286687] node ID [5]:Block send to peer
[1779286687] node ID [5]:Block send to peer
[1779286687] node ID [5]:Block send to peer
[1779286687] node ID [5]:Block send to peer
[1779286687] node ID [5]:Block send to peer
[1779286687] node ID [5]:Blocco ricevuto da peer
[1779286687] node ID [5]:Block add to blockchain
[1779286687] node ID [5]:signal: SIGUSR2 send to miner
[1779286687] node ID [5]:Block send to peer
[1779286687] node ID [5]:Block send to peer
[1779286687] node ID [5]:Block send to peer
[1779286687] node ID [5]:Block send to peer
[1779286687] node ID [5]:Block send to peer
[1779286692] node ID [5]:Blocco ricevuto da peer
[1779286692] node ID [5]:Block is already in the blockchain, rejected
[1779286692] node ID [5]:Blocco ricevuto da peer
[1779286692] node ID [5]:Block is already in the blockchain, rejected
[1779286692] node ID [5]:Blocco ricevuto da peer
[1779286692] node ID [5]:Block is already in the blockchain, rejected
[1779286692] node ID [5]:Blocco ricevuto da peer
[1779286692] node ID [5]:Block is already in the blockchain, rejected
[1779286693] node ID [5]:Blocco ricevuto da peer
[1779286693] node ID [5]:Block is already in the blockchain, rejected
[1779286693] node ID [5]:Blocco ricevuto da peer
[1779286693] node ID [5]:Block is already in the blockchain, rejected
[1779286693] node ID [5]:Blocco ricevuto da peer
[1779286693] node ID [5]:Block is already in the blockchain, rejected
[1779286693] node ID [5]:Blocco ricevuto da peer
[1779286693] node ID [5]:Block is already in the blockchain, rejected
[1779286693] node ID [5]:Blocco ricevuto da peer
[1779286693] node ID [5]:Block is already in the blockchain, rejected
[1779286693] node ID [5]:Blocco ricevuto da peer
[1779286693] node ID [5]:Block is already in the blockchain, rejected
[1779286695] node ID [5]:Blocco ricevuto da peer
[1779286695] node ID [5]:Block is already in the blockchain, rejected
[1779286695] node ID [5]:Blocco ricevuto da peer
[1779286695] node ID [5]:Block is already in the blockchain, rejected
[1779286695] node ID [5]:Blocco ricevuto da peer
[1779286695] node ID [5]:Block is already in the blockchain, rejected
[1779286695] node ID [5]:Blocco ricevuto da peer
[1779286695] node ID [5]:Block is already in the blockchain, rejected
[1779286698] node ID [5]:Blocco ricevuto da peer
[1779286698] node ID [5]:Block is already in the blockchain, rejected
[1779286698] node ID [5]:Blocco ricevuto da peer
[1779286698] node ID [5]:Block is already in the blockchain, rejected
[1779286698] node ID [5]:Blocco ricevuto da peer
[1779286698] node ID [5]:Block is already in the blockchain, rejected
[1779286698] node ID [5]:Blocco ricevuto da peer
[1779286698] node ID [5]:Block is already in the blockchain, rejected
[1779286699] node ID [5]:Blocco ricevuto da peer
[1779286699] node ID [5]:Block is already in the blockchain, rejected
[1779286699] node ID [5]:Blocco ricevuto da peer
[1779286699] node ID [5]:Block is already in the blockchain, rejected
[1779286699] node ID [5]:Blocco ricevuto da peer
[1779286699] node ID [5]:Block is already in the blockchain, rejected
[1779286699] node ID [5]:Blocco ricevuto da peer
[1779286699] node ID [5]:Block is already in the blockchain, rejected
[1779286701] node ID [5]:Blocco ricevuto da peer
[1779286701] node ID [5]:Block is already in the blockchain, rejected
[1779286701] node ID [5]:Blocco ricevuto da peer
[1779286701] node ID [5]:Block is already in the blockchain, rejected
[1779286701] node ID [5]:Blocco ricevuto da peer
[1779286701] node ID [5]:Block is already in the blockchain, rejected
[1779286701] node ID [5]:Blocco ricevuto da peer
[1779286701] node ID [5]:Block is already in the blockchain, rejected
[1779286704] node ID [5]:Blocco ricevuto da peer
[1779286704] node ID [5]:Block is already in the blockchain, rejected
[1779286704] node ID [5]:Blocco ricevuto da peer
[1779286704] node ID [5]:Block is already in the blockchain, rejected
[1779286704] node ID [5]:Blocco ricevuto da peer
[1779286704] node ID [5]:Block is already in the blockchain, rejected
[1779286704] node ID [5]:Blocco ricevuto da peer
[1779286704] node ID [5]:Block is already in the blockchain, rejected
[1779286704] node ID [5]:Blocco ricevuto da peer
[1779286704] node ID [5]:Block is already in the blockchain, rejected
[1779286704] node ID [5]:Blocco ricevuto da peer
[1779286704] node ID [5]:Block is already in the blockchain, rejected
[1779286704] node ID [5]:Blocco ricevuto da peer
[1779286704] node ID [5]:Block is already in the blockchain, rejected
[1779286704] node ID [5]:Blocco ricevuto da peer
[1779286704] node ID [5]:Block is already in the blockchain, rejected
[1779286704] node ID [5]:Blocco ricevuto da peer
[1779286704] node ID [5]:Block is already in the blockchain, rejected
[1779286704] node ID [5]:Blocco ricevuto da peer
[1779286704] node ID [5]:Block is already in the blockchain, rejected
[1779286705] node ID [5]:Blocco ricevuto da peer
[1779286705] node ID [5]:Block is already in the blockchain, rejected
[1779286705] node ID [5]:Blocco ricevuto da peer
[1779286705] node ID [5]:Block is already in the blockchain, rejected
[1779286708] node ID [5]:Blocco ricevuto da peer
[1779286708] node ID [5]:Block is already in the blockchain, rejected
[1779286708] node ID [5]:Blocco ricevuto da peer
[1779286708] node ID [5]:Block is already in the blockchain, rejected
[1779286716] node ID [5]:Blocco ricevuto da peer
[1779286716] node ID [5]:Block is already in the blockchain, rejected
[1779286716] node ID [5]:Blocco ricevuto da peer
[1779286716] node ID [5]:Block is already in the blockchain, rejected
[1779286716] node ID [5]:Blocco ricevuto da peer
[1779286716] node ID [5]:Block is already in the blockchain, rejected
[1779286716] node ID [5]:Blocco ricevuto da peer
[1779286716] node ID [5]:Block is already in the blockchain, rejected
[1779286716] node ID [5]:Blocco ricevuto da peer
[1779286716] node ID [5]:Block is already in the blockchain, rejected
[1779286716] node ID [5]:Blocco ricevuto da peer
[1779286716] node ID [5]:Block is already in the blockchain, rejected
[1779286717] node ID [5]:Blocco ricevuto da peer
[1779286717] node ID [5]:Block is already in the blockchain, rejected
[1779286717] node ID [5]:Blocco ricevuto da peer
[1779286717] node ID [5]:Block is already in the blockchain, rejected
[1779286718] node ID [5]:Blocco ricevuto da peer
[1779286718] node ID [5]:Block is already in the blockchain, rejected
[1779286718] node ID [5]:Blocco ricevuto da peer
[1779286718] node ID [5]:Block is already in the blockchain, rejected
[1779286719] node ID [5]:Blocco ricevuto da peer
[1779286719] node ID [5]:Block is already in the blockchain, rejected
[1779286719] node ID [5]:Blocco ricevuto da peer
[1779286719] node ID [5]:Block is already in the blockchain, rejected
[1779286719] node ID [5]:Blocco ricevuto da peer
[1779286719] node ID [5]:Block is already in the blockchain, rejected
[1779286721] node ID [5]:Blocco ricevuto da peer
[1779286721] node ID [5]:Block is already in the blockchain, rejected
[1779286722] node ID [5]:Blocco ricevuto da peer
[1779286722] node ID [5]:Block is already in the blockchain, rejected
[1779286722] node ID [5]:Blocco ricevuto da peer
[1779286722] node ID [5]:Block is already in the blockchain, rejected
[1779286726] node ID [5]:Blocco ricevuto da peer
[1779286726] node ID [5]:Block is already in the blockchain, rejected
[1779286726] node ID [5]:Blocco ricevuto da peer
[1779286726] node ID [5]:Block is already in the blockchain, rejected
[1779286726] node ID [5]:Blocco ricevuto da peer
[1779286726] node ID [5]:Block is already in the blockchain, rejected
[1779286726] node ID [5]:Blocco ricevuto da peer
[1779286726] node ID [5]:Block is already in the blockchain, rejected
[1779286726] node ID [5]:Blocco ricevuto da peer
[1779286726] node ID [5]:Block is already in the blockchain, rejected
[1779286726] node ID [5]:Blocco ricevuto da peer
[1779286726] node ID [5]:Block is already in the blockchain, rejected
[1779286726] node ID [5]:Blocco ricevuto da peer
[1779286726] node ID [5]:Block is already in the blockchain, rejected
[1779286726] node ID [5]:Blocco ricevuto da peer
[1779286726] node ID [5]:Block is already in the blockchain, rejected
[1779286726] node ID [5]:Blocco ricevuto da peer
[1779286726] node ID [5]:Block is already in the blockchain, rejected
[1779286728] node ID [5]:Blocco ricevuto da peer
[1779286728] node ID [5]:Block is already in the blockchain, rejected
[1779286728] node ID [5]:Blocco ricevuto da peer
[1779286728] node ID [5]:Block is already in the blockchain, rejected
[1779286728] node ID [5]:Blocco ricevuto da peer
[1779286728] node ID [5]:Block is already in the blockchain, rejected
[1779286728] node ID [5]:Blocco ricevuto da peer
[1779286728] node ID [5]:Block is already in the blockchain, rejected
[1779286731] node ID [5]:Blocco ricevuto da peer
[1779286731] node ID [5]:Block add to blockchain
[1779286731] node ID [5]:signal: SIGUSR2 send to miner
[1779286731] node ID [5]:Block send to peer
[1779286731] node ID [5]:Block send to peer
[1779286731] node ID [5]:Block send to peer
[1779286731] node ID [5]:Block send to peer
[1779286731] node ID [5]:Block send to peer
[1779286731] node ID [5]:Blocco ricevuto da peer
[1779286731] node ID [5]:Block is already in the blockchain, rejected
[1779286731] node ID [5]:Blocco ricevuto da peer
[1779286731] node ID [5]:Block add to blockchain
[1779286731] node ID [5]:signal: SIGUSR2 send to miner
[1779286731] node ID [5]:Block send to peer
[1779286731] node ID [5]:Block send to peer
[1779286731] node ID [5]:Block send to peer
[1779286731] node ID [5]:Block send to peer
[1779286731] node ID [5]:Block send to peer
[1779286731] node ID [5]:Blocco ricevuto da peer
[1779286731] node ID [5]:Block is already in the blockchain, rejected
[1779286731] node ID [5]:Blocco ricevuto da peer
[1779286731] node ID [5]:Block add to blockchain
[1779286731] node ID [5]:signal: SIGUSR2 send to miner
[1779286731] node ID [5]:Block send to peer
[1779286731] node ID [5]:Block send to peer
[1779286731] node ID [5]:Block send to peer
[1779286731] node ID [5]:Block send to peer
[1779286731] node ID [5]:Block send to peer
[1779286733] node ID [5]:Nodo in chiusura
[1779286733] node ID [5]:node chiuso
