[1779286580] node ID [3]:node avviato correttamente
[1779286580] node ID [3]:Nodo avviato
[1779286581] node ID [3]:Blocco ricevuto da peer
[1779286581] node ID [3]:Block add to blockchain
[1779286581] node ID [3]:signal: SIGUSR2 send to miner
[1779286581] node ID [3]:Block send to peer
[1779286581] node ID [3]:Block send to peer
[1779286581] node ID [3]:Block send to peer
[1779286581] node ID [3]:Block send to peer
[1779286581] node ID [3]:Block send to peer
[1779286581] node ID [3]:Block send to peer
[1779286581] node ID [3]:Block send to peer
[1779286582] node ID [3]:Blocco ricevuto da peer
[1779286582] node ID [3]:Block add to blockchain
[1779286582] node ID [3]:signal: SIGUSR2 send to miner
[1779286582] node ID [3]:Block send to peer
[1779286582] node ID [3]:Block send to peer
[1779286582] node ID [3]:Block send to peer
[1779286582] node ID [3]:Block send to peer
[1779286582] node ID [3]:Block send to peer
[1779286582] node ID [3]:Block send to peer
[1779286582] node ID [3]:Block send to peer
[1779286582] node ID [3]:Blocco ricevuto da peer
[1779286582] node ID [3]:Block add to blockchain
[1779286582] node ID [3]:signal: SIGUSR2 send to miner
[1779286582] node ID [3]:Block send to peer
[1779286582] node ID [3]:Block send to peer
[1779286582] node ID [3]:Block send to peer
[1779286582] node ID [3]:Block send to peer
[1779286582] node ID [3]:Block send to peer
[1779286582] node ID [3]:Block send to peer
[1779286582] node ID [3]:Block send to peer
[1779286582] node ID [3]:Blocco ricevuto da peer
[1779286582] node ID [3]:Block add to blockchain
[1779286582] node ID [3]:signal: SIGUSR2 send to miner
[1779286582] node ID [3]:Block send to peer
[1779286582] node ID [3]:Block send to peer
[1779286582] node ID [3]:Block send to peer
[1779286582] node ID [3]:Block send to peer
[1779286582] node ID [3]:Block send to peer
[1779286582] node ID [3]:Block send to peer
[1779286582] node ID [3]:Block send to peer
[1779286585] node ID [3]:Blocco ricevuto da peer
[1779286585] node ID [3]:Block is already in the blockchain, rejected
[1779286585] node ID [3]:Blocco ricevuto da peer
[1779286585] node ID [3]:Block is already in the blockchain, rejected
[1779286585] node ID [3]:Blocco ricevuto da peer
[1779286585] node ID [3]:Block is already in the blockchain, rejected
[1779286585] node ID [3]:Blocco ricevuto da peer
[1779286585] node ID [3]:Block is already in the blockchain, rejected
[1779286585] node ID [3]:Blocco ricevuto da peer
[1779286585] node ID [3]:Block is already in the blockchain, rejected
[1779286585] node ID [3]:Blocco ricevuto da peer
[1779286585] node ID [3]:Block is already in the blockchain, rejected
[1779286586] node ID [3]:Blocco ricevuto da peer
[1779286586] node ID [3]:Block is already in the blockchain, rejected
[1779286586] node ID [3]:Blocco ricevuto da peer
[1779286586] node ID [3]:Block is already in the blockchain, rejected
[1779286586] node ID [3]:Blocco ricevuto da peer
[1779286586] node ID [3]:Block is already in the blockchain, rejected
[1779286586] node ID [3]:Blocco ricevuto da peer
[1779286586] node ID [3]:Block is already in the blockchain, rejected
[1779286586] node ID [3]:Blocco ricevuto da peer
[1779286586] node ID [3]:Block is already in the blockchain, rejected
[1779286586] node ID [3]:Blocco ricevuto da peer
[1779286586] node ID [3]:Block is already in the blockchain, rejected
[1779286587] node ID [3]:Blocco ricevuto da peer
[1779286587] node ID [3]:Block is already in the blockchain, rejected
[1779286587] node ID [3]:Blocco ricevuto da peer
[1779286587] node ID [3]:Block is already in the blockchain, rejected
[1779286590] node ID [3]:Blocco ricevuto da peer
[1779286590] node ID [3]:Block is already in the blockchain, rejected
[1779286590] node ID [3]:Blocco ricevuto da peer
[1779286590] node ID [3]:Block is already in the blockchain, rejected
[1779286590] node ID [3]:Blocco ricevuto da peer
[1779286590] node ID [3]:Block is already in the blockchain, rejected
[1779286590] node ID [3]:Blocco ricevuto da peer
[1779286590] node ID [3]:Block is already in the blockchain, rejected
[1779286590] node ID [3]:Blocco ricevuto da peer
[1779286590] node ID [3]:Block is already in the blockchain, rejected
[1779286590] node ID [3]:Blocco ricevuto da peer
[1779286590] node ID [3]:Block is already in the blockchain, rejected
[1779286590] node ID [3]:Blocco ricevuto da peer
[1779286590] node ID [3]:Block is already in the blockchain, rejected
[1779286590] node ID [3]:Blocco ricevuto da peer
[1779286590] node ID [3]:Block is already in the blockchain, rejected
[1779286590] node ID [3]:Blocco ricevuto da peer
[1779286590] node ID [3]:Block is already in the blockchain, rejected
[1779286590] node ID [3]:Blocco ricevuto da peer
[1779286590] node ID [3]:Block is already in the blockchain, rejected
[1779286591] node ID [3]:Nodo in chiusura
[1779286591] node ID [3]:node chiuso
