[1779286542] node ID [5]:node avviato correttamente
[1779286542] node ID [5]:Nodo avviato
[1779286543] node ID [5]:Blocco ricevuto da peer
[1779286543] node ID [5]:Block is already in the blockchain, rejected
[1779286544] node ID [5]:Blocco ricevuto da peer
[1779286544] node ID [5]:Block is already in the blockchain, rejected
[1779286547] node ID [5]:Blocco ricevuto da peer
[1779286547] node ID [5]:Block add to blockchain
[1779286547] node ID [5]:signal: SIGUSR2 send to miner
[1779286547] node ID [5]:Block send to peer
[1779286547] node ID [5]:Block send to peer
[1779286547] node ID [5]:Block send to peer
[1779286547] node ID [5]:Block send to peer
[1779286547] node ID [5]:Block send to peer
[1779286547] node ID [5]:Blocco ricevuto da peer
[1779286547] node ID [5]:Block add to blockchain
[1779286547] node ID [5]:signal: SIGUSR2 send to miner
[1779286547] node ID [5]:Block send to peer
[1779286547] node ID [5]:Block send to peer
[1779286547] node ID [5]:Block send to peer
[1779286547] node ID [5]:Block send to peer
[1779286547] node ID [5]:Block send to peer
[1779286549] node ID [5]:Blocco ricevuto da peer
[1779286549] node ID [5]:Block is already in the blockchain, rejected
[1779286549] node ID [5]:Blocco ricevuto da peer
[1779286549] node ID [5]:Block is already in the blockchain, rejected
[1779286549] node ID [5]:Blocco ricevuto da peer
[1779286549] node ID [5]:Block is already in the blockchain, rejected
[1779286549] node ID [5]:Blocco ricevuto da peer
[1779286549] node ID [5]:Block is already in the blockchain, rejected
[1779286549] node ID [5]:Blocco ricevuto da peer
[1779286549] node ID [5]:Block is already in the blockchain, rejected
[1779286549] node ID [5]:Blocco ricevuto da peer
[1779286549] node ID [5]:Block is already in the blockchain, rejected
[1779286549] node ID [5]:Blocco ricevuto da peer
[1779286549] node ID [5]:Block is already in the blockchain, rejected
[1779286549] node ID [5]:Blocco ricevuto da peer
[1779286549] node ID [5]:Block is already in the blockchain, rejected
[1779286551] node ID [5]:Blocco ricevuto da peer
[1779286551] node ID [5]:Block is already in the blockchain, rejected
[1779286551] node ID [5]:Blocco ricevuto da peer
[1779286551] node ID [5]:Block is already in the blockchain, rejected
[1779286553] node ID [5]:Blocco ricevuto da peer
[1779286553] node ID [5]:Block is already in the blockchain, rejected
[1779286553] node ID [5]:Blocco ricevuto da peer
[1779286553] node ID [5]:Block is already in the blockchain, rejected
[1779286557] node ID [5]:Blocco ricevuto da peer
[1779286557] node ID [5]:Block is already in the blockchain, rejected
[1779286557] node ID [5]:Blocco ricevuto da peer
[1779286557] node ID [5]:Block is already in the blockchain, rejected
[1779286558] node ID [5]:Blocco ricevuto da peer
[1779286558] node ID [5]:Block is already in the blockchain, rejected
[1779286558] node ID [5]:Blocco ricevuto da peer
[1779286558] node ID [5]:Block is already in the blockchain, rejected
[1779286558] node ID [5]:Blocco ricevuto da peer
[1779286558] node ID [5]:Block is already in the blockchain, rejected
[1779286558] node ID [5]:Blocco ricevuto da peer
[1779286558] node ID [5]:Block is already in the blockchain, rejected
[1779286558] node ID [5]:Blocco ricevuto da peer
[1779286558] node ID [5]:Block is already in the blockchain, rejected
[1779286558] node ID [5]:Blocco ricevuto da peer
[1779286558] node ID [5]:Block is already in the blockchain, rejected
[1779286559] node ID [5]:Blocco ricevuto da peer
[1779286559] node ID [5]:Block is already in the blockchain, rejected
[1779286559] node ID [5]:Blocco ricevuto da peer
[1779286559] node ID [5]:Block is already in the blockchain, rejected
[1779286562] node ID [5]:Blocco ricevuto da peer
[1779286562] node ID [5]:Block is already in the blockchain, rejected
[1779286562] node ID [5]:Blocco ricevuto da peer
[1779286562] node ID [5]:Block is already in the blockchain, rejected
