[1779283612] node ID [3]:node avviato correttamente
[1779283612] node ID [3]:Nodo avviato
[1779283617] node ID [3]:Blocco ricevuto da peer
[1779283617] node ID [3]:Block is already in the blockchain, rejected
[1779283617] node ID [3]:Blocco ricevuto da peer
[1779283617] node ID [3]:Block is already in the blockchain, rejected
[1779283617] node ID [3]:Blocco ricevuto da peer
[1779283617] node ID [3]:Block is already in the blockchain, rejected
[1779283620] node ID [3]:Blocco ricevuto da peer
[1779283620] node ID [3]:Block add to blockchain
[1779283620] node ID [3]:signal: SIGUSR2 send to miner
[1779283620] node ID [3]:Block send to peer
[1779283620] node ID [3]:Block send to peer
[1779283620] node ID [3]:Block send to peer
[1779283620] node ID [3]:Block send to peer
[1779283628] node ID [3]:Blocco ricevuto da peer
[1779283628] node ID [3]:Block is already in the blockchain, rejected
[1779283628] node ID [3]:Blocco ricevuto da peer
[1779283628] node ID [3]:Block is already in the blockchain, rejected
[1779283628] node ID [3]:Blocco ricevuto da peer
[1779283628] node ID [3]:Block is already in the blockchain, rejected
[1779283628] node ID [3]:Blocco ricevuto da peer
[1779283628] node ID [3]:Block is already in the blockchain, rejected
[1779283628] node ID [3]:Blocco ricevuto da peer
[1779283628] node ID [3]:Block is already in the blockchain, rejected
[1779283628] node ID [3]:Blocco ricevuto da peer
[1779283628] node ID [3]:Block is already in the blockchain, rejected
[1779283630] node ID [3]:Blocco ricevuto da peer
[1779283630] node ID [3]:Block is already in the blockchain, rejected
[1779283630] node ID [3]:Blocco ricevuto da peer
[1779283630] node ID [3]:Block is already in the blockchain, rejected
[1779283630] node ID [3]:Blocco ricevuto da peer
[1779283630] node ID [3]:Block is already in the blockchain, rejected
[1779283630] node ID [3]:Blocco ricevuto da peer
[1779283630] node ID [3]:Block is already in the blockchain, rejected
[1779283633] node ID [3]:Blocco ricevuto da peer
[1779283633] node ID [3]:Block is already in the blockchain, rejected
[1779283633] node ID [3]:Blocco ricevuto da peer
[1779283633] node ID [3]:Block is already in the blockchain, rejected
[1779283634] node ID [3]:Blocco ricevuto da peer
[1779283634] node ID [3]:Block is already in the blockchain, rejected
[1779283634] node ID [3]:Blocco ricevuto da peer
[1779283634] node ID [3]:Block is already in the blockchain, rejected
[1779283640] node ID [3]:Blocco ricevuto da peer
[1779283640] node ID [3]:Block is already in the blockchain, rejected
[1779283640] node ID [3]:Blocco ricevuto da peer
[1779283640] node ID [3]:Block is already in the blockchain, rejected
[1779283640] node ID [3]:Blocco ricevuto da peer
[1779283640] node ID [3]:Block is already in the blockchain, rejected
[1779283640] node ID [3]:Blocco ricevuto da peer
[1779283640] node ID [3]:Block is already in the blockchain, rejected
[1779283640] node ID [3]:Blocco ricevuto da peer
[1779283640] node ID [3]:Block is already in the blockchain, rejected
[1779283641] node ID [3]:Blocco ricevuto da peer
[1779283641] node ID [3]:Block is already in the blockchain, rejected
[1779283641] node ID [3]:Blocco ricevuto da peer
[1779283641] node ID [3]:Block is already in the blockchain, rejected
[1779283649] node ID [3]:Blocco ricevuto da peer
[1779283649] node ID [3]:Block is already in the blockchain, rejected
[1779283649] node ID [3]:Blocco ricevuto da peer
[1779283649] node ID [3]:Block is already in the blockchain, rejected
[1779283649] node ID [3]:Blocco ricevuto da peer
[1779283649] node ID [3]:Block is already in the blockchain, rejected
[1779283649] node ID [3]:Blocco ricevuto da peer
[1779283649] node ID [3]:Block is already in the blockchain, rejected
[1779283649] node ID [3]:Blocco ricevuto da peer
[1779283649] node ID [3]:Block is already in the blockchain, rejected
[1779283650] node ID [3]:Blocco ricevuto da peer
[1779283650] node ID [3]:Block is already in the blockchain, rejected
[1779283650] node ID [3]:Blocco ricevuto da peer
[1779283650] node ID [3]:Block is already in the blockchain, rejected
[1779283651] node ID [3]:Blocco ricevuto da peer
[1779283651] node ID [3]:Block is already in the blockchain, rejected
[1779283651] node ID [3]:Blocco ricevuto da peer
[1779283651] node ID [3]:Block is already in the blockchain, rejected
[1779283660] node ID [3]:Blocco ricevuto da peer
[1779283660] node ID [3]:Block is already in the blockchain, rejected
[1779283660] node ID [3]:Blocco ricevuto da peer
[1779283660] node ID [3]:Block is already in the blockchain, rejected
[1779283662] node ID [3]:Blocco ricevuto da peer
[1779283662] node ID [3]:Block is already in the blockchain, rejected
[1779283662] node ID [3]:Blocco ricevuto da peer
[1779283662] node ID [3]:Block is already in the blockchain, rejected
[1779283662] node ID [3]:Blocco ricevuto da peer
[1779283662] node ID [3]:Block is already in the blockchain, rejected
[1779283662] node ID [3]:Blocco ricevuto da peer
[1779283662] node ID [3]:Block is already in the blockchain, rejected
[1779283665] node ID [3]:Blocco ricevuto da peer
[1779283665] node ID [3]:Block add to blockchain
[1779283665] node ID [3]:signal: SIGUSR2 send to miner
[1779283665] node ID [3]:Block send to peer
[1779283665] node ID [3]:Block send to peer
[1779283665] node ID [3]:Block send to peer
[1779283665] node ID [3]:Block send to peer
[1779283670] node ID [3]:Blocco ricevuto da peer
[1779283670] node ID [3]:Block is already in the blockchain, rejected
[1779283670] node ID [3]:Blocco ricevuto da peer
[1779283670] node ID [3]:Block is already in the blockchain, rejected
[1779283670] node ID [3]:Blocco ricevuto da peer
[1779283670] node ID [3]:Block is already in the blockchain, rejected
[1779283671] node ID [3]:Blocco ricevuto da peer
[1779283671] node ID [3]:Block is already in the blockchain, rejected
[1779283671] node ID [3]:Blocco ricevuto da peer
[1779283671] node ID [3]:Block is already in the blockchain, rejected
[1779283671] node ID [3]:Blocco ricevuto da peer
[1779283671] node ID [3]:Block is already in the blockchain, rejected
[1779283674] node ID [3]:Blocco ricevuto da peer
[1779283674] node ID [3]:Block is already in the blockchain, rejected
[1779283674] node ID [3]:Blocco ricevuto da peer
[1779283674] node ID [3]:Block is already in the blockchain, rejected
[1779283680] node ID [3]:Blocco ricevuto da peer
[1779283680] node ID [3]:Block is already in the blockchain, rejected
[1779283680] node ID [3]:Blocco ricevuto da peer
[1779283680] node ID [3]:Block is already in the blockchain, rejected
[1779283680] node ID [3]:Blocco ricevuto da peer
[1779283680] node ID [3]:Block is already in the blockchain, rejected
[1779283680] node ID [3]:Blocco ricevuto da peer
[1779283680] node ID [3]:Block is already in the blockchain, rejected
[1779283693] node ID [3]:Blocco ricevuto da peer
[1779283693] node ID [3]:Block is already in the blockchain, rejected
[1779283693] node ID [3]:Blocco ricevuto da peer
[1779283693] node ID [3]:Block is already in the blockchain, rejected
[1779283698] node ID [3]:Blocco ricevuto da peer
[1779283698] node ID [3]:Block is already in the blockchain, rejected
[1779283698] node ID [3]:Blocco ricevuto da peer
[1779283698] node ID [3]:Block is already in the blockchain, rejected
[1779283698] node ID [3]:Blocco ricevuto da peer
[1779283698] node ID [3]:Block is already in the blockchain, rejected
[1779283698] node ID [3]:Blocco ricevuto da peer
[1779283698] node ID [3]:Block is already in the blockchain, rejected
[1779283699] node ID [3]:Blocco ricevuto da peer
[1779283699] node ID [3]:Block add to blockchain
[1779283699] node ID [3]:signal: SIGUSR2 send to miner
[1779283699] node ID [3]:Block send to peer
[1779283699] node ID [3]:Block send to peer
[1779283699] node ID [3]:Block send to peer
[1779283699] node ID [3]:Block send to peer
[1779283703] node ID [3]:Blocco ricevuto da peer
[1779283703] node ID [3]:Block is already in the blockchain, rejected
[1779283703] node ID [3]:Blocco ricevuto da peer
[1779283703] node ID [3]:Block is already in the blockchain, rejected
[1779283708] node ID [3]:Blocco ricevuto da peer
[1779283708] node ID [3]:Block is already in the blockchain, rejected
[1779283708] node ID [3]:Blocco ricevuto da peer
[1779283708] node ID [3]:Block is already in the blockchain, rejected
[1779283713] node ID [3]:Blocco ricevuto da peer
[1779283713] node ID [3]:Block is already in the blockchain, rejected
[1779283713] node ID [3]:Blocco ricevuto da peer
[1779283713] node ID [3]:Block is already in the blockchain, rejected
[1779283713] node ID [3]:Blocco ricevuto da peer
[1779283713] node ID [3]:Block is already in the blockchain, rejected
[1779283713] node ID [3]:Blocco ricevuto da peer
[1779283713] node ID [3]:Block is already in the blockchain, rejected
[1779283713] node ID [3]:Blocco ricevuto da peer
[1779283713] node ID [3]:Block is already in the blockchain, rejected
[1779283713] node ID [3]:Blocco ricevuto da peer
[1779283713] node ID [3]:Block is already in the blockchain, rejected
[1779283713] node ID [3]:Blocco ricevuto da peer
[1779283713] node ID [3]:Block is already in the blockchain, rejected
[1779283715] node ID [3]:Blocco ricevuto da peer
[1779283715] node ID [3]:Block is already in the blockchain, rejected
[1779283715] node ID [3]:Blocco ricevuto da peer
[1779283715] node ID [3]:Block is already in the blockchain, rejected
[1779283717] node ID [3]:Blocco ricevuto da peer
[1779283717] node ID [3]:Block is already in the blockchain, rejected
[1779283717] node ID [3]:Blocco ricevuto da peer
[1779283717] node ID [3]:Block is already in the blockchain, rejected
[1779283724] node ID [3]:Blocco ricevuto da peer
[1779283724] node ID [3]:Block add to blockchain
[1779283724] node ID [3]:signal: SIGUSR2 send to miner
[1779283724] node ID [3]:Block send to peer
[1779283724] node ID [3]:Block send to peer
[1779283724] node ID [3]:Block send to peer
[1779283724] node ID [3]:Block send to peer
[1779283724] node ID [3]:Blocco ricevuto da peer
[1779283724] node ID [3]:Block add to blockchain
[1779283724] node ID [3]:signal: SIGUSR2 send to miner
[1779283724] node ID [3]:Block send to peer
[1779283724] node ID [3]:Block send to peer
[1779283724] node ID [3]:Block send to peer
[1779283724] node ID [3]:Block send to peer
[1779283735] node ID [3]:Blocco ricevuto da peer
[1779283735] node ID [3]:Block is already in the blockchain, rejected
[1779283735] node ID [3]:Blocco ricevuto da peer
[1779283735] node ID [3]:Block is already in the blockchain, rejected
[1779283735] node ID [3]:Blocco ricevuto da peer
[1779283735] node ID [3]:Block is already in the blockchain, rejected
[1779283738] node ID [3]:Blocco ricevuto da peer
[1779283738] node ID [3]:Block is already in the blockchain, rejected
[1779283738] node ID [3]:Blocco ricevuto da peer
[1779283738] node ID [3]:Block is already in the blockchain, rejected
[1779283738] node ID [3]:Blocco ricevuto da peer
[1779283738] node ID [3]:Block is already in the blockchain, rejected
[1779283738] node ID [3]:Blocco ricevuto da peer
[1779283738] node ID [3]:Block is already in the blockchain, rejected
[1779283738] node ID [3]:Blocco ricevuto da peer
[1779283738] node ID [3]:Block is already in the blockchain, rejected
[1779283738] node ID [3]:Blocco ricevuto da peer
[1779283738] node ID [3]:Block is already in the blockchain, rejected
[1779283784] node ID [3]:Blocco ricevuto da peer
[1779283784] node ID [3]:Block is already in the blockchain, rejected
[1779283784] node ID [3]:Blocco ricevuto da peer
[1779283784] node ID [3]:Block is already in the blockchain, rejected
[1779283787] node ID [3]:Blocco ricevuto da peer
[1779283787] node ID [3]:Block add to blockchain
[1779283787] node ID [3]:signal: SIGUSR2 send to miner
[1779283787] node ID [3]:Block send to peer
[1779283787] node ID [3]:Block send to peer
[1779283787] node ID [3]:Block send to peer
[1779283787] node ID [3]:Block send to peer
[1779283787] node ID [3]:Blocco ricevuto da peer
[1779283787] node ID [3]:Block add to blockchain
[1779283787] node ID [3]:signal: SIGUSR2 send to miner
[1779283787] node ID [3]:Block send to peer
[1779283787] node ID [3]:Block send to peer
[1779283787] node ID [3]:Block send to peer
[1779283787] node ID [3]:Block send to peer
[1779283792] node ID [3]:Blocco ricevuto da peer
[1779283792] node ID [3]:Block is already in the blockchain, rejected
[1779283792] node ID [3]:Blocco ricevuto da peer
[1779283792] node ID [3]:Block is already in the blockchain, rejected
[1779283792] node ID [3]:Blocco ricevuto da peer
[1779283792] node ID [3]:Block is already in the blockchain, rejected
[1779283792] node ID [3]:Blocco ricevuto da peer
[1779283792] node ID [3]:Block is already in the blockchain, rejected
[1779283792] node ID [3]:Blocco ricevuto da peer
[1779283792] node ID [3]:Block is already in the blockchain, rejected
[1779283792] node ID [3]:Blocco ricevuto da peer
[1779283792] node ID [3]:Block is already in the blockchain, rejected
[1779283792] node ID [3]:Blocco ricevuto da peer
[1779283792] node ID [3]:Block is already in the blockchain, rejected
[1779283792] node ID [3]:Blocco ricevuto da peer
[1779283792] node ID [3]:Block is already in the blockchain, rejected
[1779283792] node ID [3]:Blocco ricevuto da peer
[1779283792] node ID [3]:Block is already in the blockchain, rejected
[1779283797] node ID [3]:Blocco ricevuto da peer
[1779283797] node ID [3]:Block add to blockchain
[1779283797] node ID [3]:signal: SIGUSR2 send to miner
[1779283797] node ID [3]:Block send to peer
[1779283797] node ID [3]:Block send to peer
[1779283797] node ID [3]:Block send to peer
[1779283797] node ID [3]:Block send to peer
[1779283797] node ID [3]:Blocco ricevuto da peer
[1779283797] node ID [3]:Block add to blockchain
[1779283797] node ID [3]:signal: SIGUSR2 send to miner
[1779283797] node ID [3]:Block send to peer
[1779283797] node ID [3]:Block send to peer
[1779283797] node ID [3]:Block send to peer
[1779283797] node ID [3]:Block send to peer
[1779283797] node ID [3]:Blocco ricevuto da peer
[1779283797] node ID [3]:Block is already in the blockchain, rejected
[1779283797] node ID [3]:Blocco ricevuto da peer
[1779283797] node ID [3]:Block add to blockchain
[1779283797] node ID [3]:signal: SIGUSR2 send to miner
[1779283797] node ID [3]:Block send to peer
[1779283797] node ID [3]:Block send to peer
[1779283797] node ID [3]:Block send to peer
[1779283797] node ID [3]:Block send to peer
[1779283798] node ID [3]:Blocco ricevuto da peer
[1779283798] node ID [3]:Block add to blockchain
[1779283798] node ID [3]:signal: SIGUSR2 send to miner
[1779283798] node ID [3]:Block send to peer
[1779283798] node ID [3]:Block send to peer
[1779283798] node ID [3]:Block send to peer
[1779283798] node ID [3]:Block send to peer
[1779283814] node ID [3]:Blocco ricevuto da peer
[1779283814] node ID [3]:Block is already in the blockchain, rejected
[1779283814] node ID [3]:Blocco ricevuto da peer
[1779283814] node ID [3]:Block is already in the blockchain, rejected
[1779283814] node ID [3]:Blocco ricevuto da peer
[1779283814] node ID [3]:Block is already in the blockchain, rejected
[1779283814] node ID [3]:Blocco ricevuto da peer
[1779283814] node ID [3]:Block is already in the blockchain, rejected
[1779283818] node ID [3]:Blocco ricevuto da peer
[1779283818] node ID [3]:Block is already in the blockchain, rejected
[1779283818] node ID [3]:Blocco ricevuto da peer
[1779283818] node ID [3]:Block is already in the blockchain, rejected
[1779283819] node ID [3]:Blocco ricevuto da peer
[1779283819] node ID [3]:Block is already in the blockchain, rejected
[1779283819] node ID [3]:Blocco ricevuto da peer
[1779283819] node ID [3]:Block is already in the blockchain, rejected
[1779283820] node ID [3]:Blocco ricevuto da peer
[1779283820] node ID [3]:Block is already in the blockchain, rejected
[1779283820] node ID [3]:Blocco ricevuto da peer
[1779283820] node ID [3]:Block is already in the blockchain, rejected
[1779283820] node ID [3]:Blocco ricevuto da peer
[1779283820] node ID [3]:Block is already in the blockchain, rejected
[1779283821] node ID [3]:Blocco ricevuto da peer
[1779283821] node ID [3]:Block is already in the blockchain, rejected
[1779283825] node ID [3]:Blocco ricevuto da peer
[1779283825] node ID [3]:Block is already in the blockchain, rejected
[1779283825] node ID [3]:Blocco ricevuto da peer
[1779283825] node ID [3]:Block is already in the blockchain, rejected
[1779283826] node ID [3]:Blocco ricevuto da peer
[1779283826] node ID [3]:Block is already in the blockchain, rejected
[1779283826] node ID [3]:Blocco ricevuto da peer
[1779283826] node ID [3]:Block is already in the blockchain, rejected
[1779283826] node ID [3]:Blocco ricevuto da peer
[1779283826] node ID [3]:Block is already in the blockchain, rejected
[1779283828] node ID [3]:Blocco ricevuto da peer
[1779283828] node ID [3]:Block is already in the blockchain, rejected
[1779283828] node ID [3]:Blocco ricevuto da peer
[1779283828] node ID [3]:Block is already in the blockchain, rejected
[1779283830] node ID [3]:Blocco ricevuto da peer
[1779283830] node ID [3]:Block is already in the blockchain, rejected
[1779283830] node ID [3]:Blocco ricevuto da peer
[1779283830] node ID [3]:Block is already in the blockchain, rejected
[1779283839] node ID [3]:Blocco ricevuto da peer
[1779283839] node ID [3]:Block is already in the blockchain, rejected
[1779283839] node ID [3]:Blocco ricevuto da peer
[1779283839] node ID [3]:Block is already in the blockchain, rejected
[1779283839] node ID [3]:Blocco ricevuto da peer
[1779283839] node ID [3]:Block is already in the blockchain, rejected
[1779283839] node ID [3]:Blocco ricevuto da peer
[1779283839] node ID [3]:Block is already in the blockchain, rejected
[1779283839] node ID [3]:Blocco ricevuto da peer
[1779283839] node ID [3]:Block is already in the blockchain, rejected
[1779283843] node ID [3]:Blocco ricevuto da peer
[1779283843] node ID [3]:Block add to blockchain
[1779283843] node ID [3]:signal: SIGUSR2 send to miner
[1779283843] node ID [3]:Block send to peer
[1779283843] node ID [3]:Block send to peer
[1779283843] node ID [3]:Block send to peer
[1779283843] node ID [3]:Block send to peer
[1779283846] node ID [3]:Blocco ricevuto da peer
[1779283846] node ID [3]:Block is already in the blockchain, rejected
[1779283846] node ID [3]:Blocco ricevuto da peer
[1779283846] node ID [3]:Block is already in the blockchain, rejected
[1779283849] node ID [3]:Blocco ricevuto da peer
[1779283849] node ID [3]:Block add to blockchain
[1779283849] node ID [3]:signal: SIGUSR2 send to miner
[1779283849] node ID [3]:Block send to peer
[1779283849] node ID [3]:Block send to peer
[1779283849] node ID [3]:Block send to peer
[1779283849] node ID [3]:Block send to peer
[1779283849] node ID [3]:Blocco ricevuto da peer
[1779283849] node ID [3]:Block add to blockchain
[1779283849] node ID [3]:signal: SIGUSR2 send to miner
[1779283849] node ID [3]:Block send to peer
[1779283849] node ID [3]:Block send to peer
[1779283849] node ID [3]:Block send to peer
[1779283849] node ID [3]:Block send to peer
[1779283859] node ID [3]:Blocco ricevuto da peer
[1779283859] node ID [3]:Block is already in the blockchain, rejected
[1779283859] node ID [3]:Blocco ricevuto da peer
[1779283859] node ID [3]:Block is already in the blockchain, rejected
[1779283860] node ID [3]:Blocco ricevuto da peer
[1779283860] node ID [3]:Block is already in the blockchain, rejected
[1779283860] node ID [3]:Blocco ricevuto da peer
[1779283860] node ID [3]:Block is already in the blockchain, rejected
[1779283864] node ID [3]:Blocco ricevuto da peer
[1779283864] node ID [3]:Block add to blockchain
[1779283864] node ID [3]:signal: SIGUSR2 send to miner
[1779283864] node ID [3]:Block send to peer
[1779283864] node ID [3]:Block send to peer
[1779283864] node ID [3]:Block send to peer
[1779283864] node ID [3]:Block send to peer
[1779283866] node ID [3]:Blocco ricevuto da peer
[1779283866] node ID [3]:Block is already in the blockchain, rejected
[1779283866] node ID [3]:Blocco ricevuto da peer
[1779283866] node ID [3]:Block is already in the blockchain, rejected
[1779283866] node ID [3]:Blocco ricevuto da peer
[1779283866] node ID [3]:Block is already in the blockchain, rejected
[1779283866] node ID [3]:Blocco ricevuto da peer
[1779283866] node ID [3]:Block is already in the blockchain, rejected
[1779283867] node ID [3]:Blocco ricevuto da peer
[1779283867] node ID [3]:Block is already in the blockchain, rejected
[1779283867] node ID [3]:Blocco ricevuto da peer
[1779283867] node ID [3]:Block is already in the blockchain, rejected
[1779283867] node ID [3]:Blocco ricevuto da peer
[1779283867] node ID [3]:Block is already in the blockchain, rejected
[1779283868] node ID [3]:Blocco ricevuto da peer
[1779283868] node ID [3]:Block is already in the blockchain, rejected
[1779283871] node ID [3]:Blocco ricevuto da peer
[1779283871] node ID [3]:Block is already in the blockchain, rejected
[1779283872] node ID [3]:Blocco ricevuto da peer
[1779283872] node ID [3]:Block is already in the blockchain, rejected
[1779283872] node ID [3]:Blocco ricevuto da peer
[1779283872] node ID [3]:Block is already in the blockchain, rejected
[1779283872] node ID [3]:Blocco ricevuto da peer
[1779283872] node ID [3]:Block is already in the blockchain, rejected
[1779283872] node ID [3]:Blocco ricevuto da peer
[1779283872] node ID [3]:Block is already in the blockchain, rejected
[1779283876] node ID [3]:Blocco ricevuto da peer
[1779283876] node ID [3]:Block is already in the blockchain, rejected
[1779283876] node ID [3]:Blocco ricevuto da peer
[1779283876] node ID [3]:Block is already in the blockchain, rejected
[1779283878] node ID [3]:Blocco ricevuto da peer
[1779283878] node ID [3]:Block is already in the blockchain, rejected
[1779283878] node ID [3]:Blocco ricevuto da peer
[1779283878] node ID [3]:Block is already in the blockchain, rejected
[1779283878] node ID [3]:Blocco ricevuto da peer
[1779283878] node ID [3]:Block is already in the blockchain, rejected
[1779283878] node ID [3]:Blocco ricevuto da peer
[1779283878] node ID [3]:Block is already in the blockchain, rejected
[1779283880] node ID [3]:Blocco ricevuto da peer
[1779283880] node ID [3]:Block is already in the blockchain, rejected
[1779283880] node ID [3]:Blocco ricevuto da peer
[1779283880] node ID [3]:Block is already in the blockchain, rejected
[1779283882] node ID [3]:Blocco ricevuto da peer
[1779283882] node ID [3]:Block is already in the blockchain, rejected
[1779283882] node ID [3]:Blocco ricevuto da peer
[1779283882] node ID [3]:Block is already in the blockchain, rejected
[1779283889] node ID [3]:Blocco ricevuto da peer
[1779283889] node ID [3]:Block is already in the blockchain, rejected
[1779283889] node ID [3]:Blocco ricevuto da peer
[1779283889] node ID [3]:Block is already in the blockchain, rejected
[1779283889] node ID [3]:Blocco ricevuto da peer
[1779283889] node ID [3]:Block is already in the blockchain, rejected
[1779283889] node ID [3]:Blocco ricevuto da peer
[1779283889] node ID [3]:Block is already in the blockchain, rejected
[1779283889] node ID [3]:Blocco ricevuto da peer
[1779283889] node ID [3]:Block is already in the blockchain, rejected
[1779283893] node ID [3]:Blocco ricevuto da peer
[1779283893] node ID [3]:Block is already in the blockchain, rejected
[1779283893] node ID [3]:Blocco ricevuto da peer
[1779283893] node ID [3]:Block is already in the blockchain, rejected
[1779283894] node ID [3]:Blocco ricevuto da peer
[1779283894] node ID [3]:Block is already in the blockchain, rejected
[1779283894] node ID [3]:Blocco ricevuto da peer
[1779283894] node ID [3]:Block is already in the blockchain, rejected
[1779283894] node ID [3]:Blocco ricevuto da peer
[1779283894] node ID [3]:Block is already in the blockchain, rejected
[1779283894] node ID [3]:Blocco ricevuto da peer
[1779283894] node ID [3]:Block is already in the blockchain, rejected
[1779283895] node ID [3]:Blocco ricevuto da peer
[1779283895] node ID [3]:Block is already in the blockchain, rejected
[1779283895] node ID [3]:Blocco ricevuto da peer
[1779283895] node ID [3]:Block is already in the blockchain, rejected
[1779283895] node ID [3]:Blocco ricevuto da peer
[1779283895] node ID [3]:Block is already in the blockchain, rejected
[1779283895] node ID [3]:Blocco ricevuto da peer
[1779283895] node ID [3]:Block is already in the blockchain, rejected
[1779283898] node ID [3]:Blocco ricevuto da peer
[1779283898] node ID [3]:Block add to blockchain
[1779283898] node ID [3]:signal: SIGUSR2 send to miner
[1779283898] node ID [3]:Block send to peer
[1779283898] node ID [3]:Block send to peer
[1779283898] node ID [3]:Block send to peer
[1779283898] node ID [3]:Block send to peer
[1779283899] node ID [3]:Blocco ricevuto da peer
[1779283899] node ID [3]:Block is already in the blockchain, rejected
[1779283899] node ID [3]:Blocco ricevuto da peer
[1779283899] node ID [3]:Block is already in the blockchain, rejected
[1779283902] node ID [3]:Blocco ricevuto da peer
[1779283902] node ID [3]:Block is already in the blockchain, rejected
[1779283902] node ID [3]:Blocco ricevuto da peer
[1779283902] node ID [3]:Block is already in the blockchain, rejected
[1779283903] node ID [3]:Blocco ricevuto da peer
[1779283903] node ID [3]:Block is already in the blockchain, rejected
[1779283903] node ID [3]:Blocco ricevuto da peer
[1779283903] node ID [3]:Block is already in the blockchain, rejected
[1779283906] node ID [3]:Blocco ricevuto da peer
[1779283906] node ID [3]:Block is already in the blockchain, rejected
[1779283906] node ID [3]:Blocco ricevuto da peer
[1779283906] node ID [3]:Block is already in the blockchain, rejected
[1779283908] node ID [3]:Blocco ricevuto da peer
[1779283908] node ID [3]:Block is already in the blockchain, rejected
[1779283908] node ID [3]:Blocco ricevuto da peer
[1779283908] node ID [3]:Block is already in the blockchain, rejected
[1779283908] node ID [3]:Blocco ricevuto da peer
[1779283908] node ID [3]:Block is already in the blockchain, rejected
[1779283908] node ID [3]:Blocco ricevuto da peer
[1779283908] node ID [3]:Block is already in the blockchain, rejected
[1779283908] node ID [3]:Blocco ricevuto da peer
[1779283908] node ID [3]:Block is already in the blockchain, rejected
[1779283909] node ID [3]:Blocco ricevuto da peer
[1779283909] node ID [3]:Block is already in the blockchain, rejected
[1779283909] node ID [3]:Blocco ricevuto da peer
[1779283909] node ID [3]:Block is already in the blockchain, rejected
[1779283909] node ID [3]:Blocco ricevuto da peer
[1779283909] node ID [3]:Block is already in the blockchain, rejected
[1779283909] node ID [3]:Blocco ricevuto da peer
[1779283909] node ID [3]:Block is already in the blockchain, rejected
[1779283909] node ID [3]:Blocco ricevuto da peer
[1779283909] node ID [3]:Block is already in the blockchain, rejected
[1779283912] node ID [3]:Blocco ricevuto da peer
[1779283912] node ID [3]:Block is already in the blockchain, rejected
[1779283912] node ID [3]:Blocco ricevuto da peer
[1779283912] node ID [3]:Block is already in the blockchain, rejected
[1779283912] node ID [3]:Blocco ricevuto da peer
[1779283912] node ID [3]:Block is already in the blockchain, rejected
[1779283912] node ID [3]:Blocco ricevuto da peer
[1779283912] node ID [3]:Block is already in the blockchain, rejected
[1779283912] node ID [3]:Blocco ricevuto da peer
[1779283912] node ID [3]:Block is already in the blockchain, rejected
[1779283912] node ID [3]:Blocco ricevuto da peer
[1779283912] node ID [3]:Block is already in the blockchain, rejected
[1779283918] node ID [3]:Blocco ricevuto da peer
[1779283918] node ID [3]:Block is already in the blockchain, rejected
[1779283918] node ID [3]:Blocco ricevuto da peer
[1779283918] node ID [3]:Block is already in the blockchain, rejected
[1779283923] node ID [3]:Blocco ricevuto da peer
[1779283923] node ID [3]:Block is already in the blockchain, rejected
[1779283923] node ID [3]:Blocco ricevuto da peer
[1779283923] node ID [3]:Block is already in the blockchain, rejected
[1779283924] node ID [3]:Blocco ricevuto da peer
[1779283924] node ID [3]:Block is already in the blockchain, rejected
[1779283924] node ID [3]:Blocco ricevuto da peer
[1779283924] node ID [3]:Block is already in the blockchain, rejected
[1779283924] node ID [3]:Blocco ricevuto da peer
[1779283924] node ID [3]:Block is already in the blockchain, rejected
[1779283925] node ID [3]:Blocco ricevuto da peer
[1779283925] node ID [3]:Block is already in the blockchain, rejected
[1779283930] node ID [3]:Blocco ricevuto da peer
[1779283930] node ID [3]:Block add to blockchain
[1779283930] node ID [3]:signal: SIGUSR2 send to miner
[1779283930] node ID [3]:Block send to peer
[1779283930] node ID [3]:Block send to peer
[1779283930] node ID [3]:Block send to peer
[1779283930] node ID [3]:Block send to peer
[1779283934] node ID [3]:Blocco ricevuto da peer
[1779283934] node ID [3]:Block is already in the blockchain, rejected
[1779283935] node ID [3]:Blocco ricevuto da peer
[1779283935] node ID [3]:Block is already in the blockchain, rejected
[1779283935] node ID [3]:Blocco ricevuto da peer
[1779283935] node ID [3]:Block is already in the blockchain, rejected
[1779283935] node ID [3]:Blocco ricevuto da peer
[1779283935] node ID [3]:Block is already in the blockchain, rejected
[1779283935] node ID [3]:Blocco ricevuto da peer
[1779283935] node ID [3]:Block is already in the blockchain, rejected
[1779283935] node ID [3]:Blocco ricevuto da peer
[1779283935] node ID [3]:Block is already in the blockchain, rejected
[1779283935] node ID [3]:Blocco ricevuto da peer
[1779283935] node ID [3]:Block is already in the blockchain, rejected
[1779283936] node ID [3]:Blocco ricevuto da peer
[1779283936] node ID [3]:Block is already in the blockchain, rejected
[1779283936] node ID [3]:Blocco ricevuto da peer
[1779283936] node ID [3]:Block is already in the blockchain, rejected
[1779283936] node ID [3]:Blocco ricevuto da peer
[1779283936] node ID [3]:Block is already in the blockchain, rejected
[1779283937] node ID [3]:Blocco ricevuto da peer
[1779283937] node ID [3]:Block is already in the blockchain, rejected
[1779283937] node ID [3]:Blocco ricevuto da peer
[1779283937] node ID [3]:Block is already in the blockchain, rejected
[1779283937] node ID [3]:Blocco ricevuto da peer
[1779283937] node ID [3]:Block is already in the blockchain, rejected
[1779283944] node ID [3]:Blocco ricevuto da peer
[1779283944] node ID [3]:Block is already in the blockchain, rejected
[1779283944] node ID [3]:Blocco ricevuto da peer
[1779283944] node ID [3]:Block is already in the blockchain, rejected
[1779283945] node ID [3]:Blocco ricevuto da peer
[1779283945] node ID [3]:Block add to blockchain
[1779283945] node ID [3]:signal: SIGUSR2 send to miner
[1779283945] node ID [3]:Block send to peer
[1779283945] node ID [3]:Block send to peer
[1779283945] node ID [3]:Block send to peer
[1779283945] node ID [3]:Block send to peer
[1779283945] node ID [3]:Blocco ricevuto da peer
[1779283945] node ID [3]:Block add to blockchain
[1779283945] node ID [3]:signal: SIGUSR2 send to miner
[1779283945] node ID [3]:Block send to peer
[1779283945] node ID [3]:Block send to peer
[1779283945] node ID [3]:Block send to peer
[1779283945] node ID [3]:Block send to peer
[1779283950] node ID [3]:Blocco ricevuto da peer
[1779283950] node ID [3]:Block is already in the blockchain, rejected
[1779283950] node ID [3]:Blocco ricevuto da peer
[1779283950] node ID [3]:Block is already in the blockchain, rejected
[1779283953] node ID [3]:Blocco ricevuto da peer
[1779283953] node ID [3]:Block is already in the blockchain, rejected
[1779283953] node ID [3]:Blocco ricevuto da peer
[1779283953] node ID [3]:Block is already in the blockchain, rejected
[1779283953] node ID [3]:Blocco ricevuto da peer
[1779283953] node ID [3]:Block is already in the blockchain, rejected
[1779283953] node ID [3]:Blocco ricevuto da peer
[1779283953] node ID [3]:Block is already in the blockchain, rejected
[1779283957] node ID [3]:Blocco ricevuto da peer
[1779283957] node ID [3]:Block add to blockchain
[1779283957] node ID [3]:signal: SIGUSR2 send to miner
[1779283957] node ID [3]:Block send to peer
[1779283957] node ID [3]:Block send to peer
[1779283957] node ID [3]:Block send to peer
[1779283957] node ID [3]:Block send to peer
[1779283957] node ID [3]:Blocco ricevuto da peer
[1779283957] node ID [3]:Block is already in the blockchain, rejected
[1779283957] node ID [3]:Blocco ricevuto da peer
[1779283957] node ID [3]:Block is already in the blockchain, rejected
[1779283963] node ID [3]:Nodo in chiusura
[1779283963] node ID [3]:node chiuso
