[1779282101] node ID [0]:node avviato correttamente
[1779282101] node ID [0]:Nodo avviato
[1779282106] node ID [0]:Blocco ricevuto da peer
[1779282106] node ID [0]:Block is already in the blockchain, rejected
[1779282106] node ID [0]:Blocco ricevuto da peer
[1779282106] node ID [0]:Block is already in the blockchain, rejected
[1779282106] node ID [0]:Blocco ricevuto da peer
[1779282106] node ID [0]:Block is already in the blockchain, rejected
[1779282106] node ID [0]:Blocco ricevuto da peer
[1779282106] node ID [0]:Block is already in the blockchain, rejected
[1779282121] node ID [0]:Blocco ricevuto da peer
[1779282121] node ID [0]:Block is already in the blockchain, rejected
[1779282121] node ID [0]:Blocco ricevuto da peer
[1779282121] node ID [0]:Block is already in the blockchain, rejected
[1779282121] node ID [0]:Blocco ricevuto da peer
[1779282122] node ID [0]:Block is already in the blockchain, rejected
[1779282122] node ID [0]:Blocco ricevuto da peer
[1779282122] node ID [0]:Block is already in the blockchain, rejected
[1779282122] node ID [0]:Blocco ricevuto da peer
[1779282122] node ID [0]:Block is already in the blockchain, rejected
[1779282122] node ID [0]:Blocco ricevuto da peer
[1779282122] node ID [0]:Block is already in the blockchain, rejected
[1779282122] node ID [0]:Blocco ricevuto da peer
[1779282122] node ID [0]:Block is already in the blockchain, rejected
[1779282124] node ID [0]:Blocco ricevuto da peer
[1779282124] node ID [0]:Block is already in the blockchain, rejected
[1779282124] node ID [0]:Blocco ricevuto da peer
[1779282124] node ID [0]:Block is already in the blockchain, rejected
[1779282128] node ID [0]:Blocco ricevuto da peer
[1779282128] node ID [0]:Block is already in the blockchain, rejected
[1779282128] node ID [0]:Blocco ricevuto da peer
[1779282128] node ID [0]:Block is already in the blockchain, rejected
[1779282128] node ID [0]:Blocco ricevuto da peer
[1779282128] node ID [0]:Block is already in the blockchain, rejected
[1779282128] node ID [0]:Blocco ricevuto da peer
[1779282128] node ID [0]:Block is already in the blockchain, rejected
[1779282128] node ID [0]:Blocco ricevuto da peer
[1779282128] node ID [0]:Block is already in the blockchain, rejected
[1779282128] node ID [0]:Blocco ricevuto da peer
[1779282128] node ID [0]:Block is already in the blockchain, rejected
[1779282128] node ID [0]:Blocco ricevuto da peer
[1779282128] node ID [0]:Block is already in the blockchain, rejected
[1779282128] node ID [0]:Blocco ricevuto da peer
[1779282128] node ID [0]:Block is already in the blockchain, rejected
[1779282129] node ID [0]:Blocco ricevuto da peer
[1779282129] node ID [0]:Block is already in the blockchain, rejected
[1779282129] node ID [0]:Blocco ricevuto da peer
[1779282129] node ID [0]:Block is already in the blockchain, rejected
[1779282133] node ID [0]:Blocco ricevuto da peer
[1779282133] node ID [0]:Block is already in the blockchain, rejected
[1779282133] node ID [0]:Blocco ricevuto da peer
[1779282133] node ID [0]:Block is already in the blockchain, rejected
[1779282133] node ID [0]:Blocco ricevuto da peer
[1779282133] node ID [0]:Block is already in the blockchain, rejected
[1779282133] node ID [0]:Blocco ricevuto da peer
[1779282133] node ID [0]:Block is already in the blockchain, rejected
[1779282133] node ID [0]:Blocco ricevuto da peer
[1779282133] node ID [0]:Block is already in the blockchain, rejected
[1779282133] node ID [0]:Blocco ricevuto da peer
[1779282133] node ID [0]:Block is already in the blockchain, rejected
[1779282133] node ID [0]:Blocco ricevuto da peer
[1779282133] node ID [0]:Block is already in the blockchain, rejected
[1779282134] node ID [0]:Blocco ricevuto da peer
[1779282134] node ID [0]:Block add to blockchain
[1779282134] node ID [0]:signal: SIGUSR2 send to miner
[1779282134] node ID [0]:Block send to peer
[1779282134] node ID [0]:Block send to peer
[1779282134] node ID [0]:Block send to peer
[1779282134] node ID [0]:Block send to peer
[1779282140] node ID [0]:Blocco ricevuto da peer
[1779282140] node ID [0]:Block is already in the blockchain, rejected
[1779282140] node ID [0]:Blocco ricevuto da peer
[1779282140] node ID [0]:Block is already in the blockchain, rejected
[1779282140] node ID [0]:Blocco ricevuto da peer
[1779282140] node ID [0]:Block is already in the blockchain, rejected
[1779282140] node ID [0]:Blocco ricevuto da peer
[1779282140] node ID [0]:Block is already in the blockchain, rejected
[1779282141] node ID [0]:Blocco ricevuto da peer
[1779282141] node ID [0]:Block is already in the blockchain, rejected
[1779282141] node ID [0]:Blocco ricevuto da peer
[1779282141] node ID [0]:Block is already in the blockchain, rejected
[1779282141] node ID [0]:Blocco ricevuto da peer
[1779282141] node ID [0]:Block is already in the blockchain, rejected
[1779282141] node ID [0]:Blocco ricevuto da peer
[1779282141] node ID [0]:Block is already in the blockchain, rejected
[1779282144] node ID [0]:Blocco ricevuto da peer
[1779282144] node ID [0]:Block add to blockchain
[1779282144] node ID [0]:signal: SIGUSR2 send to miner
[1779282144] node ID [0]:Block send to peer
[1779282144] node ID [0]:Block send to peer
[1779282144] node ID [0]:Block send to peer
[1779282144] node ID [0]:Block send to peer
[1779282144] node ID [0]:Blocco ricevuto da peer
[1779282144] node ID [0]:Block add to blockchain
[1779282144] node ID [0]:signal: SIGUSR2 send to miner
[1779282144] node ID [0]:Block send to peer
[1779282144] node ID [0]:Block send to peer
[1779282144] node ID [0]:Block send to peer
[1779282144] node ID [0]:Block send to peer
[1779282144] node ID [0]:Blocco ricevuto da peer
[1779282144] node ID [0]:Block add to blockchain
[1779282144] node ID [0]:signal: SIGUSR2 send to miner
[1779282144] node ID [0]:Block send to peer
[1779282144] node ID [0]:Block send to peer
[1779282144] node ID [0]:Block send to peer
[1779282144] node ID [0]:Block send to peer
[1779282144] node ID [0]:Blocco ricevuto da peer
[1779282144] node ID [0]:Block add to blockchain
[1779282144] node ID [0]:signal: SIGUSR2 send to miner
[1779282144] node ID [0]:Block send to peer
[1779282144] node ID [0]:Block send to peer
[1779282144] node ID [0]:Block send to peer
[1779282144] node ID [0]:Block send to peer
[1779282144] node ID [0]:Blocco ricevuto da peer
[1779282144] node ID [0]:Block add to blockchain
[1779282144] node ID [0]:signal: SIGUSR2 send to miner
[1779282144] node ID [0]:Block send to peer
[1779282144] node ID [0]:Block send to peer
[1779282144] node ID [0]:Block send to peer
[1779282144] node ID [0]:Block send to peer
[1779282150] node ID [0]:Blocco ricevuto da peer
[1779282150] node ID [0]:Block is already in the blockchain, rejected
[1779282150] node ID [0]:Blocco ricevuto da peer
[1779282150] node ID [0]:Block is already in the blockchain, rejected
[1779282152] node ID [0]:Blocco ricevuto da peer
[1779282152] node ID [0]:Block is already in the blockchain, rejected
[1779282152] node ID [0]:Blocco ricevuto da peer
[1779282152] node ID [0]:Block is already in the blockchain, rejected
[1779282152] node ID [0]:Blocco ricevuto da peer
[1779282152] node ID [0]:Block is already in the blockchain, rejected
[1779282152] node ID [0]:Blocco ricevuto da peer
[1779282152] node ID [0]:Block is already in the blockchain, rejected
[1779282152] node ID [0]:Blocco ricevuto da peer
[1779282152] node ID [0]:Block is already in the blockchain, rejected
[1779282156] node ID [0]:Blocco ricevuto da peer
[1779282156] node ID [0]:Block is already in the blockchain, rejected
[1779282156] node ID [0]:Blocco ricevuto da peer
[1779282156] node ID [0]:Block is already in the blockchain, rejected
[1779282156] node ID [0]:Blocco ricevuto da peer
[1779282156] node ID [0]:Block is already in the blockchain, rejected
[1779282156] node ID [0]:Blocco ricevuto da peer
[1779282156] node ID [0]:Block is already in the blockchain, rejected
[1779282159] node ID [0]:Blocco ricevuto da peer
[1779282159] node ID [0]:Block is already in the blockchain, rejected
[1779282159] node ID [0]:Blocco ricevuto da peer
[1779282159] node ID [0]:Block is already in the blockchain, rejected
[1779282161] node ID [0]:Blocco ricevuto da peer
[1779282161] node ID [0]:Block is already in the blockchain, rejected
[1779282161] node ID [0]:Blocco ricevuto da peer
[1779282161] node ID [0]:Block is already in the blockchain, rejected
[1779282166] node ID [0]:Blocco ricevuto da peer
[1779282166] node ID [0]:Block is already in the blockchain, rejected
[1779282166] node ID [0]:Blocco ricevuto da peer
[1779282166] node ID [0]:Block is already in the blockchain, rejected
[1779282172] node ID [0]:Blocco ricevuto da peer
[1779282172] node ID [0]:Block is already in the blockchain, rejected
[1779282172] node ID [0]:Blocco ricevuto da peer
[1779282172] node ID [0]:Block is already in the blockchain, rejected
[1779282177] node ID [0]:Blocco ricevuto da peer
[1779282177] node ID [0]:Block add to blockchain
[1779282177] node ID [0]:signal: SIGUSR2 send to miner
[1779282177] node ID [0]:Block send to peer
[1779282177] node ID [0]:Block send to peer
[1779282177] node ID [0]:Block send to peer
[1779282177] node ID [0]:Block send to peer
[1779282178] node ID [0]:Blocco ricevuto da peer
[1779282178] node ID [0]:Block add to blockchain
[1779282178] node ID [0]:signal: SIGUSR2 send to miner
[1779282178] node ID [0]:Block send to peer
[1779282178] node ID [0]:Block send to peer
[1779282178] node ID [0]:Block send to peer
[1779282178] node ID [0]:Block send to peer
[1779282178] node ID [0]:Blocco ricevuto da peer
[1779282178] node ID [0]:Block add to blockchain
[1779282178] node ID [0]:signal: SIGUSR2 send to miner
[1779282178] node ID [0]:Block send to peer
[1779282178] node ID [0]:Block send to peer
[1779282178] node ID [0]:Block send to peer
[1779282178] node ID [0]:Block send to peer
[1779282179] node ID [0]:Blocco ricevuto da peer
[1779282179] node ID [0]:Block is already in the blockchain, rejected
[1779282180] node ID [0]:Blocco ricevuto da peer
[1779282180] node ID [0]:Block is already in the blockchain, rejected
[1779282181] node ID [0]:Blocco ricevuto da peer
[1779282181] node ID [0]:Block is already in the blockchain, rejected
[1779282182] node ID [0]:Blocco ricevuto da peer
[1779282182] node ID [0]:Block is already in the blockchain, rejected
[1779282182] node ID [0]:Blocco ricevuto da peer
[1779282182] node ID [0]:Block is already in the blockchain, rejected
[1779282182] node ID [0]:Blocco ricevuto da peer
[1779282182] node ID [0]:Block is already in the blockchain, rejected
[1779282182] node ID [0]:Blocco ricevuto da peer
[1779282182] node ID [0]:Block is already in the blockchain, rejected
[1779282182] node ID [0]:Blocco ricevuto da peer
[1779282182] node ID [0]:Block is already in the blockchain, rejected
[1779282184] node ID [0]:Blocco ricevuto da peer
[1779282184] node ID [0]:Block is already in the blockchain, rejected
[1779282184] node ID [0]:Blocco ricevuto da peer
[1779282184] node ID [0]:Block is already in the blockchain, rejected
[1779282184] node ID [0]:Blocco ricevuto da peer
[1779282184] node ID [0]:Block is already in the blockchain, rejected
[1779282184] node ID [0]:Blocco ricevuto da peer
[1779282184] node ID [0]:Block is already in the blockchain, rejected
[1779282184] node ID [0]:Blocco ricevuto da peer
[1779282184] node ID [0]:Block is already in the blockchain, rejected
[1779282190] node ID [0]:Blocco ricevuto da peer
[1779282190] node ID [0]:Block is already in the blockchain, rejected
[1779282190] node ID [0]:Blocco ricevuto da peer
[1779282190] node ID [0]:Block is already in the blockchain, rejected
[1779282198] node ID [0]:Blocco ricevuto da peer
[1779282198] node ID [0]:Block is already in the blockchain, rejected
[1779282198] node ID [0]:Blocco ricevuto da peer
[1779282198] node ID [0]:Block is already in the blockchain, rejected
[1779282198] node ID [0]:Blocco ricevuto da peer
[1779282198] node ID [0]:Block is already in the blockchain, rejected
[1779282198] node ID [0]:Blocco ricevuto da peer
[1779282198] node ID [0]:Block is already in the blockchain, rejected
[1779282198] node ID [0]:Blocco ricevuto da peer
[1779282198] node ID [0]:Block is already in the blockchain, rejected
[1779282200] node ID [0]:Blocco ricevuto da peer
[1779282200] node ID [0]:Block add to blockchain
[1779282200] node ID [0]:signal: SIGUSR2 send to miner
[1779282200] node ID [0]:Block send to peer
[1779282200] node ID [0]:Block send to peer
[1779282200] node ID [0]:Block send to peer
[1779282200] node ID [0]:Block send to peer
[1779282201] node ID [0]:Nodo in chiusura
[1779282201] node ID [0]:node chiuso
