[1779269595] node ID [0]:node avviato correttamente
[1779269595] node ID [0]:Nodo avviato
[1779269604] node ID [0]:Blocco ricevuto da peer
[1779269604] node ID [0]:Block add to blockchain
[1779269604] node ID [0]:signal: SIGUSR2 send to miner
[1779269604] node ID [0]:Block send to peer
[1779269607] node ID [0]:Blocco ricevuto da peer
[1779269607] node ID [0]:Block add to blockchain
[1779269607] node ID [0]:signal: SIGUSR2 send to miner
[1779269607] node ID [0]:Block send to peer
[1779269611] node ID [0]:Blocco ricevuto da peer
[1779269611] node ID [0]:Block is already in the blockchain, rejected
[1779269611] node ID [0]:Blocco ricevuto da peer
[1779269611] node ID [0]:Block is already in the blockchain, rejected
[1779269615] node ID [0]:Blocco ricevuto da peer
[1779269615] node ID [0]:Block is already in the blockchain, rejected
[1779269615] node ID [0]:Blocco ricevuto da peer
[1779269615] node ID [0]:Block is already in the blockchain, rejected
[1779269619] node ID [0]:Blocco ricevuto da peer
[1779269619] node ID [0]:Block add to blockchain
[1779269619] node ID [0]:signal: SIGUSR2 send to miner
[1779269619] node ID [0]:Block send to peer
[1779269623] node ID [0]:Blocco ricevuto da peer
[1779269623] node ID [0]:Block add to blockchain
[1779269623] node ID [0]:signal: SIGUSR2 send to miner
[1779269623] node ID [0]:Block send to peer
[1779269627] node ID [0]:Blocco ricevuto da peer
[1779269627] node ID [0]:Block add to blockchain
[1779269627] node ID [0]:signal: SIGUSR2 send to miner
[1779269627] node ID [0]:Block send to peer
[1779269632] node ID [0]:Blocco ricevuto da peer
[1779269632] node ID [0]:Block add to blockchain
[1779269632] node ID [0]:signal: SIGUSR2 send to miner
[1779269632] node ID [0]:Block send to peer
[1779269635] node ID [0]:Blocco ricevuto da peer
[1779269635] node ID [0]:Block add to blockchain
[1779269635] node ID [0]:signal: SIGUSR2 send to miner
[1779269635] node ID [0]:Block send to peer
[1779269639] node ID [0]:Blocco ricevuto da peer
[1779269639] node ID [0]:Block is already in the blockchain, rejected
[1779269639] node ID [0]:Blocco ricevuto da peer
[1779269639] node ID [0]:Block is already in the blockchain, rejected
[1779269643] node ID [0]:Blocco ricevuto da peer
[1779269643] node ID [0]:Block is already in the blockchain, rejected
[1779269643] node ID [0]:Blocco ricevuto da peer
[1779269643] node ID [0]:Block is already in the blockchain, rejected
[1779269648] node ID [0]:Blocco ricevuto da peer
[1779269648] node ID [0]:Block is already in the blockchain, rejected
[1779269648] node ID [0]:Blocco ricevuto da peer
[1779269648] node ID [0]:Block is already in the blockchain, rejected
[1779269651] node ID [0]:Blocco ricevuto da peer
[1779269651] node ID [0]:Block is already in the blockchain, rejected
[1779269651] node ID [0]:Blocco ricevuto da peer
[1779269651] node ID [0]:Block is already in the blockchain, rejected
[1779269663] node ID [0]:Blocco ricevuto da peer
[1779269663] node ID [0]:Block is already in the blockchain, rejected
[1779269663] node ID [0]:Blocco ricevuto da peer
[1779269663] node ID [0]:Block is already in the blockchain, rejected
[1779269680] node ID [0]:Blocco ricevuto da peer
[1779269680] node ID [0]:Block add to blockchain
[1779269680] node ID [0]:signal: SIGUSR2 send to miner
[1779269680] node ID [0]:Block send to peer
[1779269680] node ID [0]:Blocco ricevuto da peer
[1779269680] node ID [0]:Block add to blockchain
[1779269680] node ID [0]:signal: SIGUSR2 send to miner
[1779269680] node ID [0]:Block send to peer
[1779269681] node ID [0]:Nodo in chiusura
[1779269681] node ID [0]:node chiuso
